

Microchip Technology PIC LITE Macro Assembler V1.33 build 59893 
                                                                                               Fri Feb 27 11:11:42 2026

Microchip Technology Omniscient Code Generator (Lite mode) build 59893
     1                           	processor	16F877A
     2                           	opt	pw 120
     3                           	opt	lm
     4                           	psect	text0,local,class=CODE,merge=1,delta=2
     5                           	psect	cinit,global,class=CODE,merge=1,delta=2
     6                           	psect	cstackCOMMON,global,class=COMMON,space=1,delta=1
     7                           	psect	maintext,global,class=CODE,split=1,delta=2
     8                           	psect	text1,local,class=CODE,merge=1,delta=2
     9                           	psect	text2,local,class=CODE,merge=1,delta=2
    10                           	psect	text3,local,class=CODE,merge=1,delta=2
    11                           	psect	text4,local,class=CODE,merge=1,delta=2
    12                           	dabs	1,0x7E,2
    13  0000                     	;# 
    14  0001                     	;# 
    15  0002                     	;# 
    16  0003                     	;# 
    17  0004                     	;# 
    18  0005                     	;# 
    19  0006                     	;# 
    20  0007                     	;# 
    21  0008                     	;# 
    22  0009                     	;# 
    23  000A                     	;# 
    24  000B                     	;# 
    25  000C                     	;# 
    26  000D                     	;# 
    27  000E                     	;# 
    28  000E                     	;# 
    29  000F                     	;# 
    30  0010                     	;# 
    31  0011                     	;# 
    32  0012                     	;# 
    33  0013                     	;# 
    34  0014                     	;# 
    35  0015                     	;# 
    36  0015                     	;# 
    37  0016                     	;# 
    38  0017                     	;# 
    39  0018                     	;# 
    40  0019                     	;# 
    41  001A                     	;# 
    42  001B                     	;# 
    43  001B                     	;# 
    44  001C                     	;# 
    45  001D                     	;# 
    46  001E                     	;# 
    47  001F                     	;# 
    48  0081                     	;# 
    49  0085                     	;# 
    50  0086                     	;# 
    51  0087                     	;# 
    52  0088                     	;# 
    53  0089                     	;# 
    54  008C                     	;# 
    55  008D                     	;# 
    56  008E                     	;# 
    57  0091                     	;# 
    58  0092                     	;# 
    59  0093                     	;# 
    60  0094                     	;# 
    61  0098                     	;# 
    62  0099                     	;# 
    63  009C                     	;# 
    64  009D                     	;# 
    65  009E                     	;# 
    66  009F                     	;# 
    67  010C                     	;# 
    68  010D                     	;# 
    69  010E                     	;# 
    70  010F                     	;# 
    71  018C                     	;# 
    72  018D                     	;# 
    73  0006                     _PORTB	set	6
    74  0008                     _PORTD	set	8
    75  0038                     _RC0	set	56
    76  0039                     _RC1	set	57
    77  003A                     _RC2	set	58
    78  0044                     _RD4	set	68
    79  0085                     _TRISA	set	133
    80  0086                     _TRISB	set	134
    81  0087                     _TRISC	set	135
    82  0088                     _TRISD	set	136
    83                           
    84                           	psect	text0
    85  0000                     __ptext0:	
    86                           ; #config settings
    87                           
    88                           
    89                           ;psect for function _delay
    90  0000                     
    91                           	psect	cinit
    92  07FC                     start_initialization:	
    93  07FC                     __initialization:	
    94  07FC                     end_of_initialization:	
    95                           ;End of C runtime variable initialization code
    96                           
    97  07FC                     __end_of__initialization:	
    98  07FC  0183               	clrf	3
    99  07FD  120A  118A  2F77   	ljmp	_main	;jump to C main() function
   100                           
   101                           	psect	cstackCOMMON
   102  0070                     __pcstackCOMMON:	
   103  0070                     ?_delay:	
   104  0070                     ??_delay:	
   105                           ; 0 bytes @ 0x0
   106                           
   107  0070                     ?_instCtrl:	
   108                           ; 0 bytes @ 0x0
   109                           
   110  0070                     ?_dataCtrl:	
   111                           ; 0 bytes @ 0x0
   112                           
   113  0070                     ?_initLCD:	
   114                           ; 0 bytes @ 0x0
   115                           
   116  0070                     ?_main:	
   117                           ; 0 bytes @ 0x0
   118                           
   119                           
   120                           ; 0 bytes @ 0x0
   121  0070                     	ds	2
   122  0072                     delay@cnt:	
   123                           
   124                           ; 1 bytes @ 0x2
   125  0072                     	ds	1
   126  0073                     delay@i:	
   127                           
   128                           ; 2 bytes @ 0x3
   129  0073                     	ds	2
   130  0075                     delay@j:	
   131                           
   132                           ; 2 bytes @ 0x5
   133  0075                     	ds	2
   134  0077                     ??_instCtrl:	
   135  0077                     ??_dataCtrl:	
   136                           ; 0 bytes @ 0x7
   137                           
   138  0077                     instCtrl@INST:	
   139                           ; 0 bytes @ 0x7
   140                           
   141  0077                     dataCtrl@INST:	
   142                           ; 1 bytes @ 0x7
   143                           
   144                           
   145                           ; 1 bytes @ 0x7
   146  0077                     	ds	1
   147  0078                     ??_initLCD:	
   148  0078                     ??_main:	
   149                           ; 0 bytes @ 0x8
   150                           
   151                           
   152                           ; 0 bytes @ 0x8
   153  0078                     	ds	1
   154  0079                     main@DATA:	
   155                           
   156                           ; 1 bytes @ 0x9
   157  0079                     	ds	1
   158  007A                     main@chars:	
   159                           
   160                           ; 2 bytes @ 0xA
   161  007A                     	ds	2
   162                           
   163                           	psect	maintext
   164  0777                     __pmaintext:	
   165 ;;
   166 ;;Main: autosize = 0, tempsize = 1, incstack = 0, save=0
   167 ;;
   168 ;; *************** function _main *****************
   169 ;; Defined at:
   170 ;;		line 45 in file "C:\Users\enzoa\OneDrive\Documents\GitHub\3rd_Year_Archives\CpE3201_Embedded_Systems\Practical_Activ
      +ities\PA2\LE2-3\LE2-3.c"
   171 ;; Parameters:    Size  Location     Type
   172 ;;		None
   173 ;; Auto vars:     Size  Location     Type
   174 ;;  chars           2   10[COMMON] int 
   175 ;;  DATA            1    9[COMMON] unsigned char 
   176 ;; Return value:  Size  Location     Type
   177 ;;		None               void
   178 ;; Registers used:
   179 ;;		wreg, fsr0l, fsr0h, status,2, status,0, btemp+1, pclath, cstack
   180 ;; Tracked objects:
   181 ;;		On entry : 17F/0
   182 ;;		On exit  : 0/0
   183 ;;		Unchanged: 0/0
   184 ;; Data sizes:     COMMON   BANK0   BANK1   BANK3   BANK2
   185 ;;      Params:         0       0       0       0       0
   186 ;;      Locals:         3       0       0       0       0
   187 ;;      Temps:          1       0       0       0       0
   188 ;;      Totals:         4       0       0       0       0
   189 ;;Total ram usage:        4 bytes
   190 ;; Hardware stack levels required when called:    3
   191 ;; This function calls:
   192 ;;		_dataCtrl
   193 ;;		_delay
   194 ;;		_initLCD
   195 ;;		_instCtrl
   196 ;; This function is called by:
   197 ;;		Startup code after reset
   198 ;; This function uses a non-reentrant model
   199 ;;
   200                           
   201                           
   202                           ;psect for function _main
   203  0777                     _main:	
   204                           
   205                           ;LE2-3.c: 46: unsigned char DATA;
   206                           ;LE2-3.c: 47: TRISA = 0x00;
   207                           
   208                           ;incstack = 0
   209                           ; Regs used in _main: [wreg-fsr0h+status,2+status,0+btemp+1+pclath+cstack]
   210  0777  1683               	bsf	3,5	;RP0=1, select bank1
   211  0778  1303               	bcf	3,6	;RP1=0, select bank1
   212  0779  0185               	clrf	5	;volatile
   213                           
   214                           ;LE2-3.c: 48: TRISB = 0x00;
   215  077A  0186               	clrf	6	;volatile
   216                           
   217                           ;LE2-3.c: 49: TRISC = 0x00;
   218  077B  0187               	clrf	7	;volatile
   219                           
   220                           ;LE2-3.c: 50: TRISD = 0xFF;
   221  077C  30FF               	movlw	255
   222  077D  0088               	movwf	8	;volatile
   223                           
   224                           ;LE2-3.c: 52: initLCD();
   225  077E  120A  118A  2723  120A  118A  	fcall	_initLCD
   226                           
   227                           ;LE2-3.c: 53: instCtrl(0x80);
   228  0783  3080               	movlw	128
   229  0784  120A  118A  2713  120A  118A  	fcall	_instCtrl
   230                           
   231                           ;LE2-3.c: 55: int chars = 0;
   232  0789  01FA               	clrf	main@chars
   233  078A  01FB               	clrf	main@chars+1
   234  078B                     l40:	
   235                           ;LE2-3.c: 58: while (!RD4){}
   236                           
   237                           ;LE2-3.c: 57: while(1){
   238                           
   239  078B  1283               	bcf	3,5	;RP0=0, select bank0
   240  078C  1303               	bcf	3,6	;RP1=0, select bank0
   241  078D  1E08               	btfss	8,4	;volatile
   242  078E  2F8B               	goto	l40
   243                           
   244                           ;LE2-3.c: 60: DATA = PORTD & 0x0F;
   245  078F  0808               	movf	8,w	;volatile
   246  0790  390F               	andlw	15
   247  0791  00F8               	movwf	??_main
   248  0792  0878               	movf	??_main,w
   249  0793  00F9               	movwf	main@DATA
   250                           
   251                           ;LE2-3.c: 62: switch(DATA){
   252  0794  2FBE               	goto	l628
   253  0795                     l578:	
   254                           ;LE2-3.c: 63: case 0x00: dataCtrl('1'); instCtrl(0x14); chars++; break;
   255                           
   256  0795  3031               	movlw	49
   257  0796  2FAC               	goto	L1
   258  0797                     l582:	
   259                           ;LE2-3.c: 64: case 0x01: dataCtrl('2'); instCtrl(0x14); chars++; break;
   260                           
   261  0797  3032               	movlw	50
   262  0798  2FAC               	goto	L1
   263  0799                     l586:	
   264                           ;LE2-3.c: 65: case 0x02: dataCtrl('3'); instCtrl(0x14); chars++; break;
   265                           
   266  0799  3033               	movlw	51
   267  079A  2FAC               	goto	L1
   268  079B                     l590:	
   269                           ;LE2-3.c: 66: case 0x04: dataCtrl('4'); instCtrl(0x14); chars++; break;
   270                           
   271  079B  3034               	movlw	52
   272  079C  2FAC               	goto	L1
   273  079D                     l594:	
   274                           ;LE2-3.c: 67: case 0x05: dataCtrl('5'); instCtrl(0x14); chars++; break;
   275                           
   276  079D  3035               	movlw	53
   277  079E  2FAC               	goto	L1
   278  079F                     l598:	
   279                           ;LE2-3.c: 68: case 0x06: dataCtrl('6'); instCtrl(0x14); chars++; break;
   280                           
   281  079F  3036               	movlw	54
   282  07A0  2FAC               	goto	L1
   283  07A1                     l602:	
   284                           ;LE2-3.c: 69: case 0x08: dataCtrl('7'); instCtrl(0x14); chars++; break;
   285                           
   286  07A1  3037               	movlw	55
   287  07A2  2FAC               	goto	L1
   288  07A3                     l606:	
   289                           ;LE2-3.c: 70: case 0x09: dataCtrl('8'); instCtrl(0x14); chars++; break;
   290                           
   291  07A3  3038               	movlw	56
   292  07A4  2FAC               	goto	L1
   293  07A5                     l610:	
   294                           ;LE2-3.c: 71: case 0x0A: dataCtrl('9'); instCtrl(0x14); chars++; break;
   295                           
   296  07A5  3039               	movlw	57
   297  07A6  2FAC               	goto	L1
   298  07A7                     l614:	
   299                           ;LE2-3.c: 72: case 0x0C: dataCtrl('*'); instCtrl(0x14); chars++; break;
   300                           
   301  07A7  302A               	movlw	42
   302  07A8  2FAC               	goto	L1
   303  07A9                     l618:	
   304                           ;LE2-3.c: 73: case 0x0D: dataCtrl('0'); instCtrl(0x14); chars++; break;
   305                           
   306  07A9  3030               	movlw	48
   307  07AA  2FAC               	goto	L1
   308  07AB                     l622:	
   309                           ;LE2-3.c: 74: case 0x0E: dataCtrl('#'); instCtrl(0x14); chars++; break;
   310                           
   311  07AB  3023               	movlw	35
   312  07AC                     L1:	
   313  07AC  120A  118A  2703  120A  118A  	fcall	_dataCtrl
   314  07B1  3014               	movlw	20
   315  07B2  120A  118A  2713  120A  118A  	fcall	_instCtrl
   316  07B7  3001               	movlw	1
   317  07B8  07FA               	addwf	main@chars,f
   318  07B9  1803               	skipnc
   319  07BA  0AFB               	incf	main@chars+1,f
   320  07BB  3000               	movlw	0
   321  07BC  07FB               	addwf	main@chars+1,f
   322                           
   323                           ;LE2-3.c: 75: }
   324  07BD  2FE4               	goto	l630
   325  07BE                     l628:	
   326  07BE  0879               	movf	main@DATA,w
   327                           
   328                           ; Switch size 1, requested type "space"
   329                           ; Number of cases is 12, Range of values is 0 to 14
   330                           ; switch strategies available:
   331                           ; Name         Instructions Cycles
   332                           ; simple_byte           37    19 (average)
   333                           ; direct_byte           53     8 (fixed)
   334                           ; jumptable            260     6 (fixed)
   335                           ;	Chosen strategy is simple_byte
   336  07BF  3A00               	xorlw	0	; case 0
   337  07C0  1903               	skipnz
   338  07C1  2F95               	goto	l578
   339  07C2  3A01               	xorlw	1	; case 1
   340  07C3  1903               	skipnz
   341  07C4  2F97               	goto	l582
   342  07C5  3A03               	xorlw	3	; case 2
   343  07C6  1903               	skipnz
   344  07C7  2F99               	goto	l586
   345  07C8  3A06               	xorlw	6	; case 4
   346  07C9  1903               	skipnz
   347  07CA  2F9B               	goto	l590
   348  07CB  3A01               	xorlw	1	; case 5
   349  07CC  1903               	skipnz
   350  07CD  2F9D               	goto	l594
   351  07CE  3A03               	xorlw	3	; case 6
   352  07CF  1903               	skipnz
   353  07D0  2F9F               	goto	l598
   354  07D1  3A0E               	xorlw	14	; case 8
   355  07D2  1903               	skipnz
   356  07D3  2FA1               	goto	l602
   357  07D4  3A01               	xorlw	1	; case 9
   358  07D5  1903               	skipnz
   359  07D6  2FA3               	goto	l606
   360  07D7  3A03               	xorlw	3	; case 10
   361  07D8  1903               	skipnz
   362  07D9  2FA5               	goto	l610
   363  07DA  3A06               	xorlw	6	; case 12
   364  07DB  1903               	skipnz
   365  07DC  2FA7               	goto	l614
   366  07DD  3A01               	xorlw	1	; case 13
   367  07DE  1903               	skipnz
   368  07DF  2FA9               	goto	l618
   369  07E0  3A03               	xorlw	3	; case 14
   370  07E1  1903               	skipnz
   371  07E2  2FAB               	goto	l622
   372  07E3  2FE4               	goto	l630
   373  07E4                     l630:	
   374                           
   375                           ;LE2-3.c: 77: if (chars == 21){
   376  07E4  3015               	movlw	21
   377  07E5  067A               	xorwf	main@chars,w
   378  07E6  047B               	iorwf	main@chars+1,w
   379  07E7  1D03               	skipz
   380  07E8  2FF1               	goto	l636
   381                           
   382                           ;LE2-3.c: 78: instCtrl(0x01);
   383  07E9  3001               	movlw	1
   384  07EA  120A  118A  2713  120A  118A  	fcall	_instCtrl
   385                           
   386                           ;LE2-3.c: 79: chars = 0;
   387  07EF  01FA               	clrf	main@chars
   388  07F0  01FB               	clrf	main@chars+1
   389  07F1                     l636:	
   390                           
   391                           ;LE2-3.c: 80: }
   392                           ;LE2-3.c: 82: delay(50);
   393  07F1  3032               	movlw	50
   394  07F2  120A  118A  2746  120A  118A  	fcall	_delay
   395  07F7                     l58:	
   396                           ;LE2-3.c: 83: while (!RD4){}
   397                           
   398  07F7  1283               	bcf	3,5	;RP0=0, select bank0
   399  07F8  1303               	bcf	3,6	;RP1=0, select bank0
   400  07F9  1A08               	btfsc	8,4	;volatile
   401  07FA  2F8B               	goto	l40
   402  07FB  2FF7               	goto	l58
   403  07FC                     __end_of_main:	
   404                           
   405                           	psect	text1
   406  0723                     __ptext1:	
   407 ;; *************** function _initLCD *****************
   408 ;; Defined at:
   409 ;;		line 36 in file "C:\Users\enzoa\OneDrive\Documents\GitHub\3rd_Year_Archives\CpE3201_Embedded_Systems\Practical_Activ
      +ities\PA2\LE2-3\LE2-3.c"
   410 ;; Parameters:    Size  Location     Type
   411 ;;		None
   412 ;; Auto vars:     Size  Location     Type
   413 ;;		None
   414 ;; Return value:  Size  Location     Type
   415 ;;		None               void
   416 ;; Registers used:
   417 ;;		wreg, status,2, status,0, btemp+1, pclath, cstack
   418 ;; Tracked objects:
   419 ;;		On entry : 0/0
   420 ;;		On exit  : 0/0
   421 ;;		Unchanged: 0/0
   422 ;; Data sizes:     COMMON   BANK0   BANK1   BANK3   BANK2
   423 ;;      Params:         0       0       0       0       0
   424 ;;      Locals:         0       0       0       0       0
   425 ;;      Temps:          0       0       0       0       0
   426 ;;      Totals:         0       0       0       0       0
   427 ;;Total ram usage:        0 bytes
   428 ;; Hardware stack levels used:    1
   429 ;; Hardware stack levels required when called:    2
   430 ;; This function calls:
   431 ;;		_delay
   432 ;;		_instCtrl
   433 ;; This function is called by:
   434 ;;		_main
   435 ;; This function uses a non-reentrant model
   436 ;;
   437                           
   438                           
   439                           ;psect for function _initLCD
   440  0723                     _initLCD:	
   441                           
   442                           ;LE2-3.c: 37: delay(1);
   443                           
   444                           ;incstack = 0
   445                           ; Regs used in _initLCD: [wreg+status,2+status,0+btemp+1+pclath+cstack]
   446  0723  3001               	movlw	1
   447  0724  120A  118A  2746  120A  118A  	fcall	_delay
   448                           
   449                           ;LE2-3.c: 38: instCtrl (0x38);
   450  0729  3038               	movlw	56
   451  072A  120A  118A  2713  120A  118A  	fcall	_instCtrl
   452                           
   453                           ;LE2-3.c: 39: instCtrl (0x08);
   454  072F  3008               	movlw	8
   455  0730  120A  118A  2713  120A  118A  	fcall	_instCtrl
   456                           
   457                           ;LE2-3.c: 40: instCtrl (0x01);
   458  0735  3001               	movlw	1
   459  0736  120A  118A  2713  120A  118A  	fcall	_instCtrl
   460                           
   461                           ;LE2-3.c: 41: instCtrl (0x06);
   462  073B  3006               	movlw	6
   463  073C  120A  118A  2713  120A  118A  	fcall	_instCtrl
   464                           
   465                           ;LE2-3.c: 42: instCtrl (0x0F);
   466  0741  300F               	movlw	15
   467  0742  120A  118A  2713   	fcall	_instCtrl
   468  0745  0008               	return
   469  0746                     __end_of_initLCD:	
   470                           
   471                           	psect	text2
   472  0713                     __ptext2:	
   473 ;; *************** function _instCtrl *****************
   474 ;; Defined at:
   475 ;;		line 18 in file "C:\Users\enzoa\OneDrive\Documents\GitHub\3rd_Year_Archives\CpE3201_Embedded_Systems\Practical_Activ
      +ities\PA2\LE2-3\LE2-3.c"
   476 ;; Parameters:    Size  Location     Type
   477 ;;  INST            1    wreg     unsigned char 
   478 ;; Auto vars:     Size  Location     Type
   479 ;;  INST            1    7[COMMON] unsigned char 
   480 ;; Return value:  Size  Location     Type
   481 ;;		None               void
   482 ;; Registers used:
   483 ;;		wreg, status,2, status,0, btemp+1, pclath, cstack
   484 ;; Tracked objects:
   485 ;;		On entry : 0/0
   486 ;;		On exit  : 0/0
   487 ;;		Unchanged: 0/0
   488 ;; Data sizes:     COMMON   BANK0   BANK1   BANK3   BANK2
   489 ;;      Params:         0       0       0       0       0
   490 ;;      Locals:         1       0       0       0       0
   491 ;;      Temps:          0       0       0       0       0
   492 ;;      Totals:         1       0       0       0       0
   493 ;;Total ram usage:        1 bytes
   494 ;; Hardware stack levels used:    1
   495 ;; Hardware stack levels required when called:    1
   496 ;; This function calls:
   497 ;;		_delay
   498 ;; This function is called by:
   499 ;;		_initLCD
   500 ;;		_main
   501 ;; This function uses a non-reentrant model
   502 ;;
   503                           
   504                           
   505                           ;psect for function _instCtrl
   506  0713                     _instCtrl:	
   507                           
   508                           ;incstack = 0
   509                           ; Regs used in _instCtrl: [wreg+status,2+status,0+btemp+1+pclath+cstack]
   510                           ;instCtrl@INST stored from wreg
   511  0713  00F7               	movwf	instCtrl@INST
   512                           
   513                           ;LE2-3.c: 19: PORTB = INST;
   514  0714  0877               	movf	instCtrl@INST,w
   515  0715  1283               	bcf	3,5	;RP0=0, select bank0
   516  0716  1303               	bcf	3,6	;RP1=0, select bank0
   517  0717  0086               	movwf	6	;volatile
   518                           
   519                           ;LE2-3.c: 20: RC0 = 0;
   520  0718  1007               	bcf	7,0	;volatile
   521                           
   522                           ;LE2-3.c: 21: RC2 = 0;
   523  0719  1107               	bcf	7,2	;volatile
   524                           
   525                           ;LE2-3.c: 22: RC1 = 1;
   526  071A  1487               	bsf	7,1	;volatile
   527                           
   528                           ;LE2-3.c: 23: delay(1);
   529  071B  3001               	movlw	1
   530  071C  120A  118A  2746   	fcall	_delay
   531                           
   532                           ;LE2-3.c: 24: RC1 = 0;
   533  071F  1283               	bcf	3,5	;RP0=0, select bank0
   534  0720  1303               	bcf	3,6	;RP1=0, select bank0
   535  0721  1087               	bcf	7,1	;volatile
   536  0722  0008               	return
   537  0723                     __end_of_instCtrl:	
   538                           
   539                           	psect	text3
   540  0703                     __ptext3:	
   541 ;; *************** function _dataCtrl *****************
   542 ;; Defined at:
   543 ;;		line 27 in file "C:\Users\enzoa\OneDrive\Documents\GitHub\3rd_Year_Archives\CpE3201_Embedded_Systems\Practical_Activ
      +ities\PA2\LE2-3\LE2-3.c"
   544 ;; Parameters:    Size  Location     Type
   545 ;;  INST            1    wreg     unsigned char 
   546 ;; Auto vars:     Size  Location     Type
   547 ;;  INST            1    7[COMMON] unsigned char 
   548 ;; Return value:  Size  Location     Type
   549 ;;		None               void
   550 ;; Registers used:
   551 ;;		wreg, status,2, status,0, btemp+1, pclath, cstack
   552 ;; Tracked objects:
   553 ;;		On entry : 0/0
   554 ;;		On exit  : 0/0
   555 ;;		Unchanged: 0/0
   556 ;; Data sizes:     COMMON   BANK0   BANK1   BANK3   BANK2
   557 ;;      Params:         0       0       0       0       0
   558 ;;      Locals:         1       0       0       0       0
   559 ;;      Temps:          0       0       0       0       0
   560 ;;      Totals:         1       0       0       0       0
   561 ;;Total ram usage:        1 bytes
   562 ;; Hardware stack levels used:    1
   563 ;; Hardware stack levels required when called:    1
   564 ;; This function calls:
   565 ;;		_delay
   566 ;; This function is called by:
   567 ;;		_main
   568 ;; This function uses a non-reentrant model
   569 ;;
   570                           
   571                           
   572                           ;psect for function _dataCtrl
   573  0703                     _dataCtrl:	
   574                           
   575                           ;incstack = 0
   576                           ; Regs used in _dataCtrl: [wreg+status,2+status,0+btemp+1+pclath+cstack]
   577                           ;dataCtrl@INST stored from wreg
   578  0703  00F7               	movwf	dataCtrl@INST
   579                           
   580                           ;LE2-3.c: 28: PORTB = INST;
   581  0704  0877               	movf	dataCtrl@INST,w
   582  0705  1283               	bcf	3,5	;RP0=0, select bank0
   583  0706  1303               	bcf	3,6	;RP1=0, select bank0
   584  0707  0086               	movwf	6	;volatile
   585                           
   586                           ;LE2-3.c: 29: RC0 = 1;
   587  0708  1407               	bsf	7,0	;volatile
   588                           
   589                           ;LE2-3.c: 30: RC2 = 0;
   590  0709  1107               	bcf	7,2	;volatile
   591                           
   592                           ;LE2-3.c: 31: RC1 = 1;
   593  070A  1487               	bsf	7,1	;volatile
   594                           
   595                           ;LE2-3.c: 32: delay(1);
   596  070B  3001               	movlw	1
   597  070C  120A  118A  2746   	fcall	_delay
   598                           
   599                           ;LE2-3.c: 33: RC1 = 0;
   600  070F  1283               	bcf	3,5	;RP0=0, select bank0
   601  0710  1303               	bcf	3,6	;RP1=0, select bank0
   602  0711  1087               	bcf	7,1	;volatile
   603  0712  0008               	return
   604  0713                     __end_of_dataCtrl:	
   605                           
   606                           	psect	text4
   607  0746                     __ptext4:	
   608 ;; *************** function _delay *****************
   609 ;; Defined at:
   610 ;;		line 11 in file "C:\Users\enzoa\OneDrive\Documents\GitHub\3rd_Year_Archives\CpE3201_Embedded_Systems\Practical_Activ
      +ities\PA2\LE2-3\LE2-3.c"
   611 ;; Parameters:    Size  Location     Type
   612 ;;  cnt             1    wreg     unsigned char 
   613 ;; Auto vars:     Size  Location     Type
   614 ;;  cnt             1    2[COMMON] unsigned char 
   615 ;;  j               2    5[COMMON] int 
   616 ;;  i               2    3[COMMON] int 
   617 ;; Return value:  Size  Location     Type
   618 ;;		None               void
   619 ;; Registers used:
   620 ;;		wreg, status,2, status,0, btemp+1
   621 ;; Tracked objects:
   622 ;;		On entry : 0/0
   623 ;;		On exit  : 0/0
   624 ;;		Unchanged: 0/0
   625 ;; Data sizes:     COMMON   BANK0   BANK1   BANK3   BANK2
   626 ;;      Params:         0       0       0       0       0
   627 ;;      Locals:         5       0       0       0       0
   628 ;;      Temps:          2       0       0       0       0
   629 ;;      Totals:         7       0       0       0       0
   630 ;;Total ram usage:        7 bytes
   631 ;; Hardware stack levels used:    1
   632 ;; This function calls:
   633 ;;		Nothing
   634 ;; This function is called by:
   635 ;;		_instCtrl
   636 ;;		_dataCtrl
   637 ;;		_initLCD
   638 ;;		_main
   639 ;; This function uses a non-reentrant model
   640 ;;
   641                           
   642                           
   643                           ;psect for function _delay
   644  0746                     _delay:	
   645                           
   646                           ;incstack = 0
   647                           ; Regs used in _delay: [wreg+status,2+status,0+btemp+1]
   648                           ;delay@cnt stored from wreg
   649  0746  00F2               	movwf	delay@cnt
   650                           
   651                           ;LE2-3.c: 12: int i, j;
   652                           ;LE2-3.c: 13: for (i = cnt; i != 0; i--){
   653  0747  0872               	movf	delay@cnt,w
   654  0748  00F0               	movwf	??_delay
   655  0749  01F1               	clrf	??_delay+1
   656  074A  0870               	movf	??_delay,w
   657  074B  00F3               	movwf	delay@i
   658  074C  0871               	movf	??_delay+1,w
   659  074D  00F4               	movwf	delay@i+1
   660  074E                     L2:	
   661  074E  0874               	movf	delay@i+1,w
   662  074F  0473               	iorwf	delay@i,w
   663  0750  1903               	btfsc	3,2
   664  0751  0008               	return
   665                           
   666                           ;LE2-3.c: 14: for (j = 0; j < 1000; j++){}
   667  0752  01F5               	clrf	delay@j
   668  0753  01F6               	clrf	delay@j+1
   669  0754  0876               	movf	delay@j+1,w
   670  0755  3A80               	xorlw	128
   671  0756  00FF               	movwf	127
   672  0757  3083               	movlw	131
   673  0758  027F               	subwf	127,w
   674  0759  1D03               	skipz
   675  075A  2F5D               	goto	u25
   676  075B  30E8               	movlw	232
   677  075C  0275               	subwf	delay@j,w
   678  075D                     u25:	
   679  075D  1803               	btfsc	3,0
   680  075E  2F70               	goto	l536
   681  075F                     l532:	
   682  075F  3001               	movlw	1
   683  0760  07F5               	addwf	delay@j,f
   684  0761  1803               	skipnc
   685  0762  0AF6               	incf	delay@j+1,f
   686  0763  3000               	movlw	0
   687  0764  07F6               	addwf	delay@j+1,f
   688  0765  0876               	movf	delay@j+1,w
   689  0766  3A80               	xorlw	128
   690  0767  00FF               	movwf	127
   691  0768  3083               	movlw	131
   692  0769  027F               	subwf	127,w
   693  076A  1D03               	skipz
   694  076B  2F6E               	goto	u35
   695  076C  30E8               	movlw	232
   696  076D  0275               	subwf	delay@j,w
   697  076E                     u35:	
   698  076E  1C03               	skipc
   699  076F  2F5F               	goto	l532
   700  0770                     l536:	
   701  0770  30FF               	movlw	255
   702  0771  07F3               	addwf	delay@i,f
   703  0772  1803               	skipnc
   704  0773  0AF4               	incf	delay@i+1,f
   705  0774  30FF               	movlw	255
   706  0775  07F4               	addwf	delay@i+1,f
   707  0776  2F4E               	goto	L2
   708  0777                     __end_of_delay:	
   709  007E                     btemp	set	126	;btemp
   710  007E                     wtemp	set	126
   711  007E                     wtemp0	set	126
   712  0080                     wtemp1	set	128
   713  0082                     wtemp2	set	130
   714  0084                     wtemp3	set	132
   715  0086                     wtemp4	set	134
   716  0088                     wtemp5	set	136
   717  007F                     wtemp6	set	127
   718  007E                     ttemp	set	126
   719  007E                     ttemp0	set	126
   720  0081                     ttemp1	set	129
   721  0084                     ttemp2	set	132
   722  0087                     ttemp3	set	135
   723  007F                     ttemp4	set	127
   724  007E                     ltemp	set	126
   725  007E                     ltemp0	set	126
   726  0082                     ltemp1	set	130
   727  0086                     ltemp2	set	134
   728  0080                     ltemp3	set	128


Data Sizes:
    Strings     0
    Constant    0
    Data        0
    BSS         0
    Persistent  0
    Stack       0

Auto Spaces:
    Space          Size  Autos    Used
    COMMON           14     12      12
    BANK0            80      0       0
    BANK1            80      0       0
    BANK3            96      0       0
    BANK2            96      0       0

Pointer List with Targets:

    None.

Critical Paths under _main in COMMON

    _main->_dataCtrl
    _main->_instCtrl
    _initLCD->_instCtrl
    _instCtrl->_delay
    _dataCtrl->_delay

Critical Paths under _main in BANK0

    None.

Critical Paths under _main in BANK1

    None.

Critical Paths under _main in BANK3

    None.

Critical Paths under _main in BANK2

    None.

Call Graph Tables:

 ---------------------------------------------------------------------------------
 (Depth) Function   	        Calls       Base Space   Used Autos Params    Refs
 ---------------------------------------------------------------------------------
 (0) _main                                                 4     4      0     450
                                              8 COMMON     4     4      0
                           _dataCtrl
                              _delay
                            _initLCD
                           _instCtrl
 ---------------------------------------------------------------------------------
 (1) _initLCD                                              0     0      0     165
                              _delay
                           _instCtrl
 ---------------------------------------------------------------------------------
 (1) _instCtrl                                             1     1      0      90
                                              7 COMMON     1     1      0
                              _delay
 ---------------------------------------------------------------------------------
 (1) _dataCtrl                                             1     1      0      90
                                              7 COMMON     1     1      0
                              _delay
 ---------------------------------------------------------------------------------
 (2) _delay                                                7     7      0      75
                                              0 COMMON     7     7      0
 ---------------------------------------------------------------------------------
 Estimated maximum stack depth 2
 ---------------------------------------------------------------------------------

 Call Graph Graphs:

 _main (ROOT)
   _dataCtrl
     _delay
   _delay
   _initLCD
     _delay
     _instCtrl
       _delay
   _instCtrl
     _delay

 Address spaces:
Name               Size   Autos  Total    Cost      Usage
BITCOMMON            E      0       0       0        0.0%
EEDATA             100      0       0       0        0.0%
NULL                 0      0       0       0        0.0%
CODE                 0      0       0       0        0.0%
COMMON               E      C       C       1       85.7%
BITSFR0              0      0       0       1        0.0%
SFR0                 0      0       0       1        0.0%
BITSFR1              0      0       0       2        0.0%
SFR1                 0      0       0       2        0.0%
STACK                0      0       0       2        0.0%
ABS                  0      0       0       3        0.0%
BITBANK0            50      0       0       4        0.0%
BITSFR3              0      0       0       4        0.0%
SFR3                 0      0       0       4        0.0%
BANK0               50      0       0       5        0.0%
BITSFR2              0      0       0       5        0.0%
SFR2                 0      0       0       5        0.0%
BITBANK1            50      0       0       6        0.0%
BANK1               50      0       0       7        0.0%
BITBANK3            60      0       0       8        0.0%
BANK3               60      0       0       9        0.0%
BITBANK2            60      0       0      10        0.0%
BANK2               60      0       0      11        0.0%
DATA                 0      0       0      12        0.0%


Microchip Technology PIC Macro Assembler V1.33 build 59893 
Symbol Table                                                                                   Fri Feb 27 11:11:42 2026

            __CFG_CP$OFF 0000                       l40 078B                       l58 07F7  
                     u25 075D                       u35 076E                      l610 07A5  
                    l602 07A1                      l532 075F                      l622 07AB  
                    l614 07A7                      l606 07A3                      l630 07E4  
                    l536 0770                      l618 07A9                      l636 07F1  
                    l628 07BE                      l590 079B                      l582 0797  
                    l594 079D                      l586 0799                      l578 0795  
                    l598 079F                      _RC0 0038                      _RC1 0039  
                    _RC2 003A                      _RD4 0044             __CFG_CPD$OFF 0000  
           __CFG_FOSC$XT 0000             __CFG_LVP$OFF 0000             __CFG_WRT$OFF 0000  
                   _main 0777                     btemp 007E            __CFG_BOREN$ON 0000  
                   ltemp 007E                     start 0000                     ttemp 007E  
                   wtemp 007E                    ?_main 0070            __CFG_WDTE$OFF 0000  
                  _PORTB 0006                    _PORTD 0008                    _TRISA 0085  
                  _TRISB 0086                    _TRISC 0087                    _TRISD 0088  
          __CFG_PWRTE$ON 0000          __end_of_initLCD 0746                    _delay 0746  
                  ltemp0 007E                    ltemp1 0082                    ltemp2 0086  
                  ltemp3 0080                    ttemp0 007E                    ttemp1 0081  
                  ttemp2 0084                    ttemp3 0087                    ttemp4 007F  
                  status 0003                    wtemp0 007E                    wtemp1 0080  
                  wtemp2 0082                    wtemp3 0084                    wtemp4 0086  
                  wtemp5 0088                    wtemp6 007F          __initialization 07FC  
           __end_of_main 07FC                   ??_main 0078                   ?_delay 0070  
       __end_of_dataCtrl 0713                   delay@i 0073                   delay@j 0075  
       __end_of_instCtrl 0723                ??_initLCD 0078  __end_of__initialization 07FC  
         __pcstackCOMMON 0070            __end_of_delay 0777                  ??_delay 0070  
             __pmaintext 0777                ?_dataCtrl 0070                ?_instCtrl 0070  
                __ptext0 0000                  __ptext1 0723                  __ptext2 0713  
                __ptext3 0703                  __ptext4 0746                  _initLCD 0723  
             ??_dataCtrl 0077     end_of_initialization 07FC               ??_instCtrl 0077  
           instCtrl@INST 0077      start_initialization 07FC             dataCtrl@INST 0077  
              ___latbits 0002        __size_of_dataCtrl 0010        __size_of_instCtrl 0010  
               ?_initLCD 0070           __size_of_delay 0031                main@chars 007A  
               _dataCtrl 0703         __size_of_initLCD 0023            __size_of_main 0085  
               _instCtrl 0713                 delay@cnt 0072                 main@DATA 0079  
