

Microchip Technology PIC LITE Macro Assembler V1.33 build 59893 
                                                                                               Tue Mar 17 13:24:21 2026

Microchip Technology Omniscient Code Generator (Lite mode) build 59893
     1                           	processor	16F877A
     2                           	opt	pw 120
     3                           	opt	lm
     4                           	psect	text0,local,class=CODE,merge=1,delta=2
     5                           	psect	cinit,global,class=CODE,merge=1,delta=2
     6                           	psect	cstackCOMMON,global,class=COMMON,space=1,delta=1
     7                           	psect	maintext,global,class=CODE,split=1,delta=2
     8                           	psect	text1,local,class=CODE,merge=1,delta=2
     9                           	dabs	1,0x7E,2
    10  0000                     	;# 
    11  0001                     	;# 
    12  0002                     	;# 
    13  0003                     	;# 
    14  0004                     	;# 
    15  0005                     	;# 
    16  0006                     	;# 
    17  0007                     	;# 
    18  0008                     	;# 
    19  0009                     	;# 
    20  000A                     	;# 
    21  000B                     	;# 
    22  000C                     	;# 
    23  000D                     	;# 
    24  000E                     	;# 
    25  000E                     	;# 
    26  000F                     	;# 
    27  0010                     	;# 
    28  0011                     	;# 
    29  0012                     	;# 
    30  0013                     	;# 
    31  0014                     	;# 
    32  0015                     	;# 
    33  0015                     	;# 
    34  0016                     	;# 
    35  0017                     	;# 
    36  0018                     	;# 
    37  0019                     	;# 
    38  001A                     	;# 
    39  001B                     	;# 
    40  001B                     	;# 
    41  001C                     	;# 
    42  001D                     	;# 
    43  001E                     	;# 
    44  001F                     	;# 
    45  0081                     	;# 
    46  0085                     	;# 
    47  0086                     	;# 
    48  0087                     	;# 
    49  0088                     	;# 
    50  0089                     	;# 
    51  008C                     	;# 
    52  008D                     	;# 
    53  008E                     	;# 
    54  0091                     	;# 
    55  0092                     	;# 
    56  0093                     	;# 
    57  0094                     	;# 
    58  0098                     	;# 
    59  0099                     	;# 
    60  009C                     	;# 
    61  009D                     	;# 
    62  009E                     	;# 
    63  009F                     	;# 
    64  010C                     	;# 
    65  010D                     	;# 
    66  010E                     	;# 
    67  010F                     	;# 
    68  018C                     	;# 
    69  018D                     	;# 
    70  0006                     _PORTB	set	6
    71  009F                     _ADCON1	set	159
    72  0086                     _TRISB	set	134
    73                           
    74                           	psect	text0
    75  0000                     __ptext0:	
    76                           ; #config settings
    77                           
    78                           
    79                           ;psect for function _delay
    80  0000                     
    81                           	psect	cinit
    82  07FC                     start_initialization:	
    83  07FC                     __initialization:	
    84  07FC                     end_of_initialization:	
    85                           ;End of C runtime variable initialization code
    86                           
    87  07FC                     __end_of__initialization:	
    88  07FC  0183               	clrf	3
    89  07FD  120A  118A  2F5D   	ljmp	_main	;jump to C main() function
    90                           
    91                           	psect	cstackCOMMON
    92  0070                     __pcstackCOMMON:	
    93  0070                     ?_delay:	
    94  0070                     ??_delay:	
    95                           ; 0 bytes @ 0x0
    96                           
    97  0070                     ?_main:	
    98                           ; 0 bytes @ 0x0
    99                           
   100                           
   101                           ; 0 bytes @ 0x0
   102  0070                     	ds	2
   103  0072                     delay@cnt:	
   104                           
   105                           ; 1 bytes @ 0x2
   106  0072                     	ds	1
   107  0073                     delay@i:	
   108                           
   109                           ; 2 bytes @ 0x3
   110  0073                     	ds	2
   111  0075                     delay@j:	
   112                           
   113                           ; 2 bytes @ 0x5
   114  0075                     	ds	2
   115  0077                     ??_main:	
   116                           
   117                           	psect	maintext
   118  075D                     __pmaintext:	
   119                           ; 0 bytes @ 0x7
   120 ;;
   121 ;;Main: autosize = 0, tempsize = 0, incstack = 0, save=0
   122 ;;
   123 ;; *************** function _main *****************
   124 ;; Defined at:
   125 ;;		line 21 in file "C:\Users\enzoa\OneDrive\Documents\GitHub\3rd_Year_Archives\CpE3201_Embedded_Systems\Exam_Practice\P
      +re_Midterm\Practice1\Premid_Prompt1.c"
   126 ;; Parameters:    Size  Location     Type
   127 ;;		None
   128 ;; Auto vars:     Size  Location     Type
   129 ;;		None
   130 ;; Return value:  Size  Location     Type
   131 ;;		None               void
   132 ;; Registers used:
   133 ;;		wreg, status,2, status,0, btemp+1, pclath, cstack
   134 ;; Tracked objects:
   135 ;;		On entry : 17F/0
   136 ;;		On exit  : 0/0
   137 ;;		Unchanged: 0/0
   138 ;; Data sizes:     COMMON   BANK0   BANK1   BANK3   BANK2
   139 ;;      Params:         0       0       0       0       0
   140 ;;      Locals:         0       0       0       0       0
   141 ;;      Temps:          0       0       0       0       0
   142 ;;      Totals:         0       0       0       0       0
   143 ;;Total ram usage:        0 bytes
   144 ;; Hardware stack levels required when called:    1
   145 ;; This function calls:
   146 ;;		_delay
   147 ;; This function is called by:
   148 ;;		Startup code after reset
   149 ;; This function uses a non-reentrant model
   150 ;;
   151                           
   152                           
   153                           ;psect for function _main
   154  075D                     _main:	
   155                           
   156                           ;Premid_Prompt1.c: 22: ADCON1 = 0x06;
   157                           
   158                           ;incstack = 0
   159                           ; Regs used in _main: [wreg+status,2+status,0+btemp+1+pclath+cstack]
   160  075D  3006               	movlw	6
   161  075E  1683               	bsf	3,5	;RP0=1, select bank1
   162  075F  1303               	bcf	3,6	;RP1=0, select bank1
   163  0760  009F               	movwf	31	;volatile
   164                           
   165                           ;Premid_Prompt1.c: 23: TRISB = 0x00;
   166  0761  0186               	clrf	6	;volatile
   167                           
   168                           ;Premid_Prompt1.c: 24: PORTB = 0x00;
   169  0762  1283               	bcf	3,5	;RP0=0, select bank0
   170  0763  1303               	bcf	3,6	;RP1=0, select bank0
   171  0764  0186               	clrf	6	;volatile
   172  0765                     l16:	
   173                           ;Premid_Prompt1.c: 28: while(1){
   174                           
   175                           
   176                           ;Premid_Prompt1.c: 29: PORTB = 0x01; delay(100);
   177  0765  3001               	movlw	1
   178  0766  1283               	bcf	3,5	;RP0=0, select bank0
   179  0767  1303               	bcf	3,6	;RP1=0, select bank0
   180  0768  0086               	movwf	6	;volatile
   181  0769  3064               	movlw	100
   182  076A  120A  118A  272C  120A  118A  	fcall	_delay
   183                           
   184                           ;Premid_Prompt1.c: 30: PORTB = 0x02; delay(100);
   185  076F  3002               	movlw	2
   186  0770  1283               	bcf	3,5	;RP0=0, select bank0
   187  0771  1303               	bcf	3,6	;RP1=0, select bank0
   188  0772  0086               	movwf	6	;volatile
   189  0773  3064               	movlw	100
   190  0774  120A  118A  272C  120A  118A  	fcall	_delay
   191                           
   192                           ;Premid_Prompt1.c: 31: PORTB = 0x04; delay(1000);
   193  0779  3004               	movlw	4
   194  077A  1283               	bcf	3,5	;RP0=0, select bank0
   195  077B  1303               	bcf	3,6	;RP1=0, select bank0
   196  077C  0086               	movwf	6	;volatile
   197  077D  30E8               	movlw	232
   198  077E  120A  118A  272C  120A  118A  	fcall	_delay
   199                           
   200                           ;Premid_Prompt1.c: 32: PORTB = 0x08; delay(100);
   201  0783  3008               	movlw	8
   202  0784  1283               	bcf	3,5	;RP0=0, select bank0
   203  0785  1303               	bcf	3,6	;RP1=0, select bank0
   204  0786  0086               	movwf	6	;volatile
   205  0787  3064               	movlw	100
   206  0788  120A  118A  272C  120A  118A  	fcall	_delay
   207                           
   208                           ;Premid_Prompt1.c: 33: PORTB = 0x10; delay(100);
   209  078D  3010               	movlw	16
   210  078E  1283               	bcf	3,5	;RP0=0, select bank0
   211  078F  1303               	bcf	3,6	;RP1=0, select bank0
   212  0790  0086               	movwf	6	;volatile
   213  0791  3064               	movlw	100
   214  0792  120A  118A  272C  120A  118A  	fcall	_delay
   215                           
   216                           ;Premid_Prompt1.c: 34: PORTB = 0x20; delay(100);
   217  0797  3020               	movlw	32
   218  0798  1283               	bcf	3,5	;RP0=0, select bank0
   219  0799  1303               	bcf	3,6	;RP1=0, select bank0
   220  079A  0086               	movwf	6	;volatile
   221  079B  3064               	movlw	100
   222  079C  120A  118A  272C  120A  118A  	fcall	_delay
   223                           
   224                           ;Premid_Prompt1.c: 35: PORTB = 0x40; delay(100);
   225  07A1  3040               	movlw	64
   226  07A2  1283               	bcf	3,5	;RP0=0, select bank0
   227  07A3  1303               	bcf	3,6	;RP1=0, select bank0
   228  07A4  0086               	movwf	6	;volatile
   229  07A5  3064               	movlw	100
   230  07A6  120A  118A  272C  120A  118A  	fcall	_delay
   231                           
   232                           ;Premid_Prompt1.c: 36: PORTB = 0x80; delay(100);
   233  07AB  3080               	movlw	128
   234  07AC  1283               	bcf	3,5	;RP0=0, select bank0
   235  07AD  1303               	bcf	3,6	;RP1=0, select bank0
   236  07AE  0086               	movwf	6	;volatile
   237  07AF  3064               	movlw	100
   238  07B0  120A  118A  272C  120A  118A  	fcall	_delay
   239                           
   240                           ;Premid_Prompt1.c: 37: PORTB = 0x40; delay(100);
   241  07B5  3040               	movlw	64
   242  07B6  1283               	bcf	3,5	;RP0=0, select bank0
   243  07B7  1303               	bcf	3,6	;RP1=0, select bank0
   244  07B8  0086               	movwf	6	;volatile
   245  07B9  3064               	movlw	100
   246  07BA  120A  118A  272C  120A  118A  	fcall	_delay
   247                           
   248                           ;Premid_Prompt1.c: 38: PORTB = 0x20; delay(100);
   249  07BF  3020               	movlw	32
   250  07C0  1283               	bcf	3,5	;RP0=0, select bank0
   251  07C1  1303               	bcf	3,6	;RP1=0, select bank0
   252  07C2  0086               	movwf	6	;volatile
   253  07C3  3064               	movlw	100
   254  07C4  120A  118A  272C  120A  118A  	fcall	_delay
   255                           
   256                           ;Premid_Prompt1.c: 39: PORTB = 0x10; delay(100);
   257  07C9  3010               	movlw	16
   258  07CA  1283               	bcf	3,5	;RP0=0, select bank0
   259  07CB  1303               	bcf	3,6	;RP1=0, select bank0
   260  07CC  0086               	movwf	6	;volatile
   261  07CD  3064               	movlw	100
   262  07CE  120A  118A  272C  120A  118A  	fcall	_delay
   263                           
   264                           ;Premid_Prompt1.c: 40: PORTB = 0x08; delay(100);
   265  07D3  3008               	movlw	8
   266  07D4  1283               	bcf	3,5	;RP0=0, select bank0
   267  07D5  1303               	bcf	3,6	;RP1=0, select bank0
   268  07D6  0086               	movwf	6	;volatile
   269  07D7  3064               	movlw	100
   270  07D8  120A  118A  272C  120A  118A  	fcall	_delay
   271                           
   272                           ;Premid_Prompt1.c: 41: PORTB = 0x04; delay(100);
   273  07DD  3004               	movlw	4
   274  07DE  1283               	bcf	3,5	;RP0=0, select bank0
   275  07DF  1303               	bcf	3,6	;RP1=0, select bank0
   276  07E0  0086               	movwf	6	;volatile
   277  07E1  3064               	movlw	100
   278  07E2  120A  118A  272C  120A  118A  	fcall	_delay
   279                           
   280                           ;Premid_Prompt1.c: 42: PORTB = 0x02; delay(100);
   281  07E7  3002               	movlw	2
   282  07E8  1283               	bcf	3,5	;RP0=0, select bank0
   283  07E9  1303               	bcf	3,6	;RP1=0, select bank0
   284  07EA  0086               	movwf	6	;volatile
   285  07EB  3064               	movlw	100
   286  07EC  120A  118A  272C  120A  118A  	fcall	_delay
   287                           
   288                           ;Premid_Prompt1.c: 43: PORTB = 0x01; delay(100);
   289  07F1  3001               	movlw	1
   290  07F2  1283               	bcf	3,5	;RP0=0, select bank0
   291  07F3  1303               	bcf	3,6	;RP1=0, select bank0
   292  07F4  0086               	movwf	6	;volatile
   293  07F5  3064               	movlw	100
   294  07F6  120A  118A  272C  120A  118A  	fcall	_delay
   295  07FB  2F65               	goto	l16
   296  07FC                     __end_of_main:	
   297                           
   298                           	psect	text1
   299  072C                     __ptext1:	
   300 ;; *************** function _delay *****************
   301 ;; Defined at:
   302 ;;		line 13 in file "C:\Users\enzoa\OneDrive\Documents\GitHub\3rd_Year_Archives\CpE3201_Embedded_Systems\Exam_Practice\P
      +re_Midterm\Practice1\Premid_Prompt1.c"
   303 ;; Parameters:    Size  Location     Type
   304 ;;  cnt             1    wreg     unsigned char 
   305 ;; Auto vars:     Size  Location     Type
   306 ;;  cnt             1    2[COMMON] unsigned char 
   307 ;;  j               2    5[COMMON] int 
   308 ;;  i               2    3[COMMON] int 
   309 ;; Return value:  Size  Location     Type
   310 ;;		None               void
   311 ;; Registers used:
   312 ;;		wreg, status,2, status,0, btemp+1
   313 ;; Tracked objects:
   314 ;;		On entry : 0/0
   315 ;;		On exit  : 0/0
   316 ;;		Unchanged: 0/0
   317 ;; Data sizes:     COMMON   BANK0   BANK1   BANK3   BANK2
   318 ;;      Params:         0       0       0       0       0
   319 ;;      Locals:         5       0       0       0       0
   320 ;;      Temps:          2       0       0       0       0
   321 ;;      Totals:         7       0       0       0       0
   322 ;;Total ram usage:        7 bytes
   323 ;; Hardware stack levels used:    1
   324 ;; This function calls:
   325 ;;		Nothing
   326 ;; This function is called by:
   327 ;;		_main
   328 ;; This function uses a non-reentrant model
   329 ;;
   330                           
   331                           
   332                           ;psect for function _delay
   333  072C                     _delay:	
   334                           
   335                           ;incstack = 0
   336                           ; Regs used in _delay: [wreg+status,2+status,0+btemp+1]
   337                           ;delay@cnt stored from wreg
   338  072C  00F2               	movwf	delay@cnt
   339                           
   340                           ;Premid_Prompt1.c: 14: int i, j;
   341                           ;Premid_Prompt1.c: 15: for (i = cnt; i != 0; i--){
   342  072D  0872               	movf	delay@cnt,w
   343  072E  00F0               	movwf	??_delay
   344  072F  01F1               	clrf	??_delay+1
   345  0730  0870               	movf	??_delay,w
   346  0731  00F3               	movwf	delay@i
   347  0732  0871               	movf	??_delay+1,w
   348  0733  00F4               	movwf	delay@i+1
   349  0734                     L1:	
   350  0734  0874               	movf	delay@i+1,w
   351  0735  0473               	iorwf	delay@i,w
   352  0736  1903               	btfsc	3,2
   353  0737  0008               	return
   354                           
   355                           ;Premid_Prompt1.c: 16: for (j = 0; j < 1000; j++){}
   356  0738  01F5               	clrf	delay@j
   357  0739  01F6               	clrf	delay@j+1
   358  073A  0876               	movf	delay@j+1,w
   359  073B  3A80               	xorlw	128
   360  073C  00FF               	movwf	127
   361  073D  3083               	movlw	131
   362  073E  027F               	subwf	127,w
   363  073F  1D03               	skipz
   364  0740  2F43               	goto	u25
   365  0741  30E8               	movlw	232
   366  0742  0275               	subwf	delay@j,w
   367  0743                     u25:	
   368  0743  1803               	btfsc	3,0
   369  0744  2F56               	goto	l492
   370  0745                     l488:	
   371  0745  3001               	movlw	1
   372  0746  07F5               	addwf	delay@j,f
   373  0747  1803               	skipnc
   374  0748  0AF6               	incf	delay@j+1,f
   375  0749  3000               	movlw	0
   376  074A  07F6               	addwf	delay@j+1,f
   377  074B  0876               	movf	delay@j+1,w
   378  074C  3A80               	xorlw	128
   379  074D  00FF               	movwf	127
   380  074E  3083               	movlw	131
   381  074F  027F               	subwf	127,w
   382  0750  1D03               	skipz
   383  0751  2F54               	goto	u35
   384  0752  30E8               	movlw	232
   385  0753  0275               	subwf	delay@j,w
   386  0754                     u35:	
   387  0754  1C03               	skipc
   388  0755  2F45               	goto	l488
   389  0756                     l492:	
   390  0756  30FF               	movlw	255
   391  0757  07F3               	addwf	delay@i,f
   392  0758  1803               	skipnc
   393  0759  0AF4               	incf	delay@i+1,f
   394  075A  30FF               	movlw	255
   395  075B  07F4               	addwf	delay@i+1,f
   396  075C  2F34               	goto	L1
   397  075D                     __end_of_delay:	
   398  007E                     btemp	set	126	;btemp
   399  007E                     wtemp	set	126
   400  007E                     wtemp0	set	126
   401  0080                     wtemp1	set	128
   402  0082                     wtemp2	set	130
   403  0084                     wtemp3	set	132
   404  0086                     wtemp4	set	134
   405  0088                     wtemp5	set	136
   406  007F                     wtemp6	set	127
   407  007E                     ttemp	set	126
   408  007E                     ttemp0	set	126
   409  0081                     ttemp1	set	129
   410  0084                     ttemp2	set	132
   411  0087                     ttemp3	set	135
   412  007F                     ttemp4	set	127
   413  007E                     ltemp	set	126
   414  007E                     ltemp0	set	126
   415  0082                     ltemp1	set	130
   416  0086                     ltemp2	set	134
   417  0080                     ltemp3	set	128


Data Sizes:
    Strings     0
    Constant    0
    Data        0
    BSS         0
    Persistent  0
    Stack       0

Auto Spaces:
    Space          Size  Autos    Used
    COMMON           14      7       7
    BANK0            80      0       0
    BANK1            80      0       0
    BANK3            96      0       0
    BANK2            96      0       0

Pointer List with Targets:

    None.

Critical Paths under _main in COMMON

    _main->_delay

Critical Paths under _main in BANK0

    None.

Critical Paths under _main in BANK1

    None.

Critical Paths under _main in BANK3

    None.

Critical Paths under _main in BANK2

    None.

Call Graph Tables:

 ---------------------------------------------------------------------------------
 (Depth) Function   	        Calls       Base Space   Used Autos Params    Refs
 ---------------------------------------------------------------------------------
 (0) _main                                                 0     0      0      75
                              _delay
 ---------------------------------------------------------------------------------
 (1) _delay                                                7     7      0      75
                                              0 COMMON     7     7      0
 ---------------------------------------------------------------------------------
 Estimated maximum stack depth 1
 ---------------------------------------------------------------------------------

 Call Graph Graphs:

 _main (ROOT)
   _delay

 Address spaces:
Name               Size   Autos  Total    Cost      Usage
BITCOMMON            E      0       0       0        0.0%
EEDATA             100      0       0       0        0.0%
NULL                 0      0       0       0        0.0%
CODE                 0      0       0       0        0.0%
COMMON               E      7       7       1       50.0%
BITSFR0              0      0       0       1        0.0%
SFR0                 0      0       0       1        0.0%
BITSFR1              0      0       0       2        0.0%
SFR1                 0      0       0       2        0.0%
STACK                0      0       0       2        0.0%
ABS                  0      0       0       3        0.0%
BITBANK0            50      0       0       4        0.0%
BITSFR3              0      0       0       4        0.0%
SFR3                 0      0       0       4        0.0%
BANK0               50      0       0       5        0.0%
BITSFR2              0      0       0       5        0.0%
SFR2                 0      0       0       5        0.0%
BITBANK1            50      0       0       6        0.0%
BANK1               50      0       0       7        0.0%
BITBANK3            60      0       0       8        0.0%
BANK3               60      0       0       9        0.0%
BITBANK2            60      0       0      10        0.0%
BANK2               60      0       0      11        0.0%
DATA                 0      0       0      12        0.0%


Microchip Technology PIC Macro Assembler V1.33 build 59893 
Symbol Table                                                                                   Tue Mar 17 13:24:21 2026

            __CFG_CP$OFF 0000                       l16 0765                       u25 0743  
                     u35 0754                      l492 0756                      l488 0745  
           __CFG_CPD$OFF 0000             __CFG_FOSC$XT 0000             __CFG_LVP$OFF 0000  
           __CFG_WRT$OFF 0000                     _main 075D                     btemp 007E  
          __CFG_BOREN$ON 0000                     ltemp 007E                     start 0000  
                   ttemp 007E                     wtemp 007E                    ?_main 0070  
          __CFG_WDTE$OFF 0000                    _PORTB 0006                    _TRISB 0086  
          __CFG_PWRTE$ON 0000                    _delay 072C                    ltemp0 007E  
                  ltemp1 0082                    ltemp2 0086                    ltemp3 0080  
                  ttemp0 007E                    ttemp1 0081                    ttemp2 0084  
                  ttemp3 0087                    ttemp4 007F                    status 0003  
                  wtemp0 007E                    wtemp1 0080                    wtemp2 0082  
                  wtemp3 0084                    wtemp4 0086                    wtemp5 0088  
                  wtemp6 007F          __initialization 07FC             __end_of_main 07FC  
                 ??_main 0077                   ?_delay 0070                   _ADCON1 009F  
                 delay@i 0073                   delay@j 0075  __end_of__initialization 07FC  
         __pcstackCOMMON 0070            __end_of_delay 075D                  ??_delay 0070  
             __pmaintext 075D                  __ptext0 0000                  __ptext1 072C  
   end_of_initialization 07FC      start_initialization 07FC                ___latbits 0002  
         __size_of_delay 0031            __size_of_main 009F                 delay@cnt 0072  
