

Microchip Technology PIC LITE Macro Assembler V1.33 build 59893 
                                                                                               Tue May 05 13:31:20 2026

Microchip Technology Omniscient Code Generator (Lite mode) build 59893
     1                           	processor	16F877A
     2                           	opt	pw 120
     3                           	opt	lm
     4                           	psect	text0,local,class=CODE,merge=1,delta=2
     5                           	psect	cinit,global,class=CODE,merge=1,delta=2
     6                           	psect	cstackCOMMON,global,class=COMMON,space=1,delta=1
     7                           	psect	maintext,global,class=CODE,split=1,delta=2
     8                           	psect	text1,local,class=CODE,merge=1,delta=2
     9                           	psect	text2,local,class=CODE,merge=1,delta=2
    10                           	psect	text3,local,class=CODE,merge=1,delta=2
    11                           	psect	text4,local,class=CODE,merge=1,delta=2
    12                           	psect	text5,local,class=CODE,merge=1,delta=2
    13                           	dabs	1,0x7E,2
    14  0000                     	;# 
    15  0001                     	;# 
    16  0002                     	;# 
    17  0003                     	;# 
    18  0004                     	;# 
    19  0005                     	;# 
    20  0006                     	;# 
    21  0007                     	;# 
    22  0008                     	;# 
    23  0009                     	;# 
    24  000A                     	;# 
    25  000B                     	;# 
    26  000C                     	;# 
    27  000D                     	;# 
    28  000E                     	;# 
    29  000E                     	;# 
    30  000F                     	;# 
    31  0010                     	;# 
    32  0011                     	;# 
    33  0012                     	;# 
    34  0013                     	;# 
    35  0014                     	;# 
    36  0015                     	;# 
    37  0015                     	;# 
    38  0016                     	;# 
    39  0017                     	;# 
    40  0018                     	;# 
    41  0019                     	;# 
    42  001A                     	;# 
    43  001B                     	;# 
    44  001B                     	;# 
    45  001C                     	;# 
    46  001D                     	;# 
    47  001E                     	;# 
    48  001F                     	;# 
    49  0081                     	;# 
    50  0085                     	;# 
    51  0086                     	;# 
    52  0087                     	;# 
    53  0088                     	;# 
    54  0089                     	;# 
    55  008C                     	;# 
    56  008D                     	;# 
    57  008E                     	;# 
    58  0091                     	;# 
    59  0092                     	;# 
    60  0093                     	;# 
    61  0094                     	;# 
    62  0098                     	;# 
    63  0099                     	;# 
    64  009C                     	;# 
    65  009D                     	;# 
    66  009E                     	;# 
    67  009F                     	;# 
    68  010C                     	;# 
    69  010D                     	;# 
    70  010E                     	;# 
    71  010F                     	;# 
    72  018C                     	;# 
    73  018D                     	;# 
    74  0008                     _PORTD	set	8
    75  0013                     _SSPBUF	set	19
    76  0014                     _SSPCON	set	20
    77  0093                     _SSPADD	set	147
    78  0091                     _SSPCON2	set	145
    79  0094                     _SSPSTAT	set	148
    80  0088                     _TRISD	set	136
    81  048D                     _ACKDT	set	1165
    82  048C                     _ACKEN	set	1164
    83  048A                     _PEN	set	1162
    84  048B                     _RCEN	set	1163
    85  0489                     _RSEN	set	1161
    86  0488                     _SEN	set	1160
    87  043B                     _TRISC3	set	1083
    88  043C                     _TRISC4	set	1084
    89                           
    90                           	psect	text0
    91  0000                     __ptext0:	
    92                           ; #config settings
    93                           
    94                           
    95                           ;psect for function _I2C_Wait
    96  0000                     
    97                           	psect	cinit
    98  07FC                     start_initialization:	
    99  07FC                     __initialization:	
   100  07FC                     end_of_initialization:	
   101                           ;End of C runtime variable initialization code
   102                           
   103  07FC                     __end_of__initialization:	
   104  07FC  0183               	clrf	3
   105  07FD  120A  118A  2FC0   	ljmp	_main	;jump to C main() function
   106                           
   107                           	psect	cstackCOMMON
   108  0070                     __pcstackCOMMON:	
   109  0070                     ?_init_I2C_Master:	
   110  0070                     ??_init_I2C_Master:	
   111                           ; 0 bytes @ 0x0
   112                           
   113  0070                     ?_I2C_Wait:	
   114                           ; 0 bytes @ 0x0
   115                           
   116  0070                     ??_I2C_Wait:	
   117                           ; 0 bytes @ 0x0
   118                           
   119  0070                     ?_I2C_Start:	
   120                           ; 0 bytes @ 0x0
   121                           
   122  0070                     ??_I2C_Start:	
   123                           ; 0 bytes @ 0x0
   124                           
   125  0070                     ?_I2C_Stop:	
   126                           ; 0 bytes @ 0x0
   127                           
   128  0070                     ??_I2C_Stop:	
   129                           ; 0 bytes @ 0x0
   130                           
   131  0070                     ?_I2C_Send:	
   132                           ; 0 bytes @ 0x0
   133                           
   134  0070                     ??_I2C_Send:	
   135                           ; 0 bytes @ 0x0
   136                           
   137  0070                     ?_main:	
   138                           ; 0 bytes @ 0x0
   139                           
   140  0070                     I2C_Send@data:	
   141                           ; 0 bytes @ 0x0
   142                           
   143                           
   144                           ; 1 bytes @ 0x0
   145  0070                     	ds	1
   146  0071                     ??_main:	
   147                           
   148                           ; 0 bytes @ 0x1
   149  0071                     	ds	3
   150                           
   151                           	psect	maintext
   152  07C0                     __pmaintext:	
   153 ;;
   154 ;;Main: autosize = 0, tempsize = 3, incstack = 0, save=0
   155 ;;
   156 ;; *************** function _main *****************
   157 ;; Defined at:
   158 ;;		line 79 in file "C:\Users\enzoa\OneDrive\Documents\GitHub\3rd_Year_Archives\CpE3201_Embedded_Systems\Practical_Activ
      +ities\PA7\LE7-1.c"
   159 ;; Parameters:    Size  Location     Type
   160 ;;		None
   161 ;; Auto vars:     Size  Location     Type
   162 ;;		None
   163 ;; Return value:  Size  Location     Type
   164 ;;		None               void
   165 ;; Registers used:
   166 ;;		wreg, status,2, status,0, pclath, cstack
   167 ;; Tracked objects:
   168 ;;		On entry : 17F/0
   169 ;;		On exit  : 0/0
   170 ;;		Unchanged: 0/0
   171 ;; Data sizes:     COMMON   BANK0   BANK1   BANK3   BANK2
   172 ;;      Params:         0       0       0       0       0
   173 ;;      Locals:         0       0       0       0       0
   174 ;;      Temps:          3       0       0       0       0
   175 ;;      Totals:         3       0       0       0       0
   176 ;;Total ram usage:        3 bytes
   177 ;; Hardware stack levels required when called:    2
   178 ;; This function calls:
   179 ;;		_I2C_Send
   180 ;;		_I2C_Start
   181 ;;		_I2C_Stop
   182 ;;		_init_I2C_Master
   183 ;; This function is called by:
   184 ;;		Startup code after reset
   185 ;; This function uses a non-reentrant model
   186 ;;
   187                           
   188                           
   189                           ;psect for function _main
   190  07C0                     _main:	
   191                           
   192                           ;LE7-1.c: 80: TRISD = 0xFF;
   193                           
   194                           ;incstack = 0
   195                           ; Regs used in _main: [wreg+status,2+status,0+pclath+cstack]
   196  07C0  30FF               	movlw	255
   197  07C1  1683               	bsf	3,5	;RP0=1, select bank1
   198  07C2  1303               	bcf	3,6	;RP1=0, select bank1
   199  07C3  0088               	movwf	8	;volatile
   200                           
   201                           ;LE7-1.c: 81: init_I2C_Master();
   202  07C4  120A  118A  27B1  120A  118A  	fcall	_init_I2C_Master
   203                           
   204                           ;LE7-1.c: 82: _delay((unsigned long)((500)*(4000000/4000.0)));
   205  07C9  3003               	movlw	3
   206  07CA  00F3               	movwf	??_main+2
   207  07CB  308A               	movlw	138
   208  07CC  00F2               	movwf	??_main+1
   209  07CD  3056               	movlw	86
   210  07CE  00F1               	movwf	??_main
   211  07CF                     u57:	
   212  07CF  0BF1               	decfsz	??_main,f
   213  07D0  2FCF               	goto	u57
   214  07D1  0BF2               	decfsz	??_main+1,f
   215  07D2  2FCF               	goto	u57
   216  07D3  0BF3               	decfsz	??_main+2,f
   217  07D4  2FCF               	goto	u57
   218  07D5  2FD6               	nop2
   219  07D6                     l59:	
   220                           ;LE7-1.c: 83: for(;;){
   221                           
   222                           
   223                           ;LE7-1.c: 84: I2C_Start();
   224  07D6  120A  118A  2792  120A  118A  	fcall	_I2C_Start
   225                           
   226                           ;LE7-1.c: 85: I2C_Send(0x10);
   227  07DB  3010               	movlw	16
   228  07DC  120A  118A  27A8  120A  118A  	fcall	_I2C_Send
   229                           
   230                           ;LE7-1.c: 86: I2C_Send(PORTD);
   231  07E1  1283               	bcf	3,5	;RP0=0, select bank0
   232  07E2  1303               	bcf	3,6	;RP1=0, select bank0
   233  07E3  0808               	movf	8,w	;volatile
   234  07E4  120A  118A  27A8  120A  118A  	fcall	_I2C_Send
   235                           
   236                           ;LE7-1.c: 87: I2C_Stop();
   237  07E9  120A  118A  2799  120A  118A  	fcall	_I2C_Stop
   238                           
   239                           ;LE7-1.c: 88: _delay((unsigned long)((200)*(4000000/4000.0)));
   240  07EE  3002               	movlw	2
   241  07EF  00F3               	movwf	??_main+2
   242  07F0  3004               	movlw	4
   243  07F1  00F2               	movwf	??_main+1
   244  07F2  30BA               	movlw	186
   245  07F3  00F1               	movwf	??_main
   246  07F4                     u67:	
   247  07F4  0BF1               	decfsz	??_main,f
   248  07F5  2FF4               	goto	u67
   249  07F6  0BF2               	decfsz	??_main+1,f
   250  07F7  2FF4               	goto	u67
   251  07F8  0BF3               	decfsz	??_main+2,f
   252  07F9  2FF4               	goto	u67
   253  07FA  0000               	nop
   254                           
   255                           ;LE7-1.c: 89: }
   256  07FB  2FD6               	goto	l59
   257  07FC                     __end_of_main:	
   258                           
   259                           	psect	text1
   260  07B1                     __ptext1:	
   261 ;; *************** function _init_I2C_Master *****************
   262 ;; Defined at:
   263 ;;		line 15 in file "C:\Users\enzoa\OneDrive\Documents\GitHub\3rd_Year_Archives\CpE3201_Embedded_Systems\Practical_Activ
      +ities\PA7\LE7-1.c"
   264 ;; Parameters:    Size  Location     Type
   265 ;;		None
   266 ;; Auto vars:     Size  Location     Type
   267 ;;		None
   268 ;; Return value:  Size  Location     Type
   269 ;;		None               void
   270 ;; Registers used:
   271 ;;		wreg, status,2
   272 ;; Tracked objects:
   273 ;;		On entry : 0/0
   274 ;;		On exit  : 0/0
   275 ;;		Unchanged: 0/0
   276 ;; Data sizes:     COMMON   BANK0   BANK1   BANK3   BANK2
   277 ;;      Params:         0       0       0       0       0
   278 ;;      Locals:         0       0       0       0       0
   279 ;;      Temps:          0       0       0       0       0
   280 ;;      Totals:         0       0       0       0       0
   281 ;;Total ram usage:        0 bytes
   282 ;; Hardware stack levels used:    1
   283 ;; This function calls:
   284 ;;		Nothing
   285 ;; This function is called by:
   286 ;;		_main
   287 ;; This function uses a non-reentrant model
   288 ;;
   289                           
   290                           
   291                           ;psect for function _init_I2C_Master
   292  07B1                     _init_I2C_Master:	
   293                           
   294                           ;LE7-1.c: 16: TRISC3 = 1;
   295                           
   296                           ;incstack = 0
   297                           ; Regs used in _init_I2C_Master: [wreg+status,2]
   298  07B1  1683               	bsf	3,5	;RP0=1, select bank1
   299  07B2  1303               	bcf	3,6	;RP1=0, select bank1
   300  07B3  1587               	bsf	7,3	;volatile
   301                           
   302                           ;LE7-1.c: 17: TRISC4 = 1;
   303  07B4  1607               	bsf	7,4	;volatile
   304                           
   305                           ;LE7-1.c: 18: SSPCON = 0x28;
   306  07B5  3028               	movlw	40
   307  07B6  1283               	bcf	3,5	;RP0=0, select bank0
   308  07B7  1303               	bcf	3,6	;RP1=0, select bank0
   309  07B8  0094               	movwf	20	;volatile
   310                           
   311                           ;LE7-1.c: 19: SSPCON2 = 0x00;
   312  07B9  1683               	bsf	3,5	;RP0=1, select bank1
   313  07BA  1303               	bcf	3,6	;RP1=0, select bank1
   314  07BB  0191               	clrf	17	;volatile
   315                           
   316                           ;LE7-1.c: 21: SSPSTAT = 0x00;
   317  07BC  0194               	clrf	20	;volatile
   318                           
   319                           ;LE7-1.c: 22: SSPADD = 0x09;
   320  07BD  3009               	movlw	9
   321  07BE  0093               	movwf	19	;volatile
   322  07BF  0008               	return
   323  07C0                     __end_of_init_I2C_Master:	
   324                           
   325                           	psect	text2
   326  0799                     __ptext2:	
   327 ;; *************** function _I2C_Stop *****************
   328 ;; Defined at:
   329 ;;		line 39 in file "C:\Users\enzoa\OneDrive\Documents\GitHub\3rd_Year_Archives\CpE3201_Embedded_Systems\Practical_Activ
      +ities\PA7\LE7-1.c"
   330 ;; Parameters:    Size  Location     Type
   331 ;;		None
   332 ;; Auto vars:     Size  Location     Type
   333 ;;		None
   334 ;; Return value:  Size  Location     Type
   335 ;;		None               void
   336 ;; Registers used:
   337 ;;		wreg, status,2, status,0, pclath, cstack
   338 ;; Tracked objects:
   339 ;;		On entry : 0/0
   340 ;;		On exit  : 0/0
   341 ;;		Unchanged: 0/0
   342 ;; Data sizes:     COMMON   BANK0   BANK1   BANK3   BANK2
   343 ;;      Params:         0       0       0       0       0
   344 ;;      Locals:         0       0       0       0       0
   345 ;;      Temps:          0       0       0       0       0
   346 ;;      Totals:         0       0       0       0       0
   347 ;;Total ram usage:        0 bytes
   348 ;; Hardware stack levels used:    1
   349 ;; Hardware stack levels required when called:    1
   350 ;; This function calls:
   351 ;;		_I2C_Wait
   352 ;; This function is called by:
   353 ;;		_main
   354 ;; This function uses a non-reentrant model
   355 ;;
   356                           
   357                           
   358                           ;psect for function _I2C_Stop
   359  0799                     _I2C_Stop:	
   360                           
   361                           ;LE7-1.c: 41: I2C_Wait();
   362                           
   363                           ;incstack = 0
   364                           ; Regs used in _I2C_Stop: [wreg+status,2+status,0+pclath+cstack]
   365  0799  120A  118A  27A0   	fcall	_I2C_Wait
   366                           
   367                           ;LE7-1.c: 43: PEN = 1;
   368  079C  1683               	bsf	3,5	;RP0=1, select bank1
   369  079D  1303               	bcf	3,6	;RP1=0, select bank1
   370  079E  1511               	bsf	17,2	;volatile
   371  079F  0008               	return
   372  07A0                     __end_of_I2C_Stop:	
   373                           
   374                           	psect	text3
   375  0792                     __ptext3:	
   376 ;; *************** function _I2C_Start *****************
   377 ;; Defined at:
   378 ;;		line 34 in file "C:\Users\enzoa\OneDrive\Documents\GitHub\3rd_Year_Archives\CpE3201_Embedded_Systems\Practical_Activ
      +ities\PA7\LE7-1.c"
   379 ;; Parameters:    Size  Location     Type
   380 ;;		None
   381 ;; Auto vars:     Size  Location     Type
   382 ;;		None
   383 ;; Return value:  Size  Location     Type
   384 ;;		None               void
   385 ;; Registers used:
   386 ;;		wreg, status,2, status,0, pclath, cstack
   387 ;; Tracked objects:
   388 ;;		On entry : 0/0
   389 ;;		On exit  : 0/0
   390 ;;		Unchanged: 0/0
   391 ;; Data sizes:     COMMON   BANK0   BANK1   BANK3   BANK2
   392 ;;      Params:         0       0       0       0       0
   393 ;;      Locals:         0       0       0       0       0
   394 ;;      Temps:          0       0       0       0       0
   395 ;;      Totals:         0       0       0       0       0
   396 ;;Total ram usage:        0 bytes
   397 ;; Hardware stack levels used:    1
   398 ;; Hardware stack levels required when called:    1
   399 ;; This function calls:
   400 ;;		_I2C_Wait
   401 ;; This function is called by:
   402 ;;		_main
   403 ;; This function uses a non-reentrant model
   404 ;;
   405                           
   406                           
   407                           ;psect for function _I2C_Start
   408  0792                     _I2C_Start:	
   409                           
   410                           ;LE7-1.c: 35: I2C_Wait();
   411                           
   412                           ;incstack = 0
   413                           ; Regs used in _I2C_Start: [wreg+status,2+status,0+pclath+cstack]
   414  0792  120A  118A  27A0   	fcall	_I2C_Wait
   415                           
   416                           ;LE7-1.c: 37: SEN = 1;
   417  0795  1683               	bsf	3,5	;RP0=1, select bank1
   418  0796  1303               	bcf	3,6	;RP1=0, select bank1
   419  0797  1411               	bsf	17,0	;volatile
   420  0798  0008               	return
   421  0799                     __end_of_I2C_Start:	
   422                           
   423                           	psect	text4
   424  07A8                     __ptext4:	
   425 ;; *************** function _I2C_Send *****************
   426 ;; Defined at:
   427 ;;		line 58 in file "C:\Users\enzoa\OneDrive\Documents\GitHub\3rd_Year_Archives\CpE3201_Embedded_Systems\Practical_Activ
      +ities\PA7\LE7-1.c"
   428 ;; Parameters:    Size  Location     Type
   429 ;;  data            1    wreg     unsigned char 
   430 ;; Auto vars:     Size  Location     Type
   431 ;;  data            1    0[COMMON] unsigned char 
   432 ;; Return value:  Size  Location     Type
   433 ;;		None               void
   434 ;; Registers used:
   435 ;;		wreg, status,2, status,0, pclath, cstack
   436 ;; Tracked objects:
   437 ;;		On entry : 0/0
   438 ;;		On exit  : 0/0
   439 ;;		Unchanged: 0/0
   440 ;; Data sizes:     COMMON   BANK0   BANK1   BANK3   BANK2
   441 ;;      Params:         0       0       0       0       0
   442 ;;      Locals:         1       0       0       0       0
   443 ;;      Temps:          0       0       0       0       0
   444 ;;      Totals:         1       0       0       0       0
   445 ;;Total ram usage:        1 bytes
   446 ;; Hardware stack levels used:    1
   447 ;; Hardware stack levels required when called:    1
   448 ;; This function calls:
   449 ;;		_I2C_Wait
   450 ;; This function is called by:
   451 ;;		_main
   452 ;; This function uses a non-reentrant model
   453 ;;
   454                           
   455                           
   456                           ;psect for function _I2C_Send
   457  07A8                     _I2C_Send:	
   458                           
   459                           ;incstack = 0
   460                           ; Regs used in _I2C_Send: [wreg+status,2+status,0+pclath+cstack]
   461                           ;I2C_Send@data stored from wreg
   462  07A8  00F0               	movwf	I2C_Send@data
   463                           
   464                           ;LE7-1.c: 61: I2C_Wait();
   465  07A9  120A  118A  27A0   	fcall	_I2C_Wait
   466                           
   467                           ;LE7-1.c: 63: SSPBUF = data;
   468  07AC  0870               	movf	I2C_Send@data,w
   469  07AD  1283               	bcf	3,5	;RP0=0, select bank0
   470  07AE  1303               	bcf	3,6	;RP1=0, select bank0
   471  07AF  0093               	movwf	19	;volatile
   472  07B0  0008               	return
   473  07B1                     __end_of_I2C_Send:	
   474                           
   475                           	psect	text5
   476  07A0                     __ptext5:	
   477 ;; *************** function _I2C_Wait *****************
   478 ;; Defined at:
   479 ;;		line 27 in file "C:\Users\enzoa\OneDrive\Documents\GitHub\3rd_Year_Archives\CpE3201_Embedded_Systems\Practical_Activ
      +ities\PA7\LE7-1.c"
   480 ;; Parameters:    Size  Location     Type
   481 ;;		None
   482 ;; Auto vars:     Size  Location     Type
   483 ;;		None
   484 ;; Return value:  Size  Location     Type
   485 ;;		None               void
   486 ;; Registers used:
   487 ;;		wreg, status,2
   488 ;; Tracked objects:
   489 ;;		On entry : 0/0
   490 ;;		On exit  : 0/0
   491 ;;		Unchanged: 0/0
   492 ;; Data sizes:     COMMON   BANK0   BANK1   BANK3   BANK2
   493 ;;      Params:         0       0       0       0       0
   494 ;;      Locals:         0       0       0       0       0
   495 ;;      Temps:          0       0       0       0       0
   496 ;;      Totals:         0       0       0       0       0
   497 ;;Total ram usage:        0 bytes
   498 ;; Hardware stack levels used:    1
   499 ;; This function calls:
   500 ;;		Nothing
   501 ;; This function is called by:
   502 ;;		_I2C_Start
   503 ;;		_I2C_Stop
   504 ;;		_I2C_Send
   505 ;;		_I2C_RepeatedStart
   506 ;;		_I2C_Receive
   507 ;; This function uses a non-reentrant model
   508 ;;
   509                           
   510                           
   511                           ;psect for function _I2C_Wait
   512  07A0                     _I2C_Wait:	
   513  07A0                     l520:	
   514                           ;LE7-1.c: 29: while((SSPCON2 & 0x1F) || (SSPSTAT & 0x04));
   515                           
   516                           ;incstack = 0
   517                           ; Regs used in _I2C_Wait: [wreg+status,2]
   518                           
   519  07A0  1683               	bsf	3,5	;RP0=1, select bank1
   520  07A1  1303               	bcf	3,6	;RP1=0, select bank1
   521  07A2  0811               	movf	17,w	;volatile
   522  07A3  391F               	andlw	31
   523  07A4  1903               	btfsc	3,2
   524  07A5  1914               	btfsc	20,2	;volatile
   525  07A6  2FA0               	goto	l520
   526  07A7  0008               	return
   527  07A8                     __end_of_I2C_Wait:	
   528  007E                     btemp	set	126	;btemp
   529  007E                     wtemp	set	126
   530  007E                     wtemp0	set	126
   531  0080                     wtemp1	set	128
   532  0082                     wtemp2	set	130
   533  0084                     wtemp3	set	132
   534  0086                     wtemp4	set	134
   535  0088                     wtemp5	set	136
   536  007F                     wtemp6	set	127
   537  007E                     ttemp	set	126
   538  007E                     ttemp0	set	126
   539  0081                     ttemp1	set	129
   540  0084                     ttemp2	set	132
   541  0087                     ttemp3	set	135
   542  007F                     ttemp4	set	127
   543  007E                     ltemp	set	126
   544  007E                     ltemp0	set	126
   545  0082                     ltemp1	set	130
   546  0086                     ltemp2	set	134
   547  0080                     ltemp3	set	128


Data Sizes:
    Strings     0
    Constant    0
    Data        0
    BSS         0
    Persistent  0
    Stack       0

Auto Spaces:
    Space          Size  Autos    Used
    COMMON           14      4       4
    BANK0            80      0       0
    BANK1            80      0       0
    BANK3            96      0       0
    BANK2            96      0       0

Pointer List with Targets:

    None.

Critical Paths under _main in COMMON

    _main->_I2C_Send

Critical Paths under _main in BANK0

    None.

Critical Paths under _main in BANK1

    None.

Critical Paths under _main in BANK3

    None.

Critical Paths under _main in BANK2

    None.

Call Graph Tables:

 ---------------------------------------------------------------------------------
 (Depth) Function   	        Calls       Base Space   Used Autos Params    Refs
 ---------------------------------------------------------------------------------
 (0) _main                                                 3     3      0      15
                                              1 COMMON     3     3      0
                           _I2C_Send
                          _I2C_Start
                           _I2C_Stop
                    _init_I2C_Master
 ---------------------------------------------------------------------------------
 (1) _init_I2C_Master                                      0     0      0       0
 ---------------------------------------------------------------------------------
 (1) _I2C_Stop                                             0     0      0       0
                           _I2C_Wait
 ---------------------------------------------------------------------------------
 (1) _I2C_Start                                            0     0      0       0
                           _I2C_Wait
 ---------------------------------------------------------------------------------
 (1) _I2C_Send                                             1     1      0      15
                                              0 COMMON     1     1      0
                           _I2C_Wait
 ---------------------------------------------------------------------------------
 (2) _I2C_Wait                                             0     0      0       0
 ---------------------------------------------------------------------------------
 Estimated maximum stack depth 2
 ---------------------------------------------------------------------------------

 Call Graph Graphs:

 _main (ROOT)
   _I2C_Send
     _I2C_Wait
   _I2C_Start
     _I2C_Wait
   _I2C_Stop
     _I2C_Wait
   _init_I2C_Master

 Address spaces:
Name               Size   Autos  Total    Cost      Usage
BITCOMMON            E      0       0       0        0.0%
EEDATA             100      0       0       0        0.0%
NULL                 0      0       0       0        0.0%
CODE                 0      0       0       0        0.0%
COMMON               E      4       4       1       28.6%
BITSFR0              0      0       0       1        0.0%
SFR0                 0      0       0       1        0.0%
BITSFR1              0      0       0       2        0.0%
SFR1                 0      0       0       2        0.0%
STACK                0      0       0       2        0.0%
ABS                  0      0       0       3        0.0%
BITBANK0            50      0       0       4        0.0%
BITSFR3              0      0       0       4        0.0%
SFR3                 0      0       0       4        0.0%
BANK0               50      0       0       5        0.0%
BITSFR2              0      0       0       5        0.0%
SFR2                 0      0       0       5        0.0%
BITBANK1            50      0       0       6        0.0%
BANK1               50      0       0       7        0.0%
BITBANK3            60      0       0       8        0.0%
BANK3               60      0       0       9        0.0%
BITBANK2            60      0       0      10        0.0%
BANK2               60      0       0      11        0.0%
DATA                 0      0       0      12        0.0%


Microchip Technology PIC Macro Assembler V1.33 build 59893 
Symbol Table                                                                                   Tue May 05 13:31:20 2026

      __size_of_I2C_Start 0007               __CFG_CP$OFF 0000                        l59 07D6  
                      u57 07CF                        u67 07F4                       l520 07A0  
                     _PEN 048A              __CFG_CPD$OFF 0000                       _SEN 0488  
            __CFG_FOSC$XT 0000              __CFG_LVP$OFF 0000                      _RCEN 048B  
                    _RSEN 0489              __CFG_WRT$OFF 0000                      _main 07C0  
        __end_of_I2C_Send 07B1                      btemp 007E          __end_of_I2C_Wait 07A8  
        __end_of_I2C_Stop 07A0             __CFG_BOREN$ON 0000                      ltemp 007E  
                    start 0000                      ttemp 007E                      wtemp 007E  
                   ?_main 0070                     _ACKEN 048C                     _ACKDT 048D  
           __CFG_WDTE$OFF 0000                     _PORTD 0008                     _TRISD 0088  
           __CFG_PWRTE$ON 0000         __end_of_I2C_Start 0799                     ltemp0 007E  
                   ltemp1 0082                     ltemp2 0086                     ltemp3 0080  
                   ttemp0 007E                     ttemp1 0081                     ttemp2 0084  
                   ttemp3 0087                     ttemp4 007F                     status 0003  
                   wtemp0 007E                     wtemp1 0080                     wtemp2 0082  
                   wtemp3 0084                     wtemp4 0086                     wtemp5 0088  
                   wtemp6 007F           __initialization 07FC              __end_of_main 07FC  
                  ??_main 0071                    _SSPADD 0093                    _TRISC3 043B  
                  _TRISC4 043C                    _SSPCON 0014                    _SSPBUF 0013  
__size_of_init_I2C_Master 000F                 ?_I2C_Send 0070                 ?_I2C_Wait 0070  
               ?_I2C_Stop 0070   __end_of__initialization 07FC            __pcstackCOMMON 0070  
              ??_I2C_Send 0070                ??_I2C_Wait 0070                ??_I2C_Stop 0070  
              __pmaintext 07C0              I2C_Send@data 0070         ??_init_I2C_Master 0070  
                 _SSPCON2 0091                   _SSPSTAT 0094                 _I2C_Start 0792  
                 __ptext0 0000                   __ptext1 07B1                   __ptext2 0799  
                 __ptext3 0792                   __ptext4 07A8                   __ptext5 07A0  
    end_of_initialization 07FC                ?_I2C_Start 0070         __size_of_I2C_Send 0009  
       __size_of_I2C_Wait 0008         __size_of_I2C_Stop 0007       start_initialization 07FC  
             ??_I2C_Start 0070           _init_I2C_Master 07B1                 ___latbits 0002  
                _I2C_Send 07A8                  _I2C_Wait 07A0                  _I2C_Stop 0799  
 __end_of_init_I2C_Master 07C0             __size_of_main 003C          ?_init_I2C_Master 0070  
