

Microchip Technology PIC LITE Macro Assembler V1.33 build 59893 
                                                                                               Tue May 05 15:41:47 2026

Microchip Technology Omniscient Code Generator (Lite mode) build 59893
     1                           	processor	16F877A
     2                           	opt	pw 120
     3                           	opt	lm
     4                           	psect	text0,local,class=CODE,merge=1,delta=2
     5                           	psect	cinit,global,class=CODE,merge=1,delta=2
     6                           	psect	cstackCOMMON,global,class=COMMON,space=1,delta=1
     7                           	psect	maintext,global,class=CODE,split=1,delta=2
     8                           	psect	text1,local,class=CODE,merge=1,delta=2
     9                           	psect	text2,local,class=CODE,merge=1,delta=2
    10                           	psect	intentry,global,class=CODE,delta=2
    11                           	dabs	1,0x7E,2
    12  0000                     	;# 
    13  0001                     	;# 
    14  0002                     	;# 
    15  0003                     	;# 
    16  0004                     	;# 
    17  0005                     	;# 
    18  0006                     	;# 
    19  0007                     	;# 
    20  0008                     	;# 
    21  0009                     	;# 
    22  000A                     	;# 
    23  000B                     	;# 
    24  000C                     	;# 
    25  000D                     	;# 
    26  000E                     	;# 
    27  000E                     	;# 
    28  000F                     	;# 
    29  0010                     	;# 
    30  0011                     	;# 
    31  0012                     	;# 
    32  0013                     	;# 
    33  0014                     	;# 
    34  0015                     	;# 
    35  0015                     	;# 
    36  0016                     	;# 
    37  0017                     	;# 
    38  0018                     	;# 
    39  0019                     	;# 
    40  001A                     	;# 
    41  001B                     	;# 
    42  001B                     	;# 
    43  001C                     	;# 
    44  001D                     	;# 
    45  001E                     	;# 
    46  001F                     	;# 
    47  0081                     	;# 
    48  0085                     	;# 
    49  0086                     	;# 
    50  0087                     	;# 
    51  0088                     	;# 
    52  0089                     	;# 
    53  008C                     	;# 
    54  008D                     	;# 
    55  008E                     	;# 
    56  0091                     	;# 
    57  0092                     	;# 
    58  0093                     	;# 
    59  0094                     	;# 
    60  0098                     	;# 
    61  0099                     	;# 
    62  009C                     	;# 
    63  009D                     	;# 
    64  009E                     	;# 
    65  009F                     	;# 
    66  010C                     	;# 
    67  010D                     	;# 
    68  010E                     	;# 
    69  010F                     	;# 
    70  018C                     	;# 
    71  018D                     	;# 
    72  0006                     _PORTB	set	6
    73  0008                     _PORTD	set	8
    74  0013                     _SSPBUF	set	19
    75  0014                     _SSPCON	set	20
    76  00A4                     _CKP	set	164
    77  005F                     _GIE	set	95
    78  005E                     _PEIE	set	94
    79  0063                     _SSPIF	set	99
    80  00A6                     _SSPOV	set	166
    81  00A7                     _WCOL	set	167
    82  0093                     _SSPADD	set	147
    83  0091                     _SSPCON2	set	145
    84  0094                     _SSPSTAT	set	148
    85  0094                     _SSPSTATbits	set	148
    86  0086                     _TRISB	set	134
    87  0088                     _TRISD	set	136
    88  04A0                     _BF	set	1184
    89  0463                     _SSPIE	set	1123
    90  043B                     _TRISC3	set	1083
    91  043C                     _TRISC4	set	1084
    92                           
    93                           	psect	text0
    94  0000                     __ptext0:	
    95                           ; #config settings
    96                           
    97                           
    98                           ;psect for function _ISR
    99  0000                     
   100                           	psect	cinit
   101  0015                     start_initialization:	
   102  0015                     __initialization:	
   103  0015                     end_of_initialization:	
   104                           ;End of C runtime variable initialization code
   105                           
   106  0015                     __end_of__initialization:	
   107  0015  0183               	clrf	3
   108  0016  120A  118A  2874   	ljmp	_main	;jump to C main() function
   109                           
   110                           	psect	cstackCOMMON
   111  0070                     __pcstackCOMMON:	
   112  0070                     ?_init_I2C_Slave:	
   113  0070                     ?_ISR:	
   114                           ; 0 bytes @ 0x0
   115                           
   116  0070                     ??_ISR:	
   117                           ; 0 bytes @ 0x0
   118                           
   119  0070                     ?_main:	
   120                           ; 0 bytes @ 0x0
   121                           
   122                           
   123                           ; 0 bytes @ 0x0
   124  0070                     	ds	5
   125  0075                     ISR@temp:	
   126                           
   127                           ; 1 bytes @ 0x5
   128  0075                     	ds	1
   129  0076                     ??_init_I2C_Slave:	
   130  0076                     init_I2C_Slave@slave_add:	
   131                           ; 0 bytes @ 0x6
   132                           
   133                           
   134                           ; 1 bytes @ 0x6
   135  0076                     	ds	1
   136  0077                     ??_main:	
   137                           
   138                           	psect	maintext
   139  0074                     __pmaintext:	
   140                           ; 0 bytes @ 0x7
   141 ;;
   142 ;;Main: autosize = 0, tempsize = 0, incstack = 0, save=0
   143 ;;
   144 ;; *************** function _main *****************
   145 ;; Defined at:
   146 ;;		line 57 in file "C:\Users\enzoa\OneDrive\Documents\GitHub\3rd_Year_Archives\CpE3201_Embedded_Systems\Practical_Activ
      +ities\PA7\LE7-2.c"
   147 ;; Parameters:    Size  Location     Type
   148 ;;		None
   149 ;; Auto vars:     Size  Location     Type
   150 ;;		None
   151 ;; Return value:  Size  Location     Type
   152 ;;		None               void
   153 ;; Registers used:
   154 ;;		wreg, status,2, status,0, pclath, cstack
   155 ;; Tracked objects:
   156 ;;		On entry : 17F/0
   157 ;;		On exit  : 0/0
   158 ;;		Unchanged: 0/0
   159 ;; Data sizes:     COMMON   BANK0   BANK1   BANK3   BANK2
   160 ;;      Params:         0       0       0       0       0
   161 ;;      Locals:         0       0       0       0       0
   162 ;;      Temps:          0       0       0       0       0
   163 ;;      Totals:         0       0       0       0       0
   164 ;;Total ram usage:        0 bytes
   165 ;; Hardware stack levels required when called:    2
   166 ;; This function calls:
   167 ;;		_init_I2C_Slave
   168 ;; This function is called by:
   169 ;;		Startup code after reset
   170 ;; This function uses a non-reentrant model
   171 ;;
   172                           
   173                           
   174                           ;psect for function _main
   175  0074                     _main:	
   176                           
   177                           ;LE7-2.c: 59: TRISB = 0x00;
   178                           
   179                           ;incstack = 0
   180                           ; Regs used in _main: [wreg+status,2+status,0+pclath+cstack]
   181  0074  1683               	bsf	3,5	;RP0=1, select bank1
   182  0075  1303               	bcf	3,6	;RP1=0, select bank1
   183  0076  0186               	clrf	6	;volatile
   184                           
   185                           ;LE7-2.c: 60: PORTB = 0x00;
   186  0077  1283               	bcf	3,5	;RP0=0, select bank0
   187  0078  1303               	bcf	3,6	;RP1=0, select bank0
   188  0079  0186               	clrf	6	;volatile
   189                           
   190                           ;LE7-2.c: 61: TRISD = 0xFF;
   191  007A  30FF               	movlw	255
   192  007B  1683               	bsf	3,5	;RP0=1, select bank1
   193  007C  1303               	bcf	3,6	;RP1=0, select bank1
   194  007D  0088               	movwf	8	;volatile
   195                           
   196                           ;LE7-2.c: 62: init_I2C_Slave(0x10);
   197  007E  3010               	movlw	16
   198  007F  120A  118A  205C  120A  118A  	fcall	_init_I2C_Slave
   199  0084                     l61:	
   200                           ;LE7-2.c: 63: for(;;) {}
   201                           
   202  0084  2884               	goto	l61
   203  0085                     __end_of_main:	
   204                           
   205                           	psect	text1
   206  005C                     __ptext1:	
   207 ;; *************** function _init_I2C_Slave *****************
   208 ;; Defined at:
   209 ;;		line 12 in file "C:\Users\enzoa\OneDrive\Documents\GitHub\3rd_Year_Archives\CpE3201_Embedded_Systems\Practical_Activ
      +ities\PA7\LE7-2.c"
   210 ;; Parameters:    Size  Location     Type
   211 ;;  slave_add       1    wreg     unsigned char 
   212 ;; Auto vars:     Size  Location     Type
   213 ;;  slave_add       1    6[COMMON] unsigned char 
   214 ;; Return value:  Size  Location     Type
   215 ;;		None               void
   216 ;; Registers used:
   217 ;;		wreg
   218 ;; Tracked objects:
   219 ;;		On entry : 0/0
   220 ;;		On exit  : 0/0
   221 ;;		Unchanged: 0/0
   222 ;; Data sizes:     COMMON   BANK0   BANK1   BANK3   BANK2
   223 ;;      Params:         0       0       0       0       0
   224 ;;      Locals:         1       0       0       0       0
   225 ;;      Temps:          0       0       0       0       0
   226 ;;      Totals:         1       0       0       0       0
   227 ;;Total ram usage:        1 bytes
   228 ;; Hardware stack levels used:    1
   229 ;; Hardware stack levels required when called:    1
   230 ;; This function calls:
   231 ;;		Nothing
   232 ;; This function is called by:
   233 ;;		_main
   234 ;; This function uses a non-reentrant model
   235 ;;
   236                           
   237                           
   238                           ;psect for function _init_I2C_Slave
   239  005C                     _init_I2C_Slave:	
   240                           
   241                           ;incstack = 0
   242                           ; Regs used in _init_I2C_Slave: [wreg]
   243                           ;init_I2C_Slave@slave_add stored from wreg
   244  005C  00F6               	movwf	init_I2C_Slave@slave_add
   245                           
   246                           ;LE7-2.c: 14: TRISC3 = 1;
   247  005D  1683               	bsf	3,5	;RP0=1, select bank1
   248  005E  1303               	bcf	3,6	;RP1=0, select bank1
   249  005F  1587               	bsf	7,3	;volatile
   250                           
   251                           ;LE7-2.c: 15: TRISC4 = 1;
   252  0060  1607               	bsf	7,4	;volatile
   253                           
   254                           ;LE7-2.c: 16: SSPCON = 0x36;
   255  0061  3036               	movlw	54
   256  0062  1283               	bcf	3,5	;RP0=0, select bank0
   257  0063  1303               	bcf	3,6	;RP1=0, select bank0
   258  0064  0094               	movwf	20	;volatile
   259                           
   260                           ;LE7-2.c: 18: SSPCON2 = 0x01;
   261  0065  3001               	movlw	1
   262  0066  1683               	bsf	3,5	;RP0=1, select bank1
   263  0067  1303               	bcf	3,6	;RP1=0, select bank1
   264  0068  0091               	movwf	17	;volatile
   265                           
   266                           ;LE7-2.c: 20: SSPSTAT = 0x80;
   267  0069  3080               	movlw	128
   268  006A  0094               	movwf	20	;volatile
   269                           
   270                           ;LE7-2.c: 21: SSPADD = slave_add;
   271  006B  0876               	movf	init_I2C_Slave@slave_add,w
   272  006C  0093               	movwf	19	;volatile
   273                           
   274                           ;LE7-2.c: 22: SSPIE = 1;
   275  006D  158C               	bsf	12,3	;volatile
   276                           
   277                           ;LE7-2.c: 23: SSPIF = 0;
   278  006E  1283               	bcf	3,5	;RP0=0, select bank0
   279  006F  1303               	bcf	3,6	;RP1=0, select bank0
   280  0070  118C               	bcf	12,3	;volatile
   281                           
   282                           ;LE7-2.c: 24: PEIE = 1;
   283  0071  170B               	bsf	11,6	;volatile
   284                           
   285                           ;LE7-2.c: 25: GIE = 1;
   286  0072  178B               	bsf	11,7	;volatile
   287  0073  0008               	return
   288  0074                     __end_of_init_I2C_Slave:	
   289                           
   290                           	psect	text2
   291  0019                     __ptext2:	
   292 ;; *************** function _ISR *****************
   293 ;; Defined at:
   294 ;;		line 28 in file "C:\Users\enzoa\OneDrive\Documents\GitHub\3rd_Year_Archives\CpE3201_Embedded_Systems\Practical_Activ
      +ities\PA7\LE7-2.c"
   295 ;; Parameters:    Size  Location     Type
   296 ;;		None
   297 ;; Auto vars:     Size  Location     Type
   298 ;;  temp            1    5[COMMON] unsigned char 
   299 ;; Return value:  Size  Location     Type
   300 ;;		None               void
   301 ;; Registers used:
   302 ;;		wreg
   303 ;; Tracked objects:
   304 ;;		On entry : 0/0
   305 ;;		On exit  : 0/0
   306 ;;		Unchanged: 0/0
   307 ;; Data sizes:     COMMON   BANK0   BANK1   BANK3   BANK2
   308 ;;      Params:         0       0       0       0       0
   309 ;;      Locals:         1       0       0       0       0
   310 ;;      Temps:          5       0       0       0       0
   311 ;;      Totals:         6       0       0       0       0
   312 ;;Total ram usage:        6 bytes
   313 ;; Hardware stack levels used:    1
   314 ;; This function calls:
   315 ;;		Nothing
   316 ;; This function is called by:
   317 ;;		Interrupt level 1
   318 ;; This function uses a non-reentrant model
   319 ;;
   320                           
   321                           
   322                           ;psect for function _ISR
   323  0019                     _ISR:	
   324                           
   325                           ;LE7-2.c: 30: unsigned char temp;
   326                           ;LE7-2.c: 31: CKP = 0;
   327  0019  1214               	bcf	20,4	;volatile
   328                           
   329                           ;LE7-2.c: 32: if(WCOL || SSPOV) {
   330  001A  1B94               	btfsc	20,7	;volatile
   331  001B  281E               	goto	i1l536
   332  001C  1F14               	btfss	20,6	;volatile
   333  001D  2825               	goto	i1l544
   334  001E                     i1l536:	
   335                           
   336                           ;LE7-2.c: 33: temp = SSPBUF;
   337  001E  0813               	movf	19,w	;volatile
   338  001F  00F0               	movwf	??_ISR
   339  0020  0870               	movf	??_ISR,w
   340  0021  00F5               	movwf	ISR@temp
   341                           
   342                           ;LE7-2.c: 34: WCOL = 0;
   343  0022  1394               	bcf	20,7	;volatile
   344                           
   345                           ;LE7-2.c: 35: SSPOV = 0;
   346  0023  1314               	bcf	20,6	;volatile
   347                           
   348                           ;LE7-2.c: 36: CKP = 1;
   349  0024  1614               	bsf	20,4	;volatile
   350  0025                     i1l544:	
   351                           
   352                           ;LE7-2.c: 37: }
   353                           ;LE7-2.c: 39: if(!SSPSTATbits.D_nA && !SSPSTATbits.R_nW){
   354  0025  1683               	bsf	3,5	;RP0=1, select bank1
   355  0026  1303               	bcf	3,6	;RP1=0, select bank1
   356  0027  1E94               	btfss	20,5	;volatile
   357  0028  1914               	btfsc	20,2	;volatile
   358  0029  283A               	goto	i1l49
   359                           
   360                           ;LE7-2.c: 40: temp = SSPBUF;
   361  002A  1283               	bcf	3,5	;RP0=0, select bank0
   362  002B  1303               	bcf	3,6	;RP1=0, select bank0
   363  002C  0813               	movf	19,w	;volatile
   364  002D  00F0               	movwf	??_ISR
   365  002E  0870               	movf	??_ISR,w
   366  002F  00F5               	movwf	ISR@temp
   367  0030                     i1l50:	
   368                           ;LE7-2.c: 41: while(!BF);
   369                           
   370  0030  1683               	bsf	3,5	;RP0=1, select bank1
   371  0031  1303               	bcf	3,6	;RP1=0, select bank1
   372  0032  1C14               	btfss	20,0	;volatile
   373  0033  2830               	goto	i1l50
   374                           
   375                           ;LE7-2.c: 43: PORTB = SSPBUF;
   376  0034  1283               	bcf	3,5	;RP0=0, select bank0
   377  0035  1303               	bcf	3,6	;RP1=0, select bank0
   378  0036  0813               	movf	19,w	;volatile
   379  0037  0086               	movwf	6	;volatile
   380                           
   381                           ;LE7-2.c: 44: CKP = 1;
   382  0038  1614               	bsf	20,4	;volatile
   383                           
   384                           ;LE7-2.c: 45: }
   385  0039  284F               	goto	i1l53
   386  003A                     i1l49:	
   387                           
   388                           ;LE7-2.c: 46: else if(!SSPSTATbits.D_nA && SSPSTATbits.R_nW){
   389  003A  1E94               	btfss	20,5	;volatile
   390  003B  1D14               	btfss	20,2	;volatile
   391  003C  284F               	goto	i1l53
   392                           
   393                           ;LE7-2.c: 47: temp = SSPBUF;
   394  003D  1283               	bcf	3,5	;RP0=0, select bank0
   395  003E  1303               	bcf	3,6	;RP1=0, select bank0
   396  003F  0813               	movf	19,w	;volatile
   397  0040  00F0               	movwf	??_ISR
   398  0041  0870               	movf	??_ISR,w
   399  0042  00F5               	movwf	ISR@temp
   400                           
   401                           ;LE7-2.c: 48: BF = 0;
   402  0043  1683               	bsf	3,5	;RP0=1, select bank1
   403  0044  1303               	bcf	3,6	;RP1=0, select bank1
   404  0045  1014               	bcf	20,0	;volatile
   405                           
   406                           ;LE7-2.c: 50: SSPBUF = PORTD;
   407  0046  1283               	bcf	3,5	;RP0=0, select bank0
   408  0047  1303               	bcf	3,6	;RP1=0, select bank0
   409  0048  0808               	movf	8,w	;volatile
   410  0049  0093               	movwf	19	;volatile
   411                           
   412                           ;LE7-2.c: 51: CKP = 1;
   413  004A  1614               	bsf	20,4	;volatile
   414  004B                     i1l55:	
   415                           ;LE7-2.c: 52: while(BF);
   416                           
   417  004B  1683               	bsf	3,5	;RP0=1, select bank1
   418  004C  1303               	bcf	3,6	;RP1=0, select bank1
   419  004D  1814               	btfsc	20,0	;volatile
   420  004E  284B               	goto	i1l55
   421  004F                     i1l53:	
   422                           
   423                           ;LE7-2.c: 53: }
   424                           ;LE7-2.c: 54: SSPIF = 0;
   425  004F  1283               	bcf	3,5	;RP0=0, select bank0
   426  0050  118C               	bcf	12,3	;volatile
   427  0051  0874               	movf	??_ISR+4,w
   428  0052  00FF               	movwf	127
   429  0053  0873               	movf	??_ISR+3,w
   430  0054  008A               	movwf	10
   431  0055  0872               	movf	??_ISR+2,w
   432  0056  0084               	movwf	4
   433  0057  0E71               	swapf	(??_ISR+1)^(0+-128),w
   434  0058  0083               	movwf	3
   435  0059  0EFE               	swapf	126,f
   436  005A  0E7E               	swapf	126,w
   437  005B  0009               	retfie
   438  005C                     __end_of_ISR:	
   439  007E                     btemp	set	126	;btemp
   440  007E                     wtemp	set	126
   441  007E                     wtemp0	set	126
   442  0080                     wtemp1	set	128
   443  0082                     wtemp2	set	130
   444  0084                     wtemp3	set	132
   445  0086                     wtemp4	set	134
   446  0088                     wtemp5	set	136
   447  007F                     wtemp6	set	127
   448  007E                     ttemp	set	126
   449  007E                     ttemp0	set	126
   450  0081                     ttemp1	set	129
   451  0084                     ttemp2	set	132
   452  0087                     ttemp3	set	135
   453  007F                     ttemp4	set	127
   454  007E                     ltemp	set	126
   455  007E                     ltemp0	set	126
   456  0082                     ltemp1	set	130
   457  0086                     ltemp2	set	134
   458  0080                     ltemp3	set	128
   459                           
   460                           	psect	intentry
   461  0004                     __pintentry:	
   462                           ;incstack = 0
   463                           ; Regs used in _ISR: [wreg]
   464                           
   465  0004                     interrupt_function:	
   466  007E                     saved_w	set	btemp
   467  0004  00FE               	movwf	btemp
   468  0005  0E03               	swapf	3,w
   469  0006  00F1               	movwf	??_ISR+1
   470  0007  0804               	movf	4,w
   471  0008  00F2               	movwf	??_ISR+2
   472  0009  080A               	movf	10,w
   473  000A  00F3               	movwf	??_ISR+3
   474  000B  1283               	bcf	3,5	;RP0=0, select bank0
   475  000C  1303               	bcf	3,6	;RP1=0, select bank0
   476  000D  087F               	movf	btemp+1,w
   477  000E  00F4               	movwf	??_ISR+4
   478  000F  120A  118A  2819   	ljmp	_ISR


Data Sizes:
    Strings     0
    Constant    0
    Data        0
    BSS         0
    Persistent  0
    Stack       0

Auto Spaces:
    Space          Size  Autos    Used
    COMMON           14      7       7
    BANK0            80      0       0
    BANK1            80      0       0
    BANK3            96      0       0
    BANK2            96      0       0

Pointer List with Targets:

    None.

Critical Paths under _main in COMMON

    _main->_init_I2C_Slave

Critical Paths under _ISR in COMMON

    None.

Critical Paths under _main in BANK0

    None.

Critical Paths under _ISR in BANK0

    None.

Critical Paths under _main in BANK1

    None.

Critical Paths under _ISR in BANK1

    None.

Critical Paths under _main in BANK3

    None.

Critical Paths under _ISR in BANK3

    None.

Critical Paths under _main in BANK2

    None.

Critical Paths under _ISR in BANK2

    None.

Call Graph Tables:

 ---------------------------------------------------------------------------------
 (Depth) Function   	        Calls       Base Space   Used Autos Params    Refs
 ---------------------------------------------------------------------------------
 (0) _main                                                 0     0      0      15
                     _init_I2C_Slave
 ---------------------------------------------------------------------------------
 (1) _init_I2C_Slave                                       1     1      0      15
                                              6 COMMON     1     1      0
 ---------------------------------------------------------------------------------
 Estimated maximum stack depth 1
 ---------------------------------------------------------------------------------
 (Depth) Function   	        Calls       Base Space   Used Autos Params    Refs
 ---------------------------------------------------------------------------------
 (2) _ISR                                                  6     6      0       0
                                              0 COMMON     6     6      0
 ---------------------------------------------------------------------------------
 Estimated maximum stack depth 2
 ---------------------------------------------------------------------------------

 Call Graph Graphs:

 _main (ROOT)
   _init_I2C_Slave

 _ISR (ROOT)

 Address spaces:
Name               Size   Autos  Total    Cost      Usage
BITCOMMON            E      0       0       0        0.0%
EEDATA             100      0       0       0        0.0%
NULL                 0      0       0       0        0.0%
CODE                 0      0       0       0        0.0%
COMMON               E      7       7       1       50.0%
BITSFR0              0      0       0       1        0.0%
SFR0                 0      0       0       1        0.0%
BITSFR1              0      0       0       2        0.0%
SFR1                 0      0       0       2        0.0%
STACK                0      0       0       2        0.0%
ABS                  0      0       0       3        0.0%
BITBANK0            50      0       0       4        0.0%
BITSFR3              0      0       0       4        0.0%
SFR3                 0      0       0       4        0.0%
BANK0               50      0       0       5        0.0%
BITSFR2              0      0       0       5        0.0%
SFR2                 0      0       0       5        0.0%
BITBANK1            50      0       0       6        0.0%
BANK1               50      0       0       7        0.0%
BITBANK3            60      0       0       8        0.0%
BANK3               60      0       0       9        0.0%
BITBANK2            60      0       0      10        0.0%
BANK2               60      0       0      11        0.0%
DATA                 0      0       0      12        0.0%


Microchip Technology PIC Macro Assembler V1.33 build 59893 
Symbol Table                                                                                   Tue May 05 15:41:47 2026

            __CFG_CP$OFF 0000              _SSPSTATbits 0094                       _BF 04A0  
                     l61 0084                      _CKP 00A4                      _GIE 005F  
           __CFG_CPD$OFF 0000                      _ISR 0019                      fsr0 0004  
           __CFG_FOSC$XT 0000             __CFG_LVP$OFF 0000                     ?_ISR 0070  
                   _PEIE 005E                     i1l50 0030                     i1l53 004F  
                   i1l55 004B                     i1l49 003A                     _WCOL 00A7  
           __CFG_WRT$OFF 0000                     _main 0074                     btemp 007E  
          __CFG_BOREN$ON 0000                     ltemp 007E                     start 0012  
                   ttemp 007E                     wtemp 007E                    ??_ISR 0070  
init_I2C_Slave@slave_add 0076                    ?_main 0070            __CFG_WDTE$OFF 0000  
                  i1l544 0025                    i1l536 001E                    _PORTB 0006  
                  _PORTD 0008                    _TRISB 0086                    _TRISD 0088  
                  _SSPIE 0463                    _SSPIF 0063                    _SSPOV 00A6  
          __CFG_PWRTE$ON 0000  __size_of_init_I2C_Slave 0018                    pclath 000A  
                  ltemp0 007E                    ltemp1 0082                    ltemp2 0086  
                  ltemp3 0080                    ttemp0 007E                    ttemp1 0081  
                  ttemp2 0084                    ttemp3 0087                    ttemp4 007F  
                  status 0003                    wtemp0 007E                    wtemp1 0080  
                  wtemp2 0082                    wtemp3 0084                    wtemp4 0086  
                  wtemp5 0088                    wtemp6 007F          __initialization 0015  
           __end_of_main 0085                   ??_main 0077                   _SSPADD 0093  
                 _TRISC3 043B                   _TRISC4 043C                   _SSPCON 0014  
                 _SSPBUF 0013                   saved_w 007E  __end_of__initialization 0015  
         __pcstackCOMMON 0070           _init_I2C_Slave 005C                  ISR@temp 0075  
             __pmaintext 0074               __pintentry 0004   __end_of_init_I2C_Slave 0074  
                _SSPCON2 0091                  _SSPSTAT 0094                  __ptext0 0000  
                __ptext1 005C                  __ptext2 0019             __size_of_ISR 0043  
        ?_init_I2C_Slave 0070     end_of_initialization 0015      start_initialization 0015  
            __end_of_ISR 005C                ___latbits 0002         ??_init_I2C_Slave 0076  
      interrupt_function 0004            __size_of_main 0011                 intlevel1 0000  
