

Microchip Technology PIC LITE Macro Assembler V1.33 build 59893 
                                                                                               Thu Mar 26 08:51:01 2026

Microchip Technology Omniscient Code Generator (Lite mode) build 59893
     1                           	processor	16F877A
     2                           	opt	pw 120
     3                           	opt	lm
     4                           	psect	text0,local,class=CODE,merge=1,delta=2
     5                           	psect	cinit,global,class=CODE,merge=1,delta=2
     6                           	psect	cstackCOMMON,global,class=COMMON,space=1,delta=1
     7                           	psect	cstackBANK0,global,class=BANK0,space=1,delta=1
     8                           	psect	maintext,global,class=CODE,split=1,delta=2
     9                           	psect	text1,local,class=CODE,merge=1,delta=2
    10                           	psect	intentry,global,class=CODE,delta=2
    11                           	psect	text2,local,class=CODE,merge=1,delta=2
    12                           	dabs	1,0x7E,2
    13  0000                     	;# 
    14  0001                     	;# 
    15  0002                     	;# 
    16  0003                     	;# 
    17  0004                     	;# 
    18  0005                     	;# 
    19  0006                     	;# 
    20  0007                     	;# 
    21  0008                     	;# 
    22  0009                     	;# 
    23  000A                     	;# 
    24  000B                     	;# 
    25  000C                     	;# 
    26  000D                     	;# 
    27  000E                     	;# 
    28  000E                     	;# 
    29  000F                     	;# 
    30  0010                     	;# 
    31  0011                     	;# 
    32  0012                     	;# 
    33  0013                     	;# 
    34  0014                     	;# 
    35  0015                     	;# 
    36  0015                     	;# 
    37  0016                     	;# 
    38  0017                     	;# 
    39  0018                     	;# 
    40  0019                     	;# 
    41  001A                     	;# 
    42  001B                     	;# 
    43  001B                     	;# 
    44  001C                     	;# 
    45  001D                     	;# 
    46  001E                     	;# 
    47  001F                     	;# 
    48  0081                     	;# 
    49  0085                     	;# 
    50  0086                     	;# 
    51  0087                     	;# 
    52  0088                     	;# 
    53  0089                     	;# 
    54  008C                     	;# 
    55  008D                     	;# 
    56  008E                     	;# 
    57  0091                     	;# 
    58  0092                     	;# 
    59  0093                     	;# 
    60  0094                     	;# 
    61  0098                     	;# 
    62  0099                     	;# 
    63  009C                     	;# 
    64  009D                     	;# 
    65  009E                     	;# 
    66  009F                     	;# 
    67  010C                     	;# 
    68  010D                     	;# 
    69  010E                     	;# 
    70  010F                     	;# 
    71  018C                     	;# 
    72  018D                     	;# 
    73  0015                     _CCPR1	set	21
    74  000E                     _TMR1	set	14
    75  0017                     _CCP1CON	set	23
    76  0010                     _T1CON	set	16
    77  0062                     _CCP1IF	set	98
    78  005F                     _GIE	set	95
    79  005E                     _PEIE	set	94
    80  0028                     _RA0	set	40
    81  0080                     _TMR1ON	set	128
    82  009F                     _ADCON1	set	159
    83  0085                     _TRISA	set	133
    84  0087                     _TRISC	set	135
    85  0462                     _CCP1IE	set	1122
    86                           
    87                           	psect	text0
    88  0000                     __ptext0:	
    89                           ; #config settings
    90                           
    91                           
    92                           ;psect for function ___lwdiv
    93  0000                     
    94                           	psect	cinit
    95  0015                     start_initialization:	
    96  0015                     __initialization:	
    97  0015                     end_of_initialization:	
    98                           ;End of C runtime variable initialization code
    99                           
   100  0015                     __end_of__initialization:	
   101  0015  0183               	clrf	3
   102  0016  120A  118A  2895   	ljmp	_main	;jump to C main() function
   103                           
   104                           	psect	cstackCOMMON
   105  0070                     __pcstackCOMMON:	
   106  0070                     ?_ISR:	
   107  0070                     ?_main:	
   108                           ; 0 bytes @ 0x0
   109                           
   110  0070                     ?___lwdiv:	
   111                           ; 0 bytes @ 0x0
   112                           
   113  0070                     ___lwdiv@divisor:	
   114                           ; 2 bytes @ 0x0
   115                           
   116                           
   117                           ; 2 bytes @ 0x0
   118  0070                     	ds	2
   119  0072                     ___lwdiv@dividend:	
   120                           
   121                           ; 2 bytes @ 0x2
   122  0072                     	ds	2
   123  0074                     ??___lwdiv:	
   124                           
   125                           ; 0 bytes @ 0x4
   126  0074                     	ds	1
   127  0075                     ___lwdiv@quotient:	
   128                           
   129                           ; 2 bytes @ 0x5
   130  0075                     	ds	2
   131  0077                     ___lwdiv@counter:	
   132                           
   133                           ; 1 bytes @ 0x7
   134  0077                     	ds	1
   135  0078                     ??_ISR:	
   136                           
   137                           ; 0 bytes @ 0x8
   138  0078                     	ds	6
   139                           
   140                           	psect	cstackBANK0
   141  0020                     __pcstackBANK0:	
   142  0020                     ISR@period:	
   143                           
   144                           ; 2 bytes @ 0x0
   145  0020                     	ds	2
   146  0022                     ??_main:	
   147                           
   148                           	psect	maintext
   149  0095                     __pmaintext:	
   150                           ; 0 bytes @ 0x2
   151 ;;
   152 ;;Main: autosize = 0, tempsize = 0, incstack = 0, save=0
   153 ;;
   154 ;; *************** function _main *****************
   155 ;; Defined at:
   156 ;;		line 27 in file "C:\Users\enzoa\OneDrive\Documents\GitHub\3rd_Year_Archives\CpE3201_Embedded_Systems\Practical_Activ
      +ities\PA4\LE4-3\LE4-3.c"
   157 ;; Parameters:    Size  Location     Type
   158 ;;		None
   159 ;; Auto vars:     Size  Location     Type
   160 ;;		None
   161 ;; Return value:  Size  Location     Type
   162 ;;		None               void
   163 ;; Registers used:
   164 ;;		wreg, status,2
   165 ;; Tracked objects:
   166 ;;		On entry : 17F/0
   167 ;;		On exit  : 0/0
   168 ;;		Unchanged: 0/0
   169 ;; Data sizes:     COMMON   BANK0   BANK1   BANK3   BANK2
   170 ;;      Params:         0       0       0       0       0
   171 ;;      Locals:         0       0       0       0       0
   172 ;;      Temps:          0       0       0       0       0
   173 ;;      Totals:         0       0       0       0       0
   174 ;;Total ram usage:        0 bytes
   175 ;; Hardware stack levels required when called:    2
   176 ;; This function calls:
   177 ;;		Nothing
   178 ;; This function is called by:
   179 ;;		Startup code after reset
   180 ;; This function uses a non-reentrant model
   181 ;;
   182                           
   183                           
   184                           ;psect for function _main
   185  0095                     _main:	
   186                           
   187                           ;LE4-3.c: 29: ADCON1 = 0x06;
   188                           
   189                           ;incstack = 0
   190                           ; Regs used in _main: [wreg+status,2]
   191  0095  3006               	movlw	6
   192  0096  1683               	bsf	3,5	;RP0=1, select bank1
   193  0097  1303               	bcf	3,6	;RP1=0, select bank1
   194  0098  009F               	movwf	31	;volatile
   195                           
   196                           ;LE4-3.c: 30: TRISA = 0x00;
   197  0099  0185               	clrf	5	;volatile
   198                           
   199                           ;LE4-3.c: 31: TRISC = 0x04;
   200  009A  3004               	movlw	4
   201  009B  0087               	movwf	7	;volatile
   202                           
   203                           ;LE4-3.c: 32: RA0 = 0;
   204  009C  1283               	bcf	3,5	;RP0=0, select bank0
   205  009D  1303               	bcf	3,6	;RP1=0, select bank0
   206  009E  1005               	bcf	5,0	;volatile
   207                           
   208                           ;LE4-3.c: 33: T1CON = 0x30;
   209  009F  3030               	movlw	48
   210  00A0  0090               	movwf	16	;volatile
   211                           
   212                           ;LE4-3.c: 34: CCP1CON = 0x05;
   213  00A1  3005               	movlw	5
   214  00A2  0097               	movwf	23	;volatile
   215                           
   216                           ;LE4-3.c: 35: CCP1IE = 1;
   217  00A3  1683               	bsf	3,5	;RP0=1, select bank1
   218  00A4  1303               	bcf	3,6	;RP1=0, select bank1
   219  00A5  150C               	bsf	12,2	;volatile
   220                           
   221                           ;LE4-3.c: 36: CCP1IF = 0;
   222  00A6  1283               	bcf	3,5	;RP0=0, select bank0
   223  00A7  1303               	bcf	3,6	;RP1=0, select bank0
   224  00A8  110C               	bcf	12,2	;volatile
   225                           
   226                           ;LE4-3.c: 37: PEIE = 1;
   227  00A9  170B               	bsf	11,6	;volatile
   228                           
   229                           ;LE4-3.c: 38: GIE = 1;
   230  00AA  178B               	bsf	11,7	;volatile
   231                           
   232                           ;LE4-3.c: 39: TMR1ON = 1;
   233  00AB  1410               	bsf	16,0	;volatile
   234  00AC                     l33:	
   235                           ;LE4-3.c: 40: for(;;)
   236                           
   237                           
   238                           ;LE4-3.c: 41: {
   239                           ;LE4-3.c: 42: }
   240  00AC  28AC               	goto	l33
   241  00AD                     __end_of_main:	
   242                           
   243                           	psect	text1
   244  0019                     __ptext1:	
   245 ;; *************** function _ISR *****************
   246 ;; Defined at:
   247 ;;		line 12 in file "C:\Users\enzoa\OneDrive\Documents\GitHub\3rd_Year_Archives\CpE3201_Embedded_Systems\Practical_Activ
      +ities\PA4\LE4-3\LE4-3.c"
   248 ;; Parameters:    Size  Location     Type
   249 ;;		None
   250 ;; Auto vars:     Size  Location     Type
   251 ;;  period          2    0[BANK0 ] int 
   252 ;; Return value:  Size  Location     Type
   253 ;;		None               void
   254 ;; Registers used:
   255 ;;		wreg, status,2, status,0, pclath, cstack
   256 ;; Tracked objects:
   257 ;;		On entry : 0/0
   258 ;;		On exit  : 0/0
   259 ;;		Unchanged: 0/0
   260 ;; Data sizes:     COMMON   BANK0   BANK1   BANK3   BANK2
   261 ;;      Params:         0       0       0       0       0
   262 ;;      Locals:         0       2       0       0       0
   263 ;;      Temps:          6       0       0       0       0
   264 ;;      Totals:         6       2       0       0       0
   265 ;;Total ram usage:        8 bytes
   266 ;; Hardware stack levels used:    1
   267 ;; Hardware stack levels required when called:    1
   268 ;; This function calls:
   269 ;;		___lwdiv
   270 ;; This function is called by:
   271 ;;		Interrupt level 1
   272 ;; This function uses a non-reentrant model
   273 ;;
   274                           
   275                           
   276                           ;psect for function _ISR
   277  0019                     _ISR:	
   278                           
   279                           ;LE4-3.c: 13: int period = 0;
   280  0019  01A0               	clrf	ISR@period
   281  001A  01A1               	clrf	ISR@period+1
   282                           
   283                           ;LE4-3.c: 14: GIE = 0;
   284  001B  138B               	bcf	11,7	;volatile
   285                           
   286                           ;LE4-3.c: 15: if(CCP1IF==1)
   287  001C  1D0C               	btfss	12,2	;volatile
   288  001D  284B               	goto	i1l600
   289                           
   290                           ;LE4-3.c: 16: {
   291                           ;LE4-3.c: 17: CCP1IF = 0;
   292  001E  110C               	bcf	12,2	;volatile
   293                           
   294                           ;LE4-3.c: 18: TMR1 = 0;
   295  001F  018E               	clrf	14	;volatile
   296  0020  018F               	clrf	15	;volatile
   297                           
   298                           ;LE4-3.c: 19: period = CCPR1/1000;
   299  0021  30E8               	movlw	232
   300  0022  00F0               	movwf	___lwdiv@divisor
   301  0023  3003               	movlw	3
   302  0024  00F1               	movwf	___lwdiv@divisor+1
   303  0025  0816               	movf	22,w	;volatile
   304  0026  01F3               	clrf	___lwdiv@dividend+1
   305  0027  07F3               	addwf	___lwdiv@dividend+1,f
   306  0028  0815               	movf	21,w	;volatile
   307  0029  01F2               	clrf	___lwdiv@dividend
   308  002A  07F2               	addwf	___lwdiv@dividend,f
   309  002B  120A  118A  2057  120A  118A  	fcall	___lwdiv
   310  0030  0871               	movf	?___lwdiv+1,w
   311  0031  1283               	bcf	3,5	;RP0=0, select bank0
   312  0032  1303               	bcf	3,6	;RP1=0, select bank0
   313  0033  01A1               	clrf	ISR@period+1
   314  0034  07A1               	addwf	ISR@period+1,f
   315  0035  0870               	movf	?___lwdiv,w
   316  0036  01A0               	clrf	ISR@period
   317  0037  07A0               	addwf	ISR@period,f
   318                           
   319                           ;LE4-3.c: 21: period = period*8;
   320  0038  0821               	movf	ISR@period+1,w
   321  0039  00F9               	movwf	??_ISR+1
   322  003A  0820               	movf	ISR@period,w
   323  003B  00F8               	movwf	??_ISR
   324  003C  1003               	clrc
   325  003D  0DF8               	rlf	??_ISR,f
   326  003E  0DF9               	rlf	??_ISR+1,f
   327  003F  1003               	clrc
   328  0040  0DF8               	rlf	??_ISR,f
   329  0041  0DF9               	rlf	??_ISR+1,f
   330  0042  1003               	clrc
   331  0043  0DF8               	rlf	??_ISR,f
   332  0044  0DF9               	rlf	??_ISR+1,f
   333  0045  0878               	movf	??_ISR,w
   334  0046  00A0               	movwf	ISR@period
   335  0047  0879               	movf	??_ISR+1,w
   336  0048  00A1               	movwf	ISR@period+1
   337                           
   338                           ;LE4-3.c: 22: RA0 = RA0^1;
   339  0049  3001               	movlw	1
   340  004A  0685               	xorwf	5,f
   341  004B                     i1l600:	
   342                           
   343                           ;LE4-3.c: 23: }
   344                           ;LE4-3.c: 24: GIE = 1;
   345  004B  178B               	bsf	11,7	;volatile
   346  004C  087D               	movf	??_ISR+5,w
   347  004D  00FF               	movwf	127
   348  004E  087C               	movf	??_ISR+4,w
   349  004F  008A               	movwf	10
   350  0050  087B               	movf	??_ISR+3,w
   351  0051  0084               	movwf	4
   352  0052  0E7A               	swapf	(??_ISR+2)^(0+-128),w
   353  0053  0083               	movwf	3
   354  0054  0EFE               	swapf	126,f
   355  0055  0E7E               	swapf	126,w
   356  0056  0009               	retfie
   357  0057                     __end_of_ISR:	
   358                           
   359                           	psect	intentry
   360  0004                     __pintentry:	
   361                           ;incstack = 0
   362                           ; Regs used in _ISR: [wreg+status,2+status,0+pclath+cstack]
   363                           
   364  0004                     interrupt_function:	
   365  007E                     saved_w	set	btemp
   366  0004  00FE               	movwf	btemp
   367  0005  0E03               	swapf	3,w
   368  0006  00FA               	movwf	??_ISR+2
   369  0007  0804               	movf	4,w
   370  0008  00FB               	movwf	??_ISR+3
   371  0009  080A               	movf	10,w
   372  000A  00FC               	movwf	??_ISR+4
   373  000B  1283               	bcf	3,5	;RP0=0, select bank0
   374  000C  1303               	bcf	3,6	;RP1=0, select bank0
   375  000D  087F               	movf	btemp+1,w
   376  000E  00FD               	movwf	??_ISR+5
   377  000F  120A  118A  2819   	ljmp	_ISR
   378                           
   379                           	psect	text2
   380  0057                     __ptext2:	
   381 ;; *************** function ___lwdiv *****************
   382 ;; Defined at:
   383 ;;		line 6 in file "C:\Program Files (x86)\Microchip\xc8\v1.33\sources\common\lwdiv.c"
   384 ;; Parameters:    Size  Location     Type
   385 ;;  divisor         2    0[COMMON] unsigned int 
   386 ;;  dividend        2    2[COMMON] unsigned int 
   387 ;; Auto vars:     Size  Location     Type
   388 ;;  quotient        2    5[COMMON] unsigned int 
   389 ;;  counter         1    7[COMMON] unsigned char 
   390 ;; Return value:  Size  Location     Type
   391 ;;                  2    0[COMMON] unsigned int 
   392 ;; Registers used:
   393 ;;		wreg, status,2, status,0
   394 ;; Tracked objects:
   395 ;;		On entry : 0/0
   396 ;;		On exit  : 0/0
   397 ;;		Unchanged: 0/0
   398 ;; Data sizes:     COMMON   BANK0   BANK1   BANK3   BANK2
   399 ;;      Params:         4       0       0       0       0
   400 ;;      Locals:         3       0       0       0       0
   401 ;;      Temps:          1       0       0       0       0
   402 ;;      Totals:         8       0       0       0       0
   403 ;;Total ram usage:        8 bytes
   404 ;; Hardware stack levels used:    1
   405 ;; This function calls:
   406 ;;		Nothing
   407 ;; This function is called by:
   408 ;;		_ISR
   409 ;; This function uses a non-reentrant model
   410 ;;
   411                           
   412                           
   413                           ;psect for function ___lwdiv
   414  0057                     ___lwdiv:	
   415                           
   416                           ;incstack = 0
   417                           ; Regs used in ___lwdiv: [wreg+status,2+status,0]
   418  0057  01F5               	clrf	___lwdiv@quotient
   419  0058  01F6               	clrf	___lwdiv@quotient+1
   420  0059  0871               	movf	___lwdiv@divisor+1,w
   421  005A  0470               	iorwf	___lwdiv@divisor,w
   422  005B  1903               	skipnz
   423  005C  288E               	goto	i1l580
   424  005D  01F7               	clrf	___lwdiv@counter
   425  005E  0AF7               	incf	___lwdiv@counter,f
   426  005F                     i1l568:	
   427  005F  1BF1               	btfsc	___lwdiv@divisor+1,7
   428  0060  286D               	goto	i1l570
   429  0061  3001               	movlw	1
   430  0062                     u10_25:	
   431  0062  1003               	clrc
   432  0063  0DF0               	rlf	___lwdiv@divisor,f
   433  0064  0DF1               	rlf	___lwdiv@divisor+1,f
   434  0065  3EFF               	addlw	-1
   435  0066  1D03               	skipz
   436  0067  2862               	goto	u10_25
   437  0068  3001               	movlw	1
   438  0069  00F4               	movwf	??___lwdiv
   439  006A  0874               	movf	??___lwdiv,w
   440  006B  07F7               	addwf	___lwdiv@counter,f
   441  006C  285F               	goto	i1l568
   442  006D                     i1l570:	
   443  006D  3001               	movlw	1
   444  006E                     u12_25:	
   445  006E  1003               	clrc
   446  006F  0DF5               	rlf	___lwdiv@quotient,f
   447  0070  0DF6               	rlf	___lwdiv@quotient+1,f
   448  0071  3EFF               	addlw	-1
   449  0072  1D03               	skipz
   450  0073  286E               	goto	u12_25
   451  0074  0871               	movf	___lwdiv@divisor+1,w
   452  0075  0273               	subwf	___lwdiv@dividend+1,w
   453  0076  1D03               	skipz
   454  0077  287A               	goto	u13_25
   455  0078  0870               	movf	___lwdiv@divisor,w
   456  0079  0272               	subwf	___lwdiv@dividend,w
   457  007A                     u13_25:	
   458  007A  1C03               	skipc
   459  007B  2883               	goto	i1l576
   460  007C  0870               	movf	___lwdiv@divisor,w
   461  007D  02F2               	subwf	___lwdiv@dividend,f
   462  007E  0871               	movf	___lwdiv@divisor+1,w
   463  007F  1C03               	skipc
   464  0080  03F3               	decf	___lwdiv@dividend+1,f
   465  0081  02F3               	subwf	___lwdiv@dividend+1,f
   466  0082  1475               	bsf	___lwdiv@quotient,0
   467  0083                     i1l576:	
   468  0083  3001               	movlw	1
   469  0084                     u14_25:	
   470  0084  1003               	clrc
   471  0085  0CF1               	rrf	___lwdiv@divisor+1,f
   472  0086  0CF0               	rrf	___lwdiv@divisor,f
   473  0087  3EFF               	addlw	-1
   474  0088  1D03               	skipz
   475  0089  2884               	goto	u14_25
   476  008A  3001               	movlw	1
   477  008B  02F7               	subwf	___lwdiv@counter,f
   478  008C  1D03               	btfss	3,2
   479  008D  286D               	goto	i1l570
   480  008E                     i1l580:	
   481  008E  0876               	movf	___lwdiv@quotient+1,w
   482  008F  01F1               	clrf	?___lwdiv+1
   483  0090  07F1               	addwf	?___lwdiv+1,f
   484  0091  0875               	movf	___lwdiv@quotient,w
   485  0092  01F0               	clrf	?___lwdiv
   486  0093  07F0               	addwf	?___lwdiv,f
   487  0094  0008               	return
   488  0095                     __end_of___lwdiv:	
   489  007E                     btemp	set	126	;btemp
   490  007E                     wtemp	set	126
   491  007E                     wtemp0	set	126
   492  0080                     wtemp1	set	128
   493  0082                     wtemp2	set	130
   494  0084                     wtemp3	set	132
   495  0086                     wtemp4	set	134
   496  0088                     wtemp5	set	136
   497  007F                     wtemp6	set	127
   498  007E                     ttemp	set	126
   499  007E                     ttemp0	set	126
   500  0081                     ttemp1	set	129
   501  0084                     ttemp2	set	132
   502  0087                     ttemp3	set	135
   503  007F                     ttemp4	set	127
   504  007E                     ltemp	set	126
   505  007E                     ltemp0	set	126
   506  0082                     ltemp1	set	130
   507  0086                     ltemp2	set	134
   508  0080                     ltemp3	set	128


Data Sizes:
    Strings     0
    Constant    0
    Data        0
    BSS         0
    Persistent  0
    Stack       0

Auto Spaces:
    Space          Size  Autos    Used
    COMMON           14     14      14
    BANK0            80      2       2
    BANK1            80      0       0
    BANK3            96      0       0
    BANK2            96      0       0

Pointer List with Targets:

    None.

Critical Paths under _main in COMMON

    None.

Critical Paths under _ISR in COMMON

    _ISR->___lwdiv

Critical Paths under _main in BANK0

    None.

Critical Paths under _ISR in BANK0

    None.

Critical Paths under _main in BANK1

    None.

Critical Paths under _ISR in BANK1

    None.

Critical Paths under _main in BANK3

    None.

Critical Paths under _ISR in BANK3

    None.

Critical Paths under _main in BANK2

    None.

Critical Paths under _ISR in BANK2

    None.

Call Graph Tables:

 ---------------------------------------------------------------------------------
 (Depth) Function   	        Calls       Base Space   Used Autos Params    Refs
 ---------------------------------------------------------------------------------
 (0) _main                                                 0     0      0       0
 ---------------------------------------------------------------------------------
 Estimated maximum stack depth 0
 ---------------------------------------------------------------------------------
 (Depth) Function   	        Calls       Base Space   Used Autos Params    Refs
 ---------------------------------------------------------------------------------
 (1) _ISR                                                  8     8      0     293
                                              8 COMMON     6     6      0
                                              0 BANK0      2     2      0
                            ___lwdiv
 ---------------------------------------------------------------------------------
 (2) ___lwdiv                                              8     4      4     268
                                              0 COMMON     8     4      4
 ---------------------------------------------------------------------------------
 Estimated maximum stack depth 2
 ---------------------------------------------------------------------------------

 Call Graph Graphs:

 _main (ROOT)

 _ISR (ROOT)
   ___lwdiv

 Address spaces:
Name               Size   Autos  Total    Cost      Usage
BITCOMMON            E      0       0       0        0.0%
EEDATA             100      0       0       0        0.0%
NULL                 0      0       0       0        0.0%
CODE                 0      0       0       0        0.0%
COMMON               E      E       E       1      100.0%
BITSFR0              0      0       0       1        0.0%
SFR0                 0      0       0       1        0.0%
BITSFR1              0      0       0       2        0.0%
SFR1                 0      0       0       2        0.0%
STACK                0      0       0       2        0.0%
ABS                  0      0       0       3        0.0%
BITBANK0            50      0       0       4        0.0%
BITSFR3              0      0       0       4        0.0%
SFR3                 0      0       0       4        0.0%
BANK0               50      2       2       5        2.5%
BITSFR2              0      0       0       5        0.0%
SFR2                 0      0       0       5        0.0%
BITBANK1            50      0       0       6        0.0%
BANK1               50      0       0       7        0.0%
BITBANK3            60      0       0       8        0.0%
BANK3               60      0       0       9        0.0%
BITBANK2            60      0       0      10        0.0%
BANK2               60      0       0      11        0.0%
DATA                 0      0       0      12        0.0%


Microchip Technology PIC Macro Assembler V1.33 build 59893 
Symbol Table                                                                                   Thu Mar 26 08:51:01 2026

            __CFG_CP$OFF 0000                       l33 00AC                      _GIE 005F  
                    _RA0 0028             __CFG_CPD$OFF 0000                      _ISR 0019  
                    fsr0 0004             __CFG_FOSC$XT 0000             __CFG_LVP$OFF 0000  
                   ?_ISR 0070                     _PEIE 005E                     _TMR1 000E  
           __CFG_WRT$OFF 0000                     _main 0095                     btemp 007E  
          __CFG_BOREN$ON 0000                     ltemp 007E                     start 0012  
                   ttemp 007E                     wtemp 007E                    ??_ISR 0078  
                  ?_main 0070                    _CCPR1 0015            __CFG_WDTE$OFF 0000  
                  _T1CON 0010          __end_of___lwdiv 0095                    i1l600 004B  
                  i1l570 006D                    i1l580 008E                    i1l576 0083  
                  i1l568 005F                    u10_25 0062                    u12_25 006E  
                  u13_25 007A                    u14_25 0084                    _TRISA 0085  
                  _TRISC 0087            __CFG_PWRTE$ON 0000                    pclath 000A  
                  ltemp0 007E                    ltemp1 0082                    ltemp2 0086  
                  ltemp3 0080                    ttemp0 007E                    ttemp1 0081  
                  ttemp2 0084                    ttemp3 0087                    ttemp4 007F  
                  status 0003                    wtemp0 007E                    wtemp1 0080  
                  wtemp2 0082                    wtemp3 0084                    wtemp4 0086  
                  wtemp5 0088                    wtemp6 007F          __initialization 0015  
           __end_of_main 00AD                   ??_main 0022                   _ADCON1 009F  
                 _CCP1IE 0462                   _CCP1IF 0062                   _TMR1ON 0080  
              ??___lwdiv 0074                   saved_w 007E  __end_of__initialization 0015  
         __pcstackCOMMON 0070                ISR@period 0020               __pmaintext 0095  
             __pintentry 0004                  _CCP1CON 0017                  ___lwdiv 0057  
                __ptext0 0000                  __ptext1 0019                  __ptext2 0057  
           __size_of_ISR 003E     end_of_initialization 0015      start_initialization 0015  
            __end_of_ISR 0057                ___latbits 0002            __pcstackBANK0 0020  
       ___lwdiv@dividend 0072                 ?___lwdiv 0070         ___lwdiv@quotient 0075  
      interrupt_function 0004         __size_of___lwdiv 003E          ___lwdiv@divisor 0070  
        ___lwdiv@counter 0077            __size_of_main 0018                 intlevel1 0000  
