

Microchip Technology PIC LITE Macro Assembler V1.33 build 59893 
                                                                                               Thu Apr 16 18:29:00 2026

Microchip Technology Omniscient Code Generator (Lite mode) build 59893
     1                           	processor	16F877A
     2                           	opt	pw 120
     3                           	opt	lm
     4                           	psect	maintext,global,class=CODE,split=1,delta=2
     5                           	psect	cinit,global,class=CODE,merge=1,delta=2
     6                           	psect	cstackCOMMON,global,class=COMMON,space=1,delta=1
     7                           	dabs	1,0x7E,2
     8  0000                     	;# 
     9  0001                     	;# 
    10  0002                     	;# 
    11  0003                     	;# 
    12  0004                     	;# 
    13  0005                     	;# 
    14  0006                     	;# 
    15  0007                     	;# 
    16  0008                     	;# 
    17  0009                     	;# 
    18  000A                     	;# 
    19  000B                     	;# 
    20  000C                     	;# 
    21  000D                     	;# 
    22  000E                     	;# 
    23  000E                     	;# 
    24  000F                     	;# 
    25  0010                     	;# 
    26  0011                     	;# 
    27  0012                     	;# 
    28  0013                     	;# 
    29  0014                     	;# 
    30  0015                     	;# 
    31  0015                     	;# 
    32  0016                     	;# 
    33  0017                     	;# 
    34  0018                     	;# 
    35  0019                     	;# 
    36  001A                     	;# 
    37  001B                     	;# 
    38  001B                     	;# 
    39  001C                     	;# 
    40  001D                     	;# 
    41  001E                     	;# 
    42  001F                     	;# 
    43  0081                     	;# 
    44  0085                     	;# 
    45  0086                     	;# 
    46  0087                     	;# 
    47  0088                     	;# 
    48  0089                     	;# 
    49  008C                     	;# 
    50  008D                     	;# 
    51  008E                     	;# 
    52  0091                     	;# 
    53  0092                     	;# 
    54  0093                     	;# 
    55  0094                     	;# 
    56  0098                     	;# 
    57  0099                     	;# 
    58  009C                     	;# 
    59  009D                     	;# 
    60  009E                     	;# 
    61  009F                     	;# 
    62  010C                     	;# 
    63  010D                     	;# 
    64  010E                     	;# 
    65  010F                     	;# 
    66  018C                     	;# 
    67  018D                     	;# 
    68  0006                     _PORTB	set	6
    69  001A                     _RCREG	set	26
    70  00C4                     _CREN	set	196
    71  0065                     _RCIF	set	101
    72  00C6                     _RX9	set	198
    73  00C7                     _SPEN	set	199
    74  0099                     _SPBRG	set	153
    75  0086                     _TRISB	set	134
    76  04C2                     _BRGH	set	1218
    77  04C4                     _SYNC	set	1220
    78                           
    79                           	psect	maintext
    80  07A4                     __pmaintext:	
    81                           ; #config settings
    82                           
    83                           
    84                           ;psect for function _main
    85  0000                     
    86 ;;
    87 ;;Main: autosize = 0, tempsize = 1, incstack = 0, save=0
    88 ;;
    89 ;; *************** function _main *****************
    90 ;; Defined at:
    91 ;;		line 12 in file "C:\Users\enzoa\OneDrive\Documents\GitHub\3rd_Year_Archives\CpE3201_Embedded_Systems\Practical_Activ
      +ities\PA6\LE6-4\LE6-4_RX.c"
    92 ;; Parameters:    Size  Location     Type
    93 ;;		None
    94 ;; Auto vars:     Size  Location     Type
    95 ;;  DATA            1    1[COMMON] unsigned char 
    96 ;; Return value:  Size  Location     Type
    97 ;;		None               void
    98 ;; Registers used:
    99 ;;		wreg, fsr0l, fsr0h, status,2, status,0
   100 ;; Tracked objects:
   101 ;;		On entry : 17F/0
   102 ;;		On exit  : 0/0
   103 ;;		Unchanged: 0/0
   104 ;; Data sizes:     COMMON   BANK0   BANK1   BANK3   BANK2
   105 ;;      Params:         0       0       0       0       0
   106 ;;      Locals:         1       0       0       0       0
   107 ;;      Temps:          1       0       0       0       0
   108 ;;      Totals:         2       0       0       0       0
   109 ;;Total ram usage:        2 bytes
   110 ;; This function calls:
   111 ;;		Nothing
   112 ;; This function is called by:
   113 ;;		Startup code after reset
   114 ;; This function uses a non-reentrant model
   115 ;;
   116  07A4                     _main:	
   117                           
   118                           ;LE6-4_RX.c: 14: unsigned char DATA;
   119                           ;LE6-4_RX.c: 16: SPBRG = 0x19;
   120                           
   121                           ;incstack = 0
   122                           ; Regs used in _main: [wreg-fsr0h+status,2+status,0]
   123  07A4  3019               	movlw	25
   124  07A5  1683               	bsf	3,5	;RP0=1, select bank1
   125  07A6  1303               	bcf	3,6	;RP1=0, select bank1
   126  07A7  0099               	movwf	25	;volatile
   127                           
   128                           ;LE6-4_RX.c: 18: SYNC = 0;
   129  07A8  1218               	bcf	24,4	;volatile
   130                           
   131                           ;LE6-4_RX.c: 19: SPEN = 1;
   132  07A9  1283               	bcf	3,5	;RP0=0, select bank0
   133  07AA  1303               	bcf	3,6	;RP1=0, select bank0
   134  07AB  1798               	bsf	24,7	;volatile
   135                           
   136                           ;LE6-4_RX.c: 20: RX9 = 0;
   137  07AC  1318               	bcf	24,6	;volatile
   138                           
   139                           ;LE6-4_RX.c: 21: BRGH = 1;
   140  07AD  1683               	bsf	3,5	;RP0=1, select bank1
   141  07AE  1303               	bcf	3,6	;RP1=0, select bank1
   142  07AF  1518               	bsf	24,2	;volatile
   143                           
   144                           ;LE6-4_RX.c: 22: CREN = 1;
   145  07B0  1283               	bcf	3,5	;RP0=0, select bank0
   146  07B1  1303               	bcf	3,6	;RP1=0, select bank0
   147  07B2  1618               	bsf	24,4	;volatile
   148                           
   149                           ;LE6-4_RX.c: 24: TRISB = 0x00;
   150  07B3  1683               	bsf	3,5	;RP0=1, select bank1
   151  07B4  1303               	bcf	3,6	;RP1=0, select bank1
   152  07B5  0186               	clrf	6	;volatile
   153                           
   154                           ;LE6-4_RX.c: 25: PORTB = 0x00;
   155  07B6  1283               	bcf	3,5	;RP0=0, select bank0
   156  07B7  1303               	bcf	3,6	;RP1=0, select bank0
   157  07B8                     L10:	
   158  07B8  0186               	clrf	6	;volatile
   159                           
   160                           ;LE6-4_RX.c: 30: switch(DATA){
   161  07B9  2FCF               	goto	l24
   162  07BA                     l518:	
   163                           ;LE6-4_RX.c: 31: case 0x00: PORTB = 0x01; break;
   164                           
   165  07BA  3001               	movlw	1
   166  07BB  2FCE               	goto	L11
   167  07BC                     l520:	
   168                           ;LE6-4_RX.c: 32: case 0x01: PORTB = 0x02; break;
   169                           
   170  07BC  3002               	movlw	2
   171  07BD  2FCE               	goto	L11
   172  07BE                     l522:	
   173                           ;LE6-4_RX.c: 33: case 0x02: PORTB = 0x03; break;
   174                           
   175  07BE  3003               	movlw	3
   176  07BF  2FCE               	goto	L11
   177  07C0                     l524:	
   178                           ;LE6-4_RX.c: 34: case 0x04: PORTB = 0x04; break;
   179                           
   180  07C0  3004               	movlw	4
   181  07C1  2FCE               	goto	L11
   182  07C2                     l526:	
   183                           ;LE6-4_RX.c: 35: case 0x05: PORTB = 0x05; break;
   184                           
   185  07C2  3005               	movlw	5
   186  07C3  2FCE               	goto	L11
   187  07C4                     l528:	
   188                           ;LE6-4_RX.c: 36: case 0x06: PORTB = 0x06; break;
   189                           
   190  07C4  3006               	movlw	6
   191  07C5  2FCE               	goto	L11
   192  07C6                     l530:	
   193                           ;LE6-4_RX.c: 37: case 0x08: PORTB = 0x07; break;
   194                           
   195  07C6  3007               	movlw	7
   196  07C7  2FCE               	goto	L11
   197  07C8                     l532:	
   198                           ;LE6-4_RX.c: 38: case 0x09: PORTB = 0x08; break;
   199                           
   200  07C8  3008               	movlw	8
   201  07C9  2FCE               	goto	L11
   202  07CA                     l534:	
   203                           ;LE6-4_RX.c: 39: case 0x0A: PORTB = 0x09; break;
   204                           
   205  07CA  3009               	movlw	9
   206  07CB  2FCE               	goto	L11
   207  07CC                     l536:	
   208                           ;LE6-4_RX.c: 40: case 0x0D: PORTB = 0x00; break;
   209                           
   210  07CC  2FB8               	goto	L10
   211  07CD                     l538:	
   212                           ;LE6-4_RX.c: 41: case 0x0C: PORTB = 0x0F; break;
   213                           
   214  07CD                     l540:	
   215                           ;LE6-4_RX.c: 42: case 0x0E: PORTB = 0x0F; break;
   216                           
   217  07CD  300F               	movlw	15
   218  07CE                     L11:	
   219  07CE  0086               	movwf	6	;volatile
   220  07CF                     l24:	
   221                           ;LE6-4_RX.c: 28: while(!RCIF);
   222                           
   223                           ;LE6-4_RX.c: 27: for(;;){
   224                           
   225                           ;LE6-4_RX.c: 44: }
   226                           
   227                           ;LE6-4_RX.c: 43: default: break;
   228                           
   229  07CF  1E8C               	btfss	12,5	;volatile
   230  07D0  2FCF               	goto	l24
   231                           
   232                           ;LE6-4_RX.c: 29: DATA = RCREG;
   233  07D1  081A               	movf	26,w	;volatile
   234  07D2  00F0               	movwf	??_main
   235  07D3  0870               	movf	??_main,w
   236  07D4  00F1               	movwf	main@DATA
   237  07D5  0871               	movf	main@DATA,w
   238                           
   239                           ; Switch size 1, requested type "space"
   240                           ; Number of cases is 12, Range of values is 0 to 14
   241                           ; switch strategies available:
   242                           ; Name         Instructions Cycles
   243                           ; simple_byte           37    19 (average)
   244                           ; direct_byte           53     8 (fixed)
   245                           ; jumptable            260     6 (fixed)
   246                           ;	Chosen strategy is simple_byte
   247  07D6  3A00               	xorlw	0	; case 0
   248  07D7  1903               	skipnz
   249  07D8  2FBA               	goto	l518
   250  07D9  3A01               	xorlw	1	; case 1
   251  07DA  1903               	skipnz
   252  07DB  2FBC               	goto	l520
   253  07DC  3A03               	xorlw	3	; case 2
   254  07DD  1903               	skipnz
   255  07DE  2FBE               	goto	l522
   256  07DF  3A06               	xorlw	6	; case 4
   257  07E0  1903               	skipnz
   258  07E1  2FC0               	goto	l524
   259  07E2  3A01               	xorlw	1	; case 5
   260  07E3  1903               	skipnz
   261  07E4  2FC2               	goto	l526
   262  07E5  3A03               	xorlw	3	; case 6
   263  07E6  1903               	skipnz
   264  07E7  2FC4               	goto	l528
   265  07E8  3A0E               	xorlw	14	; case 8
   266  07E9  1903               	skipnz
   267  07EA  2FC6               	goto	l530
   268  07EB  3A01               	xorlw	1	; case 9
   269  07EC  1903               	skipnz
   270  07ED  2FC8               	goto	l532
   271  07EE  3A03               	xorlw	3	; case 10
   272  07EF  1903               	skipnz
   273  07F0  2FCA               	goto	l534
   274  07F1  3A06               	xorlw	6	; case 12
   275  07F2  1903               	skipnz
   276  07F3  2FCD               	goto	l538
   277  07F4  3A01               	xorlw	1	; case 13
   278  07F5  1903               	skipnz
   279  07F6  2FCC               	goto	l536
   280  07F7  3A03               	xorlw	3	; case 14
   281  07F8  1903               	skipnz
   282  07F9  2FCD               	goto	l540
   283  07FA  2FCF               	goto	l24
   284                           
   285                           ;LE6-4_RX.c: 45: }
   286  07FB  2FCF               	goto	l24
   287  07FC                     __end_of_main:	
   288  007E                     btemp	set	126	;btemp
   289  007E                     wtemp	set	126
   290  007E                     wtemp0	set	126
   291  0080                     wtemp1	set	128
   292  0082                     wtemp2	set	130
   293  0084                     wtemp3	set	132
   294  0086                     wtemp4	set	134
   295  0088                     wtemp5	set	136
   296  007F                     wtemp6	set	127
   297  007E                     ttemp	set	126
   298  007E                     ttemp0	set	126
   299  0081                     ttemp1	set	129
   300  0084                     ttemp2	set	132
   301  0087                     ttemp3	set	135
   302  007F                     ttemp4	set	127
   303  007E                     ltemp	set	126
   304  007E                     ltemp0	set	126
   305  0082                     ltemp1	set	130
   306  0086                     ltemp2	set	134
   307  0080                     ltemp3	set	128
   308                           
   309                           	psect	cinit
   310  07FC                     start_initialization:	
   311  07FC                     __initialization:	
   312  07FC                     end_of_initialization:	
   313                           ;End of C runtime variable initialization code
   314                           
   315  07FC                     __end_of__initialization:	
   316  07FC  0183               	clrf	3
   317  07FD  120A  118A  2FA4   	ljmp	_main	;jump to C main() function
   318                           
   319                           	psect	cstackCOMMON
   320  0070                     __pcstackCOMMON:	
   321  0070                     ?_main:	
   322  0070                     ??_main:	
   323                           ; 0 bytes @ 0x0
   324                           
   325                           
   326                           ; 0 bytes @ 0x0
   327  0070                     	ds	1
   328  0071                     main@DATA:	
   329                           
   330                           ; 1 bytes @ 0x1
   331  0071                     	ds	1


Data Sizes:
    Strings     0
    Constant    0
    Data        0
    BSS         0
    Persistent  0
    Stack       0

Auto Spaces:
    Space          Size  Autos    Used
    COMMON           14      2       2
    BANK0            80      0       0
    BANK1            80      0       0
    BANK3            96      0       0
    BANK2            96      0       0

Pointer List with Targets:

    None.

Critical Paths under _main in COMMON

    None.

Critical Paths under _main in BANK0

    None.

Critical Paths under _main in BANK1

    None.

Critical Paths under _main in BANK3

    None.

Critical Paths under _main in BANK2

    None.

Call Graph Tables:

 ---------------------------------------------------------------------------------
 (Depth) Function   	        Calls       Base Space   Used Autos Params    Refs
 ---------------------------------------------------------------------------------
 (0) _main                                                 2     2      0      15
                                              0 COMMON     2     2      0
 ---------------------------------------------------------------------------------
 Estimated maximum stack depth 0
 ---------------------------------------------------------------------------------

 Call Graph Graphs:

 _main (ROOT)

 Address spaces:
Name               Size   Autos  Total    Cost      Usage
BITCOMMON            E      0       0       0        0.0%
EEDATA             100      0       0       0        0.0%
NULL                 0      0       0       0        0.0%
CODE                 0      0       0       0        0.0%
COMMON               E      2       2       1       14.3%
BITSFR0              0      0       0       1        0.0%
SFR0                 0      0       0       1        0.0%
BITSFR1              0      0       0       2        0.0%
SFR1                 0      0       0       2        0.0%
STACK                0      0       0       2        0.0%
ABS                  0      0       0       3        0.0%
BITBANK0            50      0       0       4        0.0%
BITSFR3              0      0       0       4        0.0%
SFR3                 0      0       0       4        0.0%
BANK0               50      0       0       5        0.0%
BITSFR2              0      0       0       5        0.0%
SFR2                 0      0       0       5        0.0%
BITBANK1            50      0       0       6        0.0%
BANK1               50      0       0       7        0.0%
BITBANK3            60      0       0       8        0.0%
BANK3               60      0       0       9        0.0%
BITBANK2            60      0       0      10        0.0%
BANK2               60      0       0      11        0.0%
DATA                 0      0       0      12        0.0%


Microchip Technology PIC Macro Assembler V1.33 build 59893 
Symbol Table                                                                                   Thu Apr 16 18:29:00 2026

            __CFG_CP$OFF 0000                       l24 07CF                      l520 07BC  
                    l530 07C6                      l522 07BE                      l540 07CD  
                    l532 07C8                      l524 07C0                      l534 07CA  
                    l526 07C2                      l518 07BA                      l536 07CC  
                    l528 07C4                      l538 07CD             __CFG_CPD$OFF 0000  
                    _RX9 00C6             __CFG_FOSC$XT 0000             __CFG_LVP$OFF 0000  
                   _BRGH 04C2                     _CREN 00C4                     _RCIF 0065  
                   _SPEN 00C7                     _SYNC 04C4             __CFG_WRT$OFF 0000  
                   _main 07A4                     btemp 007E            __CFG_BOREN$ON 0000  
                   ltemp 007E                     start 0000                     ttemp 007E  
                   wtemp 007E                    ?_main 0070            __CFG_WDTE$OFF 0000  
                  _RCREG 001A                    _SPBRG 0099                    _PORTB 0006  
                  _TRISB 0086            __CFG_PWRTE$ON 0000                    ltemp0 007E  
                  ltemp1 0082                    ltemp2 0086                    ltemp3 0080  
                  ttemp0 007E                    ttemp1 0081                    ttemp2 0084  
                  ttemp3 0087                    ttemp4 007F                    status 0003  
                  wtemp0 007E                    wtemp1 0080                    wtemp2 0082  
                  wtemp3 0084                    wtemp4 0086                    wtemp5 0088  
                  wtemp6 007F          __initialization 07FC             __end_of_main 07FC  
                 ??_main 0070  __end_of__initialization 07FC           __pcstackCOMMON 0070  
             __pmaintext 07A4     end_of_initialization 07FC      start_initialization 07FC  
              ___latbits 0002            __size_of_main 0058                 main@DATA 0071  
