

Microchip Technology PIC LITE Macro Assembler V1.33 build 59893 
                                                                                               Thu Apr 16 18:25:02 2026

Microchip Technology Omniscient Code Generator (Lite mode) build 59893
     1                           	processor	16F877A
     2                           	opt	pw 120
     3                           	opt	lm
     4                           	psect	text0,local,class=CODE,merge=1,delta=2
     5                           	psect	cinit,global,class=CODE,merge=1,delta=2
     6                           	psect	cstackCOMMON,global,class=COMMON,space=1,delta=1
     7                           	psect	maintext,global,class=CODE,split=1,delta=2
     8                           	psect	text1,local,class=CODE,merge=1,delta=2
     9                           	dabs	1,0x7E,2
    10  0000                     	;# 
    11  0001                     	;# 
    12  0002                     	;# 
    13  0003                     	;# 
    14  0004                     	;# 
    15  0005                     	;# 
    16  0006                     	;# 
    17  0007                     	;# 
    18  0008                     	;# 
    19  0009                     	;# 
    20  000A                     	;# 
    21  000B                     	;# 
    22  000C                     	;# 
    23  000D                     	;# 
    24  000E                     	;# 
    25  000E                     	;# 
    26  000F                     	;# 
    27  0010                     	;# 
    28  0011                     	;# 
    29  0012                     	;# 
    30  0013                     	;# 
    31  0014                     	;# 
    32  0015                     	;# 
    33  0015                     	;# 
    34  0016                     	;# 
    35  0017                     	;# 
    36  0018                     	;# 
    37  0019                     	;# 
    38  001A                     	;# 
    39  001B                     	;# 
    40  001B                     	;# 
    41  001C                     	;# 
    42  001D                     	;# 
    43  001E                     	;# 
    44  001F                     	;# 
    45  0081                     	;# 
    46  0085                     	;# 
    47  0086                     	;# 
    48  0087                     	;# 
    49  0088                     	;# 
    50  0089                     	;# 
    51  008C                     	;# 
    52  008D                     	;# 
    53  008E                     	;# 
    54  0091                     	;# 
    55  0092                     	;# 
    56  0093                     	;# 
    57  0094                     	;# 
    58  0098                     	;# 
    59  0099                     	;# 
    60  009C                     	;# 
    61  009D                     	;# 
    62  009E                     	;# 
    63  009F                     	;# 
    64  010C                     	;# 
    65  010D                     	;# 
    66  010E                     	;# 
    67  010F                     	;# 
    68  018C                     	;# 
    69  018D                     	;# 
    70  0006                     _PORTB	set	6
    71  0019                     _TXREG	set	25
    72  0034                     _RB4	set	52
    73  00C7                     _SPEN	set	199
    74  0064                     _TXIF	set	100
    75  0099                     _SPBRG	set	153
    76  0086                     _TRISB	set	134
    77  04C2                     _BRGH	set	1218
    78  04C4                     _SYNC	set	1220
    79  04C6                     _TX9	set	1222
    80  04C5                     _TXEN	set	1221
    81                           
    82                           	psect	text0
    83  0000                     __ptext0:	
    84                           ; #config settings
    85                           
    86                           
    87                           ;psect for function _sendChar
    88  0000                     
    89                           	psect	cinit
    90  07FC                     start_initialization:	
    91  07FC                     __initialization:	
    92  07FC                     end_of_initialization:	
    93                           ;End of C runtime variable initialization code
    94                           
    95  07FC                     __end_of__initialization:	
    96  07FC  0183               	clrf	3
    97  07FD  120A  118A  2FD3   	ljmp	_main	;jump to C main() function
    98                           
    99                           	psect	cstackCOMMON
   100  0070                     __pcstackCOMMON:	
   101  0070                     ?_sendChar:	
   102  0070                     ??_sendChar:	
   103                           ; 0 bytes @ 0x0
   104                           
   105  0070                     ?_main:	
   106                           ; 0 bytes @ 0x0
   107                           
   108  0070                     sendChar@ch:	
   109                           ; 0 bytes @ 0x0
   110                           
   111                           
   112                           ; 1 bytes @ 0x0
   113  0070                     	ds	1
   114  0071                     ??_main:	
   115                           
   116                           ; 0 bytes @ 0x1
   117  0071                     	ds	1
   118  0072                     main@prevDATA:	
   119                           
   120                           ; 1 bytes @ 0x2
   121  0072                     	ds	1
   122  0073                     main@DATA:	
   123                           
   124                           ; 1 bytes @ 0x3
   125  0073                     	ds	1
   126                           
   127                           	psect	maintext
   128  07D3                     __pmaintext:	
   129 ;;
   130 ;;Main: autosize = 0, tempsize = 1, incstack = 0, save=0
   131 ;;
   132 ;; *************** function _main *****************
   133 ;; Defined at:
   134 ;;		line 16 in file "C:\Users\enzoa\OneDrive\Documents\GitHub\3rd_Year_Archives\CpE3201_Embedded_Systems\Practical_Activ
      +ities\PA6\LE6-4\LE6-4_TX.c"
   135 ;; Parameters:    Size  Location     Type
   136 ;;		None
   137 ;; Auto vars:     Size  Location     Type
   138 ;;  DATA            1    3[COMMON] unsigned char 
   139 ;;  prevDATA        1    2[COMMON] unsigned char 
   140 ;; Return value:  Size  Location     Type
   141 ;;		None               void
   142 ;; Registers used:
   143 ;;		wreg, status,2, status,0, pclath, cstack
   144 ;; Tracked objects:
   145 ;;		On entry : 17F/0
   146 ;;		On exit  : 0/0
   147 ;;		Unchanged: 0/0
   148 ;; Data sizes:     COMMON   BANK0   BANK1   BANK3   BANK2
   149 ;;      Params:         0       0       0       0       0
   150 ;;      Locals:         2       0       0       0       0
   151 ;;      Temps:          1       0       0       0       0
   152 ;;      Totals:         3       0       0       0       0
   153 ;;Total ram usage:        3 bytes
   154 ;; Hardware stack levels required when called:    1
   155 ;; This function calls:
   156 ;;		_sendChar
   157 ;; This function is called by:
   158 ;;		Startup code after reset
   159 ;; This function uses a non-reentrant model
   160 ;;
   161                           
   162                           
   163                           ;psect for function _main
   164  07D3                     _main:	
   165                           
   166                           ;LE6-4_TX.c: 18: unsigned char DATA;
   167                           ;LE6-4_TX.c: 19: unsigned char prevDATA;
   168                           ;LE6-4_TX.c: 22: TRISB = 0xFF;
   169                           
   170                           ;incstack = 0
   171                           ; Regs used in _main: [wreg+status,2+status,0+pclath+cstack]
   172  07D3  30FF               	movlw	255
   173  07D4  1683               	bsf	3,5	;RP0=1, select bank1
   174  07D5  1303               	bcf	3,6	;RP1=0, select bank1
   175  07D6  0086               	movwf	6	;volatile
   176                           
   177                           ;LE6-4_TX.c: 24: SPBRG = 0x19;
   178  07D7  3019               	movlw	25
   179  07D8  0099               	movwf	25	;volatile
   180                           
   181                           ;LE6-4_TX.c: 26: SYNC = 0;
   182  07D9  1218               	bcf	24,4	;volatile
   183                           
   184                           ;LE6-4_TX.c: 27: BRGH = 1;
   185  07DA  1518               	bsf	24,2	;volatile
   186                           
   187                           ;LE6-4_TX.c: 28: TX9 = 0;
   188  07DB  1318               	bcf	24,6	;volatile
   189                           
   190                           ;LE6-4_TX.c: 29: TXEN = 1;
   191  07DC  1698               	bsf	24,5	;volatile
   192                           
   193                           ;LE6-4_TX.c: 30: SPEN = 1;
   194  07DD  1283               	bcf	3,5	;RP0=0, select bank0
   195  07DE  1303               	bcf	3,6	;RP1=0, select bank0
   196  07DF  1798               	bsf	24,7	;volatile
   197  07E0                     L1:	
   198                           
   199                           ;LE6-4_TX.c: 32: prevDATA = 0xFF;
   200  07E0  30FF               	movlw	255
   201  07E1  00F1               	movwf	??_main
   202  07E2  0871               	movf	??_main,w
   203  07E3  00F2               	movwf	main@prevDATA
   204  07E4                     l510:	
   205                           ;LE6-4_TX.c: 34: while(1){
   206                           
   207                           
   208                           ;LE6-4_TX.c: 35: if (RB4 == 1){
   209  07E4  1283               	bcf	3,5	;RP0=0, select bank0
   210  07E5  1303               	bcf	3,6	;RP1=0, select bank0
   211  07E6  1E06               	btfss	6,4	;volatile
   212  07E7  2FE4               	goto	l510
   213                           
   214                           ;LE6-4_TX.c: 36: DATA = PORTB & 0x0F;
   215  07E8  0806               	movf	6,w	;volatile
   216  07E9  390F               	andlw	15
   217  07EA  00F1               	movwf	??_main
   218  07EB  0871               	movf	??_main,w
   219  07EC  00F3               	movwf	main@DATA
   220                           
   221                           ;LE6-4_TX.c: 37: if (DATA != prevDATA){
   222  07ED  0873               	movf	main@DATA,w
   223  07EE  0672               	xorwf	main@prevDATA,w
   224  07EF  1903               	skipnz
   225  07F0  2FE0               	goto	L1
   226                           
   227                           ;LE6-4_TX.c: 38: prevDATA = DATA;
   228  07F1  0873               	movf	main@DATA,w
   229  07F2  00F1               	movwf	??_main
   230  07F3  0871               	movf	??_main,w
   231  07F4  00F2               	movwf	main@prevDATA
   232                           
   233                           ;LE6-4_TX.c: 39: sendChar(DATA);
   234  07F5  0873               	movf	main@DATA,w
   235  07F6  120A  118A  27CB  120A  118A  	fcall	_sendChar
   236                           
   237                           ;LE6-4_TX.c: 40: }
   238  07FB  2FE4               	goto	l510
   239  07FC                     __end_of_main:	
   240                           ;LE6-4_TX.c: 41: else{
   241                           ;LE6-4_TX.c: 42: prevDATA = 0xFF;
   242                           
   243                           
   244                           	psect	text1
   245  07CB                     __ptext1:	
   246 ;; *************** function _sendChar *****************
   247 ;; Defined at:
   248 ;;		line 11 in file "C:\Users\enzoa\OneDrive\Documents\GitHub\3rd_Year_Archives\CpE3201_Embedded_Systems\Practical_Activ
      +ities\PA6\LE6-4\LE6-4_TX.c"
   249 ;; Parameters:    Size  Location     Type
   250 ;;  ch              1    wreg     unsigned char 
   251 ;; Auto vars:     Size  Location     Type
   252 ;;  ch              1    0[COMMON] unsigned char 
   253 ;; Return value:  Size  Location     Type
   254 ;;		None               void
   255 ;; Registers used:
   256 ;;		wreg
   257 ;; Tracked objects:
   258 ;;		On entry : 0/0
   259 ;;		On exit  : 0/0
   260 ;;		Unchanged: 0/0
   261 ;; Data sizes:     COMMON   BANK0   BANK1   BANK3   BANK2
   262 ;;      Params:         0       0       0       0       0
   263 ;;      Locals:         1       0       0       0       0
   264 ;;      Temps:          0       0       0       0       0
   265 ;;      Totals:         1       0       0       0       0
   266 ;;Total ram usage:        1 bytes
   267 ;; Hardware stack levels used:    1
   268 ;; This function calls:
   269 ;;		Nothing
   270 ;; This function is called by:
   271 ;;		_main
   272 ;; This function uses a non-reentrant model
   273 ;;
   274                           
   275                           
   276                           ;psect for function _sendChar
   277  07CB                     _sendChar:	
   278                           
   279                           ;incstack = 0
   280                           ; Regs used in _sendChar: [wreg]
   281                           ;sendChar@ch stored from wreg
   282  07CB  00F0               	movwf	sendChar@ch
   283  07CC                     l25:	
   284                           ;LE6-4_TX.c: 12: while(TXIF == 0);
   285                           
   286  07CC  1283               	bcf	3,5	;RP0=0, select bank0
   287  07CD  1303               	bcf	3,6	;RP1=0, select bank0
   288  07CE  1E0C               	btfss	12,4	;volatile
   289  07CF  2FCC               	goto	l25
   290                           
   291                           ;LE6-4_TX.c: 13: TXREG = ch;
   292  07D0  0870               	movf	sendChar@ch,w
   293  07D1  0099               	movwf	25	;volatile
   294  07D2  0008               	return
   295  07D3                     __end_of_sendChar:	
   296  007E                     btemp	set	126	;btemp
   297  007E                     wtemp	set	126
   298  007E                     wtemp0	set	126
   299  0080                     wtemp1	set	128
   300  0082                     wtemp2	set	130
   301  0084                     wtemp3	set	132
   302  0086                     wtemp4	set	134
   303  0088                     wtemp5	set	136
   304  007F                     wtemp6	set	127
   305  007E                     ttemp	set	126
   306  007E                     ttemp0	set	126
   307  0081                     ttemp1	set	129
   308  0084                     ttemp2	set	132
   309  0087                     ttemp3	set	135
   310  007F                     ttemp4	set	127
   311  007E                     ltemp	set	126
   312  007E                     ltemp0	set	126
   313  0082                     ltemp1	set	130
   314  0086                     ltemp2	set	134
   315  0080                     ltemp3	set	128


Data Sizes:
    Strings     0
    Constant    0
    Data        0
    BSS         0
    Persistent  0
    Stack       0

Auto Spaces:
    Space          Size  Autos    Used
    COMMON           14      4       4
    BANK0            80      0       0
    BANK1            80      0       0
    BANK3            96      0       0
    BANK2            96      0       0

Pointer List with Targets:

    None.

Critical Paths under _main in COMMON

    _main->_sendChar

Critical Paths under _main in BANK0

    None.

Critical Paths under _main in BANK1

    None.

Critical Paths under _main in BANK3

    None.

Critical Paths under _main in BANK2

    None.

Call Graph Tables:

 ---------------------------------------------------------------------------------
 (Depth) Function   	        Calls       Base Space   Used Autos Params    Refs
 ---------------------------------------------------------------------------------
 (0) _main                                                 3     3      0      75
                                              1 COMMON     3     3      0
                           _sendChar
 ---------------------------------------------------------------------------------
 (1) _sendChar                                             1     1      0      15
                                              0 COMMON     1     1      0
 ---------------------------------------------------------------------------------
 Estimated maximum stack depth 1
 ---------------------------------------------------------------------------------

 Call Graph Graphs:

 _main (ROOT)
   _sendChar

 Address spaces:
Name               Size   Autos  Total    Cost      Usage
BITCOMMON            E      0       0       0        0.0%
EEDATA             100      0       0       0        0.0%
NULL                 0      0       0       0        0.0%
CODE                 0      0       0       0        0.0%
COMMON               E      4       4       1       28.6%
BITSFR0              0      0       0       1        0.0%
SFR0                 0      0       0       1        0.0%
BITSFR1              0      0       0       2        0.0%
SFR1                 0      0       0       2        0.0%
STACK                0      0       0       2        0.0%
ABS                  0      0       0       3        0.0%
BITBANK0            50      0       0       4        0.0%
BITSFR3              0      0       0       4        0.0%
SFR3                 0      0       0       4        0.0%
BANK0               50      0       0       5        0.0%
BITSFR2              0      0       0       5        0.0%
SFR2                 0      0       0       5        0.0%
BITBANK1            50      0       0       6        0.0%
BANK1               50      0       0       7        0.0%
BITBANK3            60      0       0       8        0.0%
BANK3               60      0       0       9        0.0%
BITBANK2            60      0       0      10        0.0%
BANK2               60      0       0      11        0.0%
DATA                 0      0       0      12        0.0%


Microchip Technology PIC Macro Assembler V1.33 build 59893 
Symbol Table                                                                                   Thu Apr 16 18:25:02 2026

            __CFG_CP$OFF 0000                       l25 07CC                      l510 07E4  
                    _RB4 0034             __CFG_CPD$OFF 0000                      _TX9 04C6  
           __CFG_FOSC$XT 0000             __CFG_LVP$OFF 0000                     _BRGH 04C2  
                   _SPEN 00C7                     _TXEN 04C5                     _TXIF 0064  
                   _SYNC 04C4             __CFG_WRT$OFF 0000                     _main 07D3  
                   btemp 007E            __CFG_BOREN$ON 0000                     ltemp 007E  
                   start 0000                     ttemp 007E                     wtemp 007E  
                  ?_main 0070            __CFG_WDTE$OFF 0000                    _SPBRG 0099  
                  _PORTB 0006                    _TRISB 0086                    _TXREG 0019  
          __CFG_PWRTE$ON 0000             main@prevDATA 0072                    ltemp0 007E  
                  ltemp1 0082                    ltemp2 0086                    ltemp3 0080  
                  ttemp0 007E                    ttemp1 0081                    ttemp2 0084  
                  ttemp3 0087                    ttemp4 007F                    status 0003  
                  wtemp0 007E                    wtemp1 0080                    wtemp2 0082  
                  wtemp3 0084                    wtemp4 0086                    wtemp5 0088  
                  wtemp6 007F          __initialization 07FC             __end_of_main 07FC  
                 ??_main 0071         __end_of_sendChar 07D3  __end_of__initialization 07FC  
         __pcstackCOMMON 0070               __pmaintext 07D3                ?_sendChar 0070  
                __ptext0 0000                  __ptext1 07CB     end_of_initialization 07FC  
             ??_sendChar 0070      start_initialization 07FC                ___latbits 0002  
             sendChar@ch 0070        __size_of_sendChar 0008            __size_of_main 0029  
               _sendChar 07CB                 main@DATA 0073  
