

Microchip Technology PIC LITE Macro Assembler V1.33 build 59893 
                                                                                               Fri Feb 27 10:47:23 2026

Microchip Technology Omniscient Code Generator (Lite mode) build 59893
     1                           	processor	16F877A
     2                           	opt	pw 120
     3                           	opt	lm
     4                           	psect	text0,local,class=CODE,merge=1,delta=2
     5                           	psect	cinit,global,class=CODE,merge=1,delta=2
     6                           	psect	cstackCOMMON,global,class=COMMON,space=1,delta=1
     7                           	psect	maintext,global,class=CODE,split=1,delta=2
     8                           	psect	text1,local,class=CODE,merge=1,delta=2
     9                           	dabs	1,0x7E,2
    10  0000                     	;# 
    11  0001                     	;# 
    12  0002                     	;# 
    13  0003                     	;# 
    14  0004                     	;# 
    15  0005                     	;# 
    16  0006                     	;# 
    17  0007                     	;# 
    18  0008                     	;# 
    19  0009                     	;# 
    20  000A                     	;# 
    21  000B                     	;# 
    22  000C                     	;# 
    23  000D                     	;# 
    24  000E                     	;# 
    25  000E                     	;# 
    26  000F                     	;# 
    27  0010                     	;# 
    28  0011                     	;# 
    29  0012                     	;# 
    30  0013                     	;# 
    31  0014                     	;# 
    32  0015                     	;# 
    33  0015                     	;# 
    34  0016                     	;# 
    35  0017                     	;# 
    36  0018                     	;# 
    37  0019                     	;# 
    38  001A                     	;# 
    39  001B                     	;# 
    40  001B                     	;# 
    41  001C                     	;# 
    42  001D                     	;# 
    43  001E                     	;# 
    44  001F                     	;# 
    45  0081                     	;# 
    46  0085                     	;# 
    47  0086                     	;# 
    48  0087                     	;# 
    49  0088                     	;# 
    50  0089                     	;# 
    51  008C                     	;# 
    52  008D                     	;# 
    53  008E                     	;# 
    54  0091                     	;# 
    55  0092                     	;# 
    56  0093                     	;# 
    57  0094                     	;# 
    58  0098                     	;# 
    59  0099                     	;# 
    60  009C                     	;# 
    61  009D                     	;# 
    62  009E                     	;# 
    63  009F                     	;# 
    64  010C                     	;# 
    65  010D                     	;# 
    66  010E                     	;# 
    67  010F                     	;# 
    68  018C                     	;# 
    69  018D                     	;# 
    70  0005                     _PORTA	set	5
    71  0008                     _PORTD	set	8
    72  0044                     _RD4	set	68
    73  009F                     _ADCON1	set	159
    74  0085                     _TRISA	set	133
    75  0086                     _TRISB	set	134
    76  0087                     _TRISC	set	135
    77  0088                     _TRISD	set	136
    78                           
    79                           	psect	text0
    80  0000                     __ptext0:	
    81                           ; #config settings
    82                           
    83                           
    84                           ;psect for function _delay
    85  0000                     
    86                           	psect	cinit
    87  07FC                     start_initialization:	
    88  07FC                     __initialization:	
    89  07FC                     end_of_initialization:	
    90                           ;End of C runtime variable initialization code
    91                           
    92  07FC                     __end_of__initialization:	
    93  07FC  0183               	clrf	3
    94  07FD  120A  118A  2FA8   	ljmp	_main	;jump to C main() function
    95                           
    96                           	psect	cstackCOMMON
    97  0070                     __pcstackCOMMON:	
    98  0070                     ?_delay:	
    99  0070                     ??_delay:	
   100                           ; 0 bytes @ 0x0
   101                           
   102  0070                     ?_main:	
   103                           ; 0 bytes @ 0x0
   104                           
   105                           
   106                           ; 0 bytes @ 0x0
   107  0070                     	ds	2
   108  0072                     delay@cnt:	
   109                           
   110                           ; 1 bytes @ 0x2
   111  0072                     	ds	1
   112  0073                     delay@i:	
   113                           
   114                           ; 2 bytes @ 0x3
   115  0073                     	ds	2
   116  0075                     delay@j:	
   117                           
   118                           ; 2 bytes @ 0x5
   119  0075                     	ds	2
   120  0077                     ??_main:	
   121                           
   122                           ; 0 bytes @ 0x7
   123  0077                     	ds	1
   124  0078                     main@DATA:	
   125                           
   126                           ; 1 bytes @ 0x8
   127  0078                     	ds	1
   128                           
   129                           	psect	maintext
   130  07A8                     __pmaintext:	
   131 ;;
   132 ;;Main: autosize = 0, tempsize = 1, incstack = 0, save=0
   133 ;;
   134 ;; *************** function _main *****************
   135 ;; Defined at:
   136 ;;		line 18 in file "C:\Users\enzoa\OneDrive\Documents\GitHub\3rd_Year_Archives\CpE3201_Embedded_Systems\Practical_Activ
      +ities\PA2\LE2-2\LE2-2.c"
   137 ;; Parameters:    Size  Location     Type
   138 ;;		None
   139 ;; Auto vars:     Size  Location     Type
   140 ;;  DATA            1    8[COMMON] unsigned char 
   141 ;; Return value:  Size  Location     Type
   142 ;;		None               void
   143 ;; Registers used:
   144 ;;		wreg, fsr0l, fsr0h, status,2, status,0, btemp+1, pclath, cstack
   145 ;; Tracked objects:
   146 ;;		On entry : 17F/0
   147 ;;		On exit  : 0/0
   148 ;;		Unchanged: 0/0
   149 ;; Data sizes:     COMMON   BANK0   BANK1   BANK3   BANK2
   150 ;;      Params:         0       0       0       0       0
   151 ;;      Locals:         1       0       0       0       0
   152 ;;      Temps:          1       0       0       0       0
   153 ;;      Totals:         2       0       0       0       0
   154 ;;Total ram usage:        2 bytes
   155 ;; Hardware stack levels required when called:    1
   156 ;; This function calls:
   157 ;;		_delay
   158 ;; This function is called by:
   159 ;;		Startup code after reset
   160 ;; This function uses a non-reentrant model
   161 ;;
   162                           
   163                           
   164                           ;psect for function _main
   165  07A8                     _main:	
   166                           
   167                           ;LE2-2.c: 19: unsigned char DATA;
   168                           ;LE2-2.c: 21: ADCON1 = 0x06;
   169                           
   170                           ;incstack = 0
   171                           ; Regs used in _main: [wreg-fsr0h+status,2+status,0+btemp+1+pclath+cstack]
   172  07A8  3006               	movlw	6
   173  07A9  1683               	bsf	3,5	;RP0=1, select bank1
   174  07AA  1303               	bcf	3,6	;RP1=0, select bank1
   175  07AB  009F               	movwf	31	;volatile
   176                           
   177                           ;LE2-2.c: 22: TRISA = 0x00;
   178  07AC  0185               	clrf	5	;volatile
   179                           
   180                           ;LE2-2.c: 23: TRISB = 0x00;
   181  07AD  0186               	clrf	6	;volatile
   182                           
   183                           ;LE2-2.c: 24: TRISC = 0x00;
   184  07AE  0187               	clrf	7	;volatile
   185                           
   186                           ;LE2-2.c: 25: TRISD = 0xFF;
   187  07AF  30FF               	movlw	255
   188  07B0  0088               	movwf	8	;volatile
   189  07B1                     l27:	
   190                           ;LE2-2.c: 28: while (!RD4){}
   191                           
   192                           ;LE2-2.c: 27: while(1){
   193                           
   194  07B1  1283               	bcf	3,5	;RP0=0, select bank0
   195  07B2  1E08               	btfss	8,4	;volatile
   196  07B3  2FB1               	goto	l27
   197                           
   198                           ;LE2-2.c: 30: DATA = PORTD & 0x0F;
   199  07B4  0808               	movf	8,w	;volatile
   200  07B5  390F               	andlw	15
   201  07B6  00F7               	movwf	??_main
   202  07B7  0877               	movf	??_main,w
   203  07B8  00F8               	movwf	main@DATA
   204                           
   205                           ;LE2-2.c: 32: switch(DATA){
   206  07B9  2FD1               	goto	l561
   207  07BA                     l537:	
   208                           ;LE2-2.c: 33: case 0x00: PORTA = 0x01; break;
   209                           
   210  07BA  3001               	movlw	1
   211  07BB  2FCF               	goto	L9
   212  07BC                     l539:	
   213                           ;LE2-2.c: 34: case 0x01: PORTA = 0x02; break;
   214                           
   215  07BC  3002               	movlw	2
   216  07BD  2FCF               	goto	L9
   217  07BE                     l541:	
   218                           ;LE2-2.c: 35: case 0x02: PORTA = 0x03; break;
   219                           
   220  07BE  3003               	movlw	3
   221  07BF  2FCF               	goto	L9
   222  07C0                     l543:	
   223                           ;LE2-2.c: 36: case 0x04: PORTA = 0x04; break;
   224                           
   225  07C0  3004               	movlw	4
   226  07C1  2FCF               	goto	L9
   227  07C2                     l545:	
   228                           ;LE2-2.c: 37: case 0x05: PORTA = 0x05; break;
   229                           
   230  07C2  3005               	movlw	5
   231  07C3  2FCF               	goto	L9
   232  07C4                     l547:	
   233                           ;LE2-2.c: 38: case 0x06: PORTA = 0x06; break;
   234                           
   235  07C4  3006               	movlw	6
   236  07C5  2FCF               	goto	L9
   237  07C6                     l549:	
   238                           ;LE2-2.c: 39: case 0x08: PORTA = 0x07; break;
   239                           
   240  07C6  3007               	movlw	7
   241  07C7  2FCF               	goto	L9
   242  07C8                     l551:	
   243                           ;LE2-2.c: 40: case 0x09: PORTA = 0x08; break;
   244                           
   245  07C8  3008               	movlw	8
   246  07C9  2FCF               	goto	L9
   247  07CA                     l553:	
   248                           ;LE2-2.c: 41: case 0x0A: PORTA = 0x09; break;
   249                           
   250  07CA  3009               	movlw	9
   251  07CB  2FCF               	goto	L9
   252  07CC                     l555:	
   253                           ;LE2-2.c: 42: case 0x0D: PORTA = 0x00; break;
   254                           
   255  07CC  0185               	clrf	5	;volatile
   256  07CD  2FF1               	goto	l563
   257  07CE                     l557:	
   258                           ;LE2-2.c: 43: default: PORTA = 0x2F; break;
   259                           
   260  07CE  302F               	movlw	47
   261  07CF                     L9:	
   262  07CF  0085               	movwf	5	;volatile
   263                           
   264                           ;LE2-2.c: 44: }
   265  07D0  2FF1               	goto	l563
   266  07D1                     l561:	
   267  07D1  0878               	movf	main@DATA,w
   268                           
   269                           ; Switch size 1, requested type "space"
   270                           ; Number of cases is 10, Range of values is 0 to 13
   271                           ; switch strategies available:
   272                           ; Name         Instructions Cycles
   273                           ; simple_byte           31    16 (average)
   274                           ; direct_byte           50     8 (fixed)
   275                           ; jumptable            260     6 (fixed)
   276                           ;	Chosen strategy is simple_byte
   277  07D2  3A00               	xorlw	0	; case 0
   278  07D3  1903               	skipnz
   279  07D4  2FBA               	goto	l537
   280  07D5  3A01               	xorlw	1	; case 1
   281  07D6  1903               	skipnz
   282  07D7  2FBC               	goto	l539
   283  07D8  3A03               	xorlw	3	; case 2
   284  07D9  1903               	skipnz
   285  07DA  2FBE               	goto	l541
   286  07DB  3A06               	xorlw	6	; case 4
   287  07DC  1903               	skipnz
   288  07DD  2FC0               	goto	l543
   289  07DE  3A01               	xorlw	1	; case 5
   290  07DF  1903               	skipnz
   291  07E0  2FC2               	goto	l545
   292  07E1  3A03               	xorlw	3	; case 6
   293  07E2  1903               	skipnz
   294  07E3  2FC4               	goto	l547
   295  07E4  3A0E               	xorlw	14	; case 8
   296  07E5  1903               	skipnz
   297  07E6  2FC6               	goto	l549
   298  07E7  3A01               	xorlw	1	; case 9
   299  07E8  1903               	skipnz
   300  07E9  2FC8               	goto	l551
   301  07EA  3A03               	xorlw	3	; case 10
   302  07EB  1903               	skipnz
   303  07EC  2FCA               	goto	l553
   304  07ED  3A07               	xorlw	7	; case 13
   305  07EE  1903               	skipnz
   306  07EF  2FCC               	goto	l555
   307  07F0  2FCE               	goto	l557
   308  07F1                     l563:	
   309                           
   310                           ;LE2-2.c: 46: delay(50);
   311  07F1  3032               	movlw	50
   312  07F2  120A  118A  2777  120A  118A  	fcall	_delay
   313  07F7                     l43:	
   314                           ;LE2-2.c: 47: while (!RD4){}
   315                           
   316  07F7  1283               	bcf	3,5	;RP0=0, select bank0
   317  07F8  1303               	bcf	3,6	;RP1=0, select bank0
   318  07F9  1A08               	btfsc	8,4	;volatile
   319  07FA  2FB1               	goto	l27
   320  07FB  2FF7               	goto	l43
   321  07FC                     __end_of_main:	
   322                           
   323                           	psect	text1
   324  0777                     __ptext1:	
   325 ;; *************** function _delay *****************
   326 ;; Defined at:
   327 ;;		line 11 in file "C:\Users\enzoa\OneDrive\Documents\GitHub\3rd_Year_Archives\CpE3201_Embedded_Systems\Practical_Activ
      +ities\PA2\LE2-2\LE2-2.c"
   328 ;; Parameters:    Size  Location     Type
   329 ;;  cnt             1    wreg     unsigned char 
   330 ;; Auto vars:     Size  Location     Type
   331 ;;  cnt             1    2[COMMON] unsigned char 
   332 ;;  j               2    5[COMMON] int 
   333 ;;  i               2    3[COMMON] int 
   334 ;; Return value:  Size  Location     Type
   335 ;;		None               void
   336 ;; Registers used:
   337 ;;		wreg, status,2, status,0, btemp+1
   338 ;; Tracked objects:
   339 ;;		On entry : 0/0
   340 ;;		On exit  : 0/0
   341 ;;		Unchanged: 0/0
   342 ;; Data sizes:     COMMON   BANK0   BANK1   BANK3   BANK2
   343 ;;      Params:         0       0       0       0       0
   344 ;;      Locals:         5       0       0       0       0
   345 ;;      Temps:          2       0       0       0       0
   346 ;;      Totals:         7       0       0       0       0
   347 ;;Total ram usage:        7 bytes
   348 ;; Hardware stack levels used:    1
   349 ;; This function calls:
   350 ;;		Nothing
   351 ;; This function is called by:
   352 ;;		_main
   353 ;; This function uses a non-reentrant model
   354 ;;
   355                           
   356                           
   357                           ;psect for function _delay
   358  0777                     _delay:	
   359                           
   360                           ;incstack = 0
   361                           ; Regs used in _delay: [wreg+status,2+status,0+btemp+1]
   362                           ;delay@cnt stored from wreg
   363  0777  00F2               	movwf	delay@cnt
   364                           
   365                           ;LE2-2.c: 12: int i, j;
   366                           ;LE2-2.c: 13: for (i = cnt; i != 0; i--){
   367  0778  0872               	movf	delay@cnt,w
   368  0779  00F0               	movwf	??_delay
   369  077A  01F1               	clrf	??_delay+1
   370  077B  0870               	movf	??_delay,w
   371  077C  00F3               	movwf	delay@i
   372  077D  0871               	movf	??_delay+1,w
   373  077E  00F4               	movwf	delay@i+1
   374  077F                     L10:	
   375  077F  0874               	movf	delay@i+1,w
   376  0780  0473               	iorwf	delay@i,w
   377  0781  1903               	btfsc	3,2
   378  0782  0008               	return
   379                           
   380                           ;LE2-2.c: 14: for (j = 0; j < 1000; j++){}
   381  0783  01F5               	clrf	delay@j
   382  0784  01F6               	clrf	delay@j+1
   383  0785  0876               	movf	delay@j+1,w
   384  0786  3A80               	xorlw	128
   385  0787  00FF               	movwf	127
   386  0788  3083               	movlw	131
   387  0789  027F               	subwf	127,w
   388  078A  1D03               	skipz
   389  078B  2F8E               	goto	u25
   390  078C  30E8               	movlw	232
   391  078D  0275               	subwf	delay@j,w
   392  078E                     u25:	
   393  078E  1803               	btfsc	3,0
   394  078F  2FA1               	goto	l521
   395  0790                     l517:	
   396  0790  3001               	movlw	1
   397  0791  07F5               	addwf	delay@j,f
   398  0792  1803               	skipnc
   399  0793  0AF6               	incf	delay@j+1,f
   400  0794  3000               	movlw	0
   401  0795  07F6               	addwf	delay@j+1,f
   402  0796  0876               	movf	delay@j+1,w
   403  0797  3A80               	xorlw	128
   404  0798  00FF               	movwf	127
   405  0799  3083               	movlw	131
   406  079A  027F               	subwf	127,w
   407  079B  1D03               	skipz
   408  079C  2F9F               	goto	u35
   409  079D  30E8               	movlw	232
   410  079E  0275               	subwf	delay@j,w
   411  079F                     u35:	
   412  079F  1C03               	skipc
   413  07A0  2F90               	goto	l517
   414  07A1                     l521:	
   415  07A1  30FF               	movlw	255
   416  07A2  07F3               	addwf	delay@i,f
   417  07A3  1803               	skipnc
   418  07A4  0AF4               	incf	delay@i+1,f
   419  07A5  30FF               	movlw	255
   420  07A6  07F4               	addwf	delay@i+1,f
   421  07A7  2F7F               	goto	L10
   422  07A8                     __end_of_delay:	
   423  007E                     btemp	set	126	;btemp
   424  007E                     wtemp	set	126
   425  007E                     wtemp0	set	126
   426  0080                     wtemp1	set	128
   427  0082                     wtemp2	set	130
   428  0084                     wtemp3	set	132
   429  0086                     wtemp4	set	134
   430  0088                     wtemp5	set	136
   431  007F                     wtemp6	set	127
   432  007E                     ttemp	set	126
   433  007E                     ttemp0	set	126
   434  0081                     ttemp1	set	129
   435  0084                     ttemp2	set	132
   436  0087                     ttemp3	set	135
   437  007F                     ttemp4	set	127
   438  007E                     ltemp	set	126
   439  007E                     ltemp0	set	126
   440  0082                     ltemp1	set	130
   441  0086                     ltemp2	set	134
   442  0080                     ltemp3	set	128


Data Sizes:
    Strings     0
    Constant    0
    Data        0
    BSS         0
    Persistent  0
    Stack       0

Auto Spaces:
    Space          Size  Autos    Used
    COMMON           14      9       9
    BANK0            80      0       0
    BANK1            80      0       0
    BANK3            96      0       0
    BANK2            96      0       0

Pointer List with Targets:

    None.

Critical Paths under _main in COMMON

    _main->_delay

Critical Paths under _main in BANK0

    None.

Critical Paths under _main in BANK1

    None.

Critical Paths under _main in BANK3

    None.

Critical Paths under _main in BANK2

    None.

Call Graph Tables:

 ---------------------------------------------------------------------------------
 (Depth) Function   	        Calls       Base Space   Used Autos Params    Refs
 ---------------------------------------------------------------------------------
 (0) _main                                                 2     2      0      90
                                              7 COMMON     2     2      0
                              _delay
 ---------------------------------------------------------------------------------
 (1) _delay                                                7     7      0      75
                                              0 COMMON     7     7      0
 ---------------------------------------------------------------------------------
 Estimated maximum stack depth 1
 ---------------------------------------------------------------------------------

 Call Graph Graphs:

 _main (ROOT)
   _delay

 Address spaces:
Name               Size   Autos  Total    Cost      Usage
BITCOMMON            E      0       0       0        0.0%
EEDATA             100      0       0       0        0.0%
NULL                 0      0       0       0        0.0%
CODE                 0      0       0       0        0.0%
COMMON               E      9       9       1       64.3%
BITSFR0              0      0       0       1        0.0%
SFR0                 0      0       0       1        0.0%
BITSFR1              0      0       0       2        0.0%
SFR1                 0      0       0       2        0.0%
STACK                0      0       0       2        0.0%
ABS                  0      0       0       3        0.0%
BITBANK0            50      0       0       4        0.0%
BITSFR3              0      0       0       4        0.0%
SFR3                 0      0       0       4        0.0%
BANK0               50      0       0       5        0.0%
BITSFR2              0      0       0       5        0.0%
SFR2                 0      0       0       5        0.0%
BITBANK1            50      0       0       6        0.0%
BANK1               50      0       0       7        0.0%
BITBANK3            60      0       0       8        0.0%
BANK3               60      0       0       9        0.0%
BITBANK2            60      0       0      10        0.0%
BANK2               60      0       0      11        0.0%
DATA                 0      0       0      12        0.0%


Microchip Technology PIC Macro Assembler V1.33 build 59893 
Symbol Table                                                                                   Fri Feb 27 10:47:23 2026

            __CFG_CP$OFF 0000                       l43 07F7                       l27 07B1  
                     u25 078E                       u35 079F                      l521 07A1  
                    l517 0790                      l541 07BE                      l551 07C8  
                    l543 07C0                      l553 07CA                      l545 07C2  
                    l537 07BA                      l561 07D1                      l555 07CC  
                    l547 07C4                      l539 07BC                      l563 07F1  
                    l557 07CE                      l549 07C6                      _RD4 0044  
           __CFG_CPD$OFF 0000             __CFG_FOSC$XT 0000             __CFG_LVP$OFF 0000  
           __CFG_WRT$OFF 0000                     _main 07A8                     btemp 007E  
          __CFG_BOREN$ON 0000                     ltemp 007E                     start 0000  
                   ttemp 007E                     wtemp 007E                    ?_main 0070  
          __CFG_WDTE$OFF 0000                    _PORTA 0005                    _PORTD 0008  
                  _TRISA 0085                    _TRISB 0086                    _TRISC 0087  
                  _TRISD 0088            __CFG_PWRTE$ON 0000                    _delay 0777  
                  ltemp0 007E                    ltemp1 0082                    ltemp2 0086  
                  ltemp3 0080                    ttemp0 007E                    ttemp1 0081  
                  ttemp2 0084                    ttemp3 0087                    ttemp4 007F  
                  status 0003                    wtemp0 007E                    wtemp1 0080  
                  wtemp2 0082                    wtemp3 0084                    wtemp4 0086  
                  wtemp5 0088                    wtemp6 007F          __initialization 07FC  
           __end_of_main 07FC                   ??_main 0077                   ?_delay 0070  
                 _ADCON1 009F                   delay@i 0073                   delay@j 0075  
__end_of__initialization 07FC           __pcstackCOMMON 0070            __end_of_delay 07A8  
                ??_delay 0070               __pmaintext 07A8                  __ptext0 0000  
                __ptext1 0777     end_of_initialization 07FC      start_initialization 07FC  
              ___latbits 0002           __size_of_delay 0031            __size_of_main 0054  
               delay@cnt 0072                 main@DATA 0078  
