

Microchip Technology PIC LITE Macro Assembler V1.33 build 59893 
                                                                                               Wed Mar 11 18:43:28 2026

Microchip Technology Omniscient Code Generator (Lite mode) build 59893
     1                           	processor	16F877A
     2                           	opt	pw 120
     3                           	opt	lm
     4                           	psect	text0,local,class=CODE,merge=1,delta=2
     5                           	psect	cinit,global,class=CODE,merge=1,delta=2
     6                           	psect	bitbssCOMMON,global,bit,class=COMMON,space=1,delta=1
     7                           	psect	bssCOMMON,global,class=COMMON,space=1,delta=1
     8                           	psect	cstackCOMMON,global,class=COMMON,space=1,delta=1
     9                           	psect	cstackBANK0,global,class=BANK0,space=1,delta=1
    10                           	psect	maintext,global,class=CODE,split=1,delta=2
    11                           	psect	text1,local,class=CODE,merge=1,delta=2
    12                           	psect	text2,local,class=CODE,merge=1,delta=2
    13                           	psect	intentry,global,class=CODE,delta=2
    14                           	dabs	1,0x7E,2
    15  0000                     	;# 
    16  0001                     	;# 
    17  0002                     	;# 
    18  0003                     	;# 
    19  0004                     	;# 
    20  0005                     	;# 
    21  0006                     	;# 
    22  0007                     	;# 
    23  0008                     	;# 
    24  0009                     	;# 
    25  000A                     	;# 
    26  000B                     	;# 
    27  000C                     	;# 
    28  000D                     	;# 
    29  000E                     	;# 
    30  000E                     	;# 
    31  000F                     	;# 
    32  0010                     	;# 
    33  0011                     	;# 
    34  0012                     	;# 
    35  0013                     	;# 
    36  0014                     	;# 
    37  0015                     	;# 
    38  0015                     	;# 
    39  0016                     	;# 
    40  0017                     	;# 
    41  0018                     	;# 
    42  0019                     	;# 
    43  001A                     	;# 
    44  001B                     	;# 
    45  001B                     	;# 
    46  001C                     	;# 
    47  001D                     	;# 
    48  001E                     	;# 
    49  001F                     	;# 
    50  0081                     	;# 
    51  0085                     	;# 
    52  0086                     	;# 
    53  0087                     	;# 
    54  0088                     	;# 
    55  0089                     	;# 
    56  008C                     	;# 
    57  008D                     	;# 
    58  008E                     	;# 
    59  0091                     	;# 
    60  0092                     	;# 
    61  0093                     	;# 
    62  0094                     	;# 
    63  0098                     	;# 
    64  0099                     	;# 
    65  009C                     	;# 
    66  009D                     	;# 
    67  009E                     	;# 
    68  009F                     	;# 
    69  010C                     	;# 
    70  010D                     	;# 
    71  010E                     	;# 
    72  010F                     	;# 
    73  018C                     	;# 
    74  018D                     	;# 
    75  0005                     _PORTA	set	5
    76  0007                     _PORTC	set	7
    77  0008                     _PORTD	set	8
    78  005F                     _GIE	set	95
    79  005C                     _INTE	set	92
    80  0059                     _INTF	set	89
    81  005D                     _TMR0IE	set	93
    82  005A                     _TMR0IF	set	90
    83  0081                     _OPTION_REG	set	129
    84  0085                     _TRISA	set	133
    85  0086                     _TRISB	set	134
    86  0087                     _TRISC	set	135
    87  0088                     _TRISD	set	136
    88                           
    89                           	psect	text0
    90  0000                     __ptext0:	
    91                           ; #config settings
    92                           
    93                           
    94                           ;psect for function _ISR
    95  0000                     
    96                           	psect	cinit
    97  0015                     start_initialization:	
    98  0015                     __initialization:	
    99                           
   100                           ; Clear objects allocated to BITCOMMON
   101  0015  01F6               	clrf	(__pbitbssCOMMON/(0+8))& (0+127)
   102                           
   103                           ; Clear objects allocated to COMMON
   104  0016  01F7               	clrf	__pbssCOMMON& (0+127)
   105  0017                     end_of_initialization:	
   106                           ;End of C runtime variable initialization code
   107                           
   108  0017                     __end_of__initialization:	
   109  0017  0183               	clrf	3
   110  0018  120A  118A  286E   	ljmp	_main	;jump to C main() function
   111                           
   112                           	psect	bitbssCOMMON
   113  03B0                     __pbitbssCOMMON:	
   114  03B0                     _myTMR0IF:	
   115  03B0                     	ds	1
   116                           
   117                           	psect	bssCOMMON
   118  0077                     __pbssCOMMON:	
   119  0077                     _counter:	
   120  0077                     	ds	1
   121                           
   122                           	psect	cstackCOMMON
   123  0070                     __pcstackCOMMON:	
   124  0070                     ?_ISR:	
   125  0070                     ??_ISR:	
   126                           ; 0 bytes @ 0x0
   127                           
   128  0070                     ?_main:	
   129                           ; 0 bytes @ 0x0
   130                           
   131                           
   132                           ; 0 bytes @ 0x0
   133  0070                     	ds	5
   134  0075                     ISR@DATA:	
   135                           
   136                           ; 1 bytes @ 0x5
   137  0075                     	ds	1
   138                           
   139                           	psect	cstackBANK0
   140  0020                     __pcstackBANK0:	
   141  0020                     ?_delay:	
   142  0020                     delay@cnt:	
   143                           ; 0 bytes @ 0x0
   144                           
   145                           
   146                           ; 2 bytes @ 0x0
   147  0020                     	ds	2
   148  0022                     ??_delay:	
   149                           
   150                           ; 0 bytes @ 0x2
   151  0022                     	ds	1
   152  0023                     delay@of_cnt:	
   153                           
   154                           ; 2 bytes @ 0x3
   155  0023                     	ds	2
   156  0025                     ??_main:	
   157                           
   158                           ; 0 bytes @ 0x5
   159  0025                     	ds	1
   160                           
   161                           	psect	maintext
   162  006E                     __pmaintext:	
   163 ;;
   164 ;;Main: autosize = 0, tempsize = 1, incstack = 0, save=0
   165 ;;
   166 ;; *************** function _main *****************
   167 ;; Defined at:
   168 ;;		line 52 in file "C:\Users\enzoa\OneDrive\Documents\GitHub\3rd_Year_Archives\CpE3201_Embedded_Systems\Practical_Activ
      +ities\PA3\LE3-3\LE3-3.c"
   169 ;; Parameters:    Size  Location     Type
   170 ;;		None
   171 ;; Auto vars:     Size  Location     Type
   172 ;;		None
   173 ;; Return value:  Size  Location     Type
   174 ;;		None               void
   175 ;; Registers used:
   176 ;;		wreg, status,2, status,0, pclath, cstack
   177 ;; Tracked objects:
   178 ;;		On entry : 17F/0
   179 ;;		On exit  : 0/0
   180 ;;		Unchanged: 0/0
   181 ;; Data sizes:     COMMON   BANK0   BANK1   BANK3   BANK2
   182 ;;      Params:         0       0       0       0       0
   183 ;;      Locals:         0       0       0       0       0
   184 ;;      Temps:          0       1       0       0       0
   185 ;;      Totals:         0       1       0       0       0
   186 ;;Total ram usage:        1 bytes
   187 ;; Hardware stack levels required when called:    2
   188 ;; This function calls:
   189 ;;		_delay
   190 ;; This function is called by:
   191 ;;		Startup code after reset
   192 ;; This function uses a non-reentrant model
   193 ;;
   194                           
   195                           
   196                           ;psect for function _main
   197  006E                     _main:	
   198                           
   199                           ;LE3-3.c: 53: TRISA = 0x00;
   200                           
   201                           ;incstack = 0
   202                           ; Regs used in _main: [wreg+status,2+status,0+pclath+cstack]
   203  006E  1683               	bsf	3,5	;RP0=1, select bank1
   204  006F  1303               	bcf	3,6	;RP1=0, select bank1
   205  0070  0185               	clrf	5	;volatile
   206                           
   207                           ;LE3-3.c: 54: TRISB = 0xFF;
   208  0071  30FF               	movlw	255
   209  0072  0086               	movwf	6	;volatile
   210                           
   211                           ;LE3-3.c: 55: TRISC = 0x00;
   212  0073  0187               	clrf	7	;volatile
   213                           
   214                           ;LE3-3.c: 56: TRISD = 0xFF;
   215  0074  30FF               	movlw	255
   216  0075  0088               	movwf	8	;volatile
   217                           
   218                           ;LE3-3.c: 58: PORTA = 0x00;
   219  0076  1283               	bcf	3,5	;RP0=0, select bank0
   220  0077  1303               	bcf	3,6	;RP1=0, select bank0
   221  0078  0185               	clrf	5	;volatile
   222                           
   223                           ;LE3-3.c: 59: PORTC = 0x00;
   224  0079  0187               	clrf	7	;volatile
   225                           
   226                           ;LE3-3.c: 63: OPTION_REG = 0x44;
   227  007A  3044               	movlw	68
   228  007B  1683               	bsf	3,5	;RP0=1, select bank1
   229  007C  1303               	bcf	3,6	;RP1=0, select bank1
   230  007D  0081               	movwf	1	;volatile
   231                           
   232                           ;LE3-3.c: 64: INTF = 0;
   233  007E  108B               	bcf	11,1	;volatile
   234                           
   235                           ;LE3-3.c: 65: INTE = 1;
   236  007F  160B               	bsf	11,4	;volatile
   237                           
   238                           ;LE3-3.c: 66: TMR0IF = 0;
   239  0080  110B               	bcf	11,2	;volatile
   240                           
   241                           ;LE3-3.c: 67: TMR0IE = 1;
   242  0081  168B               	bsf	11,5	;volatile
   243                           
   244                           ;LE3-3.c: 68: GIE = 1;
   245  0082  178B               	bsf	11,7	;volatile
   246  0083                     l59:	
   247                           ;LE3-3.c: 70: while (1) {
   248                           
   249                           
   250                           ;LE3-3.c: 71: PORTC = counter;
   251  0083  0877               	movf	_counter,w	;volatile
   252  0084  1283               	bcf	3,5	;RP0=0, select bank0
   253  0085  0087               	movwf	7	;volatile
   254                           
   255                           ;LE3-3.c: 72: delay(98);
   256  0086  3062               	movlw	98
   257  0087  00A0               	movwf	delay@cnt
   258  0088  3000               	movlw	0
   259  0089  00A1               	movwf	delay@cnt+1
   260  008A  120A  118A  209B  120A  118A  	fcall	_delay
   261                           
   262                           ;LE3-3.c: 73: counter++;
   263  008F  3001               	movlw	1
   264  0090  1283               	bcf	3,5	;RP0=0, select bank0
   265  0091  1303               	bcf	3,6	;RP1=0, select bank0
   266  0092  00A5               	movwf	??_main
   267  0093  0825               	movf	??_main,w
   268  0094  07F7               	addwf	_counter,f	;volatile
   269                           
   270                           ;LE3-3.c: 74: if (counter > 9)
   271  0095  300A               	movlw	10
   272  0096  0277               	subwf	_counter,w	;volatile
   273  0097  1C03               	skipc
   274  0098  2883               	goto	l59
   275                           
   276                           ;LE3-3.c: 75: counter = 0;
   277  0099  01F7               	clrf	_counter	;volatile
   278  009A  2883               	goto	l59
   279  009B                     __end_of_main:	
   280                           
   281                           	psect	text1
   282  009B                     __ptext1:	
   283 ;; *************** function _delay *****************
   284 ;; Defined at:
   285 ;;		line 15 in file "C:\Users\enzoa\OneDrive\Documents\GitHub\3rd_Year_Archives\CpE3201_Embedded_Systems\Practical_Activ
      +ities\PA3\LE3-3\LE3-3.c"
   286 ;; Parameters:    Size  Location     Type
   287 ;;  cnt             2    0[BANK0 ] int 
   288 ;; Auto vars:     Size  Location     Type
   289 ;;  of_cnt          2    3[BANK0 ] int 
   290 ;; Return value:  Size  Location     Type
   291 ;;		None               void
   292 ;; Registers used:
   293 ;;		wreg, status,2
   294 ;; Tracked objects:
   295 ;;		On entry : 0/0
   296 ;;		On exit  : 0/0
   297 ;;		Unchanged: 0/0
   298 ;; Data sizes:     COMMON   BANK0   BANK1   BANK3   BANK2
   299 ;;      Params:         0       2       0       0       0
   300 ;;      Locals:         0       2       0       0       0
   301 ;;      Temps:          0       1       0       0       0
   302 ;;      Totals:         0       5       0       0       0
   303 ;;Total ram usage:        5 bytes
   304 ;; Hardware stack levels used:    1
   305 ;; Hardware stack levels required when called:    1
   306 ;; This function calls:
   307 ;;		Nothing
   308 ;; This function is called by:
   309 ;;		_main
   310 ;; This function uses a non-reentrant model
   311 ;;
   312                           
   313                           
   314                           ;psect for function _delay
   315  009B                     _delay:	
   316                           
   317                           ;LE3-3.c: 16: int of_cnt = 0;
   318                           
   319                           ;incstack = 0
   320                           ; Regs used in _delay: [wreg+status,2]
   321  009B  1283               	bcf	3,5	;RP0=0, select bank0
   322  009C  1303               	bcf	3,6	;RP1=0, select bank0
   323  009D  01A3               	clrf	delay@of_cnt
   324  009E  01A4               	clrf	delay@of_cnt+1
   325  009F                     l33:	
   326                           ;LE3-3.c: 17: while (of_cnt < cnt) {
   327                           
   328  009F  1283               	bcf	3,5	;RP0=0, select bank0
   329  00A0  1303               	bcf	3,6	;RP1=0, select bank0
   330  00A1  0824               	movf	delay@of_cnt+1,w
   331  00A2  3A80               	xorlw	128
   332  00A3  00A2               	movwf	??_delay
   333  00A4  0821               	movf	delay@cnt+1,w
   334  00A5  3A80               	xorlw	128
   335  00A6  0222               	subwf	??_delay,w
   336  00A7  1D03               	skipz
   337  00A8  28AB               	goto	u105
   338  00A9  0820               	movf	delay@cnt,w
   339  00AA  0223               	subwf	delay@of_cnt,w
   340  00AB                     u105:	
   341  00AB  1803               	btfsc	3,0
   342  00AC  0008               	return
   343                           
   344                           ;LE3-3.c: 18: if (myTMR0IF) {
   345  00AD  1C76               	btfss	_myTMR0IF/(0+8),_myTMR0IF& (0+7)	;volatile
   346  00AE  289F               	goto	l33
   347                           
   348                           ;LE3-3.c: 19: of_cnt++;
   349  00AF  3001               	movlw	1
   350  00B0  1283               	bcf	3,5	;RP0=0, select bank0
   351  00B1  1303               	bcf	3,6	;RP1=0, select bank0
   352  00B2  07A3               	addwf	delay@of_cnt,f
   353  00B3  1803               	skipnc
   354  00B4  0AA4               	incf	delay@of_cnt+1,f
   355  00B5  3000               	movlw	0
   356  00B6  07A4               	addwf	delay@of_cnt+1,f
   357                           
   358                           ;LE3-3.c: 20: myTMR0IF = 0;
   359  00B7  1076               	bcf	_myTMR0IF/(0+8),_myTMR0IF& (0+7)	;volatile
   360  00B8  289F               	goto	l33
   361  00B9                     __end_of_delay:	
   362                           
   363                           	psect	text2
   364  001B                     __ptext2:	
   365 ;; *************** function _ISR *****************
   366 ;; Defined at:
   367 ;;		line 25 in file "C:\Users\enzoa\OneDrive\Documents\GitHub\3rd_Year_Archives\CpE3201_Embedded_Systems\Practical_Activ
      +ities\PA3\LE3-3\LE3-3.c"
   368 ;; Parameters:    Size  Location     Type
   369 ;;		None
   370 ;; Auto vars:     Size  Location     Type
   371 ;;  DATA            1    5[COMMON] unsigned char 
   372 ;; Return value:  Size  Location     Type
   373 ;;		None               void
   374 ;; Registers used:
   375 ;;		wreg, fsr0l, fsr0h, status,2, status,0
   376 ;; Tracked objects:
   377 ;;		On entry : 0/0
   378 ;;		On exit  : 0/0
   379 ;;		Unchanged: 0/0
   380 ;; Data sizes:     COMMON   BANK0   BANK1   BANK3   BANK2
   381 ;;      Params:         0       0       0       0       0
   382 ;;      Locals:         1       0       0       0       0
   383 ;;      Temps:          5       0       0       0       0
   384 ;;      Totals:         6       0       0       0       0
   385 ;;Total ram usage:        6 bytes
   386 ;; Hardware stack levels used:    1
   387 ;; This function calls:
   388 ;;		Nothing
   389 ;; This function is called by:
   390 ;;		Interrupt level 1
   391 ;; This function uses a non-reentrant model
   392 ;;
   393                           
   394                           
   395                           ;psect for function _ISR
   396  001B                     _ISR:	
   397                           
   398                           ;LE3-3.c: 26: GIE = 0;
   399  001B  138B               	bcf	11,7	;volatile
   400                           
   401                           ;LE3-3.c: 27: if (INTF) {
   402  001C  1C8B               	btfss	11,1	;volatile
   403  001D  285E               	goto	i1l40
   404                           
   405                           ;LE3-3.c: 28: INTF = 0;
   406  001E  108B               	bcf	11,1	;volatile
   407                           
   408                           ;LE3-3.c: 29: unsigned char DATA = PORTD & 0x0F;
   409  001F  0808               	movf	8,w	;volatile
   410  0020  390F               	andlw	15
   411  0021  00F0               	movwf	??_ISR
   412  0022  0870               	movf	??_ISR,w
   413  0023  00F5               	movwf	ISR@DATA
   414                           
   415                           ;LE3-3.c: 30: switch (DATA) {
   416  0024  283C               	goto	i1l554
   417  0025                     i1l532:	
   418                           ;LE3-3.c: 31: case 0x00: counter = 0; break;
   419                           
   420  0025  01F7               	clrf	_counter	;volatile
   421  0026  285C               	goto	i1l43
   422  0027                     i1l534:	
   423                           ;LE3-3.c: 32: case 0x01: counter = 1; break;
   424                           
   425  0027  3001               	movlw	1
   426  0028  2838               	goto	L8
   427  0029                     i1l536:	
   428                           ;LE3-3.c: 33: case 0x02: counter = 2; break;
   429                           
   430  0029  3002               	movlw	2
   431  002A  2838               	goto	L8
   432  002B                     i1l538:	
   433                           ;LE3-3.c: 34: case 0x04: counter = 3; break;
   434                           
   435  002B  3003               	movlw	3
   436  002C  2838               	goto	L8
   437  002D                     i1l540:	
   438                           ;LE3-3.c: 35: case 0x05: counter = 4; break;
   439                           
   440  002D  3004               	movlw	4
   441  002E  2838               	goto	L8
   442  002F                     i1l542:	
   443                           ;LE3-3.c: 36: case 0x06: counter = 5; break;
   444                           
   445  002F  3005               	movlw	5
   446  0030  2838               	goto	L8
   447  0031                     i1l544:	
   448                           ;LE3-3.c: 37: case 0x08: counter = 6; break;
   449                           
   450  0031  3006               	movlw	6
   451  0032  2838               	goto	L8
   452  0033                     i1l546:	
   453                           ;LE3-3.c: 38: case 0x09: counter = 7; break;
   454                           
   455  0033  3007               	movlw	7
   456  0034  2838               	goto	L8
   457  0035                     i1l548:	
   458                           ;LE3-3.c: 39: case 0x0A: counter = 8; break;
   459                           
   460  0035  3008               	movlw	8
   461  0036  2838               	goto	L8
   462  0037                     i1l550:	
   463                           ;LE3-3.c: 40: case 0x0D: counter = 9; break;
   464                           
   465  0037  3009               	movlw	9
   466  0038                     L8:	
   467  0038  00F0               	movwf	??_ISR
   468  0039  0870               	movf	??_ISR,w
   469  003A  00F7               	movwf	_counter	;volatile
   470                           
   471                           ;LE3-3.c: 42: }
   472                           
   473                           ;LE3-3.c: 41: default: break;
   474  003B  285C               	goto	i1l43
   475  003C                     i1l554:	
   476  003C  0875               	movf	ISR@DATA,w
   477                           
   478                           ; Switch size 1, requested type "space"
   479                           ; Number of cases is 10, Range of values is 0 to 13
   480                           ; switch strategies available:
   481                           ; Name         Instructions Cycles
   482                           ; simple_byte           31    16 (average)
   483                           ; direct_byte           50     8 (fixed)
   484                           ; jumptable            260     6 (fixed)
   485                           ;	Chosen strategy is simple_byte
   486  003D  3A00               	xorlw	0	; case 0
   487  003E  1903               	skipnz
   488  003F  2825               	goto	i1l532
   489  0040  3A01               	xorlw	1	; case 1
   490  0041  1903               	skipnz
   491  0042  2827               	goto	i1l534
   492  0043  3A03               	xorlw	3	; case 2
   493  0044  1903               	skipnz
   494  0045  2829               	goto	i1l536
   495  0046  3A06               	xorlw	6	; case 4
   496  0047  1903               	skipnz
   497  0048  282B               	goto	i1l538
   498  0049  3A01               	xorlw	1	; case 5
   499  004A  1903               	skipnz
   500  004B  282D               	goto	i1l540
   501  004C  3A03               	xorlw	3	; case 6
   502  004D  1903               	skipnz
   503  004E  282F               	goto	i1l542
   504  004F  3A0E               	xorlw	14	; case 8
   505  0050  1903               	skipnz
   506  0051  2831               	goto	i1l544
   507  0052  3A01               	xorlw	1	; case 9
   508  0053  1903               	skipnz
   509  0054  2833               	goto	i1l546
   510  0055  3A03               	xorlw	3	; case 10
   511  0056  1903               	skipnz
   512  0057  2835               	goto	i1l548
   513  0058  3A07               	xorlw	7	; case 13
   514  0059  1903               	skipnz
   515  005A  2837               	goto	i1l550
   516  005B  285C               	goto	i1l43
   517  005C                     i1l43:	
   518                           
   519                           ;LE3-3.c: 43: INTE = 1;
   520  005C  160B               	bsf	11,4	;volatile
   521                           
   522                           ;LE3-3.c: 44: }
   523  005D  2862               	goto	i1l54
   524  005E                     i1l40:	
   525                           
   526                           ;LE3-3.c: 45: else if (TMR0IF) {
   527  005E  1D0B               	btfss	11,2	;volatile
   528  005F  2862               	goto	i1l54
   529                           
   530                           ;LE3-3.c: 46: TMR0IF = 0;
   531  0060  110B               	bcf	11,2	;volatile
   532                           
   533                           ;LE3-3.c: 47: myTMR0IF = 1;
   534  0061  1476               	bsf	_myTMR0IF/(0+8),_myTMR0IF& (0+7)	;volatile
   535  0062                     i1l54:	
   536                           
   537                           ;LE3-3.c: 48: }
   538                           ;LE3-3.c: 49: GIE = 1;
   539  0062  178B               	bsf	11,7	;volatile
   540  0063  0874               	movf	??_ISR+4,w
   541  0064  00FF               	movwf	127
   542  0065  0873               	movf	??_ISR+3,w
   543  0066  008A               	movwf	10
   544  0067  0872               	movf	??_ISR+2,w
   545  0068  0084               	movwf	4
   546  0069  0E71               	swapf	(??_ISR+1)^(0+-128),w
   547  006A  0083               	movwf	3
   548  006B  0EFE               	swapf	126,f
   549  006C  0E7E               	swapf	126,w
   550  006D  0009               	retfie
   551  006E                     __end_of_ISR:	
   552  007E                     btemp	set	126	;btemp
   553  007E                     wtemp	set	126
   554  007E                     wtemp0	set	126
   555  0080                     wtemp1	set	128
   556  0082                     wtemp2	set	130
   557  0084                     wtemp3	set	132
   558  0086                     wtemp4	set	134
   559  0088                     wtemp5	set	136
   560  007F                     wtemp6	set	127
   561  007E                     ttemp	set	126
   562  007E                     ttemp0	set	126
   563  0081                     ttemp1	set	129
   564  0084                     ttemp2	set	132
   565  0087                     ttemp3	set	135
   566  007F                     ttemp4	set	127
   567  007E                     ltemp	set	126
   568  007E                     ltemp0	set	126
   569  0082                     ltemp1	set	130
   570  0086                     ltemp2	set	134
   571  0080                     ltemp3	set	128
   572                           
   573                           	psect	intentry
   574  0004                     __pintentry:	
   575                           ;incstack = 0
   576                           ; Regs used in _ISR: [wreg-fsr0h+status,2+status,0]
   577                           
   578  0004                     interrupt_function:	
   579  007E                     saved_w	set	btemp
   580  0004  00FE               	movwf	btemp
   581  0005  0E03               	swapf	3,w
   582  0006  00F1               	movwf	??_ISR+1
   583  0007  0804               	movf	4,w
   584  0008  00F2               	movwf	??_ISR+2
   585  0009  080A               	movf	10,w
   586  000A  00F3               	movwf	??_ISR+3
   587  000B  1283               	bcf	3,5	;RP0=0, select bank0
   588  000C  1303               	bcf	3,6	;RP1=0, select bank0
   589  000D  087F               	movf	btemp+1,w
   590  000E  00F4               	movwf	??_ISR+4
   591  000F  120A  118A  281B   	ljmp	_ISR


Data Sizes:
    Strings     0
    Constant    0
    Data        0
    BSS         1
    Persistent  0
    Stack       0

Auto Spaces:
    Space          Size  Autos    Used
    COMMON           14      6       8
    BANK0            80      6       6
    BANK1            80      0       0
    BANK3            96      0       0
    BANK2            96      0       0

Pointer List with Targets:

    None.

Critical Paths under _main in COMMON

    None.

Critical Paths under _ISR in COMMON

    None.

Critical Paths under _main in BANK0

    _main->_delay

Critical Paths under _ISR in BANK0

    None.

Critical Paths under _main in BANK1

    None.

Critical Paths under _ISR in BANK1

    None.

Critical Paths under _main in BANK3

    None.

Critical Paths under _ISR in BANK3

    None.

Critical Paths under _main in BANK2

    None.

Critical Paths under _ISR in BANK2

    None.

Call Graph Tables:

 ---------------------------------------------------------------------------------
 (Depth) Function   	        Calls       Base Space   Used Autos Params    Refs
 ---------------------------------------------------------------------------------
 (0) _main                                                 1     1      0     133
                                              5 BANK0      1     1      0
                              _delay
 ---------------------------------------------------------------------------------
 (1) _delay                                                5     3      2     133
                                              0 BANK0      5     3      2
 ---------------------------------------------------------------------------------
 Estimated maximum stack depth 1
 ---------------------------------------------------------------------------------
 (Depth) Function   	        Calls       Base Space   Used Autos Params    Refs
 ---------------------------------------------------------------------------------
 (2) _ISR                                                  6     6      0      15
                                              0 COMMON     6     6      0
 ---------------------------------------------------------------------------------
 Estimated maximum stack depth 2
 ---------------------------------------------------------------------------------

 Call Graph Graphs:

 _main (ROOT)
   _delay

 _ISR (ROOT)

 Address spaces:
Name               Size   Autos  Total    Cost      Usage
BITCOMMON            E      0       1       0        7.1%
EEDATA             100      0       0       0        0.0%
NULL                 0      0       0       0        0.0%
CODE                 0      0       0       0        0.0%
COMMON               E      6       8       1       57.1%
BITSFR0              0      0       0       1        0.0%
SFR0                 0      0       0       1        0.0%
BITSFR1              0      0       0       2        0.0%
SFR1                 0      0       0       2        0.0%
STACK                0      0       0       2        0.0%
ABS                  0      0       E       3        0.0%
BITBANK0            50      0       0       4        0.0%
BITSFR3              0      0       0       4        0.0%
SFR3                 0      0       0       4        0.0%
BANK0               50      6       6       5        7.5%
BITSFR2              0      0       0       5        0.0%
SFR2                 0      0       0       5        0.0%
BITBANK1            50      0       0       6        0.0%
BANK1               50      0       0       7        0.0%
BITBANK3            60      0       0       8        0.0%
BANK3               60      0       0       9        0.0%
BITBANK2            60      0       0      10        0.0%
BANK2               60      0       0      11        0.0%
DATA                 0      0       E      12        0.0%


Microchip Technology PIC Macro Assembler V1.33 build 59893 
Symbol Table                                                                                   Wed Mar 11 18:43:28 2026

            __CFG_CP$OFF 0000                       l33 009F                       l59 0083  
                    _GIE 005F                      u105 00AB             __CFG_CPD$OFF 0000  
                    _ISR 001B                      fsr0 0004             __CFG_FOSC$XT 0000  
           __CFG_LVP$OFF 0000                     ?_ISR 0070                     _INTE 005C  
                   _INTF 0059                     i1l40 005E                     i1l43 005C  
                   i1l54 0062             __CFG_WRT$OFF 0000                     _main 006E  
                   btemp 007E            __CFG_BOREN$ON 0000                     ltemp 007E  
                   start 0012                     ttemp 007E                     wtemp 007E  
                  ??_ISR 0070                    ?_main 0070            __CFG_WDTE$OFF 0000  
                  i1l540 002D                    i1l532 0025                    i1l550 0037  
                  i1l542 002F                    i1l534 0027                    i1l544 0031  
                  i1l536 0029                    i1l546 0033                    i1l538 002B  
                  i1l554 003C                    i1l548 0035                    _PORTA 0005  
                  _PORTC 0007                    _PORTD 0008                    _TRISA 0085  
                  _TRISB 0086                    _TRISC 0087                    _TRISD 0088  
          __CFG_PWRTE$ON 0000                    _delay 009B           __pbitbssCOMMON 03B0  
                  pclath 000A                    ltemp0 007E                    ltemp1 0082  
                  ltemp2 0086                    ltemp3 0080                    ttemp0 007E  
                  ttemp1 0081                    ttemp2 0084                    ttemp3 0087  
                  ttemp4 007F                    status 0003                    wtemp0 007E  
                  wtemp1 0080                    wtemp2 0082                    wtemp3 0084  
                  wtemp4 0086                    wtemp5 0088                    wtemp6 007F  
        __initialization 0015             __end_of_main 009B                   ??_main 0025  
                 ?_delay 0020                   _TMR0IE 005D                   _TMR0IF 005A  
                 saved_w 007E  __end_of__initialization 0017           __pcstackCOMMON 0070  
          __end_of_delay 00B9                  ??_delay 0022                  ISR@DATA 0075  
             __pmaintext 006E               __pintentry 0004                  __ptext0 0000  
                __ptext1 009B                  __ptext2 001B             __size_of_ISR 0053  
                _counter 0077     end_of_initialization 0017      start_initialization 0015  
            __end_of_ISR 006E              __pbssCOMMON 0077                ___latbits 0002  
          __pcstackBANK0 0020           __size_of_delay 001E        interrupt_function 0004  
               _myTMR0IF 03B0            __size_of_main 002D              delay@of_cnt 0023  
               delay@cnt 0020                 intlevel1 0000               _OPTION_REG 0081  
