

Microchip Technology PIC LITE Macro Assembler V1.33 build 59893 
                                                                                               Fri Feb 27 10:04:11 2026

Microchip Technology Omniscient Code Generator (Lite mode) build 59893
     1                           	processor	16F877A
     2                           	opt	pw 120
     3                           	opt	lm
     4                           	psect	text0,local,class=CODE,merge=1,delta=2
     5                           	psect	cinit,global,class=CODE,merge=1,delta=2
     6                           	psect	cstackCOMMON,global,class=COMMON,space=1,delta=1
     7                           	psect	maintext,global,class=CODE,split=1,delta=2
     8                           	psect	text1,local,class=CODE,merge=1,delta=2
     9                           	psect	text2,local,class=CODE,merge=1,delta=2
    10                           	psect	text3,local,class=CODE,merge=1,delta=2
    11                           	psect	text4,local,class=CODE,merge=1,delta=2
    12                           	dabs	1,0x7E,2
    13  0000                     	;# 
    14  0001                     	;# 
    15  0002                     	;# 
    16  0003                     	;# 
    17  0004                     	;# 
    18  0005                     	;# 
    19  0006                     	;# 
    20  0007                     	;# 
    21  0008                     	;# 
    22  0009                     	;# 
    23  000A                     	;# 
    24  000B                     	;# 
    25  000C                     	;# 
    26  000D                     	;# 
    27  000E                     	;# 
    28  000E                     	;# 
    29  000F                     	;# 
    30  0010                     	;# 
    31  0011                     	;# 
    32  0012                     	;# 
    33  0013                     	;# 
    34  0014                     	;# 
    35  0015                     	;# 
    36  0015                     	;# 
    37  0016                     	;# 
    38  0017                     	;# 
    39  0018                     	;# 
    40  0019                     	;# 
    41  001A                     	;# 
    42  001B                     	;# 
    43  001B                     	;# 
    44  001C                     	;# 
    45  001D                     	;# 
    46  001E                     	;# 
    47  001F                     	;# 
    48  0081                     	;# 
    49  0085                     	;# 
    50  0086                     	;# 
    51  0087                     	;# 
    52  0088                     	;# 
    53  0089                     	;# 
    54  008C                     	;# 
    55  008D                     	;# 
    56  008E                     	;# 
    57  0091                     	;# 
    58  0092                     	;# 
    59  0093                     	;# 
    60  0094                     	;# 
    61  0098                     	;# 
    62  0099                     	;# 
    63  009C                     	;# 
    64  009D                     	;# 
    65  009E                     	;# 
    66  009F                     	;# 
    67  010C                     	;# 
    68  010D                     	;# 
    69  010E                     	;# 
    70  010F                     	;# 
    71  018C                     	;# 
    72  018D                     	;# 
    73  0006                     _PORTB	set	6
    74  0038                     _RC0	set	56
    75  0039                     _RC1	set	57
    76  003A                     _RC2	set	58
    77  0086                     _TRISB	set	134
    78  0087                     _TRISC	set	135
    79  0088                     _TRISD	set	136
    80                           
    81                           	psect	text0
    82  0000                     __ptext0:	
    83                           ; #config settings
    84                           
    85                           
    86                           ;psect for function _delay
    87  0000                     
    88                           	psect	cinit
    89  07FC                     start_initialization:	
    90  07FC                     __initialization:	
    91  07FC                     end_of_initialization:	
    92                           ;End of C runtime variable initialization code
    93                           
    94  07FC                     __end_of__initialization:	
    95  07FC  0183               	clrf	3
    96  07FD  120A  118A  2FC6   	ljmp	_main	;jump to C main() function
    97                           
    98                           	psect	cstackCOMMON
    99  0070                     __pcstackCOMMON:	
   100  0070                     ?_delay:	
   101  0070                     ??_delay:	
   102                           ; 0 bytes @ 0x0
   103                           
   104  0070                     ?_dataCtrl:	
   105                           ; 0 bytes @ 0x0
   106                           
   107  0070                     ?_instCtrl:	
   108                           ; 0 bytes @ 0x0
   109                           
   110  0070                     ?_initLCD:	
   111                           ; 0 bytes @ 0x0
   112                           
   113  0070                     ?_main:	
   114                           ; 0 bytes @ 0x0
   115                           
   116                           
   117                           ; 0 bytes @ 0x0
   118  0070                     	ds	2
   119  0072                     delay@cnt:	
   120                           
   121                           ; 1 bytes @ 0x2
   122  0072                     	ds	1
   123  0073                     delay@i:	
   124                           
   125                           ; 2 bytes @ 0x3
   126  0073                     	ds	2
   127  0075                     delay@j:	
   128                           
   129                           ; 2 bytes @ 0x5
   130  0075                     	ds	2
   131  0077                     ??_dataCtrl:	
   132  0077                     ??_instCtrl:	
   133                           ; 0 bytes @ 0x7
   134                           
   135  0077                     dataCtrl@INST:	
   136                           ; 0 bytes @ 0x7
   137                           
   138  0077                     instCtrl@INST:	
   139                           ; 1 bytes @ 0x7
   140                           
   141                           
   142                           ; 1 bytes @ 0x7
   143  0077                     	ds	1
   144  0078                     ??_initLCD:	
   145  0078                     ??_main:	
   146                           ; 0 bytes @ 0x8
   147                           
   148                           
   149                           	psect	maintext
   150  07C6                     __pmaintext:	
   151                           ; 0 bytes @ 0x8
   152 ;;
   153 ;;Main: autosize = 0, tempsize = 0, incstack = 0, save=0
   154 ;;
   155 ;; *************** function _main *****************
   156 ;; Defined at:
   157 ;;		line 48 in file "C:\Users\enzoa\OneDrive\Documents\GitHub\3rd_Year_Archives\CpE3201_Embedded_Systems\Practical_Activ
      +ities\PA2\LE2-1\LE2-1.c"
   158 ;; Parameters:    Size  Location     Type
   159 ;;		None
   160 ;; Auto vars:     Size  Location     Type
   161 ;;  DATA            1    0        unsigned char 
   162 ;; Return value:  Size  Location     Type
   163 ;;		None               void
   164 ;; Registers used:
   165 ;;		wreg, status,2, status,0, btemp+1, pclath, cstack
   166 ;; Tracked objects:
   167 ;;		On entry : 17F/0
   168 ;;		On exit  : 0/0
   169 ;;		Unchanged: 0/0
   170 ;; Data sizes:     COMMON   BANK0   BANK1   BANK3   BANK2
   171 ;;      Params:         0       0       0       0       0
   172 ;;      Locals:         0       0       0       0       0
   173 ;;      Temps:          0       0       0       0       0
   174 ;;      Totals:         0       0       0       0       0
   175 ;;Total ram usage:        0 bytes
   176 ;; Hardware stack levels required when called:    3
   177 ;; This function calls:
   178 ;;		_dataCtrl
   179 ;;		_initLCD
   180 ;;		_instCtrl
   181 ;; This function is called by:
   182 ;;		Startup code after reset
   183 ;; This function uses a non-reentrant model
   184 ;;
   185                           
   186                           
   187                           ;psect for function _main
   188  07C6                     _main:	
   189                           
   190                           ;LE2-1.c: 50: unsigned char DATA;
   191                           ;LE2-1.c: 51: TRISB = 0x00;
   192                           
   193                           ;incstack = 0
   194                           ; Regs used in _main: [wreg+status,2+status,0+btemp+1+pclath+cstack]
   195  07C6  1683               	bsf	3,5	;RP0=1, select bank1
   196  07C7  1303               	bcf	3,6	;RP1=0, select bank1
   197  07C8  0186               	clrf	6	;volatile
   198                           
   199                           ;LE2-1.c: 52: TRISC = 0x00;
   200  07C9  0187               	clrf	7	;volatile
   201                           
   202                           ;LE2-1.c: 53: TRISD = 0xFF;
   203  07CA  30FF               	movlw	255
   204  07CB  0088               	movwf	8	;volatile
   205                           
   206                           ;LE2-1.c: 55: initLCD();
   207  07CC  120A  118A  2772  120A  118A  	fcall	_initLCD
   208                           
   209                           ;LE2-1.c: 56: instCtrl(0x80);
   210  07D1  3080               	movlw	128
   211  07D2  120A  118A  2762  120A  118A  	fcall	_instCtrl
   212                           
   213                           ;LE2-1.c: 58: dataCtrl('H');
   214  07D7  3048               	movlw	72
   215  07D8  120A  118A  2752  120A  118A  	fcall	_dataCtrl
   216                           
   217                           ;LE2-1.c: 59: dataCtrl('E');
   218  07DD  3045               	movlw	69
   219  07DE  120A  118A  2752  120A  118A  	fcall	_dataCtrl
   220                           
   221                           ;LE2-1.c: 60: dataCtrl('L');
   222  07E3  304C               	movlw	76
   223  07E4  120A  118A  2752  120A  118A  	fcall	_dataCtrl
   224                           
   225                           ;LE2-1.c: 61: dataCtrl('L');
   226  07E9  304C               	movlw	76
   227  07EA  120A  118A  2752  120A  118A  	fcall	_dataCtrl
   228                           
   229                           ;LE2-1.c: 62: dataCtrl('O');
   230  07EF  304F               	movlw	79
   231  07F0  120A  118A  2752  120A  118A  	fcall	_dataCtrl
   232                           
   233                           ;LE2-1.c: 63: dataCtrl('!');
   234  07F5  3021               	movlw	33
   235  07F6  120A  118A  2752   	fcall	_dataCtrl
   236  07F9  120A  118A  2800   	ljmp	start
   237  07FC                     __end_of_main:	
   238                           
   239                           	psect	text1
   240  0772                     __ptext1:	
   241 ;; *************** function _initLCD *****************
   242 ;; Defined at:
   243 ;;		line 38 in file "C:\Users\enzoa\OneDrive\Documents\GitHub\3rd_Year_Archives\CpE3201_Embedded_Systems\Practical_Activ
      +ities\PA2\LE2-1\LE2-1.c"
   244 ;; Parameters:    Size  Location     Type
   245 ;;		None
   246 ;; Auto vars:     Size  Location     Type
   247 ;;		None
   248 ;; Return value:  Size  Location     Type
   249 ;;		None               void
   250 ;; Registers used:
   251 ;;		wreg, status,2, status,0, btemp+1, pclath, cstack
   252 ;; Tracked objects:
   253 ;;		On entry : 0/0
   254 ;;		On exit  : 0/0
   255 ;;		Unchanged: 0/0
   256 ;; Data sizes:     COMMON   BANK0   BANK1   BANK3   BANK2
   257 ;;      Params:         0       0       0       0       0
   258 ;;      Locals:         0       0       0       0       0
   259 ;;      Temps:          0       0       0       0       0
   260 ;;      Totals:         0       0       0       0       0
   261 ;;Total ram usage:        0 bytes
   262 ;; Hardware stack levels used:    1
   263 ;; Hardware stack levels required when called:    2
   264 ;; This function calls:
   265 ;;		_delay
   266 ;;		_instCtrl
   267 ;; This function is called by:
   268 ;;		_main
   269 ;; This function uses a non-reentrant model
   270 ;;
   271                           
   272                           
   273                           ;psect for function _initLCD
   274  0772                     _initLCD:	
   275                           
   276                           ;LE2-1.c: 39: delay(1000);
   277                           
   278                           ;incstack = 0
   279                           ; Regs used in _initLCD: [wreg+status,2+status,0+btemp+1+pclath+cstack]
   280  0772  30E8               	movlw	232
   281  0773  120A  118A  2795  120A  118A  	fcall	_delay
   282                           
   283                           ;LE2-1.c: 40: instCtrl(0x38);
   284  0778  3038               	movlw	56
   285  0779  120A  118A  2762  120A  118A  	fcall	_instCtrl
   286                           
   287                           ;LE2-1.c: 41: instCtrl(0x08);
   288  077E  3008               	movlw	8
   289  077F  120A  118A  2762  120A  118A  	fcall	_instCtrl
   290                           
   291                           ;LE2-1.c: 42: instCtrl(0x01);
   292  0784  3001               	movlw	1
   293  0785  120A  118A  2762  120A  118A  	fcall	_instCtrl
   294                           
   295                           ;LE2-1.c: 43: instCtrl(0x06);
   296  078A  3006               	movlw	6
   297  078B  120A  118A  2762  120A  118A  	fcall	_instCtrl
   298                           
   299                           ;LE2-1.c: 44: instCtrl(0x0F);
   300  0790  300F               	movlw	15
   301  0791  120A  118A  2762   	fcall	_instCtrl
   302  0794  0008               	return
   303  0795                     __end_of_initLCD:	
   304                           
   305                           	psect	text2
   306  0762                     __ptext2:	
   307 ;; *************** function _instCtrl *****************
   308 ;; Defined at:
   309 ;;		line 29 in file "C:\Users\enzoa\OneDrive\Documents\GitHub\3rd_Year_Archives\CpE3201_Embedded_Systems\Practical_Activ
      +ities\PA2\LE2-1\LE2-1.c"
   310 ;; Parameters:    Size  Location     Type
   311 ;;  INST            1    wreg     unsigned char 
   312 ;; Auto vars:     Size  Location     Type
   313 ;;  INST            1    7[COMMON] unsigned char 
   314 ;; Return value:  Size  Location     Type
   315 ;;		None               void
   316 ;; Registers used:
   317 ;;		wreg, status,2, status,0, btemp+1, pclath, cstack
   318 ;; Tracked objects:
   319 ;;		On entry : 0/0
   320 ;;		On exit  : 0/0
   321 ;;		Unchanged: 0/0
   322 ;; Data sizes:     COMMON   BANK0   BANK1   BANK3   BANK2
   323 ;;      Params:         0       0       0       0       0
   324 ;;      Locals:         1       0       0       0       0
   325 ;;      Temps:          0       0       0       0       0
   326 ;;      Totals:         1       0       0       0       0
   327 ;;Total ram usage:        1 bytes
   328 ;; Hardware stack levels used:    1
   329 ;; Hardware stack levels required when called:    1
   330 ;; This function calls:
   331 ;;		_delay
   332 ;; This function is called by:
   333 ;;		_initLCD
   334 ;;		_main
   335 ;; This function uses a non-reentrant model
   336 ;;
   337                           
   338                           
   339                           ;psect for function _instCtrl
   340  0762                     _instCtrl:	
   341                           
   342                           ;incstack = 0
   343                           ; Regs used in _instCtrl: [wreg+status,2+status,0+btemp+1+pclath+cstack]
   344                           ;instCtrl@INST stored from wreg
   345  0762  00F7               	movwf	instCtrl@INST
   346                           
   347                           ;LE2-1.c: 30: PORTB = INST;
   348  0763  0877               	movf	instCtrl@INST,w
   349  0764  1283               	bcf	3,5	;RP0=0, select bank0
   350  0765  1303               	bcf	3,6	;RP1=0, select bank0
   351  0766  0086               	movwf	6	;volatile
   352                           
   353                           ;LE2-1.c: 31: RC0 = 0;
   354  0767  1007               	bcf	7,0	;volatile
   355                           
   356                           ;LE2-1.c: 32: RC2 = 0;
   357  0768  1107               	bcf	7,2	;volatile
   358                           
   359                           ;LE2-1.c: 33: RC1 = 1;
   360  0769  1487               	bsf	7,1	;volatile
   361                           
   362                           ;LE2-1.c: 34: delay(1);
   363  076A  3001               	movlw	1
   364  076B  120A  118A  2795   	fcall	_delay
   365                           
   366                           ;LE2-1.c: 35: RC1 = 0;
   367  076E  1283               	bcf	3,5	;RP0=0, select bank0
   368  076F  1303               	bcf	3,6	;RP1=0, select bank0
   369  0770  1087               	bcf	7,1	;volatile
   370  0771  0008               	return
   371  0772                     __end_of_instCtrl:	
   372                           
   373                           	psect	text3
   374  0752                     __ptext3:	
   375 ;; *************** function _dataCtrl *****************
   376 ;; Defined at:
   377 ;;		line 20 in file "C:\Users\enzoa\OneDrive\Documents\GitHub\3rd_Year_Archives\CpE3201_Embedded_Systems\Practical_Activ
      +ities\PA2\LE2-1\LE2-1.c"
   378 ;; Parameters:    Size  Location     Type
   379 ;;  INST            1    wreg     unsigned char 
   380 ;; Auto vars:     Size  Location     Type
   381 ;;  INST            1    7[COMMON] unsigned char 
   382 ;; Return value:  Size  Location     Type
   383 ;;		None               void
   384 ;; Registers used:
   385 ;;		wreg, status,2, status,0, btemp+1, pclath, cstack
   386 ;; Tracked objects:
   387 ;;		On entry : 0/0
   388 ;;		On exit  : 0/0
   389 ;;		Unchanged: 0/0
   390 ;; Data sizes:     COMMON   BANK0   BANK1   BANK3   BANK2
   391 ;;      Params:         0       0       0       0       0
   392 ;;      Locals:         1       0       0       0       0
   393 ;;      Temps:          0       0       0       0       0
   394 ;;      Totals:         1       0       0       0       0
   395 ;;Total ram usage:        1 bytes
   396 ;; Hardware stack levels used:    1
   397 ;; Hardware stack levels required when called:    1
   398 ;; This function calls:
   399 ;;		_delay
   400 ;; This function is called by:
   401 ;;		_main
   402 ;; This function uses a non-reentrant model
   403 ;;
   404                           
   405                           
   406                           ;psect for function _dataCtrl
   407  0752                     _dataCtrl:	
   408                           
   409                           ;incstack = 0
   410                           ; Regs used in _dataCtrl: [wreg+status,2+status,0+btemp+1+pclath+cstack]
   411                           ;dataCtrl@INST stored from wreg
   412  0752  00F7               	movwf	dataCtrl@INST
   413                           
   414                           ;LE2-1.c: 21: PORTB = INST;
   415  0753  0877               	movf	dataCtrl@INST,w
   416  0754  1283               	bcf	3,5	;RP0=0, select bank0
   417  0755  1303               	bcf	3,6	;RP1=0, select bank0
   418  0756  0086               	movwf	6	;volatile
   419                           
   420                           ;LE2-1.c: 22: RC0 = 1;
   421  0757  1407               	bsf	7,0	;volatile
   422                           
   423                           ;LE2-1.c: 23: RC2 = 0;
   424  0758  1107               	bcf	7,2	;volatile
   425                           
   426                           ;LE2-1.c: 24: RC1 = 1;
   427  0759  1487               	bsf	7,1	;volatile
   428                           
   429                           ;LE2-1.c: 25: delay(1);
   430  075A  3001               	movlw	1
   431  075B  120A  118A  2795   	fcall	_delay
   432                           
   433                           ;LE2-1.c: 26: RC1 = 0;
   434  075E  1283               	bcf	3,5	;RP0=0, select bank0
   435  075F  1303               	bcf	3,6	;RP1=0, select bank0
   436  0760  1087               	bcf	7,1	;volatile
   437  0761  0008               	return
   438  0762                     __end_of_dataCtrl:	
   439                           
   440                           	psect	text4
   441  0795                     __ptext4:	
   442 ;; *************** function _delay *****************
   443 ;; Defined at:
   444 ;;		line 13 in file "C:\Users\enzoa\OneDrive\Documents\GitHub\3rd_Year_Archives\CpE3201_Embedded_Systems\Practical_Activ
      +ities\PA2\LE2-1\LE2-1.c"
   445 ;; Parameters:    Size  Location     Type
   446 ;;  cnt             1    wreg     unsigned char 
   447 ;; Auto vars:     Size  Location     Type
   448 ;;  cnt             1    2[COMMON] unsigned char 
   449 ;;  j               2    5[COMMON] int 
   450 ;;  i               2    3[COMMON] int 
   451 ;; Return value:  Size  Location     Type
   452 ;;		None               void
   453 ;; Registers used:
   454 ;;		wreg, status,2, status,0, btemp+1
   455 ;; Tracked objects:
   456 ;;		On entry : 0/0
   457 ;;		On exit  : 0/0
   458 ;;		Unchanged: 0/0
   459 ;; Data sizes:     COMMON   BANK0   BANK1   BANK3   BANK2
   460 ;;      Params:         0       0       0       0       0
   461 ;;      Locals:         5       0       0       0       0
   462 ;;      Temps:          2       0       0       0       0
   463 ;;      Totals:         7       0       0       0       0
   464 ;;Total ram usage:        7 bytes
   465 ;; Hardware stack levels used:    1
   466 ;; This function calls:
   467 ;;		Nothing
   468 ;; This function is called by:
   469 ;;		_dataCtrl
   470 ;;		_instCtrl
   471 ;;		_initLCD
   472 ;; This function uses a non-reentrant model
   473 ;;
   474                           
   475                           
   476                           ;psect for function _delay
   477  0795                     _delay:	
   478                           
   479                           ;incstack = 0
   480                           ; Regs used in _delay: [wreg+status,2+status,0+btemp+1]
   481                           ;delay@cnt stored from wreg
   482  0795  00F2               	movwf	delay@cnt
   483                           
   484                           ;LE2-1.c: 14: int i, j;
   485                           ;LE2-1.c: 15: for (i = cnt; i!=0; i--){
   486  0796  0872               	movf	delay@cnt,w
   487  0797  00F0               	movwf	??_delay
   488  0798  01F1               	clrf	??_delay+1
   489  0799  0870               	movf	??_delay,w
   490  079A  00F3               	movwf	delay@i
   491  079B  0871               	movf	??_delay+1,w
   492  079C  00F4               	movwf	delay@i+1
   493  079D                     L1:	
   494  079D  0874               	movf	delay@i+1,w
   495  079E  0473               	iorwf	delay@i,w
   496  079F  1903               	btfsc	3,2
   497  07A0  0008               	return
   498                           
   499                           ;LE2-1.c: 16: for (j=0; j<1000; j++){}
   500  07A1  01F5               	clrf	delay@j
   501  07A2  01F6               	clrf	delay@j+1
   502  07A3  0876               	movf	delay@j+1,w
   503  07A4  3A80               	xorlw	128
   504  07A5  00FF               	movwf	127
   505  07A6  3083               	movlw	131
   506  07A7  027F               	subwf	127,w
   507  07A8  1D03               	skipz
   508  07A9  2FAC               	goto	u25
   509  07AA  30E8               	movlw	232
   510  07AB  0275               	subwf	delay@j,w
   511  07AC                     u25:	
   512  07AC  1803               	btfsc	3,0
   513  07AD  2FBF               	goto	l506
   514  07AE                     l502:	
   515  07AE  3001               	movlw	1
   516  07AF  07F5               	addwf	delay@j,f
   517  07B0  1803               	skipnc
   518  07B1  0AF6               	incf	delay@j+1,f
   519  07B2  3000               	movlw	0
   520  07B3  07F6               	addwf	delay@j+1,f
   521  07B4  0876               	movf	delay@j+1,w
   522  07B5  3A80               	xorlw	128
   523  07B6  00FF               	movwf	127
   524  07B7  3083               	movlw	131
   525  07B8  027F               	subwf	127,w
   526  07B9  1D03               	skipz
   527  07BA  2FBD               	goto	u35
   528  07BB  30E8               	movlw	232
   529  07BC  0275               	subwf	delay@j,w
   530  07BD                     u35:	
   531  07BD  1C03               	skipc
   532  07BE  2FAE               	goto	l502
   533  07BF                     l506:	
   534  07BF  30FF               	movlw	255
   535  07C0  07F3               	addwf	delay@i,f
   536  07C1  1803               	skipnc
   537  07C2  0AF4               	incf	delay@i+1,f
   538  07C3  30FF               	movlw	255
   539  07C4  07F4               	addwf	delay@i+1,f
   540  07C5  2F9D               	goto	L1
   541  07C6                     __end_of_delay:	
   542  007E                     btemp	set	126	;btemp
   543  007E                     wtemp	set	126
   544  007E                     wtemp0	set	126
   545  0080                     wtemp1	set	128
   546  0082                     wtemp2	set	130
   547  0084                     wtemp3	set	132
   548  0086                     wtemp4	set	134
   549  0088                     wtemp5	set	136
   550  007F                     wtemp6	set	127
   551  007E                     ttemp	set	126
   552  007E                     ttemp0	set	126
   553  0081                     ttemp1	set	129
   554  0084                     ttemp2	set	132
   555  0087                     ttemp3	set	135
   556  007F                     ttemp4	set	127
   557  007E                     ltemp	set	126
   558  007E                     ltemp0	set	126
   559  0082                     ltemp1	set	130
   560  0086                     ltemp2	set	134
   561  0080                     ltemp3	set	128


Data Sizes:
    Strings     0
    Constant    0
    Data        0
    BSS         0
    Persistent  0
    Stack       0

Auto Spaces:
    Space          Size  Autos    Used
    COMMON           14      8       8
    BANK0            80      0       0
    BANK1            80      0       0
    BANK3            96      0       0
    BANK2            96      0       0

Pointer List with Targets:

    None.

Critical Paths under _main in COMMON

    _main->_dataCtrl
    _main->_instCtrl
    _initLCD->_instCtrl
    _instCtrl->_delay
    _dataCtrl->_delay

Critical Paths under _main in BANK0

    None.

Critical Paths under _main in BANK1

    None.

Critical Paths under _main in BANK3

    None.

Critical Paths under _main in BANK2

    None.

Call Graph Tables:

 ---------------------------------------------------------------------------------
 (Depth) Function   	        Calls       Base Space   Used Autos Params    Refs
 ---------------------------------------------------------------------------------
 (0) _main                                                 1     1      0     345
                           _dataCtrl
                            _initLCD
                           _instCtrl
 ---------------------------------------------------------------------------------
 (1) _initLCD                                              0     0      0     165
                              _delay
                           _instCtrl
 ---------------------------------------------------------------------------------
 (1) _instCtrl                                             1     1      0      90
                                              7 COMMON     1     1      0
                              _delay
 ---------------------------------------------------------------------------------
 (1) _dataCtrl                                             1     1      0      90
                                              7 COMMON     1     1      0
                              _delay
 ---------------------------------------------------------------------------------
 (2) _delay                                                7     7      0      75
                                              0 COMMON     7     7      0
 ---------------------------------------------------------------------------------
 Estimated maximum stack depth 2
 ---------------------------------------------------------------------------------

 Call Graph Graphs:

 _main (ROOT)
   _dataCtrl
     _delay
   _initLCD
     _delay
     _instCtrl
       _delay
   _instCtrl
     _delay

 Address spaces:
Name               Size   Autos  Total    Cost      Usage
BITCOMMON            E      0       0       0        0.0%
EEDATA             100      0       0       0        0.0%
NULL                 0      0       0       0        0.0%
CODE                 0      0       0       0        0.0%
COMMON               E      8       8       1       57.1%
BITSFR0              0      0       0       1        0.0%
SFR0                 0      0       0       1        0.0%
BITSFR1              0      0       0       2        0.0%
SFR1                 0      0       0       2        0.0%
STACK                0      0       0       2        0.0%
ABS                  0      0       0       3        0.0%
BITBANK0            50      0       0       4        0.0%
BITSFR3              0      0       0       4        0.0%
SFR3                 0      0       0       4        0.0%
BANK0               50      0       0       5        0.0%
BITSFR2              0      0       0       5        0.0%
SFR2                 0      0       0       5        0.0%
BITBANK1            50      0       0       6        0.0%
BANK1               50      0       0       7        0.0%
BITBANK3            60      0       0       8        0.0%
BANK3               60      0       0       9        0.0%
BITBANK2            60      0       0      10        0.0%
BANK2               60      0       0      11        0.0%
DATA                 0      0       0      12        0.0%


Microchip Technology PIC Macro Assembler V1.33 build 59893 
Symbol Table                                                                                   Fri Feb 27 10:04:11 2026

            __CFG_CP$OFF 0000                       u25 07AC                       u35 07BD  
                    l502 07AE                      l506 07BF                      _RC0 0038  
                    _RC1 0039                      _RC2 003A             __CFG_CPD$OFF 0000  
           __CFG_FOSC$XT 0000             __CFG_LVP$OFF 0000             __CFG_WRT$OFF 0000  
                   _main 07C6                     btemp 007E            __CFG_BOREN$ON 0000  
                   ltemp 007E                     start 0000                     ttemp 007E  
                   wtemp 007E                    ?_main 0070            __CFG_WDTE$OFF 0000  
                  _PORTB 0006                    _TRISB 0086                    _TRISC 0087  
                  _TRISD 0088            __CFG_PWRTE$ON 0000          __end_of_initLCD 0795  
                  _delay 0795                    ltemp0 007E                    ltemp1 0082  
                  ltemp2 0086                    ltemp3 0080                    ttemp0 007E  
                  ttemp1 0081                    ttemp2 0084                    ttemp3 0087  
                  ttemp4 007F                    status 0003                    wtemp0 007E  
                  wtemp1 0080                    wtemp2 0082                    wtemp3 0084  
                  wtemp4 0086                    wtemp5 0088                    wtemp6 007F  
        __initialization 07FC             __end_of_main 07FC                   ??_main 0078  
                 ?_delay 0070         __end_of_dataCtrl 0762                   delay@i 0073  
                 delay@j 0075         __end_of_instCtrl 0772                ??_initLCD 0078  
__end_of__initialization 07FC           __pcstackCOMMON 0070            __end_of_delay 07C6  
                ??_delay 0070               __pmaintext 07C6                ?_dataCtrl 0070  
              ?_instCtrl 0070                  __ptext0 0000                  __ptext1 0772  
                __ptext2 0762                  __ptext3 0752                  __ptext4 0795  
                _initLCD 0772               ??_dataCtrl 0077     end_of_initialization 07FC  
             ??_instCtrl 0077             instCtrl@INST 0077      start_initialization 07FC  
           dataCtrl@INST 0077                ___latbits 0002        __size_of_dataCtrl 0010  
      __size_of_instCtrl 0010                 ?_initLCD 0070           __size_of_delay 0031  
               _dataCtrl 0752         __size_of_initLCD 0023            __size_of_main 0036  
               _instCtrl 0762                 delay@cnt 0072  
