

Microchip Technology PIC LITE Macro Assembler V1.33 build 59893 
                                                                                               Thu Apr 16 12:57:36 2026

Microchip Technology Omniscient Code Generator (Lite mode) build 59893
     1                           	processor	16F877A
     2                           	opt	pw 120
     3                           	opt	lm
     4                           	psect	strings,global,class=STRING,delta=2
     5                           	psect	cinit,global,class=CODE,merge=1,delta=2
     6                           	psect	cstackCOMMON,global,class=COMMON,space=1,delta=1
     7                           	psect	maintext,global,class=CODE,split=1,delta=2
     8                           	psect	text1,local,class=CODE,merge=1,delta=2
     9                           	psect	text2,local,class=CODE,merge=1,delta=2
    10                           	dabs	1,0x7E,2
    11  0000                     	;# 
    12  0001                     	;# 
    13  0002                     	;# 
    14  0003                     	;# 
    15  0004                     	;# 
    16  0005                     	;# 
    17  0006                     	;# 
    18  0007                     	;# 
    19  0008                     	;# 
    20  0009                     	;# 
    21  000A                     	;# 
    22  000B                     	;# 
    23  000C                     	;# 
    24  000D                     	;# 
    25  000E                     	;# 
    26  000E                     	;# 
    27  000F                     	;# 
    28  0010                     	;# 
    29  0011                     	;# 
    30  0012                     	;# 
    31  0013                     	;# 
    32  0014                     	;# 
    33  0015                     	;# 
    34  0015                     	;# 
    35  0016                     	;# 
    36  0017                     	;# 
    37  0018                     	;# 
    38  0019                     	;# 
    39  001A                     	;# 
    40  001B                     	;# 
    41  001B                     	;# 
    42  001C                     	;# 
    43  001D                     	;# 
    44  001E                     	;# 
    45  001F                     	;# 
    46  0081                     	;# 
    47  0085                     	;# 
    48  0086                     	;# 
    49  0087                     	;# 
    50  0088                     	;# 
    51  0089                     	;# 
    52  008C                     	;# 
    53  008D                     	;# 
    54  008E                     	;# 
    55  0091                     	;# 
    56  0092                     	;# 
    57  0093                     	;# 
    58  0094                     	;# 
    59  0098                     	;# 
    60  0099                     	;# 
    61  009C                     	;# 
    62  009D                     	;# 
    63  009E                     	;# 
    64  009F                     	;# 
    65  010C                     	;# 
    66  010D                     	;# 
    67  010E                     	;# 
    68  010F                     	;# 
    69  018C                     	;# 
    70  018D                     	;# 
    71  0006                     _PORTB	set	6
    72  0019                     _TXREG	set	25
    73  0034                     _RB4	set	52
    74  00C7                     _SPEN	set	199
    75  0064                     _TXIF	set	100
    76  0099                     _SPBRG	set	153
    77  0086                     _TRISB	set	134
    78  04C2                     _BRGH	set	1218
    79  04C4                     _SYNC	set	1220
    80  04C6                     _TX9	set	1222
    81  04C5                     _TXEN	set	1221
    82                           
    83                           	psect	strings
    84  0003                     __pstrings:	
    85  0003                     stringtab:	
    86  0003                     __stringtab:	
    87  0003                     stringcode:	
    88                           ;	String table - string pointers are 1 byte each
    89                           
    90  0003                     stringdir:	
    91  0003  3000               	movlw	high stringdir
    92  0004  008A               	movwf	10
    93  0005  0804               	movf	4,w
    94  0006  0A84               	incf	4,f
    95  0007  0782               	addwf	2,f
    96  0008                     __stringbase:	
    97  0008  3400               	retlw	0
    98  0009                     __end_of__stringtab:	
    99  0009                     __stringdata:	
   100  0009                     STR_12:	
   101  0009  3459               	retlw	89	;'Y'
   102  000A  346F               	retlw	111	;'o'
   103  000B  3475               	retlw	117	;'u'
   104  000C  3420               	retlw	32	;' '
   105  000D  3470               	retlw	112	;'p'
   106  000E  3472               	retlw	114	;'r'
   107  000F  3465               	retlw	101	;'e'
   108  0010  3473               	retlw	115	;'s'
   109  0011  3473               	retlw	115	;'s'
   110  0012  3465               	retlw	101	;'e'
   111  0013  3464               	retlw	100	;'d'
   112  0014  3420               	retlw	32	;' '
   113  0015  3423               	retlw	35	;'#'
   114  0016  3400               	retlw	0
   115  0017                     STR_10:	
   116  0017  3459               	retlw	89	;'Y'
   117  0018  346F               	retlw	111	;'o'
   118  0019  3475               	retlw	117	;'u'
   119  001A  3420               	retlw	32	;' '
   120  001B  3470               	retlw	112	;'p'
   121  001C  3472               	retlw	114	;'r'
   122  001D  3465               	retlw	101	;'e'
   123  001E  3473               	retlw	115	;'s'
   124  001F  3473               	retlw	115	;'s'
   125  0020  3465               	retlw	101	;'e'
   126  0021  3464               	retlw	100	;'d'
   127  0022  3420               	retlw	32	;' '
   128  0023  342A               	retlw	42	;'*'
   129  0024  3400               	retlw	0
   130  0025                     STR_11:	
   131  0025  3459               	retlw	89	;'Y'
   132  0026  346F               	retlw	111	;'o'
   133  0027  3475               	retlw	117	;'u'
   134  0028  3420               	retlw	32	;' '
   135  0029  3470               	retlw	112	;'p'
   136  002A  3472               	retlw	114	;'r'
   137  002B  3465               	retlw	101	;'e'
   138  002C  3473               	retlw	115	;'s'
   139  002D  3473               	retlw	115	;'s'
   140  002E  3465               	retlw	101	;'e'
   141  002F  3464               	retlw	100	;'d'
   142  0030  3420               	retlw	32	;' '
   143  0031  3430               	retlw	48	;'0'
   144  0032  3400               	retlw	0
   145  0033                     STR_1:	
   146  0033  3459               	retlw	89	;'Y'
   147  0034  346F               	retlw	111	;'o'
   148  0035  3475               	retlw	117	;'u'
   149  0036  3420               	retlw	32	;' '
   150  0037  3470               	retlw	112	;'p'
   151  0038  3472               	retlw	114	;'r'
   152  0039  3465               	retlw	101	;'e'
   153  003A  3473               	retlw	115	;'s'
   154  003B  3473               	retlw	115	;'s'
   155  003C  3465               	retlw	101	;'e'
   156  003D  3464               	retlw	100	;'d'
   157  003E  3420               	retlw	32	;' '
   158  003F  3431               	retlw	49	;'1'
   159  0040  3400               	retlw	0
   160  0041                     STR_2:	
   161  0041  3459               	retlw	89	;'Y'
   162  0042  346F               	retlw	111	;'o'
   163  0043  3475               	retlw	117	;'u'
   164  0044  3420               	retlw	32	;' '
   165  0045  3470               	retlw	112	;'p'
   166  0046  3472               	retlw	114	;'r'
   167  0047  3465               	retlw	101	;'e'
   168  0048  3473               	retlw	115	;'s'
   169  0049  3473               	retlw	115	;'s'
   170  004A  3465               	retlw	101	;'e'
   171  004B  3464               	retlw	100	;'d'
   172  004C  3420               	retlw	32	;' '
   173  004D  3432               	retlw	50	;'2'
   174  004E  3400               	retlw	0
   175  004F                     STR_3:	
   176  004F  3459               	retlw	89	;'Y'
   177  0050  346F               	retlw	111	;'o'
   178  0051  3475               	retlw	117	;'u'
   179  0052  3420               	retlw	32	;' '
   180  0053  3470               	retlw	112	;'p'
   181  0054  3472               	retlw	114	;'r'
   182  0055  3465               	retlw	101	;'e'
   183  0056  3473               	retlw	115	;'s'
   184  0057  3473               	retlw	115	;'s'
   185  0058  3465               	retlw	101	;'e'
   186  0059  3464               	retlw	100	;'d'
   187  005A  3420               	retlw	32	;' '
   188  005B  3433               	retlw	51	;'3'
   189  005C  3400               	retlw	0
   190  005D                     STR_4:	
   191  005D  3459               	retlw	89	;'Y'
   192  005E  346F               	retlw	111	;'o'
   193  005F  3475               	retlw	117	;'u'
   194  0060  3420               	retlw	32	;' '
   195  0061  3470               	retlw	112	;'p'
   196  0062  3472               	retlw	114	;'r'
   197  0063  3465               	retlw	101	;'e'
   198  0064  3473               	retlw	115	;'s'
   199  0065  3473               	retlw	115	;'s'
   200  0066  3465               	retlw	101	;'e'
   201  0067  3464               	retlw	100	;'d'
   202  0068  3420               	retlw	32	;' '
   203  0069  3434               	retlw	52	;'4'
   204  006A  3400               	retlw	0
   205  006B                     STR_5:	
   206  006B  3459               	retlw	89	;'Y'
   207  006C  346F               	retlw	111	;'o'
   208  006D  3475               	retlw	117	;'u'
   209  006E  3420               	retlw	32	;' '
   210  006F  3470               	retlw	112	;'p'
   211  0070  3472               	retlw	114	;'r'
   212  0071  3465               	retlw	101	;'e'
   213  0072  3473               	retlw	115	;'s'
   214  0073  3473               	retlw	115	;'s'
   215  0074  3465               	retlw	101	;'e'
   216  0075  3464               	retlw	100	;'d'
   217  0076  3420               	retlw	32	;' '
   218  0077  3435               	retlw	53	;'5'
   219  0078  3400               	retlw	0
   220  0079                     STR_6:	
   221  0079  3459               	retlw	89	;'Y'
   222  007A  346F               	retlw	111	;'o'
   223  007B  3475               	retlw	117	;'u'
   224  007C  3420               	retlw	32	;' '
   225  007D  3470               	retlw	112	;'p'
   226  007E  3472               	retlw	114	;'r'
   227  007F  3465               	retlw	101	;'e'
   228  0080  3473               	retlw	115	;'s'
   229  0081  3473               	retlw	115	;'s'
   230  0082  3465               	retlw	101	;'e'
   231  0083  3464               	retlw	100	;'d'
   232  0084  3420               	retlw	32	;' '
   233  0085  3436               	retlw	54	;'6'
   234  0086  3400               	retlw	0
   235  0087                     STR_7:	
   236  0087  3459               	retlw	89	;'Y'
   237  0088  346F               	retlw	111	;'o'
   238  0089  3475               	retlw	117	;'u'
   239  008A  3420               	retlw	32	;' '
   240  008B  3470               	retlw	112	;'p'
   241  008C  3472               	retlw	114	;'r'
   242  008D  3465               	retlw	101	;'e'
   243  008E  3473               	retlw	115	;'s'
   244  008F  3473               	retlw	115	;'s'
   245  0090  3465               	retlw	101	;'e'
   246  0091  3464               	retlw	100	;'d'
   247  0092  3420               	retlw	32	;' '
   248  0093  3437               	retlw	55	;'7'
   249  0094  3400               	retlw	0
   250  0095                     STR_8:	
   251  0095  3459               	retlw	89	;'Y'
   252  0096  346F               	retlw	111	;'o'
   253  0097  3475               	retlw	117	;'u'
   254  0098  3420               	retlw	32	;' '
   255  0099  3470               	retlw	112	;'p'
   256  009A  3472               	retlw	114	;'r'
   257  009B  3465               	retlw	101	;'e'
   258  009C  3473               	retlw	115	;'s'
   259  009D  3473               	retlw	115	;'s'
   260  009E  3465               	retlw	101	;'e'
   261  009F  3464               	retlw	100	;'d'
   262  00A0  3420               	retlw	32	;' '
   263  00A1  3438               	retlw	56	;'8'
   264  00A2  3400               	retlw	0
   265  00A3                     STR_9:	
   266  00A3  3459               	retlw	89	;'Y'
   267  00A4  346F               	retlw	111	;'o'
   268  00A5  3475               	retlw	117	;'u'
   269  00A6  3420               	retlw	32	;' '
   270  00A7  3470               	retlw	112	;'p'
   271  00A8  3472               	retlw	114	;'r'
   272  00A9  3465               	retlw	101	;'e'
   273  00AA  3473               	retlw	115	;'s'
   274  00AB  3473               	retlw	115	;'s'
   275  00AC  3465               	retlw	101	;'e'
   276  00AD  3464               	retlw	100	;'d'
   277  00AE  3420               	retlw	32	;' '
   278  00AF  3439               	retlw	57	;'9'
   279  00B0  3400               	retlw	0
   280  00B1                     __end_of__stringdata:	
   281                           
   282                           ; #config settings
   283  0000                     
   284                           	psect	cinit
   285  07FC                     start_initialization:	
   286  07FC                     __initialization:	
   287  07FC                     end_of_initialization:	
   288                           ;End of C runtime variable initialization code
   289                           
   290  07FC                     __end_of__initialization:	
   291  07FC  0183               	clrf	3
   292  07FD  120A  118A  2F57   	ljmp	_main	;jump to C main() function
   293                           
   294                           	psect	cstackCOMMON
   295  0070                     __pcstackCOMMON:	
   296  0070                     ?_sendChar:	
   297  0070                     ??_sendChar:	
   298                           ; 0 bytes @ 0x0
   299                           
   300  0070                     ?_sendString:	
   301                           ; 0 bytes @ 0x0
   302                           
   303  0070                     ?_main:	
   304                           ; 0 bytes @ 0x0
   305                           
   306  0070                     sendChar@ch:	
   307                           ; 0 bytes @ 0x0
   308                           
   309                           
   310                           ; 1 bytes @ 0x0
   311  0070                     	ds	1
   312  0071                     ??_sendString:	
   313                           
   314                           ; 0 bytes @ 0x1
   315  0071                     	ds	1
   316  0072                     sendString@i:	
   317                           
   318                           ; 1 bytes @ 0x2
   319  0072                     	ds	1
   320  0073                     sendString@str:	
   321                           
   322                           ; 1 bytes @ 0x3
   323  0073                     	ds	1
   324  0074                     ??_main:	
   325                           
   326                           ; 0 bytes @ 0x4
   327  0074                     	ds	1
   328  0075                     main@prevDATA:	
   329                           
   330                           ; 1 bytes @ 0x5
   331  0075                     	ds	1
   332  0076                     main@DATA:	
   333                           
   334                           ; 1 bytes @ 0x6
   335  0076                     	ds	1
   336                           
   337                           	psect	maintext
   338  0757                     __pmaintext:	
   339 ;;
   340 ;;Main: autosize = 0, tempsize = 1, incstack = 0, save=0
   341 ;;
   342 ;; *************** function _main *****************
   343 ;; Defined at:
   344 ;;		line 23 in file "C:\Users\enzoa\OneDrive\Documents\GitHub\3rd_Year_Archives\CpE3201_Embedded_Systems\Practical_Activ
      +ities\PA6\LE6-3\LE6-3.c"
   345 ;; Parameters:    Size  Location     Type
   346 ;;		None
   347 ;; Auto vars:     Size  Location     Type
   348 ;;  DATA            1    6[COMMON] unsigned char 
   349 ;;  prevDATA        1    5[COMMON] unsigned char 
   350 ;; Return value:  Size  Location     Type
   351 ;;		None               void
   352 ;; Registers used:
   353 ;;		wreg, fsr0l, fsr0h, status,2, status,0, pclath, cstack
   354 ;; Tracked objects:
   355 ;;		On entry : 17F/0
   356 ;;		On exit  : 0/0
   357 ;;		Unchanged: 0/0
   358 ;; Data sizes:     COMMON   BANK0   BANK1   BANK3   BANK2
   359 ;;      Params:         0       0       0       0       0
   360 ;;      Locals:         2       0       0       0       0
   361 ;;      Temps:          1       0       0       0       0
   362 ;;      Totals:         3       0       0       0       0
   363 ;;Total ram usage:        3 bytes
   364 ;; Hardware stack levels required when called:    2
   365 ;; This function calls:
   366 ;;		_sendChar
   367 ;;		_sendString
   368 ;; This function is called by:
   369 ;;		Startup code after reset
   370 ;; This function uses a non-reentrant model
   371 ;;
   372                           
   373                           
   374                           ;psect for function _main
   375  0757                     _main:	
   376                           
   377                           ;LE6-3.c: 25: unsigned char DATA;
   378                           ;LE6-3.c: 26: unsigned char prevDATA;
   379                           ;LE6-3.c: 29: TRISB = 0xFF;
   380                           
   381                           ;incstack = 0
   382                           ; Regs used in _main: [wreg-fsr0h+status,2+status,0+pclath+cstack]
   383  0757  30FF               	movlw	255
   384  0758  1683               	bsf	3,5	;RP0=1, select bank1
   385  0759  1303               	bcf	3,6	;RP1=0, select bank1
   386  075A  0086               	movwf	6	;volatile
   387                           
   388                           ;LE6-3.c: 31: SPBRG = 0x19;
   389  075B  3019               	movlw	25
   390  075C  0099               	movwf	25	;volatile
   391                           
   392                           ;LE6-3.c: 33: SYNC = 0;
   393  075D  1218               	bcf	24,4	;volatile
   394                           
   395                           ;LE6-3.c: 34: BRGH = 1;
   396  075E  1518               	bsf	24,2	;volatile
   397                           
   398                           ;LE6-3.c: 35: TX9 = 0;
   399  075F  1318               	bcf	24,6	;volatile
   400                           
   401                           ;LE6-3.c: 36: TXEN = 1;
   402  0760  1698               	bsf	24,5	;volatile
   403                           
   404                           ;LE6-3.c: 37: SPEN = 1;
   405  0761  1283               	bcf	3,5	;RP0=0, select bank0
   406  0762  1303               	bcf	3,6	;RP1=0, select bank0
   407  0763  1798               	bsf	24,7	;volatile
   408  0764  2FF7               	goto	L1
   409  0765                     l541:	
   410                           ;LE6-3.c: 39: prevDATA = 0xFF;
   411                           
   412                           
   413                           ;LE6-3.c: 43: DATA = PORTB & 0x0F;
   414  0765  0806               	movf	6,w	;volatile
   415  0766  390F               	andlw	15
   416  0767  00F4               	movwf	??_main
   417  0768  0874               	movf	??_main,w
   418  0769  00F6               	movwf	main@DATA
   419                           
   420                           ;LE6-3.c: 44: if (DATA != prevDATA){
   421  076A  0876               	movf	main@DATA,w
   422  076B  0675               	xorwf	main@prevDATA,w
   423  076C  1903               	skipnz
   424  076D  2FF3               	goto	l539
   425                           
   426                           ;LE6-3.c: 45: prevDATA = DATA;
   427  076E  0876               	movf	main@DATA,w
   428  076F  00F4               	movwf	??_main
   429  0770  0874               	movf	??_main,w
   430  0771  00F5               	movwf	main@prevDATA
   431                           
   432                           ;LE6-3.c: 46: switch(DATA){
   433  0772  2FC7               	goto	l573
   434  0773                     l547:	
   435                           ;LE6-3.c: 47: case 0x00: sendString("You pressed 1"); break;
   436                           
   437  0773  302B               	movlw	(STR_1-__stringbase)& (0+255)
   438  0774  120A  118A  2738  120A  118A  	fcall	_sendString
   439  0779  2FED               	goto	l575
   440  077A                     l549:	
   441                           ;LE6-3.c: 48: case 0x01: sendString("You pressed 2"); break;
   442                           
   443  077A  3039               	movlw	(STR_2-__stringbase)& (0+255)
   444  077B  120A  118A  2738  120A  118A  	fcall	_sendString
   445  0780  2FED               	goto	l575
   446  0781                     l551:	
   447                           ;LE6-3.c: 49: case 0x02: sendString("You pressed 3"); break;
   448                           
   449  0781  3047               	movlw	(STR_3-__stringbase)& (0+255)
   450  0782  120A  118A  2738  120A  118A  	fcall	_sendString
   451  0787  2FED               	goto	l575
   452  0788                     l553:	
   453                           ;LE6-3.c: 50: case 0x04: sendString("You pressed 4"); break;
   454                           
   455  0788  3055               	movlw	(STR_4-__stringbase)& (0+255)
   456  0789  120A  118A  2738  120A  118A  	fcall	_sendString
   457  078E  2FED               	goto	l575
   458  078F                     l555:	
   459                           ;LE6-3.c: 51: case 0x05: sendString("You pressed 5"); break;
   460                           
   461  078F  3063               	movlw	(STR_5-__stringbase)& (0+255)
   462  0790  120A  118A  2738  120A  118A  	fcall	_sendString
   463  0795  2FED               	goto	l575
   464  0796                     l557:	
   465                           ;LE6-3.c: 52: case 0x06: sendString("You pressed 6"); break;
   466                           
   467  0796  3071               	movlw	(STR_6-__stringbase)& (0+255)
   468  0797  120A  118A  2738  120A  118A  	fcall	_sendString
   469  079C  2FED               	goto	l575
   470  079D                     l559:	
   471                           ;LE6-3.c: 53: case 0x08: sendString("You pressed 7"); break;
   472                           
   473  079D  307F               	movlw	(STR_7-__stringbase)& (0+255)
   474  079E  120A  118A  2738  120A  118A  	fcall	_sendString
   475  07A3  2FED               	goto	l575
   476  07A4                     l561:	
   477                           ;LE6-3.c: 54: case 0x09: sendString("You pressed 8"); break;
   478                           
   479  07A4  308D               	movlw	(STR_8-__stringbase)& (0+255)
   480  07A5  120A  118A  2738  120A  118A  	fcall	_sendString
   481  07AA  2FED               	goto	l575
   482  07AB                     l563:	
   483                           ;LE6-3.c: 55: case 0x0A: sendString("You pressed 9"); break;
   484                           
   485  07AB  309B               	movlw	(STR_9-__stringbase)& (0+255)
   486  07AC  120A  118A  2738  120A  118A  	fcall	_sendString
   487  07B1  2FED               	goto	l575
   488  07B2                     l565:	
   489                           ;LE6-3.c: 56: case 0x0C: sendString("You pressed *"); break;
   490                           
   491  07B2  300F               	movlw	(STR_10-__stringbase)& (0+255)
   492  07B3  120A  118A  2738  120A  118A  	fcall	_sendString
   493  07B8  2FED               	goto	l575
   494  07B9                     l567:	
   495                           ;LE6-3.c: 57: case 0x0D: sendString("You pressed 0"); break;
   496                           
   497  07B9  301D               	movlw	(STR_11-__stringbase)& (0+255)
   498  07BA  120A  118A  2738  120A  118A  	fcall	_sendString
   499  07BF  2FED               	goto	l575
   500  07C0                     l569:	
   501                           ;LE6-3.c: 58: case 0x0E: sendString("You pressed #"); break;
   502                           
   503  07C0  3001               	movlw	(STR_12-__stringbase)& (0+255)
   504  07C1  120A  118A  2738  120A  118A  	fcall	_sendString
   505                           
   506                           ;LE6-3.c: 60: }
   507                           
   508                           ;LE6-3.c: 59: default: break;
   509  07C6  2FED               	goto	l575
   510  07C7                     l573:	
   511  07C7  0876               	movf	main@DATA,w
   512                           
   513                           ; Switch size 1, requested type "space"
   514                           ; Number of cases is 12, Range of values is 0 to 14
   515                           ; switch strategies available:
   516                           ; Name         Instructions Cycles
   517                           ; simple_byte           37    19 (average)
   518                           ; direct_byte           53     8 (fixed)
   519                           ; jumptable            260     6 (fixed)
   520                           ;	Chosen strategy is simple_byte
   521  07C8  3A00               	xorlw	0	; case 0
   522  07C9  1903               	skipnz
   523  07CA  2F73               	goto	l547
   524  07CB  3A01               	xorlw	1	; case 1
   525  07CC  1903               	skipnz
   526  07CD  2F7A               	goto	l549
   527  07CE  3A03               	xorlw	3	; case 2
   528  07CF  1903               	skipnz
   529  07D0  2F81               	goto	l551
   530  07D1  3A06               	xorlw	6	; case 4
   531  07D2  1903               	skipnz
   532  07D3  2F88               	goto	l553
   533  07D4  3A01               	xorlw	1	; case 5
   534  07D5  1903               	skipnz
   535  07D6  2F8F               	goto	l555
   536  07D7  3A03               	xorlw	3	; case 6
   537  07D8  1903               	skipnz
   538  07D9  2F96               	goto	l557
   539  07DA  3A0E               	xorlw	14	; case 8
   540  07DB  1903               	skipnz
   541  07DC  2F9D               	goto	l559
   542  07DD  3A01               	xorlw	1	; case 9
   543  07DE  1903               	skipnz
   544  07DF  2FA4               	goto	l561
   545  07E0  3A03               	xorlw	3	; case 10
   546  07E1  1903               	skipnz
   547  07E2  2FAB               	goto	l563
   548  07E3  3A06               	xorlw	6	; case 12
   549  07E4  1903               	skipnz
   550  07E5  2FB2               	goto	l565
   551  07E6  3A01               	xorlw	1	; case 13
   552  07E7  1903               	skipnz
   553  07E8  2FB9               	goto	l567
   554  07E9  3A03               	xorlw	3	; case 14
   555  07EA  1903               	skipnz
   556  07EB  2FC0               	goto	l569
   557  07EC  2FED               	goto	l575
   558  07ED                     l575:	
   559                           
   560                           ;LE6-3.c: 61: sendChar('\n');
   561  07ED  300A               	movlw	10
   562  07EE  120A  118A  2730  120A  118A  	fcall	_sendChar
   563  07F3                     l539:	
   564                           ;LE6-3.c: 41: while(1){
   565                           
   566                           ;LE6-3.c: 62: }
   567                           ;LE6-3.c: 63: } else{
   568                           
   569                           
   570                           ;LE6-3.c: 42: if (RB4 == 1){
   571  07F3  1283               	bcf	3,5	;RP0=0, select bank0
   572  07F4  1303               	bcf	3,6	;RP1=0, select bank0
   573  07F5  1A06               	btfsc	6,4	;volatile
   574  07F6  2F65               	goto	l541
   575  07F7                     L1:	
   576                           
   577                           ;LE6-3.c: 64: prevDATA = 0xFF;
   578  07F7  30FF               	movlw	255
   579  07F8  00F4               	movwf	??_main
   580  07F9  0874               	movf	??_main,w
   581  07FA  00F5               	movwf	main@prevDATA
   582  07FB  2FF3               	goto	l539
   583  07FC                     __end_of_main:	
   584                           
   585                           	psect	text1
   586  0738                     __ptext1:	
   587 ;; *************** function _sendString *****************
   588 ;; Defined at:
   589 ;;		line 16 in file "C:\Users\enzoa\OneDrive\Documents\GitHub\3rd_Year_Archives\CpE3201_Embedded_Systems\Practical_Activ
      +ities\PA6\LE6-3\LE6-3.c"
   590 ;; Parameters:    Size  Location     Type
   591 ;;  str             1    wreg     PTR const unsigned char 
   592 ;;		 -> STR_12(14), STR_11(14), STR_10(14), STR_9(14), 
   593 ;;		 -> STR_8(14), STR_7(14), STR_6(14), STR_5(14), 
   594 ;;		 -> STR_4(14), STR_3(14), STR_2(14), STR_1(14), 
   595 ;; Auto vars:     Size  Location     Type
   596 ;;  str             1    3[COMMON] PTR const unsigned char 
   597 ;;		 -> STR_12(14), STR_11(14), STR_10(14), STR_9(14), 
   598 ;;		 -> STR_8(14), STR_7(14), STR_6(14), STR_5(14), 
   599 ;;		 -> STR_4(14), STR_3(14), STR_2(14), STR_1(14), 
   600 ;;  i               1    2[COMMON] unsigned char 
   601 ;; Return value:  Size  Location     Type
   602 ;;		None               void
   603 ;; Registers used:
   604 ;;		wreg, fsr0l, fsr0h, status,2, status,0, pclath, cstack
   605 ;; Tracked objects:
   606 ;;		On entry : 0/0
   607 ;;		On exit  : 0/0
   608 ;;		Unchanged: 0/0
   609 ;; Data sizes:     COMMON   BANK0   BANK1   BANK3   BANK2
   610 ;;      Params:         0       0       0       0       0
   611 ;;      Locals:         2       0       0       0       0
   612 ;;      Temps:          1       0       0       0       0
   613 ;;      Totals:         3       0       0       0       0
   614 ;;Total ram usage:        3 bytes
   615 ;; Hardware stack levels used:    1
   616 ;; Hardware stack levels required when called:    1
   617 ;; This function calls:
   618 ;;		_sendChar
   619 ;; This function is called by:
   620 ;;		_main
   621 ;; This function uses a non-reentrant model
   622 ;;
   623                           
   624                           
   625                           ;psect for function _sendString
   626  0738                     _sendString:	
   627                           
   628                           ;incstack = 0
   629                           ; Regs used in _sendString: [wreg-fsr0h+status,2+status,0+pclath+cstack]
   630                           ;sendString@str stored from wreg
   631  0738  00F3               	movwf	sendString@str
   632                           
   633                           ;LE6-3.c: 17: unsigned char i;
   634                           ;LE6-3.c: 18: for(i = 0; str[i] != '\0'; i++){
   635  0739  01F2               	clrf	sendString@i
   636  073A                     l525:	
   637  073A  0872               	movf	sendString@i,w
   638  073B  0773               	addwf	sendString@str,w
   639  073C  0084               	movwf	4
   640  073D  120A  118A  2003  120A  118A  	fcall	stringdir
   641  0742  3800               	iorlw	0
   642  0743  1903               	btfsc	3,2
   643  0744  0008               	return
   644                           
   645                           ;LE6-3.c: 19: sendChar(str[i]);
   646  0745  0872               	movf	sendString@i,w
   647  0746  0773               	addwf	sendString@str,w
   648  0747  0084               	movwf	4
   649  0748  120A  118A  2003  120A  118A  	fcall	stringdir
   650  074D  120A  118A  2730  120A  118A  	fcall	_sendChar
   651  0752  3001               	movlw	1
   652  0753  00F1               	movwf	??_sendString
   653  0754  0871               	movf	??_sendString,w
   654  0755  07F2               	addwf	sendString@i,f
   655  0756  2F3A               	goto	l525
   656  0757                     __end_of_sendString:	
   657                           
   658                           	psect	text2
   659  0730                     __ptext2:	
   660 ;; *************** function _sendChar *****************
   661 ;; Defined at:
   662 ;;		line 11 in file "C:\Users\enzoa\OneDrive\Documents\GitHub\3rd_Year_Archives\CpE3201_Embedded_Systems\Practical_Activ
      +ities\PA6\LE6-3\LE6-3.c"
   663 ;; Parameters:    Size  Location     Type
   664 ;;  ch              1    wreg     unsigned char 
   665 ;; Auto vars:     Size  Location     Type
   666 ;;  ch              1    0[COMMON] unsigned char 
   667 ;; Return value:  Size  Location     Type
   668 ;;		None               void
   669 ;; Registers used:
   670 ;;		wreg
   671 ;; Tracked objects:
   672 ;;		On entry : 0/0
   673 ;;		On exit  : 0/0
   674 ;;		Unchanged: 0/0
   675 ;; Data sizes:     COMMON   BANK0   BANK1   BANK3   BANK2
   676 ;;      Params:         0       0       0       0       0
   677 ;;      Locals:         1       0       0       0       0
   678 ;;      Temps:          0       0       0       0       0
   679 ;;      Totals:         1       0       0       0       0
   680 ;;Total ram usage:        1 bytes
   681 ;; Hardware stack levels used:    1
   682 ;; This function calls:
   683 ;;		Nothing
   684 ;; This function is called by:
   685 ;;		_sendString
   686 ;;		_main
   687 ;; This function uses a non-reentrant model
   688 ;;
   689                           
   690                           
   691                           ;psect for function _sendChar
   692  0730                     _sendChar:	
   693                           
   694                           ;incstack = 0
   695                           ; Regs used in _sendChar: [wreg]
   696                           ;sendChar@ch stored from wreg
   697  0730  00F0               	movwf	sendChar@ch
   698  0731                     l25:	
   699                           ;LE6-3.c: 12: while(TXIF == 0);
   700                           
   701  0731  1283               	bcf	3,5	;RP0=0, select bank0
   702  0732  1303               	bcf	3,6	;RP1=0, select bank0
   703  0733  1E0C               	btfss	12,4	;volatile
   704  0734  2F31               	goto	l25
   705                           
   706                           ;LE6-3.c: 13: TXREG = ch;
   707  0735  0870               	movf	sendChar@ch,w
   708  0736  0099               	movwf	25	;volatile
   709  0737  0008               	return
   710  0738                     __end_of_sendChar:	
   711  007E                     btemp	set	126	;btemp
   712  007E                     wtemp	set	126
   713  007E                     wtemp0	set	126
   714  0080                     wtemp1	set	128
   715  0082                     wtemp2	set	130
   716  0084                     wtemp3	set	132
   717  0086                     wtemp4	set	134
   718  0088                     wtemp5	set	136
   719  007F                     wtemp6	set	127
   720  007E                     ttemp	set	126
   721  007E                     ttemp0	set	126
   722  0081                     ttemp1	set	129
   723  0084                     ttemp2	set	132
   724  0087                     ttemp3	set	135
   725  007F                     ttemp4	set	127
   726  007E                     ltemp	set	126
   727  007E                     ltemp0	set	126
   728  0082                     ltemp1	set	130
   729  0086                     ltemp2	set	134
   730  0080                     ltemp3	set	128


Data Sizes:
    Strings     168
    Constant    0
    Data        0
    BSS         0
    Persistent  0
    Stack       0

Auto Spaces:
    Space          Size  Autos    Used
    COMMON           14      7       7
    BANK0            80      0       0
    BANK1            80      0       0
    BANK3            96      0       0
    BANK2            96      0       0

Pointer List with Targets:

    sendString@str	PTR const unsigned char  size(1) Largest target is 14
		 -> STR_12(CODE[14]), STR_11(CODE[14]), STR_10(CODE[14]), STR_9(CODE[14]), 
		 -> STR_8(CODE[14]), STR_7(CODE[14]), STR_6(CODE[14]), STR_5(CODE[14]), 
		 -> STR_4(CODE[14]), STR_3(CODE[14]), STR_2(CODE[14]), STR_1(CODE[14]), 


Critical Paths under _main in COMMON

    _main->_sendString
    _sendString->_sendChar

Critical Paths under _main in BANK0

    None.

Critical Paths under _main in BANK1

    None.

Critical Paths under _main in BANK3

    None.

Critical Paths under _main in BANK2

    None.

Call Graph Tables:

 ---------------------------------------------------------------------------------
 (Depth) Function   	        Calls       Base Space   Used Autos Params    Refs
 ---------------------------------------------------------------------------------
 (0) _main                                                 3     3      0     438
                                              4 COMMON     3     3      0
                           _sendChar
                         _sendString
 ---------------------------------------------------------------------------------
 (1) _sendString                                           3     3      0     363
                                              1 COMMON     3     3      0
                           _sendChar
 ---------------------------------------------------------------------------------
 (2) _sendChar                                             1     1      0      15
                                              0 COMMON     1     1      0
 ---------------------------------------------------------------------------------
 Estimated maximum stack depth 2
 ---------------------------------------------------------------------------------

 Call Graph Graphs:

 _main (ROOT)
   _sendChar
   _sendString
     _sendChar

 Address spaces:
Name               Size   Autos  Total    Cost      Usage
BITCOMMON            E      0       0       0        0.0%
EEDATA             100      0       0       0        0.0%
NULL                 0      0       0       0        0.0%
CODE                 0      0       0       0        0.0%
COMMON               E      7       7       1       50.0%
BITSFR0              0      0       0       1        0.0%
SFR0                 0      0       0       1        0.0%
BITSFR1              0      0       0       2        0.0%
SFR1                 0      0       0       2        0.0%
STACK                0      0       0       2        0.0%
ABS                  0      0       0       3        0.0%
BITBANK0            50      0       0       4        0.0%
BITSFR3              0      0       0       4        0.0%
SFR3                 0      0       0       4        0.0%
BANK0               50      0       0       5        0.0%
BITSFR2              0      0       0       5        0.0%
SFR2                 0      0       0       5        0.0%
BITBANK1            50      0       0       6        0.0%
BANK1               50      0       0       7        0.0%
BITBANK3            60      0       0       8        0.0%
BANK3               60      0       0       9        0.0%
BITBANK2            60      0       0      10        0.0%
BANK2               60      0       0      11        0.0%
DATA                 0      0       0      12        0.0%


Microchip Technology PIC Macro Assembler V1.33 build 59893 
Symbol Table                                                                                   Thu Apr 16 12:57:36 2026

                      pc 0002              __CFG_CP$OFF 0000                       l25 0731  
                     fsr 0004                      l525 073A                      l541 0765  
                    l551 0781                      l561 07A4                      l553 0788  
                    l563 07AB                      l555 078F                      l547 0773  
                    l539 07F3                      l565 07B2                      l557 0796  
                    l549 077A                      l573 07C7                      l567 07B9  
                    l559 079D                      l575 07ED                      l569 07C0  
                    _RB4 0034             __CFG_CPD$OFF 0000                      _TX9 04C6  
                    fsr0 0004             __CFG_FOSC$XT 0000             __CFG_LVP$OFF 0000  
                   STR_1 0033                     STR_2 0041                     STR_3 004F  
                   STR_4 005D                     STR_5 006B                     STR_6 0079  
                   STR_7 0087                     STR_8 0095                     STR_9 00A3  
                   _BRGH 04C2                     _SPEN 00C7                     _TXEN 04C5  
                   _TXIF 0064                     _SYNC 04C4             __CFG_WRT$OFF 0000  
                   _main 0757                     btemp 007E            __CFG_BOREN$ON 0000  
                   ltemp 007E                     start 0000                     ttemp 007E  
                   wtemp 007E                    ?_main 0070                    STR_10 0017  
                  STR_11 0025                    STR_12 0009            __CFG_WDTE$OFF 0000  
                  _SPBRG 0099                    _PORTB 0006                    _TRISB 0086  
                  _TXREG 0019            __CFG_PWRTE$ON 0000             main@prevDATA 0075  
                  pclath 000A                    ltemp0 007E                    ltemp1 0082  
                  ltemp2 0086                    ltemp3 0080                    ttemp0 007E  
                  ttemp1 0081                    ttemp2 0084                    ttemp3 0087  
                  ttemp4 007F                    status 0003                    wtemp0 007E  
                  wtemp1 0080                    wtemp2 0082                    wtemp3 0084  
                  wtemp4 0086                    wtemp5 0088                    wtemp6 007F  
        __initialization 07FC             __end_of_main 07FC                   ??_main 0074  
       __end_of_sendChar 0738  __end_of__initialization 07FC           __pcstackCOMMON 0070  
             __pmaintext 0757              sendString@i 0072               __stringtab 0003  
              ?_sendChar 0070                  __ptext1 0738                  __ptext2 0730  
   end_of_initialization 07FC               _sendString 0738               ??_sendChar 0070  
          sendString@str 0073      start_initialization 07FC              ?_sendString 0070  
              ___latbits 0002      __end_of__stringdata 00B1               sendChar@ch 0070  
      __size_of_sendChar 0008                __pstrings 0003      __size_of_sendString 001F  
            __stringbase 0008              __stringdata 0009       __end_of__stringtab 0009  
           ??_sendString 0071            __size_of_main 00A5                 _sendChar 0730  
               main@DATA 0076       __end_of_sendString 0757                stringcode 0003  
               stringdir 0003                 stringtab 0003  
