

Microchip Technology PIC LITE Macro Assembler V1.33 build 59893 
                                                                                               Tue Apr 07 14:30:06 2026

Microchip Technology Omniscient Code Generator (Lite mode) build 59893
     1                           	processor	16F877A
     2                           	opt	pw 120
     3                           	opt	lm
     4                           	psect	text0,local,class=CODE,merge=1,delta=2
     5                           	psect	cinit,global,class=CODE,merge=1,delta=2
     6                           	psect	cstackCOMMON,global,class=COMMON,space=1,delta=1
     7                           	psect	cstackBANK0,global,class=BANK0,space=1,delta=1
     8                           	psect	maintext,global,class=CODE,split=1,delta=2
     9                           	psect	text1,local,class=CODE,merge=1,delta=2
    10                           	psect	text2,local,class=CODE,merge=1,delta=2
    11                           	psect	intentry,global,class=CODE,delta=2
    12                           	psect	text3,local,class=CODE,merge=1,delta=2
    13                           	dabs	1,0x7E,2
    14  0000                     	;# 
    15  0001                     	;# 
    16  0002                     	;# 
    17  0003                     	;# 
    18  0004                     	;# 
    19  0005                     	;# 
    20  0006                     	;# 
    21  0007                     	;# 
    22  0008                     	;# 
    23  0009                     	;# 
    24  000A                     	;# 
    25  000B                     	;# 
    26  000C                     	;# 
    27  000D                     	;# 
    28  000E                     	;# 
    29  000E                     	;# 
    30  000F                     	;# 
    31  0010                     	;# 
    32  0011                     	;# 
    33  0012                     	;# 
    34  0013                     	;# 
    35  0014                     	;# 
    36  0015                     	;# 
    37  0015                     	;# 
    38  0016                     	;# 
    39  0017                     	;# 
    40  0018                     	;# 
    41  0019                     	;# 
    42  001A                     	;# 
    43  001B                     	;# 
    44  001B                     	;# 
    45  001C                     	;# 
    46  001D                     	;# 
    47  001E                     	;# 
    48  001F                     	;# 
    49  0081                     	;# 
    50  0085                     	;# 
    51  0086                     	;# 
    52  0087                     	;# 
    53  0088                     	;# 
    54  0089                     	;# 
    55  008C                     	;# 
    56  008D                     	;# 
    57  008E                     	;# 
    58  0091                     	;# 
    59  0092                     	;# 
    60  0093                     	;# 
    61  0094                     	;# 
    62  0098                     	;# 
    63  0099                     	;# 
    64  009C                     	;# 
    65  009D                     	;# 
    66  009E                     	;# 
    67  009F                     	;# 
    68  010C                     	;# 
    69  010D                     	;# 
    70  010E                     	;# 
    71  010F                     	;# 
    72  018C                     	;# 
    73  018D                     	;# 
    74  001F                     _ADCON0	set	31
    75  001E                     _ADRESH	set	30
    76  0006                     _PORTB	set	6
    77  0066                     _ADIF	set	102
    78  005F                     _GIE	set	95
    79  00FA                     _GO	set	250
    80  005E                     _PEIE	set	94
    81  009F                     _ADCON1	set	159
    82  009E                     _ADRESL	set	158
    83  0086                     _TRISB	set	134
    84  0466                     _ADIE	set	1126
    85                           
    86                           	psect	text0
    87  0000                     __ptext0:	
    88                           ; #config settings
    89                           
    90                           
    91                           ;psect for function i1_delay
    92  0000                     
    93                           	psect	cinit
    94  0015                     start_initialization:	
    95  0015                     __initialization:	
    96  0015                     end_of_initialization:	
    97                           ;End of C runtime variable initialization code
    98                           
    99  0015                     __end_of__initialization:	
   100  0015  0183               	clrf	3
   101  0016  120A  118A  28DF   	ljmp	_main	;jump to C main() function
   102                           
   103                           	psect	cstackCOMMON
   104  0070                     __pcstackCOMMON:	
   105  0070                     ?_ISR:	
   106  0070                     ?_main:	
   107                           ; 0 bytes @ 0x0
   108                           
   109  0070                     ?i1_delay:	
   110                           ; 0 bytes @ 0x0
   111                           
   112  0070                     i1delay@cnt:	
   113                           ; 0 bytes @ 0x0
   114                           
   115                           
   116                           ; 2 bytes @ 0x0
   117  0070                     	ds	2
   118  0072                     ??_ISR:	
   119  0072                     ??i1_delay:	
   120                           ; 0 bytes @ 0x2
   121                           
   122                           
   123                           ; 0 bytes @ 0x2
   124  0072                     	ds	6
   125  0078                     ISR@d_value:	
   126                           
   127                           ; 2 bytes @ 0x8
   128  0078                     	ds	2
   129                           
   130                           	psect	cstackBANK0
   131  0020                     __pcstackBANK0:	
   132  0020                     ?_delay:	
   133  0020                     delay@cnt:	
   134                           ; 0 bytes @ 0x0
   135                           
   136                           
   137                           ; 2 bytes @ 0x0
   138  0020                     	ds	2
   139  0022                     ??_delay:	
   140  0022                     ??_main:	
   141                           ; 0 bytes @ 0x2
   142                           
   143                           
   144                           	psect	maintext
   145  00DF                     __pmaintext:	
   146                           ; 0 bytes @ 0x2
   147 ;;
   148 ;;Main: autosize = 0, tempsize = 0, incstack = 0, save=0
   149 ;;
   150 ;; *************** function _main *****************
   151 ;; Defined at:
   152 ;;		line 43 in file "C:\Users\enzoa\OneDrive\Documents\GitHub\3rd_Year_Archives\CpE3201_Embedded_Systems\Practical_Activ
      +ities\PA5\LE5-1\LE5-1.c"
   153 ;; Parameters:    Size  Location     Type
   154 ;;		None
   155 ;; Auto vars:     Size  Location     Type
   156 ;;		None
   157 ;; Return value:  Size  Location     Type
   158 ;;		None               void
   159 ;; Registers used:
   160 ;;		wreg, status,2, status,0, pclath, cstack
   161 ;; Tracked objects:
   162 ;;		On entry : 17F/0
   163 ;;		On exit  : 0/0
   164 ;;		Unchanged: 0/0
   165 ;; Data sizes:     COMMON   BANK0   BANK1   BANK3   BANK2
   166 ;;      Params:         0       0       0       0       0
   167 ;;      Locals:         0       0       0       0       0
   168 ;;      Temps:          0       0       0       0       0
   169 ;;      Totals:         0       0       0       0       0
   170 ;;Total ram usage:        0 bytes
   171 ;; Hardware stack levels required when called:    3
   172 ;; This function calls:
   173 ;;		_delay
   174 ;; This function is called by:
   175 ;;		Startup code after reset
   176 ;; This function uses a non-reentrant model
   177 ;;
   178                           
   179                           
   180                           ;psect for function _main
   181  00DF                     _main:	
   182                           
   183                           ;LE5-1.c: 44: TRISB = 0x00;
   184                           
   185                           ;incstack = 0
   186                           ; Regs used in _main: [wreg+status,2+status,0+pclath+cstack]
   187  00DF  1683               	bsf	3,5	;RP0=1, select bank1
   188  00E0  1303               	bcf	3,6	;RP1=0, select bank1
   189  00E1  0186               	clrf	6	;volatile
   190                           
   191                           ;LE5-1.c: 45: PORTB = 0x00;
   192  00E2  1283               	bcf	3,5	;RP0=0, select bank0
   193  00E3  1303               	bcf	3,6	;RP1=0, select bank0
   194  00E4  0186               	clrf	6	;volatile
   195                           
   196                           ;LE5-1.c: 47: ADCON1 = 0x80;
   197  00E5  3080               	movlw	128
   198  00E6  1683               	bsf	3,5	;RP0=1, select bank1
   199  00E7  1303               	bcf	3,6	;RP1=0, select bank1
   200  00E8  009F               	movwf	31	;volatile
   201                           
   202                           ;LE5-1.c: 50: ADCON0 = 0x01;
   203  00E9  3001               	movlw	1
   204  00EA  1283               	bcf	3,5	;RP0=0, select bank0
   205  00EB  1303               	bcf	3,6	;RP1=0, select bank0
   206  00EC  009F               	movwf	31	;volatile
   207                           
   208                           ;LE5-1.c: 55: ADIF = 0;
   209  00ED  130C               	bcf	12,6	;volatile
   210                           
   211                           ;LE5-1.c: 56: ADIE = 1;
   212  00EE  1683               	bsf	3,5	;RP0=1, select bank1
   213  00EF  1303               	bcf	3,6	;RP1=0, select bank1
   214  00F0  170C               	bsf	12,6	;volatile
   215                           
   216                           ;LE5-1.c: 57: PEIE = 1;
   217  00F1  170B               	bsf	11,6	;volatile
   218                           
   219                           ;LE5-1.c: 58: GIE = 1;
   220  00F2  178B               	bsf	11,7	;volatile
   221                           
   222                           ;LE5-1.c: 60: delay(1000);
   223  00F3  30E8               	movlw	232
   224  00F4  1283               	bcf	3,5	;RP0=0, select bank0
   225  00F5  1303               	bcf	3,6	;RP1=0, select bank0
   226  00F6  00A0               	movwf	delay@cnt
   227  00F7  3003               	movlw	3
   228  00F8  00A1               	movwf	delay@cnt+1
   229  00F9  120A  118A  2102  120A  118A  	fcall	_delay
   230                           
   231                           ;LE5-1.c: 61: GO = 1;
   232  00FE  1283               	bcf	3,5	;RP0=0, select bank0
   233  00FF  1303               	bcf	3,6	;RP1=0, select bank0
   234  0100  151F               	bsf	31,2	;volatile
   235  0101                     l46:	
   236                           ;LE5-1.c: 63: for(;;){}
   237                           
   238  0101  2901               	goto	l46
   239  0102                     __end_of_main:	
   240                           
   241                           	psect	text1
   242  0102                     __ptext1:	
   243 ;; *************** function _delay *****************
   244 ;; Defined at:
   245 ;;		line 12 in file "C:\Users\enzoa\OneDrive\Documents\GitHub\3rd_Year_Archives\CpE3201_Embedded_Systems\Practical_Activ
      +ities\PA5\LE5-1\LE5-1.c"
   246 ;; Parameters:    Size  Location     Type
   247 ;;  cnt             2    0[BANK0 ] int 
   248 ;; Auto vars:     Size  Location     Type
   249 ;;		None
   250 ;; Return value:  Size  Location     Type
   251 ;;		None               void
   252 ;; Registers used:
   253 ;;		wreg
   254 ;; Tracked objects:
   255 ;;		On entry : 0/0
   256 ;;		On exit  : 0/0
   257 ;;		Unchanged: 0/0
   258 ;; Data sizes:     COMMON   BANK0   BANK1   BANK3   BANK2
   259 ;;      Params:         0       2       0       0       0
   260 ;;      Locals:         0       0       0       0       0
   261 ;;      Temps:          0       0       0       0       0
   262 ;;      Totals:         0       2       0       0       0
   263 ;;Total ram usage:        2 bytes
   264 ;; Hardware stack levels used:    1
   265 ;; Hardware stack levels required when called:    2
   266 ;; This function calls:
   267 ;;		Nothing
   268 ;; This function is called by:
   269 ;;		_main
   270 ;; This function uses a non-reentrant model
   271 ;;
   272                           
   273                           
   274                           ;psect for function _delay
   275  0102                     _delay:	
   276  0102                     l585:	
   277                           ;LE5-1.c: 13: while(cnt--);
   278                           
   279                           ;incstack = 0
   280                           ; Regs used in _delay: [wreg]
   281                           
   282  0102  30FF               	movlw	255
   283  0103  1283               	bcf	3,5	;RP0=0, select bank0
   284  0104  1303               	bcf	3,6	;RP1=0, select bank0
   285  0105  07A0               	addwf	delay@cnt,f
   286  0106  1803               	skipnc
   287  0107  0AA1               	incf	delay@cnt+1,f
   288  0108  30FF               	movlw	255
   289  0109  07A1               	addwf	delay@cnt+1,f
   290  010A  30FF               	movlw	255
   291  010B  0621               	xorwf	delay@cnt+1,w
   292  010C  1D03               	skipz
   293  010D  2910               	goto	u165
   294  010E  30FF               	movlw	255
   295  010F  0620               	xorwf	delay@cnt,w
   296  0110                     u165:	
   297  0110  1903               	btfsc	3,2
   298  0111  0008               	return
   299  0112  2902               	goto	l585
   300  0113                     __end_of_delay:	
   301                           
   302                           	psect	text2
   303  0019                     __ptext2:	
   304 ;; *************** function _ISR *****************
   305 ;; Defined at:
   306 ;;		line 16 in file "C:\Users\enzoa\OneDrive\Documents\GitHub\3rd_Year_Archives\CpE3201_Embedded_Systems\Practical_Activ
      +ities\PA5\LE5-1\LE5-1.c"
   307 ;; Parameters:    Size  Location     Type
   308 ;;		None
   309 ;; Auto vars:     Size  Location     Type
   310 ;;  d_value         2    8[COMMON] int 
   311 ;; Return value:  Size  Location     Type
   312 ;;		None               void
   313 ;; Registers used:
   314 ;;		wreg, status,2, status,0, btemp+1, pclath, cstack
   315 ;; Tracked objects:
   316 ;;		On entry : 0/0
   317 ;;		On exit  : 0/0
   318 ;;		Unchanged: 0/0
   319 ;; Data sizes:     COMMON   BANK0   BANK1   BANK3   BANK2
   320 ;;      Params:         0       0       0       0       0
   321 ;;      Locals:         2       0       0       0       0
   322 ;;      Temps:          6       0       0       0       0
   323 ;;      Totals:         8       0       0       0       0
   324 ;;Total ram usage:        8 bytes
   325 ;; Hardware stack levels used:    1
   326 ;; Hardware stack levels required when called:    1
   327 ;; This function calls:
   328 ;;		i1_delay
   329 ;; This function is called by:
   330 ;;		Interrupt level 1
   331 ;; This function uses a non-reentrant model
   332 ;;
   333                           
   334                           
   335                           ;psect for function _ISR
   336  0019                     _ISR:	
   337                           
   338                           ;LE5-1.c: 17: if (ADIF){
   339  0019  1F0C               	btfss	12,6	;volatile
   340  001A  28D4               	goto	i1l43
   341                           
   342                           ;LE5-1.c: 18: int d_value = 0;
   343  001B  01F8               	clrf	ISR@d_value
   344  001C  01F9               	clrf	ISR@d_value+1
   345                           
   346                           ;LE5-1.c: 19: d_value = ADRESH;
   347  001D  081E               	movf	30,w	;volatile
   348  001E  00F2               	movwf	??_ISR
   349  001F  01F3               	clrf	??_ISR+1
   350  0020  0872               	movf	??_ISR,w
   351  0021  00F8               	movwf	ISR@d_value
   352  0022  0873               	movf	??_ISR+1,w
   353  0023  00F9               	movwf	ISR@d_value+1
   354                           
   355                           ;LE5-1.c: 20: d_value = d_value << 8;
   356  0024  0879               	movf	ISR@d_value+1,w
   357  0025  00F3               	movwf	??_ISR+1
   358  0026  0878               	movf	ISR@d_value,w
   359  0027  00F2               	movwf	??_ISR
   360  0028  0872               	movf	??_ISR,w
   361  0029  00F3               	movwf	??_ISR+1
   362  002A  01F2               	clrf	??_ISR
   363  002B  0872               	movf	??_ISR,w
   364  002C  00F8               	movwf	ISR@d_value
   365  002D  0873               	movf	??_ISR+1,w
   366  002E  00F9               	movwf	ISR@d_value+1
   367                           
   368                           ;LE5-1.c: 21: d_value = d_value | ADRESL;
   369  002F  0878               	movf	ISR@d_value,w
   370  0030  1683               	bsf	3,5	;RP0=1, select bank1
   371  0031  1303               	bcf	3,6	;RP1=0, select bank1
   372  0032  041E               	iorwf	30,w	;volatile
   373  0033  00F2               	movwf	??_ISR
   374  0034  0879               	movf	ISR@d_value+1,w
   375  0035  00F3               	movwf	??_ISR+1
   376  0036  0872               	movf	??_ISR,w
   377  0037  00F8               	movwf	ISR@d_value
   378  0038  0873               	movf	??_ISR+1,w
   379  0039  00F9               	movwf	ISR@d_value+1
   380                           
   381                           ;LE5-1.c: 23: if(d_value>=0 && d_value<=170)
   382  003A  1BF9               	btfsc	ISR@d_value+1,7
   383  003B  284B               	goto	i1l529
   384  003C  0879               	movf	ISR@d_value+1,w
   385  003D  3A80               	xorlw	128
   386  003E  00FF               	movwf	127
   387  003F  3080               	movlw	128
   388  0040  027F               	subwf	127,w
   389  0041  1D03               	skipz
   390  0042  2845               	goto	u5_25
   391  0043  30AB               	movlw	171
   392  0044  0278               	subwf	ISR@d_value,w
   393  0045                     u5_25:	
   394  0045  1803               	skipnc
   395  0046  284B               	goto	i1l529
   396                           
   397                           ;LE5-1.c: 24: PORTB = 0x00;
   398  0047  1283               	bcf	3,5	;RP0=0, select bank0
   399  0048  1303               	bcf	3,6	;RP1=0, select bank0
   400  0049  0186               	clrf	6	;volatile
   401  004A  28C5               	goto	i1l559
   402  004B                     i1l529:	
   403                           
   404                           ;LE5-1.c: 25: else if(d_value>=171 && d_value<=341)
   405  004B  0879               	movf	ISR@d_value+1,w
   406  004C  3A80               	xorlw	128
   407  004D  00FF               	movwf	127
   408  004E  3080               	movlw	128
   409  004F  027F               	subwf	127,w
   410  0050  1D03               	skipz
   411  0051  2854               	goto	u6_25
   412  0052  30AB               	movlw	171
   413  0053  0278               	subwf	ISR@d_value,w
   414  0054                     u6_25:	
   415  0054  1C03               	skipc
   416  0055  2863               	goto	i1l535
   417  0056  0879               	movf	ISR@d_value+1,w
   418  0057  3A80               	xorlw	128
   419  0058  00FF               	movwf	127
   420  0059  3081               	movlw	129
   421  005A  027F               	subwf	127,w
   422  005B  1D03               	skipz
   423  005C  285F               	goto	u7_25
   424  005D  3056               	movlw	86
   425  005E  0278               	subwf	ISR@d_value,w
   426  005F                     u7_25:	
   427  005F  1803               	skipnc
   428  0060  2863               	goto	i1l535
   429                           
   430                           ;LE5-1.c: 26: PORTB = 0x01;
   431  0061  3001               	movlw	1
   432  0062  28C2               	goto	L4
   433  0063                     i1l535:	
   434                           
   435                           ;LE5-1.c: 27: else if(d_value>=342 && d_value<=511)
   436  0063  0879               	movf	ISR@d_value+1,w
   437  0064  3A80               	xorlw	128
   438  0065  00FF               	movwf	127
   439  0066  3081               	movlw	129
   440  0067  027F               	subwf	127,w
   441  0068  1D03               	skipz
   442  0069  286C               	goto	u8_25
   443  006A  3056               	movlw	86
   444  006B  0278               	subwf	ISR@d_value,w
   445  006C                     u8_25:	
   446  006C  1C03               	skipc
   447  006D  287B               	goto	i1l541
   448  006E  0879               	movf	ISR@d_value+1,w
   449  006F  3A80               	xorlw	128
   450  0070  00FF               	movwf	127
   451  0071  3082               	movlw	130
   452  0072  027F               	subwf	127,w
   453  0073  1D03               	skipz
   454  0074  2877               	goto	u9_25
   455  0075  3000               	movlw	0
   456  0076  0278               	subwf	ISR@d_value,w
   457  0077                     u9_25:	
   458  0077  1803               	skipnc
   459  0078  287B               	goto	i1l541
   460                           
   461                           ;LE5-1.c: 28: PORTB = 0x03;
   462  0079  3003               	movlw	3
   463  007A  28C2               	goto	L4
   464  007B                     i1l541:	
   465                           
   466                           ;LE5-1.c: 29: else if(d_value>=512 && d_value<=682)
   467  007B  0879               	movf	ISR@d_value+1,w
   468  007C  3A80               	xorlw	128
   469  007D  00FF               	movwf	127
   470  007E  3082               	movlw	130
   471  007F  027F               	subwf	127,w
   472  0080  1D03               	skipz
   473  0081  2884               	goto	u10_25
   474  0082  3000               	movlw	0
   475  0083  0278               	subwf	ISR@d_value,w
   476  0084                     u10_25:	
   477  0084  1C03               	skipc
   478  0085  2893               	goto	i1l547
   479  0086  0879               	movf	ISR@d_value+1,w
   480  0087  3A80               	xorlw	128
   481  0088  00FF               	movwf	127
   482  0089  3082               	movlw	130
   483  008A  027F               	subwf	127,w
   484  008B  1D03               	skipz
   485  008C  288F               	goto	u11_25
   486  008D  30AB               	movlw	171
   487  008E  0278               	subwf	ISR@d_value,w
   488  008F                     u11_25:	
   489  008F  1803               	skipnc
   490  0090  2893               	goto	i1l547
   491                           
   492                           ;LE5-1.c: 30: PORTB = 0x07;
   493  0091  3007               	movlw	7
   494  0092  28C2               	goto	L4
   495  0093                     i1l547:	
   496                           
   497                           ;LE5-1.c: 31: else if(d_value>=683 && d_value<=853)
   498  0093  0879               	movf	ISR@d_value+1,w
   499  0094  3A80               	xorlw	128
   500  0095  00FF               	movwf	127
   501  0096  3082               	movlw	130
   502  0097  027F               	subwf	127,w
   503  0098  1D03               	skipz
   504  0099  289C               	goto	u12_25
   505  009A  30AB               	movlw	171
   506  009B  0278               	subwf	ISR@d_value,w
   507  009C                     u12_25:	
   508  009C  1C03               	skipc
   509  009D  28AB               	goto	i1l553
   510  009E  0879               	movf	ISR@d_value+1,w
   511  009F  3A80               	xorlw	128
   512  00A0  00FF               	movwf	127
   513  00A1  3083               	movlw	131
   514  00A2  027F               	subwf	127,w
   515  00A3  1D03               	skipz
   516  00A4  28A7               	goto	u13_25
   517  00A5  3056               	movlw	86
   518  00A6  0278               	subwf	ISR@d_value,w
   519  00A7                     u13_25:	
   520  00A7  1803               	skipnc
   521  00A8  28AB               	goto	i1l553
   522                           
   523                           ;LE5-1.c: 32: PORTB = 0x0F;
   524  00A9  300F               	movlw	15
   525  00AA  28C2               	goto	L4
   526  00AB                     i1l553:	
   527                           
   528                           ;LE5-1.c: 33: else if(d_value>=854 && d_value<1024)
   529  00AB  0879               	movf	ISR@d_value+1,w
   530  00AC  3A80               	xorlw	128
   531  00AD  00FF               	movwf	127
   532  00AE  3083               	movlw	131
   533  00AF  027F               	subwf	127,w
   534  00B0  1D03               	skipz
   535  00B1  28B4               	goto	u14_25
   536  00B2  3056               	movlw	86
   537  00B3  0278               	subwf	ISR@d_value,w
   538  00B4                     u14_25:	
   539  00B4  1C03               	skipc
   540  00B5  28C5               	goto	i1l559
   541  00B6  0879               	movf	ISR@d_value+1,w
   542  00B7  3A80               	xorlw	128
   543  00B8  00FF               	movwf	127
   544  00B9  3084               	movlw	132
   545  00BA  027F               	subwf	127,w
   546  00BB  1D03               	skipz
   547  00BC  28BF               	goto	u15_25
   548  00BD  3000               	movlw	0
   549  00BE  0278               	subwf	ISR@d_value,w
   550  00BF                     u15_25:	
   551  00BF  1803               	skipnc
   552  00C0  28C5               	goto	i1l559
   553                           
   554                           ;LE5-1.c: 34: PORTB = 0x1F;
   555  00C1  301F               	movlw	31
   556  00C2                     L4:	
   557  00C2  1283               	bcf	3,5	;RP0=0, select bank0
   558  00C3  1303               	bcf	3,6	;RP1=0, select bank0
   559  00C4  0086               	movwf	6	;volatile
   560  00C5                     i1l559:	
   561                           
   562                           ;LE5-1.c: 36: ADIF = 0;
   563  00C5  1283               	bcf	3,5	;RP0=0, select bank0
   564  00C6  1303               	bcf	3,6	;RP1=0, select bank0
   565  00C7  130C               	bcf	12,6	;volatile
   566                           
   567                           ;LE5-1.c: 37: delay(1000);
   568  00C8  30E8               	movlw	232
   569  00C9  00F0               	movwf	i1delay@cnt
   570  00CA  3003               	movlw	3
   571  00CB  00F1               	movwf	i1delay@cnt+1
   572  00CC  120A  118A  2113  120A  118A  	fcall	i1_delay
   573                           
   574                           ;LE5-1.c: 38: GO = 1;
   575  00D1  1283               	bcf	3,5	;RP0=0, select bank0
   576  00D2  1303               	bcf	3,6	;RP1=0, select bank0
   577  00D3  151F               	bsf	31,2	;volatile
   578  00D4                     i1l43:	
   579  00D4  0877               	movf	??_ISR+5,w
   580  00D5  00FF               	movwf	127
   581  00D6  0876               	movf	??_ISR+4,w
   582  00D7  008A               	movwf	10
   583  00D8  0875               	movf	??_ISR+3,w
   584  00D9  0084               	movwf	4
   585  00DA  0E74               	swapf	(??_ISR+2)^(0+-128),w
   586  00DB  0083               	movwf	3
   587  00DC  0EFE               	swapf	126,f
   588  00DD  0E7E               	swapf	126,w
   589  00DE  0009               	retfie
   590  00DF                     __end_of_ISR:	
   591                           
   592                           	psect	intentry
   593  0004                     __pintentry:	
   594                           ;incstack = 0
   595                           ; Regs used in _ISR: [wreg+status,2+status,0+btemp+1+pclath+cstack]
   596                           
   597  0004                     interrupt_function:	
   598  007E                     saved_w	set	btemp
   599  0004  00FE               	movwf	btemp
   600  0005  0E03               	swapf	3,w
   601  0006  00F4               	movwf	??_ISR+2
   602  0007  0804               	movf	4,w
   603  0008  00F5               	movwf	??_ISR+3
   604  0009  080A               	movf	10,w
   605  000A  00F6               	movwf	??_ISR+4
   606  000B  1283               	bcf	3,5	;RP0=0, select bank0
   607  000C  1303               	bcf	3,6	;RP1=0, select bank0
   608  000D  087F               	movf	btemp+1,w
   609  000E  00F7               	movwf	??_ISR+5
   610  000F  120A  118A  2819   	ljmp	_ISR
   611                           
   612                           	psect	text3
   613  0113                     __ptext3:	
   614 ;; *************** function i1_delay *****************
   615 ;; Defined at:
   616 ;;		line 12 in file "C:\Users\enzoa\OneDrive\Documents\GitHub\3rd_Year_Archives\CpE3201_Embedded_Systems\Practical_Activ
      +ities\PA5\LE5-1\LE5-1.c"
   617 ;; Parameters:    Size  Location     Type
   618 ;;  cnt             2    0[COMMON] int 
   619 ;; Auto vars:     Size  Location     Type
   620 ;;		None
   621 ;; Return value:  Size  Location     Type
   622 ;;		None               void
   623 ;; Registers used:
   624 ;;		wreg
   625 ;; Tracked objects:
   626 ;;		On entry : 0/0
   627 ;;		On exit  : 0/0
   628 ;;		Unchanged: 0/0
   629 ;; Data sizes:     COMMON   BANK0   BANK1   BANK3   BANK2
   630 ;;      Params:         2       0       0       0       0
   631 ;;      Locals:         0       0       0       0       0
   632 ;;      Temps:          0       0       0       0       0
   633 ;;      Totals:         2       0       0       0       0
   634 ;;Total ram usage:        2 bytes
   635 ;; Hardware stack levels used:    1
   636 ;; This function calls:
   637 ;;		Nothing
   638 ;; This function is called by:
   639 ;;		_ISR
   640 ;; This function uses a non-reentrant model
   641 ;;
   642                           
   643                           
   644                           ;psect for function i1_delay
   645  0113                     i1_delay:	
   646  0113                     i1l511:	
   647                           ;LE5-1.c: 13: while(cnt--);
   648                           
   649                           ;incstack = 0
   650                           ; Regs used in i1_delay: [wreg]
   651                           
   652  0113  30FF               	movlw	255
   653  0114  07F0               	addwf	i1delay@cnt,f
   654  0115  1803               	skipnc
   655  0116  0AF1               	incf	i1delay@cnt+1,f
   656  0117  30FF               	movlw	255
   657  0118  07F1               	addwf	i1delay@cnt+1,f
   658  0119  30FF               	movlw	255
   659  011A  0671               	xorwf	i1delay@cnt+1,w
   660  011B  1D03               	skipz
   661  011C  291F               	goto	u2_25
   662  011D  30FF               	movlw	255
   663  011E  0670               	xorwf	i1delay@cnt,w
   664  011F                     u2_25:	
   665  011F  1903               	btfsc	3,2
   666  0120  0008               	return
   667  0121  2913               	goto	i1l511
   668  0122                     __end_ofi1_delay:	
   669  007E                     btemp	set	126	;btemp
   670  007E                     wtemp	set	126
   671  007E                     wtemp0	set	126
   672  0080                     wtemp1	set	128
   673  0082                     wtemp2	set	130
   674  0084                     wtemp3	set	132
   675  0086                     wtemp4	set	134
   676  0088                     wtemp5	set	136
   677  007F                     wtemp6	set	127
   678  007E                     ttemp	set	126
   679  007E                     ttemp0	set	126
   680  0081                     ttemp1	set	129
   681  0084                     ttemp2	set	132
   682  0087                     ttemp3	set	135
   683  007F                     ttemp4	set	127
   684  007E                     ltemp	set	126
   685  007E                     ltemp0	set	126
   686  0082                     ltemp1	set	130
   687  0086                     ltemp2	set	134
   688  0080                     ltemp3	set	128


Data Sizes:
    Strings     0
    Constant    0
    Data        0
    BSS         0
    Persistent  0
    Stack       0

Auto Spaces:
    Space          Size  Autos    Used
    COMMON           14     10      10
    BANK0            80      2       2
    BANK1            80      0       0
    BANK3            96      0       0
    BANK2            96      0       0

Pointer List with Targets:

    None.

Critical Paths under _main in COMMON

    None.

Critical Paths under _ISR in COMMON

    _ISR->i1_delay

Critical Paths under _main in BANK0

    _main->_delay

Critical Paths under _ISR in BANK0

    None.

Critical Paths under _main in BANK1

    None.

Critical Paths under _ISR in BANK1

    None.

Critical Paths under _main in BANK3

    None.

Critical Paths under _ISR in BANK3

    None.

Critical Paths under _main in BANK2

    None.

Critical Paths under _ISR in BANK2

    None.

Call Graph Tables:

 ---------------------------------------------------------------------------------
 (Depth) Function   	        Calls       Base Space   Used Autos Params    Refs
 ---------------------------------------------------------------------------------
 (0) _main                                                 0     0      0     102
                              _delay
 ---------------------------------------------------------------------------------
 (1) _delay                                                2     0      2     102
                                              0 BANK0      2     0      2
 ---------------------------------------------------------------------------------
 Estimated maximum stack depth 1
 ---------------------------------------------------------------------------------
 (Depth) Function   	        Calls       Base Space   Used Autos Params    Refs
 ---------------------------------------------------------------------------------
 (2) _ISR                                                  8     8      0     244
                                              2 COMMON     8     8      0
                            i1_delay
 ---------------------------------------------------------------------------------
 (3) i1_delay                                              2     0      2      34
                                              0 COMMON     2     0      2
 ---------------------------------------------------------------------------------
 Estimated maximum stack depth 3
 ---------------------------------------------------------------------------------

 Call Graph Graphs:

 _main (ROOT)
   _delay

 _ISR (ROOT)
   i1_delay

 Address spaces:
Name               Size   Autos  Total    Cost      Usage
BITCOMMON            E      0       0       0        0.0%
EEDATA             100      0       0       0        0.0%
NULL                 0      0       0       0        0.0%
CODE                 0      0       0       0        0.0%
COMMON               E      A       A       1       71.4%
BITSFR0              0      0       0       1        0.0%
SFR0                 0      0       0       1        0.0%
BITSFR1              0      0       0       2        0.0%
SFR1                 0      0       0       2        0.0%
STACK                0      0       0       2        0.0%
ABS                  0      0       0       3        0.0%
BITBANK0            50      0       0       4        0.0%
BITSFR3              0      0       0       4        0.0%
SFR3                 0      0       0       4        0.0%
BANK0               50      2       2       5        2.5%
BITSFR2              0      0       0       5        0.0%
SFR2                 0      0       0       5        0.0%
BITBANK1            50      0       0       6        0.0%
BANK1               50      0       0       7        0.0%
BITBANK3            60      0       0       8        0.0%
BANK3               60      0       0       9        0.0%
BITBANK2            60      0       0      10        0.0%
BANK2               60      0       0      11        0.0%
DATA                 0      0       0      12        0.0%


Microchip Technology PIC Macro Assembler V1.33 build 59893 
Symbol Table                                                                                   Tue Apr 07 14:30:06 2026

            __CFG_CP$OFF 0000                       l46 0101                       _GO 00FA  
                    l585 0102                      _GIE 005F                      u165 0110  
           __CFG_CPD$OFF 0000                      _ISR 0019                      fsr0 0004  
           __CFG_FOSC$XT 0000             __CFG_LVP$OFF 0000                     ?_ISR 0070  
                   _ADIE 0466                     _ADIF 0066                     _PEIE 005E  
                   i1l43 00D4                     u2_25 011F                     u5_25 0045  
                   u6_25 0054                     u7_25 005F                     u8_25 006C  
             i1delay@cnt 0070                     u9_25 0077             __CFG_WRT$OFF 0000  
                   _main 00DF                     btemp 007E            __CFG_BOREN$ON 0000  
                   ltemp 007E          __end_ofi1_delay 0122                     start 0012  
                   ttemp 007E                     wtemp 007E                    ??_ISR 0072  
                  ?_main 0070            __CFG_WDTE$OFF 0000                    i1l511 0113  
                  i1l541 007B                    i1l535 0063                    i1l553 00AB  
                  i1l529 004B                    i1l547 0093                    i1l559 00C5  
                  u10_25 0084                    u11_25 008F                    u12_25 009C  
                  u13_25 00A7                    u14_25 00B4                    u15_25 00BF  
                  _PORTB 0006                    _TRISB 0086            __CFG_PWRTE$ON 0000  
                  _delay 0102                    pclath 000A                    ltemp0 007E  
                  ltemp1 0082                    ltemp2 0086                    ltemp3 0080  
                  ttemp0 007E                    ttemp1 0081                    ttemp2 0084  
                  ttemp3 0087                    ttemp4 007F                    status 0003  
                  wtemp0 007E                    wtemp1 0080                    wtemp2 0082  
                  wtemp3 0084                    wtemp4 0086                    wtemp5 0088  
                  wtemp6 007F          __initialization 0015             __end_of_main 0102  
                 ??_main 0022                   ?_delay 0020                   _ADCON0 001F  
                 _ADCON1 009F                   _ADRESH 001E                   _ADRESL 009E  
              ??i1_delay 0072                   saved_w 007E  __end_of__initialization 0015  
         __pcstackCOMMON 0070            __end_of_delay 0113                  ??_delay 0022  
             __pmaintext 00DF               __pintentry 0004                  i1_delay 0113  
                __ptext0 0000                  __ptext1 0102                  __ptext2 0019  
                __ptext3 0113             __size_of_ISR 00C6     end_of_initialization 0015  
    start_initialization 0015              __end_of_ISR 00DF                ___latbits 0002  
          __pcstackBANK0 0020               ISR@d_value 0078                 ?i1_delay 0070  
         __size_of_delay 0011        interrupt_function 0004         __size_ofi1_delay 000F  
          __size_of_main 0023                 delay@cnt 0020                 intlevel1 0000  
