

Microchip Technology PIC LITE Macro Assembler V1.33 build 59893 
                                                                                               Wed Mar 11 16:53:26 2026

Microchip Technology Omniscient Code Generator (Lite mode) build 59893
     1                           	processor	16F877A
     2                           	opt	pw 120
     3                           	opt	lm
     4                           	psect	text0,local,class=CODE,merge=1,delta=2
     5                           	psect	cinit,global,class=CODE,merge=1,delta=2
     6                           	psect	cstackCOMMON,global,class=COMMON,space=1,delta=1
     7                           	psect	maintext,global,class=CODE,split=1,delta=2
     8                           	psect	text1,local,class=CODE,merge=1,delta=2
     9                           	psect	intentry,global,class=CODE,delta=2
    10                           	dabs	1,0x7E,2
    11  0000                     	;# 
    12  0001                     	;# 
    13  0002                     	;# 
    14  0003                     	;# 
    15  0004                     	;# 
    16  0005                     	;# 
    17  0006                     	;# 
    18  0007                     	;# 
    19  0008                     	;# 
    20  0009                     	;# 
    21  000A                     	;# 
    22  000B                     	;# 
    23  000C                     	;# 
    24  000D                     	;# 
    25  000E                     	;# 
    26  000E                     	;# 
    27  000F                     	;# 
    28  0010                     	;# 
    29  0011                     	;# 
    30  0012                     	;# 
    31  0013                     	;# 
    32  0014                     	;# 
    33  0015                     	;# 
    34  0015                     	;# 
    35  0016                     	;# 
    36  0017                     	;# 
    37  0018                     	;# 
    38  0019                     	;# 
    39  001A                     	;# 
    40  001B                     	;# 
    41  001B                     	;# 
    42  001C                     	;# 
    43  001D                     	;# 
    44  001E                     	;# 
    45  001F                     	;# 
    46  0081                     	;# 
    47  0085                     	;# 
    48  0086                     	;# 
    49  0087                     	;# 
    50  0088                     	;# 
    51  0089                     	;# 
    52  008C                     	;# 
    53  008D                     	;# 
    54  008E                     	;# 
    55  0091                     	;# 
    56  0092                     	;# 
    57  0093                     	;# 
    58  0094                     	;# 
    59  0098                     	;# 
    60  0099                     	;# 
    61  009C                     	;# 
    62  009D                     	;# 
    63  009E                     	;# 
    64  009F                     	;# 
    65  010C                     	;# 
    66  010D                     	;# 
    67  010E                     	;# 
    68  010F                     	;# 
    69  018C                     	;# 
    70  018D                     	;# 
    71  0007                     _PORTC	set	7
    72  0008                     _PORTD	set	8
    73  005F                     _GIE	set	95
    74  005C                     _INTE	set	92
    75  0059                     _INTF	set	89
    76  0030                     _RB0	set	48
    77  0086                     _TRISB	set	134
    78  0087                     _TRISC	set	135
    79  0088                     _TRISD	set	136
    80  040E                     _INTEDG	set	1038
    81                           
    82                           	psect	text0
    83  0000                     __ptext0:	
    84                           ; #config settings
    85                           
    86                           
    87                           ;psect for function _ISR
    88  0000                     
    89                           	psect	cinit
    90  0015                     start_initialization:	
    91  0015                     __initialization:	
    92  0015                     end_of_initialization:	
    93                           ;End of C runtime variable initialization code
    94                           
    95  0015                     __end_of__initialization:	
    96  0015  0183               	clrf	3
    97  0016  120A  118A  286A   	ljmp	_main	;jump to C main() function
    98                           
    99                           	psect	cstackCOMMON
   100  0070                     __pcstackCOMMON:	
   101  0070                     ?_ISR:	
   102  0070                     ??_ISR:	
   103                           ; 0 bytes @ 0x0
   104                           
   105  0070                     ?_main:	
   106                           ; 0 bytes @ 0x0
   107                           
   108                           
   109                           ; 0 bytes @ 0x0
   110  0070                     	ds	5
   111  0075                     ISR@DATA:	
   112                           
   113                           ; 1 bytes @ 0x5
   114  0075                     	ds	1
   115  0076                     ??_main:	
   116                           
   117                           	psect	maintext
   118  006A                     __pmaintext:	
   119                           ; 0 bytes @ 0x6
   120 ;;
   121 ;;Main: autosize = 0, tempsize = 0, incstack = 0, save=0
   122 ;;
   123 ;; *************** function _main *****************
   124 ;; Defined at:
   125 ;;		line 46 in file "C:\Users\enzoa\OneDrive\Documents\GitHub\3rd_Year_Archives\CpE3201_Embedded_Systems\Practical_Activ
      +ities\PA3\LE3-1\LE3-1.c"
   126 ;; Parameters:    Size  Location     Type
   127 ;;		None
   128 ;; Auto vars:     Size  Location     Type
   129 ;;		None
   130 ;; Return value:  Size  Location     Type
   131 ;;		None               void
   132 ;; Registers used:
   133 ;;		wreg, status,2
   134 ;; Tracked objects:
   135 ;;		On entry : 17F/0
   136 ;;		On exit  : 0/0
   137 ;;		Unchanged: 0/0
   138 ;; Data sizes:     COMMON   BANK0   BANK1   BANK3   BANK2
   139 ;;      Params:         0       0       0       0       0
   140 ;;      Locals:         0       0       0       0       0
   141 ;;      Temps:          0       0       0       0       0
   142 ;;      Totals:         0       0       0       0       0
   143 ;;Total ram usage:        0 bytes
   144 ;; Hardware stack levels required when called:    1
   145 ;; This function calls:
   146 ;;		Nothing
   147 ;; This function is called by:
   148 ;;		Startup code after reset
   149 ;; This function uses a non-reentrant model
   150 ;;
   151                           
   152                           
   153                           ;psect for function _main
   154  006A                     _main:	
   155                           
   156                           ;LE3-1.c: 48: TRISB = 0xFF;
   157                           
   158                           ;incstack = 0
   159                           ; Regs used in _main: [wreg+status,2]
   160  006A  30FF               	movlw	255
   161  006B  1683               	bsf	3,5	;RP0=1, select bank1
   162  006C  1303               	bcf	3,6	;RP1=0, select bank1
   163  006D  0086               	movwf	6	;volatile
   164                           
   165                           ;LE3-1.c: 49: TRISC = 0x00;
   166  006E  0187               	clrf	7	;volatile
   167                           
   168                           ;LE3-1.c: 50: TRISD = 0xFF;
   169  006F  30FF               	movlw	255
   170  0070  0088               	movwf	8	;volatile
   171                           
   172                           ;LE3-1.c: 52: PORTC = 0x00;
   173  0071  1283               	bcf	3,5	;RP0=0, select bank0
   174  0072  1303               	bcf	3,6	;RP1=0, select bank0
   175  0073  0187               	clrf	7	;volatile
   176                           
   177                           ;LE3-1.c: 55: INTEDG = 1;
   178  0074  1683               	bsf	3,5	;RP0=1, select bank1
   179  0075  1303               	bcf	3,6	;RP1=0, select bank1
   180  0076  1701               	bsf	1,6	;volatile
   181                           
   182                           ;LE3-1.c: 56: INTF = 0;
   183  0077  108B               	bcf	11,1	;volatile
   184                           
   185                           ;LE3-1.c: 57: INTE = 1;
   186  0078  160B               	bsf	11,4	;volatile
   187                           
   188                           ;LE3-1.c: 61: GIE = 1;
   189  0079  178B               	bsf	11,7	;volatile
   190  007A                     l46:	
   191                           ;LE3-1.c: 63: while(1)
   192                           
   193                           
   194                           ;LE3-1.c: 64: {
   195  007A  287A               	goto	l46
   196  007B                     __end_of_main:	
   197                           
   198                           	psect	text1
   199  0019                     __ptext1:	
   200 ;; *************** function _ISR *****************
   201 ;; Defined at:
   202 ;;		line 21 in file "C:\Users\enzoa\OneDrive\Documents\GitHub\3rd_Year_Archives\CpE3201_Embedded_Systems\Practical_Activ
      +ities\PA3\LE3-1\LE3-1.c"
   203 ;; Parameters:    Size  Location     Type
   204 ;;		None
   205 ;; Auto vars:     Size  Location     Type
   206 ;;  DATA            1    5[COMMON] unsigned char 
   207 ;; Return value:  Size  Location     Type
   208 ;;		None               void
   209 ;; Registers used:
   210 ;;		wreg, fsr0l, fsr0h, status,2, status,0
   211 ;; Tracked objects:
   212 ;;		On entry : 0/0
   213 ;;		On exit  : 0/0
   214 ;;		Unchanged: 0/0
   215 ;; Data sizes:     COMMON   BANK0   BANK1   BANK3   BANK2
   216 ;;      Params:         0       0       0       0       0
   217 ;;      Locals:         1       0       0       0       0
   218 ;;      Temps:          5       0       0       0       0
   219 ;;      Totals:         6       0       0       0       0
   220 ;;Total ram usage:        6 bytes
   221 ;; Hardware stack levels used:    1
   222 ;; This function calls:
   223 ;;		Nothing
   224 ;; This function is called by:
   225 ;;		Interrupt level 1
   226 ;; This function uses a non-reentrant model
   227 ;;
   228                           
   229                           
   230                           ;psect for function _ISR
   231  0019                     _ISR:	
   232                           
   233                           ;LE3-1.c: 22: GIE = 0;
   234  0019  138B               	bcf	11,7	;volatile
   235                           
   236                           ;LE3-1.c: 23: if (INTF) {
   237  001A  1C8B               	btfss	11,1	;volatile
   238  001B  285E               	goto	i1l23
   239                           
   240                           ;LE3-1.c: 24: INTF = 0;
   241  001C  108B               	bcf	11,1	;volatile
   242  001D                     i1l24:	
   243                           ;LE3-1.c: 25: while(RB0){}
   244                           
   245  001D  1806               	btfsc	6,0	;volatile
   246  001E  281D               	goto	i1l24
   247                           
   248                           ;LE3-1.c: 26: unsigned char DATA = PORTD & 0x0F;
   249  001F  0808               	movf	8,w	;volatile
   250  0020  390F               	andlw	15
   251  0021  00F0               	movwf	??_ISR
   252  0022  0870               	movf	??_ISR,w
   253  0023  00F5               	movwf	ISR@DATA
   254                           
   255                           ;LE3-1.c: 27: switch (DATA) {
   256  0024  283C               	goto	i1l536
   257  0025                     i1l512:	
   258                           ;LE3-1.c: 28: case 0x00: PORTC = 0x01; break;
   259                           
   260  0025  3001               	movlw	1
   261  0026  283A               	goto	L9
   262  0027                     i1l514:	
   263                           ;LE3-1.c: 29: case 0x01: PORTC = 0x02; break;
   264                           
   265  0027  3002               	movlw	2
   266  0028  283A               	goto	L9
   267  0029                     i1l516:	
   268                           ;LE3-1.c: 30: case 0x02: PORTC = 0x03; break;
   269                           
   270  0029  3003               	movlw	3
   271  002A  283A               	goto	L9
   272  002B                     i1l518:	
   273                           ;LE3-1.c: 31: case 0x04: PORTC = 0x04; break;
   274                           
   275  002B  3004               	movlw	4
   276  002C  283A               	goto	L9
   277  002D                     i1l520:	
   278                           ;LE3-1.c: 32: case 0x05: PORTC = 0x05; break;
   279                           
   280  002D  3005               	movlw	5
   281  002E  283A               	goto	L9
   282  002F                     i1l522:	
   283                           ;LE3-1.c: 33: case 0x06: PORTC = 0x06; break;
   284                           
   285  002F  3006               	movlw	6
   286  0030  283A               	goto	L9
   287  0031                     i1l524:	
   288                           ;LE3-1.c: 34: case 0x08: PORTC = 0x07; break;
   289                           
   290  0031  3007               	movlw	7
   291  0032  283A               	goto	L9
   292  0033                     i1l526:	
   293                           ;LE3-1.c: 35: case 0x09: PORTC = 0x08; break;
   294                           
   295  0033  3008               	movlw	8
   296  0034  283A               	goto	L9
   297  0035                     i1l528:	
   298                           ;LE3-1.c: 36: case 0x0A: PORTC = 0x09; break;
   299                           
   300  0035  3009               	movlw	9
   301  0036  283A               	goto	L9
   302  0037                     i1l530:	
   303                           ;LE3-1.c: 37: case 0x0D: PORTC = 0x00; break;
   304                           
   305  0037  0187               	clrf	7	;volatile
   306  0038  285C               	goto	i1l40
   307  0039                     i1l532:	
   308                           ;LE3-1.c: 38: default: PORTC = 0x0F; break;
   309                           
   310  0039  300F               	movlw	15
   311  003A                     L9:	
   312  003A  0087               	movwf	7	;volatile
   313                           
   314                           ;LE3-1.c: 39: }
   315  003B  285C               	goto	i1l40
   316  003C                     i1l536:	
   317  003C  0875               	movf	ISR@DATA,w
   318                           
   319                           ; Switch size 1, requested type "space"
   320                           ; Number of cases is 10, Range of values is 0 to 13
   321                           ; switch strategies available:
   322                           ; Name         Instructions Cycles
   323                           ; simple_byte           31    16 (average)
   324                           ; direct_byte           50     8 (fixed)
   325                           ; jumptable            260     6 (fixed)
   326                           ;	Chosen strategy is simple_byte
   327  003D  3A00               	xorlw	0	; case 0
   328  003E  1903               	skipnz
   329  003F  2825               	goto	i1l512
   330  0040  3A01               	xorlw	1	; case 1
   331  0041  1903               	skipnz
   332  0042  2827               	goto	i1l514
   333  0043  3A03               	xorlw	3	; case 2
   334  0044  1903               	skipnz
   335  0045  2829               	goto	i1l516
   336  0046  3A06               	xorlw	6	; case 4
   337  0047  1903               	skipnz
   338  0048  282B               	goto	i1l518
   339  0049  3A01               	xorlw	1	; case 5
   340  004A  1903               	skipnz
   341  004B  282D               	goto	i1l520
   342  004C  3A03               	xorlw	3	; case 6
   343  004D  1903               	skipnz
   344  004E  282F               	goto	i1l522
   345  004F  3A0E               	xorlw	14	; case 8
   346  0050  1903               	skipnz
   347  0051  2831               	goto	i1l524
   348  0052  3A01               	xorlw	1	; case 9
   349  0053  1903               	skipnz
   350  0054  2833               	goto	i1l526
   351  0055  3A03               	xorlw	3	; case 10
   352  0056  1903               	skipnz
   353  0057  2835               	goto	i1l528
   354  0058  3A07               	xorlw	7	; case 13
   355  0059  1903               	skipnz
   356  005A  2837               	goto	i1l530
   357  005B  2839               	goto	i1l532
   358  005C                     i1l40:	
   359                           ;LE3-1.c: 40: while(!RB0){}
   360                           
   361  005C  1C06               	btfss	6,0	;volatile
   362  005D  285C               	goto	i1l40
   363  005E                     i1l23:	
   364                           
   365                           ;LE3-1.c: 41: }
   366                           ;LE3-1.c: 42: GIE = 1;
   367  005E  178B               	bsf	11,7	;volatile
   368  005F  0874               	movf	??_ISR+4,w
   369  0060  00FF               	movwf	127
   370  0061  0873               	movf	??_ISR+3,w
   371  0062  008A               	movwf	10
   372  0063  0872               	movf	??_ISR+2,w
   373  0064  0084               	movwf	4
   374  0065  0E71               	swapf	(??_ISR+1)^(0+-128),w
   375  0066  0083               	movwf	3
   376  0067  0EFE               	swapf	126,f
   377  0068  0E7E               	swapf	126,w
   378  0069  0009               	retfie
   379  006A                     __end_of_ISR:	
   380  007E                     btemp	set	126	;btemp
   381  007E                     wtemp	set	126
   382  007E                     wtemp0	set	126
   383  0080                     wtemp1	set	128
   384  0082                     wtemp2	set	130
   385  0084                     wtemp3	set	132
   386  0086                     wtemp4	set	134
   387  0088                     wtemp5	set	136
   388  007F                     wtemp6	set	127
   389  007E                     ttemp	set	126
   390  007E                     ttemp0	set	126
   391  0081                     ttemp1	set	129
   392  0084                     ttemp2	set	132
   393  0087                     ttemp3	set	135
   394  007F                     ttemp4	set	127
   395  007E                     ltemp	set	126
   396  007E                     ltemp0	set	126
   397  0082                     ltemp1	set	130
   398  0086                     ltemp2	set	134
   399  0080                     ltemp3	set	128
   400                           
   401                           	psect	intentry
   402  0004                     __pintentry:	
   403                           ;incstack = 0
   404                           ; Regs used in _ISR: [wreg-fsr0h+status,2+status,0]
   405                           
   406  0004                     interrupt_function:	
   407  007E                     saved_w	set	btemp
   408  0004  00FE               	movwf	btemp
   409  0005  0E03               	swapf	3,w
   410  0006  00F1               	movwf	??_ISR+1
   411  0007  0804               	movf	4,w
   412  0008  00F2               	movwf	??_ISR+2
   413  0009  080A               	movf	10,w
   414  000A  00F3               	movwf	??_ISR+3
   415  000B  1283               	bcf	3,5	;RP0=0, select bank0
   416  000C  1303               	bcf	3,6	;RP1=0, select bank0
   417  000D  087F               	movf	btemp+1,w
   418  000E  00F4               	movwf	??_ISR+4
   419  000F  120A  118A  2819   	ljmp	_ISR


Data Sizes:
    Strings     0
    Constant    0
    Data        0
    BSS         0
    Persistent  0
    Stack       0

Auto Spaces:
    Space          Size  Autos    Used
    COMMON           14      6       6
    BANK0            80      0       0
    BANK1            80      0       0
    BANK3            96      0       0
    BANK2            96      0       0

Pointer List with Targets:

    None.

Critical Paths under _main in COMMON

    None.

Critical Paths under _ISR in COMMON

    None.

Critical Paths under _main in BANK0

    None.

Critical Paths under _ISR in BANK0

    None.

Critical Paths under _main in BANK1

    None.

Critical Paths under _ISR in BANK1

    None.

Critical Paths under _main in BANK3

    None.

Critical Paths under _ISR in BANK3

    None.

Critical Paths under _main in BANK2

    None.

Critical Paths under _ISR in BANK2

    None.

Call Graph Tables:

 ---------------------------------------------------------------------------------
 (Depth) Function   	        Calls       Base Space   Used Autos Params    Refs
 ---------------------------------------------------------------------------------
 (0) _main                                                 0     0      0       0
 ---------------------------------------------------------------------------------
 Estimated maximum stack depth 0
 ---------------------------------------------------------------------------------
 (Depth) Function   	        Calls       Base Space   Used Autos Params    Refs
 ---------------------------------------------------------------------------------
 (1) _ISR                                                  6     6      0      15
                                              0 COMMON     6     6      0
 ---------------------------------------------------------------------------------
 Estimated maximum stack depth 1
 ---------------------------------------------------------------------------------

 Call Graph Graphs:

 _main (ROOT)

 _ISR (ROOT)

 Address spaces:
Name               Size   Autos  Total    Cost      Usage
BITCOMMON            E      0       0       0        0.0%
EEDATA             100      0       0       0        0.0%
NULL                 0      0       0       0        0.0%
CODE                 0      0       0       0        0.0%
COMMON               E      6       6       1       42.9%
BITSFR0              0      0       0       1        0.0%
SFR0                 0      0       0       1        0.0%
BITSFR1              0      0       0       2        0.0%
SFR1                 0      0       0       2        0.0%
STACK                0      0       0       2        0.0%
ABS                  0      0       0       3        0.0%
BITBANK0            50      0       0       4        0.0%
BITSFR3              0      0       0       4        0.0%
SFR3                 0      0       0       4        0.0%
BANK0               50      0       0       5        0.0%
BITSFR2              0      0       0       5        0.0%
SFR2                 0      0       0       5        0.0%
BITBANK1            50      0       0       6        0.0%
BANK1               50      0       0       7        0.0%
BITBANK3            60      0       0       8        0.0%
BANK3               60      0       0       9        0.0%
BITBANK2            60      0       0      10        0.0%
BANK2               60      0       0      11        0.0%
DATA                 0      0       0      12        0.0%


Microchip Technology PIC Macro Assembler V1.33 build 59893 
Symbol Table                                                                                   Wed Mar 11 16:53:26 2026

            __CFG_CP$OFF 0000                       l46 007A                      _GIE 005F  
                    _RB0 0030             __CFG_CPD$OFF 0000                      _ISR 0019  
                    fsr0 0004             __CFG_FOSC$XT 0000             __CFG_LVP$OFF 0000  
                   ?_ISR 0070                     _INTE 005C                     _INTF 0059  
                   i1l23 005E                     i1l40 005C                     i1l24 001D  
           __CFG_WRT$OFF 0000                     _main 006A                     btemp 007E  
          __CFG_BOREN$ON 0000                     ltemp 007E                     start 0012  
                   ttemp 007E                     wtemp 007E                    ??_ISR 0070  
                  ?_main 0070            __CFG_WDTE$OFF 0000                    i1l520 002D  
                  i1l512 0025                    i1l530 0037                    i1l522 002F  
                  i1l514 0027                    i1l532 0039                    i1l524 0031  
                  i1l516 0029                    i1l526 0033                    i1l518 002B  
                  i1l528 0035                    i1l536 003C                    _PORTC 0007  
                  _PORTD 0008                    _TRISB 0086                    _TRISC 0087  
                  _TRISD 0088            __CFG_PWRTE$ON 0000                    pclath 000A  
                  ltemp0 007E                    ltemp1 0082                    ltemp2 0086  
                  ltemp3 0080                    ttemp0 007E                    ttemp1 0081  
                  ttemp2 0084                    ttemp3 0087                    ttemp4 007F  
                  status 0003                    wtemp0 007E                    wtemp1 0080  
                  wtemp2 0082                    wtemp3 0084                    wtemp4 0086  
                  wtemp5 0088                    wtemp6 007F          __initialization 0015  
           __end_of_main 007B                   ??_main 0076                   _INTEDG 040E  
                 saved_w 007E  __end_of__initialization 0015           __pcstackCOMMON 0070  
                ISR@DATA 0075               __pmaintext 006A               __pintentry 0004  
                __ptext0 0000                  __ptext1 0019             __size_of_ISR 0051  
   end_of_initialization 0015      start_initialization 0015              __end_of_ISR 006A  
              ___latbits 0002        interrupt_function 0004            __size_of_main 0011  
               intlevel1 0000  
