

Microchip Technology PIC LITE Macro Assembler V1.33 build 59893 
                                                                                               Sat Mar 28 22:31:38 2026

Microchip Technology Omniscient Code Generator (Lite mode) build 59893
     1                           	processor	16F877A
     2                           	opt	pw 120
     3                           	opt	lm
     4                           	psect	strings,global,class=STRING,delta=2
     5                           	psect	cinit,global,class=CODE,merge=1,delta=2
     6                           	psect	bssBANK0,global,class=BANK0,space=1,delta=1
     7                           	psect	cstackCOMMON,global,class=COMMON,space=1,delta=1
     8                           	psect	cstackBANK0,global,class=BANK0,space=1,delta=1
     9                           	psect	maintext,global,class=CODE,split=1,delta=2
    10                           	psect	text1,local,class=CODE,merge=1,delta=2
    11                           	psect	text2,local,class=CODE,merge=1,delta=2
    12                           	psect	text3,local,class=CODE,merge=1,delta=2
    13                           	psect	text4,local,class=CODE,merge=1,delta=2
    14                           	psect	text5,local,class=CODE,merge=1,delta=2
    15                           	psect	text6,local,class=CODE,merge=1,delta=2
    16                           	psect	text7,local,class=CODE,merge=1,delta=2
    17                           	psect	text8,local,class=CODE,merge=1,delta=2
    18                           	psect	text9,local,class=CODE,merge=1,delta=2
    19                           	psect	intentry,global,class=CODE,delta=2
    20                           	dabs	1,0x7E,2
    21  0000                     	;# 
    22  0001                     	;# 
    23  0002                     	;# 
    24  0003                     	;# 
    25  0004                     	;# 
    26  0005                     	;# 
    27  0006                     	;# 
    28  0007                     	;# 
    29  0008                     	;# 
    30  0009                     	;# 
    31  000A                     	;# 
    32  000B                     	;# 
    33  000C                     	;# 
    34  000D                     	;# 
    35  000E                     	;# 
    36  000E                     	;# 
    37  000F                     	;# 
    38  0010                     	;# 
    39  0011                     	;# 
    40  0012                     	;# 
    41  0013                     	;# 
    42  0014                     	;# 
    43  0015                     	;# 
    44  0015                     	;# 
    45  0016                     	;# 
    46  0017                     	;# 
    47  0018                     	;# 
    48  0019                     	;# 
    49  001A                     	;# 
    50  001B                     	;# 
    51  001B                     	;# 
    52  001C                     	;# 
    53  001D                     	;# 
    54  001E                     	;# 
    55  001F                     	;# 
    56  0081                     	;# 
    57  0085                     	;# 
    58  0086                     	;# 
    59  0087                     	;# 
    60  0088                     	;# 
    61  0089                     	;# 
    62  008C                     	;# 
    63  008D                     	;# 
    64  008E                     	;# 
    65  0091                     	;# 
    66  0092                     	;# 
    67  0093                     	;# 
    68  0094                     	;# 
    69  0098                     	;# 
    70  0099                     	;# 
    71  009C                     	;# 
    72  009D                     	;# 
    73  009E                     	;# 
    74  009F                     	;# 
    75  010C                     	;# 
    76  010D                     	;# 
    77  010E                     	;# 
    78  010F                     	;# 
    79  018C                     	;# 
    80  018D                     	;# 
    81  0015                     _CCPR1	set	21
    82  000E                     _TMR1	set	14
    83  0017                     _CCP1CON	set	23
    84  0006                     _PORTB	set	6
    85  0010                     _T1CON	set	16
    86  0062                     _CCP1IF	set	98
    87  005F                     _GIE	set	95
    88  005E                     _PEIE	set	94
    89  0028                     _RA0	set	40
    90  0040                     _RD0	set	64
    91  0041                     _RD1	set	65
    92  0042                     _RD2	set	66
    93  0080                     _TMR1ON	set	128
    94  009F                     _ADCON1	set	159
    95  0085                     _TRISA	set	133
    96  0086                     _TRISB	set	134
    97  0087                     _TRISC	set	135
    98  0088                     _TRISD	set	136
    99  0462                     _CCP1IE	set	1122
   100                           
   101                           	psect	strings
   102  0228                     __pstrings:	
   103  0228                     stringtab:	
   104  0228                     __stringtab:	
   105  0228                     stringcode:	
   106                           ;	String table - string pointers are 1 byte each
   107                           
   108  0228                     stringdir:	
   109  0228  3002               	movlw	high stringdir
   110  0229  008A               	movwf	10
   111  022A  0804               	movf	4,w
   112  022B  0A84               	incf	4,f
   113  022C  0782               	addwf	2,f
   114  022D                     __stringbase:	
   115  022D  3400               	retlw	0
   116  022E                     __end_of__stringtab:	
   117  022E                     __stringdata:	
   118  022E                     STR_1:	
   119  022E  3450               	retlw	80	;'P'
   120  022F  3445               	retlw	69	;'E'
   121  0230  3452               	retlw	82	;'R'
   122  0231  3449               	retlw	73	;'I'
   123  0232  344F               	retlw	79	;'O'
   124  0233  3444               	retlw	68	;'D'
   125  0234  343A               	retlw	58	;':'
   126  0235  3420               	retlw	32	;' '
   127  0236  3420               	retlw	32	;' '
   128  0237  3400               	retlw	0
   129  0238                     __end_of__stringdata:	
   130                           
   131                           ; #config settings
   132  0000                     
   133                           	psect	cinit
   134  0015                     start_initialization:	
   135  0015                     __initialization:	
   136                           
   137                           ; Clear objects allocated to BANK0
   138  0015  01B0               	clrf	__pbssBANK0& (0+127)
   139  0016  01B1               	clrf	(__pbssBANK0+1)& (0+127)
   140  0017  01B2               	clrf	(__pbssBANK0+2)& (0+127)
   141  0018                     end_of_initialization:	
   142                           ;End of C runtime variable initialization code
   143                           
   144  0018                     __end_of__initialization:	
   145  0018  0183               	clrf	3
   146  0019  120A  118A  28C1   	ljmp	_main	;jump to C main() function
   147                           
   148                           	psect	bssBANK0
   149  0030                     __pbssBANK0:	
   150  0030                     _capturedPeriod:	
   151  0030                     	ds	2
   152  0032                     _newCapture:	
   153  0032                     	ds	1
   154                           
   155                           	psect	cstackCOMMON
   156  0070                     __pcstackCOMMON:	
   157  0070                     ?_delay:	
   158  0070                     ?_dataCtrl:	
   159                           ; 0 bytes @ 0x0
   160                           
   161  0070                     ?_instCtrl:	
   162                           ; 0 bytes @ 0x0
   163                           
   164  0070                     ?_initLCD:	
   165                           ; 0 bytes @ 0x0
   166                           
   167  0070                     ?_printStr:	
   168                           ; 0 bytes @ 0x0
   169                           
   170  0070                     ?_ISR:	
   171                           ; 0 bytes @ 0x0
   172                           
   173  0070                     ??_ISR:	
   174                           ; 0 bytes @ 0x0
   175                           
   176  0070                     ?_main:	
   177                           ; 0 bytes @ 0x0
   178                           
   179                           
   180                           ; 0 bytes @ 0x0
   181  0070                     	ds	5
   182  0075                     ??_delay:	
   183  0075                     ?___lwmod:	
   184                           ; 0 bytes @ 0x5
   185                           
   186  0075                     ___lwmod@divisor:	
   187                           ; 2 bytes @ 0x5
   188                           
   189                           
   190                           ; 2 bytes @ 0x5
   191  0075                     	ds	2
   192  0077                     ??_dataCtrl:	
   193  0077                     ??_instCtrl:	
   194                           ; 0 bytes @ 0x7
   195                           
   196  0077                     dataCtrl@INST:	
   197                           ; 0 bytes @ 0x7
   198                           
   199  0077                     instCtrl@INST:	
   200                           ; 1 bytes @ 0x7
   201                           
   202  0077                     ___lwmod@dividend:	
   203                           ; 1 bytes @ 0x7
   204                           
   205                           
   206                           ; 2 bytes @ 0x7
   207  0077                     	ds	1
   208  0078                     ??_initLCD:	
   209  0078                     ??_printStr:	
   210                           ; 0 bytes @ 0x8
   211                           
   212                           
   213                           ; 0 bytes @ 0x8
   214  0078                     	ds	1
   215  0079                     ??_displayPeriod:	
   216                           
   217                           	psect	cstackBANK0
   218  0020                     __pcstackBANK0:	
   219                           ; 0 bytes @ 0x9
   220                           
   221  0020                     ??___lwmod:	
   222  0020                     delay@cnt:	
   223                           ; 0 bytes @ 0x0
   224                           
   225                           
   226                           ; 1 bytes @ 0x0
   227  0020                     	ds	1
   228  0021                     ___lwmod@counter:	
   229  0021                     delay@i:	
   230                           ; 1 bytes @ 0x1
   231                           
   232                           
   233                           ; 2 bytes @ 0x1
   234  0021                     	ds	1
   235  0022                     ?___lwdiv:	
   236  0022                     ___lwdiv@divisor:	
   237                           ; 2 bytes @ 0x2
   238                           
   239                           
   240                           ; 2 bytes @ 0x2
   241  0022                     	ds	1
   242  0023                     delay@j:	
   243                           
   244                           ; 2 bytes @ 0x3
   245  0023                     	ds	1
   246  0024                     ___lwdiv@dividend:	
   247                           
   248                           ; 2 bytes @ 0x4
   249  0024                     	ds	1
   250  0025                     printStr@str:	
   251                           
   252                           ; 1 bytes @ 0x5
   253  0025                     	ds	1
   254  0026                     ??___lwdiv:	
   255                           
   256                           ; 0 bytes @ 0x6
   257  0026                     	ds	1
   258  0027                     ___lwdiv@quotient:	
   259                           
   260                           ; 2 bytes @ 0x7
   261  0027                     	ds	2
   262  0029                     ___lwdiv@counter:	
   263                           
   264                           ; 1 bytes @ 0x9
   265  0029                     	ds	1
   266  002A                     ?_displayPeriod:	
   267  002A                     displayPeriod@period:	
   268                           ; 0 bytes @ 0xA
   269                           
   270                           
   271                           ; 2 bytes @ 0xA
   272  002A                     	ds	2
   273  002C                     ??_main:	
   274                           
   275                           ; 0 bytes @ 0xC
   276  002C                     	ds	2
   277  002E                     main@period_ms:	
   278                           
   279                           ; 2 bytes @ 0xE
   280  002E                     	ds	2
   281                           
   282                           	psect	maintext
   283  00C1                     __pmaintext:	
   284 ;;
   285 ;;Main: autosize = 0, tempsize = 2, incstack = 0, save=0
   286 ;;
   287 ;; *************** function _main *****************
   288 ;; Defined at:
   289 ;;		line 79 in file "C:\Users\enzoa\OneDrive\Documents\GitHub\3rd_Year_Archives\CpE3201_Embedded_Systems\Practical_Activ
      +ities\PA4\LE4-6\LE4-6.c"
   290 ;; Parameters:    Size  Location     Type
   291 ;;		None
   292 ;; Auto vars:     Size  Location     Type
   293 ;;  period_ms       2   14[BANK0 ] unsigned int 
   294 ;; Return value:  Size  Location     Type
   295 ;;		None               void
   296 ;; Registers used:
   297 ;;		wreg, fsr0l, fsr0h, status,2, status,0, btemp+1, pclath, cstack
   298 ;; Tracked objects:
   299 ;;		On entry : 17F/0
   300 ;;		On exit  : 0/0
   301 ;;		Unchanged: 0/0
   302 ;; Data sizes:     COMMON   BANK0   BANK1   BANK3   BANK2
   303 ;;      Params:         0       0       0       0       0
   304 ;;      Locals:         0       2       0       0       0
   305 ;;      Temps:          0       2       0       0       0
   306 ;;      Totals:         0       4       0       0       0
   307 ;;Total ram usage:        4 bytes
   308 ;; Hardware stack levels required when called:    4
   309 ;; This function calls:
   310 ;;		___lwdiv
   311 ;;		_displayPeriod
   312 ;;		_initLCD
   313 ;;		_instCtrl
   314 ;;		_printStr
   315 ;; This function is called by:
   316 ;;		Startup code after reset
   317 ;; This function uses a non-reentrant model
   318 ;;
   319                           
   320                           
   321                           ;psect for function _main
   322  00C1                     _main:	
   323                           
   324                           ;LE4-6.c: 80: ADCON1 = 0x06;
   325                           
   326                           ;incstack = 0
   327                           ; Regs used in _main: [wreg-fsr0h+status,2+status,0+btemp+1+pclath+cstack]
   328  00C1  3006               	movlw	6
   329  00C2  1683               	bsf	3,5	;RP0=1, select bank1
   330  00C3  1303               	bcf	3,6	;RP1=0, select bank1
   331  00C4  009F               	movwf	31	;volatile
   332                           
   333                           ;LE4-6.c: 81: TRISA = 0x00;
   334  00C5  0185               	clrf	5	;volatile
   335                           
   336                           ;LE4-6.c: 82: TRISB = 0x00;
   337  00C6  0186               	clrf	6	;volatile
   338                           
   339                           ;LE4-6.c: 83: TRISC = 0x04;
   340  00C7  3004               	movlw	4
   341  00C8  0087               	movwf	7	;volatile
   342                           
   343                           ;LE4-6.c: 84: TRISD = 0x00;
   344  00C9  0188               	clrf	8	;volatile
   345                           
   346                           ;LE4-6.c: 87: initLCD();
   347  00CA  120A  118A  220B  120A  118A  	fcall	_initLCD
   348                           
   349                           ;LE4-6.c: 88: instCtrl(0x80);
   350  00CF  3080               	movlw	128
   351  00D0  120A  118A  2238  120A  118A  	fcall	_instCtrl
   352                           
   353                           ;LE4-6.c: 89: printStr("PERIOD:  ");
   354  00D5  3001               	movlw	(STR_1-__stringbase)& (0+255)
   355  00D6  120A  118A  21CD  120A  118A  	fcall	_printStr
   356                           
   357                           ;LE4-6.c: 91: T1CON = 0x30;
   358  00DB  3030               	movlw	48
   359  00DC  1283               	bcf	3,5	;RP0=0, select bank0
   360  00DD  1303               	bcf	3,6	;RP1=0, select bank0
   361  00DE  0090               	movwf	16	;volatile
   362                           
   363                           ;LE4-6.c: 92: CCP1CON = 0x05;
   364  00DF  3005               	movlw	5
   365  00E0  0097               	movwf	23	;volatile
   366                           
   367                           ;LE4-6.c: 93: CCP1IE = 1;
   368  00E1  1683               	bsf	3,5	;RP0=1, select bank1
   369  00E2  1303               	bcf	3,6	;RP1=0, select bank1
   370  00E3  150C               	bsf	12,2	;volatile
   371                           
   372                           ;LE4-6.c: 94: CCP1IF = 0;
   373  00E4  1283               	bcf	3,5	;RP0=0, select bank0
   374  00E5  1303               	bcf	3,6	;RP1=0, select bank0
   375  00E6  110C               	bcf	12,2	;volatile
   376                           
   377                           ;LE4-6.c: 95: PEIE = 1;
   378  00E7  170B               	bsf	11,6	;volatile
   379                           
   380                           ;LE4-6.c: 96: GIE = 1;
   381  00E8  178B               	bsf	11,7	;volatile
   382                           
   383                           ;LE4-6.c: 97: TMR1ON = 1;
   384  00E9  1410               	bsf	16,0	;volatile
   385  00EA                     l834:	
   386                           ;LE4-6.c: 99: for(;;){
   387                           
   388                           
   389                           ;LE4-6.c: 100: if(newCapture){
   390  00EA  1283               	bcf	3,5	;RP0=0, select bank0
   391  00EB  1303               	bcf	3,6	;RP1=0, select bank0
   392  00EC  0832               	movf	_newCapture,w	;volatile
   393  00ED  1903               	btfsc	3,2
   394  00EE  28EA               	goto	l834
   395                           
   396                           ;LE4-6.c: 101: newCapture = 0;
   397  00EF  01B2               	clrf	_newCapture	;volatile
   398                           
   399                           ;LE4-6.c: 103: unsigned int period_ms = (capturedPeriod / 1000) * 8;
   400  00F0  30E8               	movlw	232
   401  00F1  00A2               	movwf	___lwdiv@divisor
   402  00F2  3003               	movlw	3
   403  00F3  00A3               	movwf	___lwdiv@divisor+1
   404  00F4  0831               	movf	_capturedPeriod+1,w	;volatile
   405  00F5  01A5               	clrf	___lwdiv@dividend+1
   406  00F6  07A5               	addwf	___lwdiv@dividend+1,f
   407  00F7  0830               	movf	_capturedPeriod,w	;volatile
   408  00F8  01A4               	clrf	___lwdiv@dividend
   409  00F9  07A4               	addwf	___lwdiv@dividend,f
   410  00FA  120A  118A  2120  120A  118A  	fcall	___lwdiv
   411  00FF  1283               	bcf	3,5	;RP0=0, select bank0
   412  0100  1303               	bcf	3,6	;RP1=0, select bank0
   413  0101  0822               	movf	?___lwdiv,w
   414  0102  00AC               	movwf	??_main
   415  0103  0823               	movf	?___lwdiv+1,w
   416  0104  00AD               	movwf	??_main+1
   417  0105  1003               	clrc
   418  0106  0DAC               	rlf	??_main,f
   419  0107  0DAD               	rlf	??_main+1,f
   420  0108  1003               	clrc
   421  0109  0DAC               	rlf	??_main,f
   422  010A  0DAD               	rlf	??_main+1,f
   423  010B  1003               	clrc
   424  010C  0DAC               	rlf	??_main,f
   425  010D  0DAD               	rlf	??_main+1,f
   426  010E  082C               	movf	??_main,w
   427  010F  00AE               	movwf	main@period_ms
   428  0110  082D               	movf	??_main+1,w
   429  0111  00AF               	movwf	main@period_ms+1
   430                           
   431                           ;LE4-6.c: 104: displayPeriod(period_ms);
   432  0112  082F               	movf	main@period_ms+1,w
   433  0113  01AB               	clrf	displayPeriod@period+1
   434  0114  07AB               	addwf	displayPeriod@period+1,f
   435  0115  082E               	movf	main@period_ms,w
   436  0116  01AA               	clrf	displayPeriod@period
   437  0117  07AA               	addwf	displayPeriod@period,f
   438  0118  120A  118A  201C  120A  118A  	fcall	_displayPeriod
   439                           
   440                           ;LE4-6.c: 105: }
   441                           ;LE4-6.c: 106: }
   442  011D  1283               	bcf	3,5	;RP0=0, select bank0
   443  011E  1303               	bcf	3,6	;RP1=0, select bank0
   444  011F  28EA               	goto	l834
   445  0120                     __end_of_main:	
   446                           
   447                           	psect	text1
   448  01CD                     __ptext1:	
   449 ;; *************** function _printStr *****************
   450 ;; Defined at:
   451 ;;		line 46 in file "C:\Users\enzoa\OneDrive\Documents\GitHub\3rd_Year_Archives\CpE3201_Embedded_Systems\Practical_Activ
      +ities\PA4\LE4-6\LE4-6.c"
   452 ;; Parameters:    Size  Location     Type
   453 ;;  str             1    wreg     PTR const unsigned char 
   454 ;;		 -> STR_1(10), 
   455 ;; Auto vars:     Size  Location     Type
   456 ;;  str             1    5[BANK0 ] PTR const unsigned char 
   457 ;;		 -> STR_1(10), 
   458 ;; Return value:  Size  Location     Type
   459 ;;		None               void
   460 ;; Registers used:
   461 ;;		wreg, fsr0l, fsr0h, status,2, status,0, btemp+1, pclath, cstack
   462 ;; Tracked objects:
   463 ;;		On entry : 0/0
   464 ;;		On exit  : 0/0
   465 ;;		Unchanged: 0/0
   466 ;; Data sizes:     COMMON   BANK0   BANK1   BANK3   BANK2
   467 ;;      Params:         0       0       0       0       0
   468 ;;      Locals:         0       1       0       0       0
   469 ;;      Temps:          1       0       0       0       0
   470 ;;      Totals:         1       1       0       0       0
   471 ;;Total ram usage:        2 bytes
   472 ;; Hardware stack levels used:    1
   473 ;; Hardware stack levels required when called:    3
   474 ;; This function calls:
   475 ;;		_dataCtrl
   476 ;; This function is called by:
   477 ;;		_main
   478 ;; This function uses a non-reentrant model
   479 ;;
   480                           
   481                           
   482                           ;psect for function _printStr
   483  01CD                     _printStr:	
   484                           
   485                           ;incstack = 0
   486                           ; Regs used in _printStr: [wreg-fsr0h+status,2+status,0+btemp+1+pclath+cstack]
   487                           ;printStr@str stored from wreg
   488  01CD  1283               	bcf	3,5	;RP0=0, select bank0
   489  01CE  1303               	bcf	3,6	;RP1=0, select bank0
   490  01CF  00A5               	movwf	printStr@str
   491  01D0                     l788:	
   492                           ;LE4-6.c: 47: while(*str != '\0'){
   493                           
   494  01D0  0825               	movf	printStr@str,w
   495  01D1  0084               	movwf	4
   496  01D2  120A  118A  2228  120A  118A  	fcall	stringdir
   497  01D7  3800               	iorlw	0
   498  01D8  1903               	btfsc	3,2
   499  01D9  0008               	return
   500                           
   501                           ;LE4-6.c: 48: dataCtrl(*str);
   502  01DA  0825               	movf	printStr@str,w
   503  01DB  0084               	movwf	4
   504  01DC  120A  118A  2228  120A  118A  	fcall	stringdir
   505  01E1  120A  118A  2248  120A  118A  	fcall	_dataCtrl
   506                           
   507                           ;LE4-6.c: 49: str++;
   508  01E6  3001               	movlw	1
   509  01E7  00F8               	movwf	??_printStr
   510  01E8  0878               	movf	??_printStr,w
   511  01E9  1283               	bcf	3,5	;RP0=0, select bank0
   512  01EA  1303               	bcf	3,6	;RP1=0, select bank0
   513  01EB  07A5               	addwf	printStr@str,f
   514  01EC  29D0               	goto	l788
   515  01ED                     __end_of_printStr:	
   516                           
   517                           	psect	text2
   518  020B                     __ptext2:	
   519 ;; *************** function _initLCD *****************
   520 ;; Defined at:
   521 ;;		line 38 in file "C:\Users\enzoa\OneDrive\Documents\GitHub\3rd_Year_Archives\CpE3201_Embedded_Systems\Practical_Activ
      +ities\PA4\LE4-6\LE4-6.c"
   522 ;; Parameters:    Size  Location     Type
   523 ;;		None
   524 ;; Auto vars:     Size  Location     Type
   525 ;;		None
   526 ;; Return value:  Size  Location     Type
   527 ;;		None               void
   528 ;; Registers used:
   529 ;;		wreg, status,2, status,0, btemp+1, pclath, cstack
   530 ;; Tracked objects:
   531 ;;		On entry : 0/0
   532 ;;		On exit  : 0/0
   533 ;;		Unchanged: 0/0
   534 ;; Data sizes:     COMMON   BANK0   BANK1   BANK3   BANK2
   535 ;;      Params:         0       0       0       0       0
   536 ;;      Locals:         0       0       0       0       0
   537 ;;      Temps:          0       0       0       0       0
   538 ;;      Totals:         0       0       0       0       0
   539 ;;Total ram usage:        0 bytes
   540 ;; Hardware stack levels used:    1
   541 ;; Hardware stack levels required when called:    3
   542 ;; This function calls:
   543 ;;		_instCtrl
   544 ;; This function is called by:
   545 ;;		_main
   546 ;; This function uses a non-reentrant model
   547 ;;
   548                           
   549                           
   550                           ;psect for function _initLCD
   551  020B                     _initLCD:	
   552                           
   553                           ;LE4-6.c: 39: instCtrl(0x38);
   554                           
   555                           ;incstack = 0
   556                           ; Regs used in _initLCD: [wreg+status,2+status,0+btemp+1+pclath+cstack]
   557  020B  3038               	movlw	56
   558  020C  120A  118A  2238  120A  118A  	fcall	_instCtrl
   559                           
   560                           ;LE4-6.c: 40: instCtrl(0x08);
   561  0211  3008               	movlw	8
   562  0212  120A  118A  2238  120A  118A  	fcall	_instCtrl
   563                           
   564                           ;LE4-6.c: 41: instCtrl(0x01);
   565  0217  3001               	movlw	1
   566  0218  120A  118A  2238  120A  118A  	fcall	_instCtrl
   567                           
   568                           ;LE4-6.c: 42: instCtrl(0x06);
   569  021D  3006               	movlw	6
   570  021E  120A  118A  2238  120A  118A  	fcall	_instCtrl
   571                           
   572                           ;LE4-6.c: 43: instCtrl(0x0F);
   573  0223  300F               	movlw	15
   574  0224  120A  118A  2238   	fcall	_instCtrl
   575  0227  0008               	return
   576  0228                     __end_of_initLCD:	
   577                           
   578                           	psect	text3
   579  001C                     __ptext3:	
   580 ;; *************** function _displayPeriod *****************
   581 ;; Defined at:
   582 ;;		line 53 in file "C:\Users\enzoa\OneDrive\Documents\GitHub\3rd_Year_Archives\CpE3201_Embedded_Systems\Practical_Activ
      +ities\PA4\LE4-6\LE4-6.c"
   583 ;; Parameters:    Size  Location     Type
   584 ;;  period          2   10[BANK0 ] unsigned int 
   585 ;; Auto vars:     Size  Location     Type
   586 ;;		None
   587 ;; Return value:  Size  Location     Type
   588 ;;		None               void
   589 ;; Registers used:
   590 ;;		wreg, status,2, status,0, btemp+1, pclath, cstack
   591 ;; Tracked objects:
   592 ;;		On entry : 0/0
   593 ;;		On exit  : 0/0
   594 ;;		Unchanged: 0/0
   595 ;; Data sizes:     COMMON   BANK0   BANK1   BANK3   BANK2
   596 ;;      Params:         0       2       0       0       0
   597 ;;      Locals:         0       0       0       0       0
   598 ;;      Temps:          0       0       0       0       0
   599 ;;      Totals:         0       2       0       0       0
   600 ;;Total ram usage:        2 bytes
   601 ;; Hardware stack levels used:    1
   602 ;; Hardware stack levels required when called:    3
   603 ;; This function calls:
   604 ;;		___lwdiv
   605 ;;		___lwmod
   606 ;;		_dataCtrl
   607 ;;		_instCtrl
   608 ;; This function is called by:
   609 ;;		_main
   610 ;; This function uses a non-reentrant model
   611 ;;
   612                           
   613                           
   614                           ;psect for function _displayPeriod
   615  001C                     _displayPeriod:	
   616                           
   617                           ;LE4-6.c: 54: instCtrl(0xC0);
   618                           
   619                           ;incstack = 0
   620                           ; Regs used in _displayPeriod: [wreg+status,2+status,0+btemp+1+pclath+cstack]
   621  001C  30C0               	movlw	192
   622  001D  120A  118A  2238  120A  118A  	fcall	_instCtrl
   623                           
   624                           ;LE4-6.c: 57: dataCtrl((period / 1000) + '0');
   625  0022  30E8               	movlw	232
   626  0023  1283               	bcf	3,5	;RP0=0, select bank0
   627  0024  1303               	bcf	3,6	;RP1=0, select bank0
   628  0025  00A2               	movwf	___lwdiv@divisor
   629  0026  3003               	movlw	3
   630  0027  00A3               	movwf	___lwdiv@divisor+1
   631  0028  082B               	movf	displayPeriod@period+1,w
   632  0029  01A5               	clrf	___lwdiv@dividend+1
   633  002A  07A5               	addwf	___lwdiv@dividend+1,f
   634  002B  082A               	movf	displayPeriod@period,w
   635  002C  01A4               	clrf	___lwdiv@dividend
   636  002D  07A4               	addwf	___lwdiv@dividend,f
   637  002E  120A  118A  2120  120A  118A  	fcall	___lwdiv
   638  0033  1283               	bcf	3,5	;RP0=0, select bank0
   639  0034  1303               	bcf	3,6	;RP1=0, select bank0
   640  0035  0822               	movf	?___lwdiv,w
   641  0036  3E30               	addlw	48
   642  0037  120A  118A  2248  120A  118A  	fcall	_dataCtrl
   643                           
   644                           ;LE4-6.c: 58: dataCtrl(((period % 1000) / 100) + '0');
   645  003C  3064               	movlw	100
   646  003D  1283               	bcf	3,5	;RP0=0, select bank0
   647  003E  1303               	bcf	3,6	;RP1=0, select bank0
   648  003F  00A2               	movwf	___lwdiv@divisor
   649  0040  3000               	movlw	0
   650  0041  00A3               	movwf	___lwdiv@divisor+1
   651  0042  082B               	movf	displayPeriod@period+1,w
   652  0043  01F8               	clrf	___lwmod@dividend+1
   653  0044  07F8               	addwf	___lwmod@dividend+1,f
   654  0045  082A               	movf	displayPeriod@period,w
   655  0046  01F7               	clrf	___lwmod@dividend
   656  0047  07F7               	addwf	___lwmod@dividend,f
   657  0048  30E8               	movlw	232
   658  0049  00F5               	movwf	___lwmod@divisor
   659  004A  3003               	movlw	3
   660  004B  00F6               	movwf	___lwmod@divisor+1
   661  004C  120A  118A  2197  120A  118A  	fcall	___lwmod
   662  0051  0876               	movf	?___lwmod+1,w
   663  0052  1283               	bcf	3,5	;RP0=0, select bank0
   664  0053  1303               	bcf	3,6	;RP1=0, select bank0
   665  0054  01A5               	clrf	___lwdiv@dividend+1
   666  0055  07A5               	addwf	___lwdiv@dividend+1,f
   667  0056  0875               	movf	?___lwmod,w
   668  0057  01A4               	clrf	___lwdiv@dividend
   669  0058  07A4               	addwf	___lwdiv@dividend,f
   670  0059  120A  118A  2120  120A  118A  	fcall	___lwdiv
   671  005E  1283               	bcf	3,5	;RP0=0, select bank0
   672  005F  1303               	bcf	3,6	;RP1=0, select bank0
   673  0060  0822               	movf	?___lwdiv,w
   674  0061  3E30               	addlw	48
   675  0062  120A  118A  2248  120A  118A  	fcall	_dataCtrl
   676                           
   677                           ;LE4-6.c: 59: dataCtrl(((period % 100) / 10) + '0');
   678  0067  300A               	movlw	10
   679  0068  1283               	bcf	3,5	;RP0=0, select bank0
   680  0069  1303               	bcf	3,6	;RP1=0, select bank0
   681  006A  00A2               	movwf	___lwdiv@divisor
   682  006B  3000               	movlw	0
   683  006C  00A3               	movwf	___lwdiv@divisor+1
   684  006D  082B               	movf	displayPeriod@period+1,w
   685  006E  01F8               	clrf	___lwmod@dividend+1
   686  006F  07F8               	addwf	___lwmod@dividend+1,f
   687  0070  082A               	movf	displayPeriod@period,w
   688  0071  01F7               	clrf	___lwmod@dividend
   689  0072  07F7               	addwf	___lwmod@dividend,f
   690  0073  3064               	movlw	100
   691  0074  00F5               	movwf	___lwmod@divisor
   692  0075  3000               	movlw	0
   693  0076  00F6               	movwf	___lwmod@divisor+1
   694  0077  120A  118A  2197  120A  118A  	fcall	___lwmod
   695  007C  0876               	movf	?___lwmod+1,w
   696  007D  1283               	bcf	3,5	;RP0=0, select bank0
   697  007E  1303               	bcf	3,6	;RP1=0, select bank0
   698  007F  01A5               	clrf	___lwdiv@dividend+1
   699  0080  07A5               	addwf	___lwdiv@dividend+1,f
   700  0081  0875               	movf	?___lwmod,w
   701  0082  01A4               	clrf	___lwdiv@dividend
   702  0083  07A4               	addwf	___lwdiv@dividend,f
   703  0084  120A  118A  2120  120A  118A  	fcall	___lwdiv
   704  0089  1283               	bcf	3,5	;RP0=0, select bank0
   705  008A  1303               	bcf	3,6	;RP1=0, select bank0
   706  008B  0822               	movf	?___lwdiv,w
   707  008C  3E30               	addlw	48
   708  008D  120A  118A  2248  120A  118A  	fcall	_dataCtrl
   709                           
   710                           ;LE4-6.c: 60: dataCtrl((period % 10) + '0');
   711  0092  300A               	movlw	10
   712  0093  00F5               	movwf	___lwmod@divisor
   713  0094  3000               	movlw	0
   714  0095  00F6               	movwf	___lwmod@divisor+1
   715  0096  1283               	bcf	3,5	;RP0=0, select bank0
   716  0097  1303               	bcf	3,6	;RP1=0, select bank0
   717  0098  082B               	movf	displayPeriod@period+1,w
   718  0099  01F8               	clrf	___lwmod@dividend+1
   719  009A  07F8               	addwf	___lwmod@dividend+1,f
   720  009B  082A               	movf	displayPeriod@period,w
   721  009C  01F7               	clrf	___lwmod@dividend
   722  009D  07F7               	addwf	___lwmod@dividend,f
   723  009E  120A  118A  2197  120A  118A  	fcall	___lwmod
   724  00A3  0875               	movf	?___lwmod,w
   725  00A4  3E30               	addlw	48
   726  00A5  120A  118A  2248  120A  118A  	fcall	_dataCtrl
   727                           
   728                           ;LE4-6.c: 61: dataCtrl('m');
   729  00AA  306D               	movlw	109
   730  00AB  120A  118A  2248  120A  118A  	fcall	_dataCtrl
   731                           
   732                           ;LE4-6.c: 62: dataCtrl('s');
   733  00B0  3073               	movlw	115
   734  00B1  120A  118A  2248  120A  118A  	fcall	_dataCtrl
   735                           
   736                           ;LE4-6.c: 63: dataCtrl(' ');
   737  00B6  3020               	movlw	32
   738  00B7  120A  118A  2248  120A  118A  	fcall	_dataCtrl
   739                           
   740                           ;LE4-6.c: 64: dataCtrl(' ');
   741  00BC  3020               	movlw	32
   742  00BD  120A  118A  2248   	fcall	_dataCtrl
   743  00C0  0008               	return
   744  00C1                     __end_of_displayPeriod:	
   745                           
   746                           	psect	text4
   747  0238                     __ptext4:	
   748 ;; *************** function _instCtrl *****************
   749 ;; Defined at:
   750 ;;		line 29 in file "C:\Users\enzoa\OneDrive\Documents\GitHub\3rd_Year_Archives\CpE3201_Embedded_Systems\Practical_Activ
      +ities\PA4\LE4-6\LE4-6.c"
   751 ;; Parameters:    Size  Location     Type
   752 ;;  INST            1    wreg     unsigned char 
   753 ;; Auto vars:     Size  Location     Type
   754 ;;  INST            1    7[COMMON] unsigned char 
   755 ;; Return value:  Size  Location     Type
   756 ;;		None               void
   757 ;; Registers used:
   758 ;;		wreg, status,2, status,0, btemp+1, pclath, cstack
   759 ;; Tracked objects:
   760 ;;		On entry : 0/0
   761 ;;		On exit  : 0/0
   762 ;;		Unchanged: 0/0
   763 ;; Data sizes:     COMMON   BANK0   BANK1   BANK3   BANK2
   764 ;;      Params:         0       0       0       0       0
   765 ;;      Locals:         1       0       0       0       0
   766 ;;      Temps:          0       0       0       0       0
   767 ;;      Totals:         1       0       0       0       0
   768 ;;Total ram usage:        1 bytes
   769 ;; Hardware stack levels used:    1
   770 ;; Hardware stack levels required when called:    2
   771 ;; This function calls:
   772 ;;		_delay
   773 ;; This function is called by:
   774 ;;		_initLCD
   775 ;;		_displayPeriod
   776 ;;		_main
   777 ;; This function uses a non-reentrant model
   778 ;;
   779                           
   780                           
   781                           ;psect for function _instCtrl
   782  0238                     _instCtrl:	
   783                           
   784                           ;incstack = 0
   785                           ; Regs used in _instCtrl: [wreg+status,2+status,0+btemp+1+pclath+cstack]
   786                           ;instCtrl@INST stored from wreg
   787  0238  00F7               	movwf	instCtrl@INST
   788                           
   789                           ;LE4-6.c: 30: PORTB = INST;
   790  0239  0877               	movf	instCtrl@INST,w
   791  023A  1283               	bcf	3,5	;RP0=0, select bank0
   792  023B  1303               	bcf	3,6	;RP1=0, select bank0
   793  023C  0086               	movwf	6	;volatile
   794                           
   795                           ;LE4-6.c: 31: RD0 = 0;
   796  023D  1008               	bcf	8,0	;volatile
   797                           
   798                           ;LE4-6.c: 32: RD2 = 0;
   799  023E  1108               	bcf	8,2	;volatile
   800                           
   801                           ;LE4-6.c: 33: RD1 = 1;
   802  023F  1488               	bsf	8,1	;volatile
   803                           
   804                           ;LE4-6.c: 34: delay(1);
   805  0240  3001               	movlw	1
   806  0241  120A  118A  2160   	fcall	_delay
   807                           
   808                           ;LE4-6.c: 35: RD1 = 0;
   809  0244  1283               	bcf	3,5	;RP0=0, select bank0
   810  0245  1303               	bcf	3,6	;RP1=0, select bank0
   811  0246  1088               	bcf	8,1	;volatile
   812  0247  0008               	return
   813  0248                     __end_of_instCtrl:	
   814                           
   815                           	psect	text5
   816  0248                     __ptext5:	
   817 ;; *************** function _dataCtrl *****************
   818 ;; Defined at:
   819 ;;		line 20 in file "C:\Users\enzoa\OneDrive\Documents\GitHub\3rd_Year_Archives\CpE3201_Embedded_Systems\Practical_Activ
      +ities\PA4\LE4-6\LE4-6.c"
   820 ;; Parameters:    Size  Location     Type
   821 ;;  INST            1    wreg     unsigned char 
   822 ;; Auto vars:     Size  Location     Type
   823 ;;  INST            1    7[COMMON] unsigned char 
   824 ;; Return value:  Size  Location     Type
   825 ;;		None               void
   826 ;; Registers used:
   827 ;;		wreg, status,2, status,0, btemp+1, pclath, cstack
   828 ;; Tracked objects:
   829 ;;		On entry : 0/0
   830 ;;		On exit  : 0/0
   831 ;;		Unchanged: 0/0
   832 ;; Data sizes:     COMMON   BANK0   BANK1   BANK3   BANK2
   833 ;;      Params:         0       0       0       0       0
   834 ;;      Locals:         1       0       0       0       0
   835 ;;      Temps:          0       0       0       0       0
   836 ;;      Totals:         1       0       0       0       0
   837 ;;Total ram usage:        1 bytes
   838 ;; Hardware stack levels used:    1
   839 ;; Hardware stack levels required when called:    2
   840 ;; This function calls:
   841 ;;		_delay
   842 ;; This function is called by:
   843 ;;		_printStr
   844 ;;		_displayPeriod
   845 ;; This function uses a non-reentrant model
   846 ;;
   847                           
   848                           
   849                           ;psect for function _dataCtrl
   850  0248                     _dataCtrl:	
   851                           
   852                           ;incstack = 0
   853                           ; Regs used in _dataCtrl: [wreg+status,2+status,0+btemp+1+pclath+cstack]
   854                           ;dataCtrl@INST stored from wreg
   855  0248  00F7               	movwf	dataCtrl@INST
   856                           
   857                           ;LE4-6.c: 21: PORTB = INST;
   858  0249  0877               	movf	dataCtrl@INST,w
   859  024A  1283               	bcf	3,5	;RP0=0, select bank0
   860  024B  1303               	bcf	3,6	;RP1=0, select bank0
   861  024C  0086               	movwf	6	;volatile
   862                           
   863                           ;LE4-6.c: 22: RD0 = 1;
   864  024D  1408               	bsf	8,0	;volatile
   865                           
   866                           ;LE4-6.c: 23: RD2 = 0;
   867  024E  1108               	bcf	8,2	;volatile
   868                           
   869                           ;LE4-6.c: 24: RD1 = 1;
   870  024F  1488               	bsf	8,1	;volatile
   871                           
   872                           ;LE4-6.c: 25: delay(1);
   873  0250  3001               	movlw	1
   874  0251  120A  118A  2160   	fcall	_delay
   875                           
   876                           ;LE4-6.c: 26: RD1 = 0;
   877  0254  1283               	bcf	3,5	;RP0=0, select bank0
   878  0255  1303               	bcf	3,6	;RP1=0, select bank0
   879  0256  1088               	bcf	8,1	;volatile
   880  0257  0008               	return
   881  0258                     __end_of_dataCtrl:	
   882                           
   883                           	psect	text6
   884  0160                     __ptext6:	
   885 ;; *************** function _delay *****************
   886 ;; Defined at:
   887 ;;		line 14 in file "C:\Users\enzoa\OneDrive\Documents\GitHub\3rd_Year_Archives\CpE3201_Embedded_Systems\Practical_Activ
      +ities\PA4\LE4-6\LE4-6.c"
   888 ;; Parameters:    Size  Location     Type
   889 ;;  cnt             1    wreg     unsigned char 
   890 ;; Auto vars:     Size  Location     Type
   891 ;;  cnt             1    0[BANK0 ] unsigned char 
   892 ;;  j               2    3[BANK0 ] int 
   893 ;;  i               2    1[BANK0 ] int 
   894 ;; Return value:  Size  Location     Type
   895 ;;		None               void
   896 ;; Registers used:
   897 ;;		wreg, status,2, status,0, btemp+1
   898 ;; Tracked objects:
   899 ;;		On entry : 0/0
   900 ;;		On exit  : 0/0
   901 ;;		Unchanged: 0/0
   902 ;; Data sizes:     COMMON   BANK0   BANK1   BANK3   BANK2
   903 ;;      Params:         0       0       0       0       0
   904 ;;      Locals:         0       5       0       0       0
   905 ;;      Temps:          2       0       0       0       0
   906 ;;      Totals:         2       5       0       0       0
   907 ;;Total ram usage:        7 bytes
   908 ;; Hardware stack levels used:    1
   909 ;; Hardware stack levels required when called:    1
   910 ;; This function calls:
   911 ;;		Nothing
   912 ;; This function is called by:
   913 ;;		_dataCtrl
   914 ;;		_instCtrl
   915 ;; This function uses a non-reentrant model
   916 ;;
   917                           
   918                           
   919                           ;psect for function _delay
   920  0160                     _delay:	
   921                           
   922                           ;incstack = 0
   923                           ; Regs used in _delay: [wreg+status,2+status,0+btemp+1]
   924                           ;delay@cnt stored from wreg
   925  0160  1283               	bcf	3,5	;RP0=0, select bank0
   926  0161  1303               	bcf	3,6	;RP1=0, select bank0
   927  0162  00A0               	movwf	delay@cnt
   928                           
   929                           ;LE4-6.c: 15: int i, j;
   930                           ;LE4-6.c: 16: for (i = cnt; i != 0; i--)
   931  0163  0820               	movf	delay@cnt,w
   932  0164  00F5               	movwf	??_delay
   933  0165  01F6               	clrf	??_delay+1
   934  0166  0875               	movf	??_delay,w
   935  0167  00A1               	movwf	delay@i
   936  0168  0876               	movf	??_delay+1,w
   937  0169  00A2               	movwf	delay@i+1
   938  016A                     L1:	
   939  016A  0822               	movf	delay@i+1,w
   940  016B  0421               	iorwf	delay@i,w
   941  016C  1903               	btfsc	3,2
   942  016D  0008               	return
   943                           
   944                           ;LE4-6.c: 17: for (j = 0; j < 1000; j++){}
   945  016E  01A3               	clrf	delay@j
   946  016F  01A4               	clrf	delay@j+1
   947  0170  0824               	movf	delay@j+1,w
   948  0171  3A80               	xorlw	128
   949  0172  00FF               	movwf	127
   950  0173  3083               	movlw	131
   951  0174  027F               	subwf	127,w
   952  0175  1D03               	skipz
   953  0176  2979               	goto	u225
   954  0177  30E8               	movlw	232
   955  0178  0223               	subwf	delay@j,w
   956  0179                     u225:	
   957  0179  1803               	btfsc	3,0
   958  017A  298E               	goto	l704
   959  017B                     l700:	
   960  017B  3001               	movlw	1
   961  017C  1283               	bcf	3,5	;RP0=0, select bank0
   962  017D  1303               	bcf	3,6	;RP1=0, select bank0
   963  017E  07A3               	addwf	delay@j,f
   964  017F  1803               	skipnc
   965  0180  0AA4               	incf	delay@j+1,f
   966  0181  3000               	movlw	0
   967  0182  07A4               	addwf	delay@j+1,f
   968  0183  0824               	movf	delay@j+1,w
   969  0184  3A80               	xorlw	128
   970  0185  00FF               	movwf	127
   971  0186  3083               	movlw	131
   972  0187  027F               	subwf	127,w
   973  0188  1D03               	skipz
   974  0189  298C               	goto	u235
   975  018A  30E8               	movlw	232
   976  018B  0223               	subwf	delay@j,w
   977  018C                     u235:	
   978  018C  1C03               	skipc
   979  018D  297B               	goto	l700
   980  018E                     l704:	
   981  018E  30FF               	movlw	255
   982  018F  1283               	bcf	3,5	;RP0=0, select bank0
   983  0190  1303               	bcf	3,6	;RP1=0, select bank0
   984  0191  07A1               	addwf	delay@i,f
   985  0192  1803               	skipnc
   986  0193  0AA2               	incf	delay@i+1,f
   987  0194  30FF               	movlw	255
   988  0195  07A2               	addwf	delay@i+1,f
   989  0196  296A               	goto	L1
   990  0197                     __end_of_delay:	
   991                           
   992                           	psect	text7
   993  0197                     __ptext7:	
   994 ;; *************** function ___lwmod *****************
   995 ;; Defined at:
   996 ;;		line 6 in file "C:\Program Files (x86)\Microchip\xc8\v1.33\sources\common\lwmod.c"
   997 ;; Parameters:    Size  Location     Type
   998 ;;  divisor         2    5[COMMON] unsigned int 
   999 ;;  dividend        2    7[COMMON] unsigned int 
  1000 ;; Auto vars:     Size  Location     Type
  1001 ;;  counter         1    1[BANK0 ] unsigned char 
  1002 ;; Return value:  Size  Location     Type
  1003 ;;                  2    5[COMMON] unsigned int 
  1004 ;; Registers used:
  1005 ;;		wreg, status,2, status,0
  1006 ;; Tracked objects:
  1007 ;;		On entry : 0/0
  1008 ;;		On exit  : 0/0
  1009 ;;		Unchanged: 0/0
  1010 ;; Data sizes:     COMMON   BANK0   BANK1   BANK3   BANK2
  1011 ;;      Params:         4       0       0       0       0
  1012 ;;      Locals:         0       1       0       0       0
  1013 ;;      Temps:          0       1       0       0       0
  1014 ;;      Totals:         4       2       0       0       0
  1015 ;;Total ram usage:        6 bytes
  1016 ;; Hardware stack levels used:    1
  1017 ;; Hardware stack levels required when called:    1
  1018 ;; This function calls:
  1019 ;;		Nothing
  1020 ;; This function is called by:
  1021 ;;		_displayPeriod
  1022 ;; This function uses a non-reentrant model
  1023 ;;
  1024                           
  1025                           
  1026                           ;psect for function ___lwmod
  1027  0197                     ___lwmod:	
  1028                           
  1029                           ;incstack = 0
  1030                           ; Regs used in ___lwmod: [wreg+status,2+status,0]
  1031  0197  0876               	movf	___lwmod@divisor+1,w
  1032  0198  0475               	iorwf	___lwmod@divisor,w
  1033  0199  1903               	skipnz
  1034  019A  29C6               	goto	l776
  1035  019B  1283               	bcf	3,5	;RP0=0, select bank0
  1036  019C  1303               	bcf	3,6	;RP1=0, select bank0
  1037  019D  01A1               	clrf	___lwmod@counter
  1038  019E  0AA1               	incf	___lwmod@counter,f
  1039  019F                     l766:	
  1040  019F  1BF6               	btfsc	___lwmod@divisor+1,7
  1041  01A0  29AD               	goto	l768
  1042  01A1  3001               	movlw	1
  1043  01A2                     u335:	
  1044  01A2  1003               	clrc
  1045  01A3  0DF5               	rlf	___lwmod@divisor,f
  1046  01A4  0DF6               	rlf	___lwmod@divisor+1,f
  1047  01A5  3EFF               	addlw	-1
  1048  01A6  1D03               	skipz
  1049  01A7  29A2               	goto	u335
  1050  01A8  3001               	movlw	1
  1051  01A9  00A0               	movwf	??___lwmod
  1052  01AA  0820               	movf	??___lwmod,w
  1053  01AB  07A1               	addwf	___lwmod@counter,f
  1054  01AC  299F               	goto	l766
  1055  01AD                     l768:	
  1056  01AD  0876               	movf	___lwmod@divisor+1,w
  1057  01AE  0278               	subwf	___lwmod@dividend+1,w
  1058  01AF  1D03               	skipz
  1059  01B0  29B3               	goto	u355
  1060  01B1  0875               	movf	___lwmod@divisor,w
  1061  01B2  0277               	subwf	___lwmod@dividend,w
  1062  01B3                     u355:	
  1063  01B3  1C03               	skipc
  1064  01B4  29BB               	goto	l772
  1065  01B5  0875               	movf	___lwmod@divisor,w
  1066  01B6  02F7               	subwf	___lwmod@dividend,f
  1067  01B7  0876               	movf	___lwmod@divisor+1,w
  1068  01B8  1C03               	skipc
  1069  01B9  03F8               	decf	___lwmod@dividend+1,f
  1070  01BA  02F8               	subwf	___lwmod@dividend+1,f
  1071  01BB                     l772:	
  1072  01BB  3001               	movlw	1
  1073  01BC                     u365:	
  1074  01BC  1003               	clrc
  1075  01BD  0CF6               	rrf	___lwmod@divisor+1,f
  1076  01BE  0CF5               	rrf	___lwmod@divisor,f
  1077  01BF  3EFF               	addlw	-1
  1078  01C0  1D03               	skipz
  1079  01C1  29BC               	goto	u365
  1080  01C2  3001               	movlw	1
  1081  01C3  02A1               	subwf	___lwmod@counter,f
  1082  01C4  1D03               	btfss	3,2
  1083  01C5  29AD               	goto	l768
  1084  01C6                     l776:	
  1085  01C6  0878               	movf	___lwmod@dividend+1,w
  1086  01C7  01F6               	clrf	?___lwmod+1
  1087  01C8  07F6               	addwf	?___lwmod+1,f
  1088  01C9  0877               	movf	___lwmod@dividend,w
  1089  01CA  01F5               	clrf	?___lwmod
  1090  01CB  07F5               	addwf	?___lwmod,f
  1091  01CC  0008               	return
  1092  01CD                     __end_of___lwmod:	
  1093                           
  1094                           	psect	text8
  1095  0120                     __ptext8:	
  1096 ;; *************** function ___lwdiv *****************
  1097 ;; Defined at:
  1098 ;;		line 6 in file "C:\Program Files (x86)\Microchip\xc8\v1.33\sources\common\lwdiv.c"
  1099 ;; Parameters:    Size  Location     Type
  1100 ;;  divisor         2    2[BANK0 ] unsigned int 
  1101 ;;  dividend        2    4[BANK0 ] unsigned int 
  1102 ;; Auto vars:     Size  Location     Type
  1103 ;;  quotient        2    7[BANK0 ] unsigned int 
  1104 ;;  counter         1    9[BANK0 ] unsigned char 
  1105 ;; Return value:  Size  Location     Type
  1106 ;;                  2    2[BANK0 ] unsigned int 
  1107 ;; Registers used:
  1108 ;;		wreg, status,2, status,0
  1109 ;; Tracked objects:
  1110 ;;		On entry : 0/0
  1111 ;;		On exit  : 0/0
  1112 ;;		Unchanged: 0/0
  1113 ;; Data sizes:     COMMON   BANK0   BANK1   BANK3   BANK2
  1114 ;;      Params:         0       4       0       0       0
  1115 ;;      Locals:         0       3       0       0       0
  1116 ;;      Temps:          0       1       0       0       0
  1117 ;;      Totals:         0       8       0       0       0
  1118 ;;Total ram usage:        8 bytes
  1119 ;; Hardware stack levels used:    1
  1120 ;; Hardware stack levels required when called:    1
  1121 ;; This function calls:
  1122 ;;		Nothing
  1123 ;; This function is called by:
  1124 ;;		_displayPeriod
  1125 ;;		_main
  1126 ;; This function uses a non-reentrant model
  1127 ;;
  1128                           
  1129                           
  1130                           ;psect for function ___lwdiv
  1131  0120                     ___lwdiv:	
  1132                           
  1133                           ;incstack = 0
  1134                           ; Regs used in ___lwdiv: [wreg+status,2+status,0]
  1135  0120  1283               	bcf	3,5	;RP0=0, select bank0
  1136  0121  1303               	bcf	3,6	;RP1=0, select bank0
  1137  0122  01A7               	clrf	___lwdiv@quotient
  1138  0123  01A8               	clrf	___lwdiv@quotient+1
  1139  0124  0823               	movf	___lwdiv@divisor+1,w
  1140  0125  0422               	iorwf	___lwdiv@divisor,w
  1141  0126  1903               	skipnz
  1142  0127  2959               	goto	l754
  1143  0128  01A9               	clrf	___lwdiv@counter
  1144  0129  0AA9               	incf	___lwdiv@counter,f
  1145  012A                     l742:	
  1146  012A  1BA3               	btfsc	___lwdiv@divisor+1,7
  1147  012B  2938               	goto	l744
  1148  012C  3001               	movlw	1
  1149  012D                     u265:	
  1150  012D  1003               	clrc
  1151  012E  0DA2               	rlf	___lwdiv@divisor,f
  1152  012F  0DA3               	rlf	___lwdiv@divisor+1,f
  1153  0130  3EFF               	addlw	-1
  1154  0131  1D03               	skipz
  1155  0132  292D               	goto	u265
  1156  0133  3001               	movlw	1
  1157  0134  00A6               	movwf	??___lwdiv
  1158  0135  0826               	movf	??___lwdiv,w
  1159  0136  07A9               	addwf	___lwdiv@counter,f
  1160  0137  292A               	goto	l742
  1161  0138                     l744:	
  1162  0138  3001               	movlw	1
  1163  0139                     u285:	
  1164  0139  1003               	clrc
  1165  013A  0DA7               	rlf	___lwdiv@quotient,f
  1166  013B  0DA8               	rlf	___lwdiv@quotient+1,f
  1167  013C  3EFF               	addlw	-1
  1168  013D  1D03               	skipz
  1169  013E  2939               	goto	u285
  1170  013F  0823               	movf	___lwdiv@divisor+1,w
  1171  0140  0225               	subwf	___lwdiv@dividend+1,w
  1172  0141  1D03               	skipz
  1173  0142  2945               	goto	u295
  1174  0143  0822               	movf	___lwdiv@divisor,w
  1175  0144  0224               	subwf	___lwdiv@dividend,w
  1176  0145                     u295:	
  1177  0145  1C03               	skipc
  1178  0146  294E               	goto	l750
  1179  0147  0822               	movf	___lwdiv@divisor,w
  1180  0148  02A4               	subwf	___lwdiv@dividend,f
  1181  0149  0823               	movf	___lwdiv@divisor+1,w
  1182  014A  1C03               	skipc
  1183  014B  03A5               	decf	___lwdiv@dividend+1,f
  1184  014C  02A5               	subwf	___lwdiv@dividend+1,f
  1185  014D  1427               	bsf	___lwdiv@quotient,0
  1186  014E                     l750:	
  1187  014E  3001               	movlw	1
  1188  014F                     u305:	
  1189  014F  1003               	clrc
  1190  0150  0CA3               	rrf	___lwdiv@divisor+1,f
  1191  0151  0CA2               	rrf	___lwdiv@divisor,f
  1192  0152  3EFF               	addlw	-1
  1193  0153  1D03               	skipz
  1194  0154  294F               	goto	u305
  1195  0155  3001               	movlw	1
  1196  0156  02A9               	subwf	___lwdiv@counter,f
  1197  0157  1D03               	btfss	3,2
  1198  0158  2938               	goto	l744
  1199  0159                     l754:	
  1200  0159  0828               	movf	___lwdiv@quotient+1,w
  1201  015A  01A3               	clrf	?___lwdiv+1
  1202  015B  07A3               	addwf	?___lwdiv+1,f
  1203  015C  0827               	movf	___lwdiv@quotient,w
  1204  015D  01A2               	clrf	?___lwdiv
  1205  015E  07A2               	addwf	?___lwdiv,f
  1206  015F  0008               	return
  1207  0160                     __end_of___lwdiv:	
  1208                           
  1209                           	psect	text9
  1210  01ED                     __ptext9:	
  1211 ;; *************** function _ISR *****************
  1212 ;; Defined at:
  1213 ;;		line 67 in file "C:\Users\enzoa\OneDrive\Documents\GitHub\3rd_Year_Archives\CpE3201_Embedded_Systems\Practical_Activ
      +ities\PA4\LE4-6\LE4-6.c"
  1214 ;; Parameters:    Size  Location     Type
  1215 ;;		None
  1216 ;; Auto vars:     Size  Location     Type
  1217 ;;		None
  1218 ;; Return value:  Size  Location     Type
  1219 ;;		None               void
  1220 ;; Registers used:
  1221 ;;		wreg, status,2, status,0
  1222 ;; Tracked objects:
  1223 ;;		On entry : 0/0
  1224 ;;		On exit  : 0/0
  1225 ;;		Unchanged: 0/0
  1226 ;; Data sizes:     COMMON   BANK0   BANK1   BANK3   BANK2
  1227 ;;      Params:         0       0       0       0       0
  1228 ;;      Locals:         0       0       0       0       0
  1229 ;;      Temps:          5       0       0       0       0
  1230 ;;      Totals:         5       0       0       0       0
  1231 ;;Total ram usage:        5 bytes
  1232 ;; Hardware stack levels used:    1
  1233 ;; This function calls:
  1234 ;;		Nothing
  1235 ;; This function is called by:
  1236 ;;		Interrupt level 1
  1237 ;; This function uses a non-reentrant model
  1238 ;;
  1239                           
  1240                           
  1241                           ;psect for function _ISR
  1242  01ED                     _ISR:	
  1243                           
  1244                           ;LE4-6.c: 68: GIE = 0;
  1245  01ED  138B               	bcf	11,7	;volatile
  1246                           
  1247                           ;LE4-6.c: 69: if(CCP1IF == 1){
  1248  01EE  1D0C               	btfss	12,2	;volatile
  1249  01EF  29FF               	goto	i1l804
  1250                           
  1251                           ;LE4-6.c: 70: CCP1IF = 0;
  1252  01F0  110C               	bcf	12,2	;volatile
  1253                           
  1254                           ;LE4-6.c: 71: capturedPeriod = CCPR1;
  1255  01F1  0816               	movf	22,w	;volatile
  1256  01F2  01B1               	clrf	_capturedPeriod+1	;volatile
  1257  01F3  07B1               	addwf	_capturedPeriod+1,f	;volatile
  1258  01F4  0815               	movf	21,w	;volatile
  1259  01F5  01B0               	clrf	_capturedPeriod	;volatile
  1260  01F6  07B0               	addwf	_capturedPeriod,f	;volatile
  1261                           
  1262                           ;LE4-6.c: 72: TMR1 = 0;
  1263  01F7  018E               	clrf	14	;volatile
  1264  01F8  018F               	clrf	15	;volatile
  1265                           
  1266                           ;LE4-6.c: 73: newCapture = 1;
  1267  01F9  3001               	movlw	1
  1268  01FA  00F0               	movwf	??_ISR
  1269  01FB  0870               	movf	??_ISR,w
  1270  01FC  00B2               	movwf	_newCapture	;volatile
  1271                           
  1272                           ;LE4-6.c: 74: RA0 = RA0^1;
  1273  01FD  3001               	movlw	1
  1274  01FE  0685               	xorwf	5,f
  1275  01FF                     i1l804:	
  1276                           
  1277                           ;LE4-6.c: 75: }
  1278                           ;LE4-6.c: 76: GIE = 1;
  1279  01FF  178B               	bsf	11,7	;volatile
  1280  0200  0874               	movf	??_ISR+4,w
  1281  0201  00FF               	movwf	127
  1282  0202  0873               	movf	??_ISR+3,w
  1283  0203  008A               	movwf	10
  1284  0204  0872               	movf	??_ISR+2,w
  1285  0205  0084               	movwf	4
  1286  0206  0E71               	swapf	(??_ISR+1)^(0+-128),w
  1287  0207  0083               	movwf	3
  1288  0208  0EFE               	swapf	126,f
  1289  0209  0E7E               	swapf	126,w
  1290  020A  0009               	retfie
  1291  020B                     __end_of_ISR:	
  1292  007E                     btemp	set	126	;btemp
  1293  007E                     wtemp	set	126
  1294  007E                     wtemp0	set	126
  1295  0080                     wtemp1	set	128
  1296  0082                     wtemp2	set	130
  1297  0084                     wtemp3	set	132
  1298  0086                     wtemp4	set	134
  1299  0088                     wtemp5	set	136
  1300  007F                     wtemp6	set	127
  1301  007E                     ttemp	set	126
  1302  007E                     ttemp0	set	126
  1303  0081                     ttemp1	set	129
  1304  0084                     ttemp2	set	132
  1305  0087                     ttemp3	set	135
  1306  007F                     ttemp4	set	127
  1307  007E                     ltemp	set	126
  1308  007E                     ltemp0	set	126
  1309  0082                     ltemp1	set	130
  1310  0086                     ltemp2	set	134
  1311  0080                     ltemp3	set	128
  1312                           
  1313                           	psect	intentry
  1314  0004                     __pintentry:	
  1315                           ;incstack = 0
  1316                           ; Regs used in _ISR: [wreg+status,2+status,0]
  1317                           
  1318  0004                     interrupt_function:	
  1319  007E                     saved_w	set	btemp
  1320  0004  00FE               	movwf	btemp
  1321  0005  0E03               	swapf	3,w
  1322  0006  00F1               	movwf	??_ISR+1
  1323  0007  0804               	movf	4,w
  1324  0008  00F2               	movwf	??_ISR+2
  1325  0009  080A               	movf	10,w
  1326  000A  00F3               	movwf	??_ISR+3
  1327  000B  1283               	bcf	3,5	;RP0=0, select bank0
  1328  000C  1303               	bcf	3,6	;RP1=0, select bank0
  1329  000D  087F               	movf	btemp+1,w
  1330  000E  00F4               	movwf	??_ISR+4
  1331  000F  120A  118A  29ED   	ljmp	_ISR


Data Sizes:
    Strings     10
    Constant    0
    Data        0
    BSS         3
    Persistent  0
    Stack       0

Auto Spaces:
    Space          Size  Autos    Used
    COMMON           14      9       9
    BANK0            80     16      19
    BANK1            80      0       0
    BANK3            96      0       0
    BANK2            96      0       0

Pointer List with Targets:

    printStr@str	PTR const unsigned char  size(1) Largest target is 10
		 -> STR_1(CODE[10]), 


Critical Paths under _main in COMMON

    _main->_printStr
    _printStr->_dataCtrl
    _initLCD->_instCtrl
    _displayPeriod->___lwmod
    _instCtrl->_delay
    _dataCtrl->_delay
    ___lwdiv->___lwmod

Critical Paths under _ISR in COMMON

    None.

Critical Paths under _main in BANK0

    _main->_displayPeriod
    _displayPeriod->___lwdiv
    _instCtrl->_delay
    _dataCtrl->_delay
    ___lwdiv->___lwmod

Critical Paths under _ISR in BANK0

    None.

Critical Paths under _main in BANK1

    None.

Critical Paths under _ISR in BANK1

    None.

Critical Paths under _main in BANK3

    None.

Critical Paths under _ISR in BANK3

    None.

Critical Paths under _main in BANK2

    None.

Critical Paths under _ISR in BANK2

    None.

Call Graph Tables:

 ---------------------------------------------------------------------------------
 (Depth) Function   	        Calls       Base Space   Used Autos Params    Refs
 ---------------------------------------------------------------------------------
 (0) _main                                                 4     4      0    2565
                                             12 BANK0      4     4      0
                            ___lwdiv
                      _displayPeriod
                            _initLCD
                           _instCtrl
                           _printStr
 ---------------------------------------------------------------------------------
 (1) _printStr                                             2     2      0     208
                                              8 COMMON     1     1      0
                                              5 BANK0      1     1      0
                           _dataCtrl
 ---------------------------------------------------------------------------------
 (1) _initLCD                                              0     0      0     136
                           _instCtrl
 ---------------------------------------------------------------------------------
 (1) _displayPeriod                                        2     0      2    1476
                                             10 BANK0      2     0      2
                            ___lwdiv
                            ___lwmod
                           _dataCtrl
                           _instCtrl
 ---------------------------------------------------------------------------------
 (1) _instCtrl                                             1     1      0     136
                                              7 COMMON     1     1      0
                              _delay
 ---------------------------------------------------------------------------------
 (2) _dataCtrl                                             1     1      0     136
                                              7 COMMON     1     1      0
                              _delay
 ---------------------------------------------------------------------------------
 (3) _delay                                                7     7      0     114
                                              5 COMMON     2     2      0
                                              0 BANK0      5     5      0
 ---------------------------------------------------------------------------------
 (2) ___lwmod                                              6     2      4     477
                                              5 COMMON     4     0      4
                                              0 BANK0      2     2      0
 ---------------------------------------------------------------------------------
 (2) ___lwdiv                                              8     4      4     586
                                              2 BANK0      8     4      4
                            ___lwmod (ARG)
 ---------------------------------------------------------------------------------
 Estimated maximum stack depth 3
 ---------------------------------------------------------------------------------
 (Depth) Function   	        Calls       Base Space   Used Autos Params    Refs
 ---------------------------------------------------------------------------------
 (4) _ISR                                                  5     5      0       0
                                              0 COMMON     5     5      0
 ---------------------------------------------------------------------------------
 Estimated maximum stack depth 4
 ---------------------------------------------------------------------------------

 Call Graph Graphs:

 _main (ROOT)
   ___lwdiv
     ___lwmod (ARG)
   _displayPeriod
     ___lwdiv
       ___lwmod (ARG)
     ___lwmod
     _dataCtrl
       _delay
     _instCtrl
       _delay
   _initLCD
     _instCtrl
       _delay
   _instCtrl
     _delay
   _printStr
     _dataCtrl
       _delay

 _ISR (ROOT)

 Address spaces:
Name               Size   Autos  Total    Cost      Usage
BITCOMMON            E      0       0       0        0.0%
EEDATA             100      0       0       0        0.0%
NULL                 0      0       0       0        0.0%
CODE                 0      0       0       0        0.0%
COMMON               E      9       9       1       64.3%
BITSFR0              0      0       0       1        0.0%
SFR0                 0      0       0       1        0.0%
BITSFR1              0      0       0       2        0.0%
SFR1                 0      0       0       2        0.0%
STACK                0      0       0       2        0.0%
ABS                  0      0      1C       3        0.0%
BITBANK0            50      0       0       4        0.0%
BITSFR3              0      0       0       4        0.0%
SFR3                 0      0       0       4        0.0%
BANK0               50     10      13       5       23.8%
BITSFR2              0      0       0       5        0.0%
SFR2                 0      0       0       5        0.0%
BITBANK1            50      0       0       6        0.0%
BANK1               50      0       0       7        0.0%
BITBANK3            60      0       0       8        0.0%
BANK3               60      0       0       9        0.0%
BITBANK2            60      0       0      10        0.0%
BANK2               60      0       0      11        0.0%
DATA                 0      0      1C      12        0.0%


Microchip Technology PIC Macro Assembler V1.33 build 59893 
Symbol Table                                                                                   Sat Mar 28 22:31:38 2026

                      pc 0002              __CFG_CP$OFF 0000                       fsr 0004  
                    l700 017B                      l704 018E                      l750 014E  
                    l742 012A                      l744 0138                      l754 0159  
                    l834 00EA                      l772 01BB                      l766 019F  
                    l768 01AD                      l776 01C6                      l788 01D0  
                    _GIE 005F                      _RA0 0028                      _RD0 0040  
                    _RD1 0041                      _RD2 0042                      u305 014F  
                    u225 0179                      u235 018C                      u335 01A2  
                    u265 012D             __CFG_CPD$OFF 0000                      u355 01B3  
                    _ISR 01ED                      u285 0139                      u365 01BC  
                    u295 0145                      fsr0 0004             __CFG_FOSC$XT 0000  
         ?_displayPeriod 002A             __CFG_LVP$OFF 0000                     ?_ISR 0070  
                   STR_1 022E                     _PEIE 005E                     _TMR1 000E  
           __CFG_WRT$OFF 0000                     _main 00C1                     btemp 007E  
          __CFG_BOREN$ON 0000                     ltemp 007E                     start 0012  
                   ttemp 007E                     wtemp 007E                    ??_ISR 0070  
                  ?_main 0070                    _CCPR1 0015            __CFG_WDTE$OFF 0000  
                  _T1CON 0010          __end_of___lwdiv 0160          __end_of___lwmod 01CD  
                  i1l804 01FF                    _PORTB 0006                    _TRISA 0085  
                  _TRISB 0086                    _TRISC 0087                    _TRISD 0088  
          __CFG_PWRTE$ON 0000          __end_of_initLCD 0228                    _delay 0160  
                  pclath 000A                    ltemp0 007E                    ltemp1 0082  
                  ltemp2 0086                    ltemp3 0080                    ttemp0 007E  
                  ttemp1 0081                    ttemp2 0084                    ttemp3 0087  
                  ttemp4 007F                    status 0003                    wtemp0 007E  
                  wtemp1 0080                    wtemp2 0082                    wtemp3 0084  
                  wtemp4 0086                    wtemp5 0088                    wtemp6 007F  
        __initialization 0015             __end_of_main 0120                   ??_main 002C  
        ??_displayPeriod 0079                   ?_delay 0070                   _ADCON1 009F  
                 _CCP1IE 0462                   _CCP1IF 0062                   _TMR1ON 0080  
       __end_of_dataCtrl 0258            main@period_ms 002E                ??___lwdiv 0026  
              ??___lwmod 0020                   delay@i 0021                   delay@j 0023  
       __end_of_instCtrl 0248                ??_initLCD 0078                   saved_w 007E  
       __end_of_printStr 01ED  __end_of__initialization 0018           __pcstackCOMMON 0070  
          __end_of_delay 0197                  ??_delay 0075               __pbssBANK0 0030  
             __pmaintext 00C1               __pintentry 0004                  _CCP1CON 0017  
         _capturedPeriod 0030                ?_dataCtrl 0070               __stringtab 0228  
              ?_instCtrl 0070               _newCapture 0032                ?_printStr 0070  
                ___lwdiv 0120                  ___lwmod 0197                  __ptext1 01CD  
                __ptext2 020B                  __ptext3 001C                  __ptext4 0238  
                __ptext5 0248                  __ptext6 0160                  __ptext7 0197  
                __ptext8 0120                  __ptext9 01ED                  _initLCD 020B  
           __size_of_ISR 001E               ??_dataCtrl 0077     end_of_initialization 0018  
             ??_instCtrl 0077               ??_printStr 0078    __end_of_displayPeriod 00C1  
           instCtrl@INST 0077              printStr@str 0025      start_initialization 0015  
            __end_of_ISR 020B             dataCtrl@INST 0077                ___latbits 0002  
          __pcstackBANK0 0020      __end_of__stringdata 0238        __size_of_dataCtrl 0010  
       ___lwdiv@dividend 0024        __size_of_instCtrl 0010                 ?___lwdiv 0022  
               ?___lwmod 0075        __size_of_printStr 0020                __pstrings 0228  
               ?_initLCD 0070         ___lwdiv@quotient 0027           __size_of_delay 0037  
      interrupt_function 0004              __stringbase 022D              __stringdata 022E  
       __size_of___lwdiv 0040         __size_of___lwmod 0036       __end_of__stringtab 022E  
               _dataCtrl 0248         __size_of_initLCD 001D          ___lwdiv@divisor 0022  
        ___lwdiv@counter 0029            __size_of_main 005F                 _instCtrl 0238  
               delay@cnt 0020                 _printStr 01CD   __size_of_displayPeriod 00A5  
    displayPeriod@period 002A                 intlevel1 0000         ___lwmod@dividend 0077  
              stringcode 0228          ___lwmod@divisor 0075          ___lwmod@counter 0021  
               stringdir 0228                 stringtab 0228            _displayPeriod 001C  
