

Microchip Technology PIC LITE Macro Assembler V1.33 build 59893 
                                                                                               Tue Mar 17 22:04:15 2026

Microchip Technology Omniscient Code Generator (Lite mode) build 59893
     1                           	processor	16F877A
     2                           	opt	pw 120
     3                           	opt	lm
     4                           	psect	strings,global,class=STRING,delta=2
     5                           	psect	cinit,global,class=CODE,merge=1,delta=2
     6                           	psect	cstackCOMMON,global,class=COMMON,space=1,delta=1
     7                           	psect	maintext,global,class=CODE,split=1,delta=2
     8                           	psect	text1,local,class=CODE,merge=1,delta=2
     9                           	psect	text2,local,class=CODE,merge=1,delta=2
    10                           	psect	text3,local,class=CODE,merge=1,delta=2
    11                           	psect	text4,local,class=CODE,merge=1,delta=2
    12                           	psect	text5,local,class=CODE,merge=1,delta=2
    13                           	dabs	1,0x7E,2
    14  0000                     	;# 
    15  0001                     	;# 
    16  0002                     	;# 
    17  0003                     	;# 
    18  0004                     	;# 
    19  0005                     	;# 
    20  0006                     	;# 
    21  0007                     	;# 
    22  0008                     	;# 
    23  0009                     	;# 
    24  000A                     	;# 
    25  000B                     	;# 
    26  000C                     	;# 
    27  000D                     	;# 
    28  000E                     	;# 
    29  000E                     	;# 
    30  000F                     	;# 
    31  0010                     	;# 
    32  0011                     	;# 
    33  0012                     	;# 
    34  0013                     	;# 
    35  0014                     	;# 
    36  0015                     	;# 
    37  0015                     	;# 
    38  0016                     	;# 
    39  0017                     	;# 
    40  0018                     	;# 
    41  0019                     	;# 
    42  001A                     	;# 
    43  001B                     	;# 
    44  001B                     	;# 
    45  001C                     	;# 
    46  001D                     	;# 
    47  001E                     	;# 
    48  001F                     	;# 
    49  0081                     	;# 
    50  0085                     	;# 
    51  0086                     	;# 
    52  0087                     	;# 
    53  0088                     	;# 
    54  0089                     	;# 
    55  008C                     	;# 
    56  008D                     	;# 
    57  008E                     	;# 
    58  0091                     	;# 
    59  0092                     	;# 
    60  0093                     	;# 
    61  0094                     	;# 
    62  0098                     	;# 
    63  0099                     	;# 
    64  009C                     	;# 
    65  009D                     	;# 
    66  009E                     	;# 
    67  009F                     	;# 
    68  010C                     	;# 
    69  010D                     	;# 
    70  010E                     	;# 
    71  010F                     	;# 
    72  018C                     	;# 
    73  018D                     	;# 
    74  0006                     _PORTB	set	6
    75  0038                     _RC0	set	56
    76  0039                     _RC1	set	57
    77  003A                     _RC2	set	58
    78  0086                     _TRISB	set	134
    79  0087                     _TRISC	set	135
    80                           
    81                           	psect	strings
    82  0003                     __pstrings:	
    83  0003                     stringtab:	
    84  0003                     __stringtab:	
    85  0003                     stringcode:	
    86                           ;	String table - string pointers are 1 byte each
    87                           
    88  0003                     stringdir:	
    89  0003  3000               	movlw	high stringdir
    90  0004  008A               	movwf	10
    91  0005  0804               	movf	4,w
    92  0006  0A84               	incf	4,f
    93  0007  0782               	addwf	2,f
    94  0008                     __stringbase:	
    95  0008  3400               	retlw	0
    96  0009                     __end_of__stringtab:	
    97  0009                     __stringdata:	
    98  0009                     STR_3:	
    99  0009  3455               	retlw	85	;'U'
   100  000A  344E               	retlw	78	;'N'
   101  000B  3449               	retlw	73	;'I'
   102  000C  3456               	retlw	86	;'V'
   103  000D  3445               	retlw	69	;'E'
   104  000E  3452               	retlw	82	;'R'
   105  000F  3453               	retlw	83	;'S'
   106  0010  3449               	retlw	73	;'I'
   107  0011  3454               	retlw	84	;'T'
   108  0012  3459               	retlw	89	;'Y'
   109  0013  3420               	retlw	32	;' '
   110  0014  344F               	retlw	79	;'O'
   111  0015  3446               	retlw	70	;'F'
   112  0016  3400               	retlw	0
   113  0017                     STR_1:	
   114  0017  3445               	retlw	69	;'E'
   115  0018  344E               	retlw	78	;'N'
   116  0019  345A               	retlw	90	;'Z'
   117  001A  344F               	retlw	79	;'O'
   118  001B  3420               	retlw	32	;' '
   119  001C  3442               	retlw	66	;'B'
   120  001D  3441               	retlw	65	;'A'
   121  001E  3453               	retlw	83	;'S'
   122  001F  3455               	retlw	85	;'U'
   123  0020  3449               	retlw	73	;'I'
   124  0021  344C               	retlw	76	;'L'
   125  0022  3400               	retlw	0
   126  0023                     STR_4:	
   127  0023  3453               	retlw	83	;'S'
   128  0024  3441               	retlw	65	;'A'
   129  0025  344E               	retlw	78	;'N'
   130  0026  3420               	retlw	32	;' '
   131  0027  3443               	retlw	67	;'C'
   132  0028  3441               	retlw	65	;'A'
   133  0029  3452               	retlw	82	;'R'
   134  002A  344C               	retlw	76	;'L'
   135  002B  344F               	retlw	79	;'O'
   136  002C  3453               	retlw	83	;'S'
   137  002D  3400               	retlw	0
   138  002E                     STR_2:	
   139  002E  3443               	retlw	67	;'C'
   140  002F  3450               	retlw	80	;'P'
   141  0030  3445               	retlw	69	;'E'
   142  0031  3420               	retlw	32	;' '
   143  0032  3433               	retlw	51	;'3'
   144  0033  3432               	retlw	50	;'2'
   145  0034  3430               	retlw	48	;'0'
   146  0035  3431               	retlw	49	;'1'
   147  0036  3400               	retlw	0
   148  0037                     __end_of__stringdata:	
   149                           
   150                           ; #config settings
   151  0000                     
   152                           	psect	cinit
   153  07FC                     start_initialization:	
   154  07FC                     __initialization:	
   155  07FC                     end_of_initialization:	
   156                           ;End of C runtime variable initialization code
   157                           
   158  07FC                     __end_of__initialization:	
   159  07FC  0183               	clrf	3
   160  07FD  120A  118A  2FC2   	ljmp	_main	;jump to C main() function
   161                           
   162                           	psect	cstackCOMMON
   163  0070                     __pcstackCOMMON:	
   164  0070                     ?_delay:	
   165  0070                     ??_delay:	
   166                           ; 0 bytes @ 0x0
   167                           
   168  0070                     ?_dataCtrl:	
   169                           ; 0 bytes @ 0x0
   170                           
   171  0070                     ?_instCtrl:	
   172                           ; 0 bytes @ 0x0
   173                           
   174  0070                     ?_initLCD:	
   175                           ; 0 bytes @ 0x0
   176                           
   177  0070                     ?_printStr:	
   178                           ; 0 bytes @ 0x0
   179                           
   180  0070                     ?_main:	
   181                           ; 0 bytes @ 0x0
   182                           
   183                           
   184                           ; 0 bytes @ 0x0
   185  0070                     	ds	2
   186  0072                     delay@cnt:	
   187                           
   188                           ; 1 bytes @ 0x2
   189  0072                     	ds	1
   190  0073                     delay@i:	
   191                           
   192                           ; 2 bytes @ 0x3
   193  0073                     	ds	2
   194  0075                     delay@j:	
   195                           
   196                           ; 2 bytes @ 0x5
   197  0075                     	ds	2
   198  0077                     ??_dataCtrl:	
   199  0077                     ??_instCtrl:	
   200                           ; 0 bytes @ 0x7
   201                           
   202  0077                     dataCtrl@INST:	
   203                           ; 0 bytes @ 0x7
   204                           
   205  0077                     instCtrl@INST:	
   206                           ; 1 bytes @ 0x7
   207                           
   208                           
   209                           ; 1 bytes @ 0x7
   210  0077                     	ds	1
   211  0078                     ??_initLCD:	
   212  0078                     ??_printStr:	
   213                           ; 0 bytes @ 0x8
   214                           
   215                           
   216                           ; 0 bytes @ 0x8
   217  0078                     	ds	1
   218  0079                     printStr@str:	
   219                           
   220                           ; 1 bytes @ 0x9
   221  0079                     	ds	1
   222  007A                     ??_main:	
   223                           
   224                           	psect	maintext
   225  07C2                     __pmaintext:	
   226                           ; 0 bytes @ 0xA
   227 ;;
   228 ;;Main: autosize = 0, tempsize = 0, incstack = 0, save=0
   229 ;;
   230 ;; *************** function _main *****************
   231 ;; Defined at:
   232 ;;		line 54 in file "C:\Users\enzoa\OneDrive\Documents\GitHub\3rd_Year_Archives\CpE3201_Embedded_Systems\Exam_Practice\P
      +re_Midterm\Premid_Prompt3\Premid_Prompt3.c"
   233 ;; Parameters:    Size  Location     Type
   234 ;;		None
   235 ;; Auto vars:     Size  Location     Type
   236 ;;		None
   237 ;; Return value:  Size  Location     Type
   238 ;;		None               void
   239 ;; Registers used:
   240 ;;		wreg, fsr0l, fsr0h, status,2, status,0, btemp+1, pclath, cstack
   241 ;; Tracked objects:
   242 ;;		On entry : 17F/0
   243 ;;		On exit  : 0/0
   244 ;;		Unchanged: 0/0
   245 ;; Data sizes:     COMMON   BANK0   BANK1   BANK3   BANK2
   246 ;;      Params:         0       0       0       0       0
   247 ;;      Locals:         0       0       0       0       0
   248 ;;      Temps:          0       0       0       0       0
   249 ;;      Totals:         0       0       0       0       0
   250 ;;Total ram usage:        0 bytes
   251 ;; Hardware stack levels required when called:    3
   252 ;; This function calls:
   253 ;;		_initLCD
   254 ;;		_instCtrl
   255 ;;		_printStr
   256 ;; This function is called by:
   257 ;;		Startup code after reset
   258 ;; This function uses a non-reentrant model
   259 ;;
   260                           
   261                           
   262                           ;psect for function _main
   263  07C2                     _main:	
   264                           
   265                           ;Premid_Prompt3.c: 55: TRISB = 0x00;
   266                           
   267                           ;incstack = 0
   268                           ; Regs used in _main: [wreg-fsr0h+status,2+status,0+btemp+1+pclath+cstack]
   269  07C2  1683               	bsf	3,5	;RP0=1, select bank1
   270  07C3  1303               	bcf	3,6	;RP1=0, select bank1
   271  07C4  0186               	clrf	6	;volatile
   272                           
   273                           ;Premid_Prompt3.c: 56: TRISC = 0x00;
   274  07C5  0187               	clrf	7	;volatile
   275                           
   276                           ;Premid_Prompt3.c: 58: initLCD();
   277  07C6  120A  118A  276E  120A  118A  	fcall	_initLCD
   278                           
   279                           ;Premid_Prompt3.c: 61: instCtrl(0x80);
   280  07CB  3080               	movlw	128
   281  07CC  120A  118A  2732  120A  118A  	fcall	_instCtrl
   282                           
   283                           ;Premid_Prompt3.c: 62: printStr("ENZO BASUIL");
   284  07D1  300F               	movlw	(STR_1-__stringbase)& (0+255)
   285  07D2  120A  118A  2752  120A  118A  	fcall	_printStr
   286                           
   287                           ;Premid_Prompt3.c: 64: instCtrl(0xC0);
   288  07D7  30C0               	movlw	192
   289  07D8  120A  118A  2732  120A  118A  	fcall	_instCtrl
   290                           
   291                           ;Premid_Prompt3.c: 65: printStr("CPE 3201");
   292  07DD  3026               	movlw	(STR_2-__stringbase)& (0+255)
   293  07DE  120A  118A  2752  120A  118A  	fcall	_printStr
   294                           
   295                           ;Premid_Prompt3.c: 67: instCtrl(0x94);
   296  07E3  3094               	movlw	148
   297  07E4  120A  118A  2732  120A  118A  	fcall	_instCtrl
   298                           
   299                           ;Premid_Prompt3.c: 68: printStr("UNIVERSITY OF");
   300  07E9  3001               	movlw	(STR_3-__stringbase)& (0+255)
   301  07EA  120A  118A  2752  120A  118A  	fcall	_printStr
   302                           
   303                           ;Premid_Prompt3.c: 70: instCtrl(0xD4);
   304  07EF  30D4               	movlw	212
   305  07F0  120A  118A  2732  120A  118A  	fcall	_instCtrl
   306                           
   307                           ;Premid_Prompt3.c: 71: printStr("SAN CARLOS");
   308  07F5  301B               	movlw	(STR_4-__stringbase)& (0+255)
   309  07F6  120A  118A  2752   	fcall	_printStr
   310  07F9  120A  118A  2800   	ljmp	start
   311  07FC                     __end_of_main:	
   312                           
   313                           	psect	text1
   314  0752                     __ptext1:	
   315 ;; *************** function _printStr *****************
   316 ;; Defined at:
   317 ;;		line 47 in file "C:\Users\enzoa\OneDrive\Documents\GitHub\3rd_Year_Archives\CpE3201_Embedded_Systems\Exam_Practice\P
      +re_Midterm\Premid_Prompt3\Premid_Prompt3.c"
   318 ;; Parameters:    Size  Location     Type
   319 ;;  str             1    wreg     PTR const unsigned char 
   320 ;;		 -> STR_4(11), STR_3(14), STR_2(9), STR_1(12), 
   321 ;; Auto vars:     Size  Location     Type
   322 ;;  str             1    9[COMMON] PTR const unsigned char 
   323 ;;		 -> STR_4(11), STR_3(14), STR_2(9), STR_1(12), 
   324 ;; Return value:  Size  Location     Type
   325 ;;		None               void
   326 ;; Registers used:
   327 ;;		wreg, fsr0l, fsr0h, status,2, status,0, btemp+1, pclath, cstack
   328 ;; Tracked objects:
   329 ;;		On entry : 0/0
   330 ;;		On exit  : 0/0
   331 ;;		Unchanged: 0/0
   332 ;; Data sizes:     COMMON   BANK0   BANK1   BANK3   BANK2
   333 ;;      Params:         0       0       0       0       0
   334 ;;      Locals:         1       0       0       0       0
   335 ;;      Temps:          1       0       0       0       0
   336 ;;      Totals:         2       0       0       0       0
   337 ;;Total ram usage:        2 bytes
   338 ;; Hardware stack levels used:    1
   339 ;; Hardware stack levels required when called:    2
   340 ;; This function calls:
   341 ;;		_dataCtrl
   342 ;; This function is called by:
   343 ;;		_main
   344 ;; This function uses a non-reentrant model
   345 ;;
   346                           
   347                           
   348                           ;psect for function _printStr
   349  0752                     _printStr:	
   350                           
   351                           ;incstack = 0
   352                           ; Regs used in _printStr: [wreg-fsr0h+status,2+status,0+btemp+1+pclath+cstack]
   353                           ;printStr@str stored from wreg
   354  0752  00F9               	movwf	printStr@str
   355  0753                     l546:	
   356                           ;Premid_Prompt3.c: 48: while(*str != '\0'){
   357                           
   358  0753  0879               	movf	printStr@str,w
   359  0754  0084               	movwf	4
   360  0755  120A  118A  2003  120A  118A  	fcall	stringdir
   361  075A  3800               	iorlw	0
   362  075B  1903               	btfsc	3,2
   363  075C  0008               	return
   364                           
   365                           ;Premid_Prompt3.c: 49: dataCtrl(*str);
   366  075D  0879               	movf	printStr@str,w
   367  075E  0084               	movwf	4
   368  075F  120A  118A  2003  120A  118A  	fcall	stringdir
   369  0764  120A  118A  2742  120A  118A  	fcall	_dataCtrl
   370                           
   371                           ;Premid_Prompt3.c: 50: str++;
   372  0769  3001               	movlw	1
   373  076A  00F8               	movwf	??_printStr
   374  076B  0878               	movf	??_printStr,w
   375  076C  07F9               	addwf	printStr@str,f
   376  076D  2F53               	goto	l546
   377  076E                     __end_of_printStr:	
   378                           
   379                           	psect	text2
   380  0742                     __ptext2:	
   381 ;; *************** function _dataCtrl *****************
   382 ;; Defined at:
   383 ;;		line 19 in file "C:\Users\enzoa\OneDrive\Documents\GitHub\3rd_Year_Archives\CpE3201_Embedded_Systems\Exam_Practice\P
      +re_Midterm\Premid_Prompt3\Premid_Prompt3.c"
   384 ;; Parameters:    Size  Location     Type
   385 ;;  INST            1    wreg     unsigned char 
   386 ;; Auto vars:     Size  Location     Type
   387 ;;  INST            1    7[COMMON] unsigned char 
   388 ;; Return value:  Size  Location     Type
   389 ;;		None               void
   390 ;; Registers used:
   391 ;;		wreg, status,2, status,0, btemp+1, pclath, cstack
   392 ;; Tracked objects:
   393 ;;		On entry : 0/0
   394 ;;		On exit  : 0/0
   395 ;;		Unchanged: 0/0
   396 ;; Data sizes:     COMMON   BANK0   BANK1   BANK3   BANK2
   397 ;;      Params:         0       0       0       0       0
   398 ;;      Locals:         1       0       0       0       0
   399 ;;      Temps:          0       0       0       0       0
   400 ;;      Totals:         1       0       0       0       0
   401 ;;Total ram usage:        1 bytes
   402 ;; Hardware stack levels used:    1
   403 ;; Hardware stack levels required when called:    1
   404 ;; This function calls:
   405 ;;		_delay
   406 ;; This function is called by:
   407 ;;		_printStr
   408 ;; This function uses a non-reentrant model
   409 ;;
   410                           
   411                           
   412                           ;psect for function _dataCtrl
   413  0742                     _dataCtrl:	
   414                           
   415                           ;incstack = 0
   416                           ; Regs used in _dataCtrl: [wreg+status,2+status,0+btemp+1+pclath+cstack]
   417                           ;dataCtrl@INST stored from wreg
   418  0742  00F7               	movwf	dataCtrl@INST
   419                           
   420                           ;Premid_Prompt3.c: 20: PORTB = INST;
   421  0743  0877               	movf	dataCtrl@INST,w
   422  0744  1283               	bcf	3,5	;RP0=0, select bank0
   423  0745  1303               	bcf	3,6	;RP1=0, select bank0
   424  0746  0086               	movwf	6	;volatile
   425                           
   426                           ;Premid_Prompt3.c: 21: RC0 = 1;
   427  0747  1407               	bsf	7,0	;volatile
   428                           
   429                           ;Premid_Prompt3.c: 22: RC2 = 0;
   430  0748  1107               	bcf	7,2	;volatile
   431                           
   432                           ;Premid_Prompt3.c: 23: RC1 = 1;
   433  0749  1487               	bsf	7,1	;volatile
   434                           
   435                           ;Premid_Prompt3.c: 24: delay(1);
   436  074A  3001               	movlw	1
   437  074B  120A  118A  2791   	fcall	_delay
   438                           
   439                           ;Premid_Prompt3.c: 25: RC1 = 0;
   440  074E  1283               	bcf	3,5	;RP0=0, select bank0
   441  074F  1303               	bcf	3,6	;RP1=0, select bank0
   442  0750  1087               	bcf	7,1	;volatile
   443  0751  0008               	return
   444  0752                     __end_of_dataCtrl:	
   445                           
   446                           	psect	text3
   447  076E                     __ptext3:	
   448 ;; *************** function _initLCD *****************
   449 ;; Defined at:
   450 ;;		line 38 in file "C:\Users\enzoa\OneDrive\Documents\GitHub\3rd_Year_Archives\CpE3201_Embedded_Systems\Exam_Practice\P
      +re_Midterm\Premid_Prompt3\Premid_Prompt3.c"
   451 ;; Parameters:    Size  Location     Type
   452 ;;		None
   453 ;; Auto vars:     Size  Location     Type
   454 ;;		None
   455 ;; Return value:  Size  Location     Type
   456 ;;		None               void
   457 ;; Registers used:
   458 ;;		wreg, status,2, status,0, btemp+1, pclath, cstack
   459 ;; Tracked objects:
   460 ;;		On entry : 0/0
   461 ;;		On exit  : 0/0
   462 ;;		Unchanged: 0/0
   463 ;; Data sizes:     COMMON   BANK0   BANK1   BANK3   BANK2
   464 ;;      Params:         0       0       0       0       0
   465 ;;      Locals:         0       0       0       0       0
   466 ;;      Temps:          0       0       0       0       0
   467 ;;      Totals:         0       0       0       0       0
   468 ;;Total ram usage:        0 bytes
   469 ;; Hardware stack levels used:    1
   470 ;; Hardware stack levels required when called:    2
   471 ;; This function calls:
   472 ;;		_delay
   473 ;;		_instCtrl
   474 ;; This function is called by:
   475 ;;		_main
   476 ;; This function uses a non-reentrant model
   477 ;;
   478                           
   479                           
   480                           ;psect for function _initLCD
   481  076E                     _initLCD:	
   482                           
   483                           ;Premid_Prompt3.c: 39: delay(1000);
   484                           
   485                           ;incstack = 0
   486                           ; Regs used in _initLCD: [wreg+status,2+status,0+btemp+1+pclath+cstack]
   487  076E  30E8               	movlw	232
   488  076F  120A  118A  2791  120A  118A  	fcall	_delay
   489                           
   490                           ;Premid_Prompt3.c: 40: instCtrl(0x38);
   491  0774  3038               	movlw	56
   492  0775  120A  118A  2732  120A  118A  	fcall	_instCtrl
   493                           
   494                           ;Premid_Prompt3.c: 41: instCtrl(0x08);
   495  077A  3008               	movlw	8
   496  077B  120A  118A  2732  120A  118A  	fcall	_instCtrl
   497                           
   498                           ;Premid_Prompt3.c: 42: instCtrl(0x01);
   499  0780  3001               	movlw	1
   500  0781  120A  118A  2732  120A  118A  	fcall	_instCtrl
   501                           
   502                           ;Premid_Prompt3.c: 43: instCtrl(0x06);
   503  0786  3006               	movlw	6
   504  0787  120A  118A  2732  120A  118A  	fcall	_instCtrl
   505                           
   506                           ;Premid_Prompt3.c: 44: instCtrl(0x0F);
   507  078C  300F               	movlw	15
   508  078D  120A  118A  2732   	fcall	_instCtrl
   509  0790  0008               	return
   510  0791                     __end_of_initLCD:	
   511                           
   512                           	psect	text4
   513  0732                     __ptext4:	
   514 ;; *************** function _instCtrl *****************
   515 ;; Defined at:
   516 ;;		line 29 in file "C:\Users\enzoa\OneDrive\Documents\GitHub\3rd_Year_Archives\CpE3201_Embedded_Systems\Exam_Practice\P
      +re_Midterm\Premid_Prompt3\Premid_Prompt3.c"
   517 ;; Parameters:    Size  Location     Type
   518 ;;  INST            1    wreg     unsigned char 
   519 ;; Auto vars:     Size  Location     Type
   520 ;;  INST            1    7[COMMON] unsigned char 
   521 ;; Return value:  Size  Location     Type
   522 ;;		None               void
   523 ;; Registers used:
   524 ;;		wreg, status,2, status,0, btemp+1, pclath, cstack
   525 ;; Tracked objects:
   526 ;;		On entry : 0/0
   527 ;;		On exit  : 0/0
   528 ;;		Unchanged: 0/0
   529 ;; Data sizes:     COMMON   BANK0   BANK1   BANK3   BANK2
   530 ;;      Params:         0       0       0       0       0
   531 ;;      Locals:         1       0       0       0       0
   532 ;;      Temps:          0       0       0       0       0
   533 ;;      Totals:         1       0       0       0       0
   534 ;;Total ram usage:        1 bytes
   535 ;; Hardware stack levels used:    1
   536 ;; Hardware stack levels required when called:    1
   537 ;; This function calls:
   538 ;;		_delay
   539 ;; This function is called by:
   540 ;;		_initLCD
   541 ;;		_main
   542 ;; This function uses a non-reentrant model
   543 ;;
   544                           
   545                           
   546                           ;psect for function _instCtrl
   547  0732                     _instCtrl:	
   548                           
   549                           ;incstack = 0
   550                           ; Regs used in _instCtrl: [wreg+status,2+status,0+btemp+1+pclath+cstack]
   551                           ;instCtrl@INST stored from wreg
   552  0732  00F7               	movwf	instCtrl@INST
   553                           
   554                           ;Premid_Prompt3.c: 30: PORTB = INST;
   555  0733  0877               	movf	instCtrl@INST,w
   556  0734  1283               	bcf	3,5	;RP0=0, select bank0
   557  0735  1303               	bcf	3,6	;RP1=0, select bank0
   558  0736  0086               	movwf	6	;volatile
   559                           
   560                           ;Premid_Prompt3.c: 31: RC0 = 0;
   561  0737  1007               	bcf	7,0	;volatile
   562                           
   563                           ;Premid_Prompt3.c: 32: RC2 = 0;
   564  0738  1107               	bcf	7,2	;volatile
   565                           
   566                           ;Premid_Prompt3.c: 33: RC1 = 1;
   567  0739  1487               	bsf	7,1	;volatile
   568                           
   569                           ;Premid_Prompt3.c: 34: delay(1);
   570  073A  3001               	movlw	1
   571  073B  120A  118A  2791   	fcall	_delay
   572                           
   573                           ;Premid_Prompt3.c: 35: RC1 = 0;
   574  073E  1283               	bcf	3,5	;RP0=0, select bank0
   575  073F  1303               	bcf	3,6	;RP1=0, select bank0
   576  0740  1087               	bcf	7,1	;volatile
   577  0741  0008               	return
   578  0742                     __end_of_instCtrl:	
   579                           
   580                           	psect	text5
   581  0791                     __ptext5:	
   582 ;; *************** function _delay *****************
   583 ;; Defined at:
   584 ;;		line 12 in file "C:\Users\enzoa\OneDrive\Documents\GitHub\3rd_Year_Archives\CpE3201_Embedded_Systems\Exam_Practice\P
      +re_Midterm\Premid_Prompt3\Premid_Prompt3.c"
   585 ;; Parameters:    Size  Location     Type
   586 ;;  cnt             1    wreg     unsigned char 
   587 ;; Auto vars:     Size  Location     Type
   588 ;;  cnt             1    2[COMMON] unsigned char 
   589 ;;  j               2    5[COMMON] int 
   590 ;;  i               2    3[COMMON] int 
   591 ;; Return value:  Size  Location     Type
   592 ;;		None               void
   593 ;; Registers used:
   594 ;;		wreg, status,2, status,0, btemp+1
   595 ;; Tracked objects:
   596 ;;		On entry : 0/0
   597 ;;		On exit  : 0/0
   598 ;;		Unchanged: 0/0
   599 ;; Data sizes:     COMMON   BANK0   BANK1   BANK3   BANK2
   600 ;;      Params:         0       0       0       0       0
   601 ;;      Locals:         5       0       0       0       0
   602 ;;      Temps:          2       0       0       0       0
   603 ;;      Totals:         7       0       0       0       0
   604 ;;Total ram usage:        7 bytes
   605 ;; Hardware stack levels used:    1
   606 ;; This function calls:
   607 ;;		Nothing
   608 ;; This function is called by:
   609 ;;		_dataCtrl
   610 ;;		_instCtrl
   611 ;;		_initLCD
   612 ;; This function uses a non-reentrant model
   613 ;;
   614                           
   615                           
   616                           ;psect for function _delay
   617  0791                     _delay:	
   618                           
   619                           ;incstack = 0
   620                           ; Regs used in _delay: [wreg+status,2+status,0+btemp+1]
   621                           ;delay@cnt stored from wreg
   622  0791  00F2               	movwf	delay@cnt
   623                           
   624                           ;Premid_Prompt3.c: 13: int i, j;
   625                           ;Premid_Prompt3.c: 14: for (i = cnt; i != 0; i--){
   626  0792  0872               	movf	delay@cnt,w
   627  0793  00F0               	movwf	??_delay
   628  0794  01F1               	clrf	??_delay+1
   629  0795  0870               	movf	??_delay,w
   630  0796  00F3               	movwf	delay@i
   631  0797  0871               	movf	??_delay+1,w
   632  0798  00F4               	movwf	delay@i+1
   633  0799                     L1:	
   634  0799  0874               	movf	delay@i+1,w
   635  079A  0473               	iorwf	delay@i,w
   636  079B  1903               	btfsc	3,2
   637  079C  0008               	return
   638                           
   639                           ;Premid_Prompt3.c: 15: for (j = 0; j < 1000; j++){}
   640  079D  01F5               	clrf	delay@j
   641  079E  01F6               	clrf	delay@j+1
   642  079F  0876               	movf	delay@j+1,w
   643  07A0  3A80               	xorlw	128
   644  07A1  00FF               	movwf	127
   645  07A2  3083               	movlw	131
   646  07A3  027F               	subwf	127,w
   647  07A4  1D03               	skipz
   648  07A5  2FA8               	goto	u25
   649  07A6  30E8               	movlw	232
   650  07A7  0275               	subwf	delay@j,w
   651  07A8                     u25:	
   652  07A8  1803               	btfsc	3,0
   653  07A9  2FBB               	goto	l510
   654  07AA                     l506:	
   655  07AA  3001               	movlw	1
   656  07AB  07F5               	addwf	delay@j,f
   657  07AC  1803               	skipnc
   658  07AD  0AF6               	incf	delay@j+1,f
   659  07AE  3000               	movlw	0
   660  07AF  07F6               	addwf	delay@j+1,f
   661  07B0  0876               	movf	delay@j+1,w
   662  07B1  3A80               	xorlw	128
   663  07B2  00FF               	movwf	127
   664  07B3  3083               	movlw	131
   665  07B4  027F               	subwf	127,w
   666  07B5  1D03               	skipz
   667  07B6  2FB9               	goto	u35
   668  07B7  30E8               	movlw	232
   669  07B8  0275               	subwf	delay@j,w
   670  07B9                     u35:	
   671  07B9  1C03               	skipc
   672  07BA  2FAA               	goto	l506
   673  07BB                     l510:	
   674  07BB  30FF               	movlw	255
   675  07BC  07F3               	addwf	delay@i,f
   676  07BD  1803               	skipnc
   677  07BE  0AF4               	incf	delay@i+1,f
   678  07BF  30FF               	movlw	255
   679  07C0  07F4               	addwf	delay@i+1,f
   680  07C1  2F99               	goto	L1
   681  07C2                     __end_of_delay:	
   682  007E                     btemp	set	126	;btemp
   683  007E                     wtemp	set	126
   684  007E                     wtemp0	set	126
   685  0080                     wtemp1	set	128
   686  0082                     wtemp2	set	130
   687  0084                     wtemp3	set	132
   688  0086                     wtemp4	set	134
   689  0088                     wtemp5	set	136
   690  007F                     wtemp6	set	127
   691  007E                     ttemp	set	126
   692  007E                     ttemp0	set	126
   693  0081                     ttemp1	set	129
   694  0084                     ttemp2	set	132
   695  0087                     ttemp3	set	135
   696  007F                     ttemp4	set	127
   697  007E                     ltemp	set	126
   698  007E                     ltemp0	set	126
   699  0082                     ltemp1	set	130
   700  0086                     ltemp2	set	134
   701  0080                     ltemp3	set	128


Data Sizes:
    Strings     46
    Constant    0
    Data        0
    BSS         0
    Persistent  0
    Stack       0

Auto Spaces:
    Space          Size  Autos    Used
    COMMON           14     10      10
    BANK0            80      0       0
    BANK1            80      0       0
    BANK3            96      0       0
    BANK2            96      0       0

Pointer List with Targets:

    printStr@str	PTR const unsigned char  size(1) Largest target is 14
		 -> STR_4(CODE[11]), STR_3(CODE[14]), STR_2(CODE[9]), STR_1(CODE[12]), 


Critical Paths under _main in COMMON

    _main->_printStr
    _printStr->_dataCtrl
    _dataCtrl->_delay
    _initLCD->_instCtrl
    _instCtrl->_delay

Critical Paths under _main in BANK0

    None.

Critical Paths under _main in BANK1

    None.

Critical Paths under _main in BANK3

    None.

Critical Paths under _main in BANK2

    None.

Call Graph Tables:

 ---------------------------------------------------------------------------------
 (Depth) Function   	        Calls       Base Space   Used Autos Params    Refs
 ---------------------------------------------------------------------------------
 (0) _main                                                 0     0      0     471
                            _initLCD
                           _instCtrl
                           _printStr
 ---------------------------------------------------------------------------------
 (1) _printStr                                             2     2      0     216
                                              8 COMMON     2     2      0
                           _dataCtrl
 ---------------------------------------------------------------------------------
 (2) _dataCtrl                                             1     1      0      90
                                              7 COMMON     1     1      0
                              _delay
 ---------------------------------------------------------------------------------
 (1) _initLCD                                              0     0      0     165
                              _delay
                           _instCtrl
 ---------------------------------------------------------------------------------
 (1) _instCtrl                                             1     1      0      90
                                              7 COMMON     1     1      0
                              _delay
 ---------------------------------------------------------------------------------
 (3) _delay                                                7     7      0      75
                                              0 COMMON     7     7      0
 ---------------------------------------------------------------------------------
 Estimated maximum stack depth 3
 ---------------------------------------------------------------------------------

 Call Graph Graphs:

 _main (ROOT)
   _initLCD
     _delay
     _instCtrl
       _delay
   _instCtrl
     _delay
   _printStr
     _dataCtrl
       _delay

 Address spaces:
Name               Size   Autos  Total    Cost      Usage
BITCOMMON            E      0       0       0        0.0%
EEDATA             100      0       0       0        0.0%
NULL                 0      0       0       0        0.0%
CODE                 0      0       0       0        0.0%
COMMON               E      A       A       1       71.4%
BITSFR0              0      0       0       1        0.0%
SFR0                 0      0       0       1        0.0%
BITSFR1              0      0       0       2        0.0%
SFR1                 0      0       0       2        0.0%
STACK                0      0       0       2        0.0%
ABS                  0      0       0       3        0.0%
BITBANK0            50      0       0       4        0.0%
BITSFR3              0      0       0       4        0.0%
SFR3                 0      0       0       4        0.0%
BANK0               50      0       0       5        0.0%
BITSFR2              0      0       0       5        0.0%
SFR2                 0      0       0       5        0.0%
BITBANK1            50      0       0       6        0.0%
BANK1               50      0       0       7        0.0%
BITBANK3            60      0       0       8        0.0%
BANK3               60      0       0       9        0.0%
BITBANK2            60      0       0      10        0.0%
BANK2               60      0       0      11        0.0%
DATA                 0      0       0      12        0.0%


Microchip Technology PIC Macro Assembler V1.33 build 59893 
Symbol Table                                                                                   Tue Mar 17 22:04:15 2026

                      pc 0002              __CFG_CP$OFF 0000                       u25 07A8  
                     u35 07B9                       fsr 0004                      l510 07BB  
                    l506 07AA                      l546 0753                      _RC0 0038  
                    _RC1 0039                      _RC2 003A             __CFG_CPD$OFF 0000  
                    fsr0 0004             __CFG_FOSC$XT 0000             __CFG_LVP$OFF 0000  
                   STR_1 0017                     STR_2 002E                     STR_3 0009  
                   STR_4 0023             __CFG_WRT$OFF 0000                     _main 07C2  
                   btemp 007E            __CFG_BOREN$ON 0000                     ltemp 007E  
                   start 0000                     ttemp 007E                     wtemp 007E  
                  ?_main 0070            __CFG_WDTE$OFF 0000                    _PORTB 0006  
                  _TRISB 0086                    _TRISC 0087            __CFG_PWRTE$ON 0000  
        __end_of_initLCD 0791                    _delay 0791                    pclath 000A  
                  ltemp0 007E                    ltemp1 0082                    ltemp2 0086  
                  ltemp3 0080                    ttemp0 007E                    ttemp1 0081  
                  ttemp2 0084                    ttemp3 0087                    ttemp4 007F  
                  status 0003                    wtemp0 007E                    wtemp1 0080  
                  wtemp2 0082                    wtemp3 0084                    wtemp4 0086  
                  wtemp5 0088                    wtemp6 007F          __initialization 07FC  
           __end_of_main 07FC                   ??_main 007A                   ?_delay 0070  
       __end_of_dataCtrl 0752                   delay@i 0073                   delay@j 0075  
       __end_of_instCtrl 0742                ??_initLCD 0078         __end_of_printStr 076E  
__end_of__initialization 07FC           __pcstackCOMMON 0070            __end_of_delay 07C2  
                ??_delay 0070               __pmaintext 07C2                ?_dataCtrl 0070  
             __stringtab 0003                ?_instCtrl 0070                ?_printStr 0070  
                __ptext1 0752                  __ptext2 0742                  __ptext3 076E  
                __ptext4 0732                  __ptext5 0791                  _initLCD 076E  
             ??_dataCtrl 0077     end_of_initialization 07FC               ??_instCtrl 0077  
             ??_printStr 0078             instCtrl@INST 0077              printStr@str 0079  
    start_initialization 07FC             dataCtrl@INST 0077                ___latbits 0002  
    __end_of__stringdata 0037        __size_of_dataCtrl 0010        __size_of_instCtrl 0010  
      __size_of_printStr 001C                __pstrings 0003                 ?_initLCD 0070  
         __size_of_delay 0031              __stringbase 0008              __stringdata 0009  
     __end_of__stringtab 0009                 _dataCtrl 0742         __size_of_initLCD 0023  
          __size_of_main 003A                 _instCtrl 0732                 delay@cnt 0072  
               _printStr 0752                stringcode 0003                 stringdir 0003  
               stringtab 0003  
