

Microchip Technology PIC LITE Macro Assembler V1.33 build 59893 
                                                                                               Tue Mar 17 21:35:54 2026

Microchip Technology Omniscient Code Generator (Lite mode) build 59893
     1                           	processor	16F877A
     2                           	opt	pw 120
     3                           	opt	lm
     4                           	psect	text0,local,class=CODE,merge=1,delta=2
     5                           	psect	cinit,global,class=CODE,merge=1,delta=2
     6                           	psect	cstackCOMMON,global,class=COMMON,space=1,delta=1
     7                           	psect	maintext,global,class=CODE,split=1,delta=2
     8                           	psect	text1,local,class=CODE,merge=1,delta=2
     9                           	dabs	1,0x7E,2
    10  0000                     	;# 
    11  0001                     	;# 
    12  0002                     	;# 
    13  0003                     	;# 
    14  0004                     	;# 
    15  0005                     	;# 
    16  0006                     	;# 
    17  0007                     	;# 
    18  0008                     	;# 
    19  0009                     	;# 
    20  000A                     	;# 
    21  000B                     	;# 
    22  000C                     	;# 
    23  000D                     	;# 
    24  000E                     	;# 
    25  000E                     	;# 
    26  000F                     	;# 
    27  0010                     	;# 
    28  0011                     	;# 
    29  0012                     	;# 
    30  0013                     	;# 
    31  0014                     	;# 
    32  0015                     	;# 
    33  0015                     	;# 
    34  0016                     	;# 
    35  0017                     	;# 
    36  0018                     	;# 
    37  0019                     	;# 
    38  001A                     	;# 
    39  001B                     	;# 
    40  001B                     	;# 
    41  001C                     	;# 
    42  001D                     	;# 
    43  001E                     	;# 
    44  001F                     	;# 
    45  0081                     	;# 
    46  0085                     	;# 
    47  0086                     	;# 
    48  0087                     	;# 
    49  0088                     	;# 
    50  0089                     	;# 
    51  008C                     	;# 
    52  008D                     	;# 
    53  008E                     	;# 
    54  0091                     	;# 
    55  0092                     	;# 
    56  0093                     	;# 
    57  0094                     	;# 
    58  0098                     	;# 
    59  0099                     	;# 
    60  009C                     	;# 
    61  009D                     	;# 
    62  009E                     	;# 
    63  009F                     	;# 
    64  010C                     	;# 
    65  010D                     	;# 
    66  010E                     	;# 
    67  010F                     	;# 
    68  018C                     	;# 
    69  018D                     	;# 
    70  0005                     _PORTA	set	5
    71  0008                     _PORTD	set	8
    72  0044                     _RD4	set	68
    73  009F                     _ADCON1	set	159
    74  0085                     _TRISA	set	133
    75  0088                     _TRISD	set	136
    76                           
    77                           	psect	text0
    78  0000                     __ptext0:	
    79                           ; #config settings
    80                           
    81                           
    82                           ;psect for function _delay
    83  0000                     
    84                           	psect	cinit
    85  07FC                     start_initialization:	
    86  07FC                     __initialization:	
    87  07FC                     end_of_initialization:	
    88                           ;End of C runtime variable initialization code
    89                           
    90  07FC                     __end_of__initialization:	
    91  07FC  0183               	clrf	3
    92  07FD  120A  118A  2FAA   	ljmp	_main	;jump to C main() function
    93                           
    94                           	psect	cstackCOMMON
    95  0070                     __pcstackCOMMON:	
    96  0070                     ?_delay:	
    97  0070                     ??_delay:	
    98                           ; 0 bytes @ 0x0
    99                           
   100  0070                     ?_main:	
   101                           ; 0 bytes @ 0x0
   102                           
   103                           
   104                           ; 0 bytes @ 0x0
   105  0070                     	ds	2
   106  0072                     delay@cnt:	
   107                           
   108                           ; 1 bytes @ 0x2
   109  0072                     	ds	1
   110  0073                     delay@i:	
   111                           
   112                           ; 2 bytes @ 0x3
   113  0073                     	ds	2
   114  0075                     delay@j:	
   115                           
   116                           ; 2 bytes @ 0x5
   117  0075                     	ds	2
   118  0077                     ??_main:	
   119                           
   120                           ; 0 bytes @ 0x7
   121  0077                     	ds	1
   122  0078                     main@DATA:	
   123                           
   124                           ; 1 bytes @ 0x8
   125  0078                     	ds	1
   126                           
   127                           	psect	maintext
   128  07AA                     __pmaintext:	
   129 ;;
   130 ;;Main: autosize = 0, tempsize = 1, incstack = 0, save=0
   131 ;;
   132 ;; *************** function _main *****************
   133 ;; Defined at:
   134 ;;		line 20 in file "C:\Users\enzoa\OneDrive\Documents\GitHub\3rd_Year_Archives\CpE3201_Embedded_Systems\Exam_Practice\P
      +re_Midterm\Premid_Prompt2\Premid_Prompt2.c"
   135 ;; Parameters:    Size  Location     Type
   136 ;;		None
   137 ;; Auto vars:     Size  Location     Type
   138 ;;  DATA            1    8[COMMON] unsigned char 
   139 ;; Return value:  Size  Location     Type
   140 ;;		None               void
   141 ;; Registers used:
   142 ;;		wreg, fsr0l, fsr0h, status,2, status,0, btemp+1, pclath, cstack
   143 ;; Tracked objects:
   144 ;;		On entry : 17F/0
   145 ;;		On exit  : 0/0
   146 ;;		Unchanged: 0/0
   147 ;; Data sizes:     COMMON   BANK0   BANK1   BANK3   BANK2
   148 ;;      Params:         0       0       0       0       0
   149 ;;      Locals:         1       0       0       0       0
   150 ;;      Temps:          1       0       0       0       0
   151 ;;      Totals:         2       0       0       0       0
   152 ;;Total ram usage:        2 bytes
   153 ;; Hardware stack levels required when called:    1
   154 ;; This function calls:
   155 ;;		_delay
   156 ;; This function is called by:
   157 ;;		Startup code after reset
   158 ;; This function uses a non-reentrant model
   159 ;;
   160                           
   161                           
   162                           ;psect for function _main
   163  07AA                     _main:	
   164                           
   165                           ;Premid_Prompt2.c: 21: unsigned char DATA;
   166                           ;Premid_Prompt2.c: 22: ADCON1 = 0x06;
   167                           
   168                           ;incstack = 0
   169                           ; Regs used in _main: [wreg-fsr0h+status,2+status,0+btemp+1+pclath+cstack]
   170  07AA  3006               	movlw	6
   171  07AB  1683               	bsf	3,5	;RP0=1, select bank1
   172  07AC  1303               	bcf	3,6	;RP1=0, select bank1
   173  07AD  009F               	movwf	31	;volatile
   174                           
   175                           ;Premid_Prompt2.c: 23: TRISA = 0x00;
   176  07AE  0185               	clrf	5	;volatile
   177                           
   178                           ;Premid_Prompt2.c: 24: TRISD = 0xFF;
   179  07AF  30FF               	movlw	255
   180  07B0  0088               	movwf	8	;volatile
   181  07B1                     l23:	
   182                           ;Premid_Prompt2.c: 27: while(!RD4){}
   183                           
   184                           ;Premid_Prompt2.c: 26: while(1){
   185                           
   186  07B1  1283               	bcf	3,5	;RP0=0, select bank0
   187  07B2  1E08               	btfss	8,4	;volatile
   188  07B3  2FB1               	goto	l23
   189                           
   190                           ;Premid_Prompt2.c: 28: DATA = PORTD & 0x0F;
   191  07B4  0808               	movf	8,w	;volatile
   192  07B5  390F               	andlw	15
   193  07B6  00F7               	movwf	??_main
   194  07B7  0877               	movf	??_main,w
   195  07B8  00F8               	movwf	main@DATA
   196                           
   197                           ;Premid_Prompt2.c: 30: switch(DATA){
   198  07B9  2FD1               	goto	l553
   199  07BA                     l529:	
   200                           ;Premid_Prompt2.c: 31: case 0x00: PORTA = 0x01; break;
   201                           
   202  07BA  3001               	movlw	1
   203  07BB  2FCF               	goto	L9
   204  07BC                     l531:	
   205                           ;Premid_Prompt2.c: 32: case 0x01: PORTA = 0x02; break;
   206                           
   207  07BC  3002               	movlw	2
   208  07BD  2FCF               	goto	L9
   209  07BE                     l533:	
   210                           ;Premid_Prompt2.c: 33: case 0x02: PORTA = 0x03; break;
   211                           
   212  07BE  3003               	movlw	3
   213  07BF  2FCF               	goto	L9
   214  07C0                     l535:	
   215                           ;Premid_Prompt2.c: 34: case 0x04: PORTA = 0x04; break;
   216                           
   217  07C0  3004               	movlw	4
   218  07C1  2FCF               	goto	L9
   219  07C2                     l537:	
   220                           ;Premid_Prompt2.c: 35: case 0x05: PORTA = 0x05; break;
   221                           
   222  07C2  3005               	movlw	5
   223  07C3  2FCF               	goto	L9
   224  07C4                     l539:	
   225                           ;Premid_Prompt2.c: 36: case 0x06: PORTA = 0x06; break;
   226                           
   227  07C4  3006               	movlw	6
   228  07C5  2FCF               	goto	L9
   229  07C6                     l541:	
   230                           ;Premid_Prompt2.c: 37: case 0x08: PORTA = 0x07; break;
   231                           
   232  07C6  3007               	movlw	7
   233  07C7  2FCF               	goto	L9
   234  07C8                     l543:	
   235                           ;Premid_Prompt2.c: 38: case 0x09: PORTA = 0x08; break;
   236                           
   237  07C8  3008               	movlw	8
   238  07C9  2FCF               	goto	L9
   239  07CA                     l545:	
   240                           ;Premid_Prompt2.c: 39: case 0x0A: PORTA = 0x09; break;
   241                           
   242  07CA  3009               	movlw	9
   243  07CB  2FCF               	goto	L9
   244  07CC                     l547:	
   245                           ;Premid_Prompt2.c: 40: case 0x0D: PORTA = 0x00; break;
   246                           
   247  07CC  0185               	clrf	5	;volatile
   248  07CD  2FF1               	goto	l555
   249  07CE                     l549:	
   250                           ;Premid_Prompt2.c: 41: default: PORTA = 0xFF; break;
   251                           
   252  07CE  30FF               	movlw	255
   253  07CF                     L9:	
   254  07CF  0085               	movwf	5	;volatile
   255                           
   256                           ;Premid_Prompt2.c: 42: }
   257  07D0  2FF1               	goto	l555
   258  07D1                     l553:	
   259  07D1  0878               	movf	main@DATA,w
   260                           
   261                           ; Switch size 1, requested type "space"
   262                           ; Number of cases is 10, Range of values is 0 to 13
   263                           ; switch strategies available:
   264                           ; Name         Instructions Cycles
   265                           ; simple_byte           31    16 (average)
   266                           ; direct_byte           50     8 (fixed)
   267                           ; jumptable            260     6 (fixed)
   268                           ;	Chosen strategy is simple_byte
   269  07D2  3A00               	xorlw	0	; case 0
   270  07D3  1903               	skipnz
   271  07D4  2FBA               	goto	l529
   272  07D5  3A01               	xorlw	1	; case 1
   273  07D6  1903               	skipnz
   274  07D7  2FBC               	goto	l531
   275  07D8  3A03               	xorlw	3	; case 2
   276  07D9  1903               	skipnz
   277  07DA  2FBE               	goto	l533
   278  07DB  3A06               	xorlw	6	; case 4
   279  07DC  1903               	skipnz
   280  07DD  2FC0               	goto	l535
   281  07DE  3A01               	xorlw	1	; case 5
   282  07DF  1903               	skipnz
   283  07E0  2FC2               	goto	l537
   284  07E1  3A03               	xorlw	3	; case 6
   285  07E2  1903               	skipnz
   286  07E3  2FC4               	goto	l539
   287  07E4  3A0E               	xorlw	14	; case 8
   288  07E5  1903               	skipnz
   289  07E6  2FC6               	goto	l541
   290  07E7  3A01               	xorlw	1	; case 9
   291  07E8  1903               	skipnz
   292  07E9  2FC8               	goto	l543
   293  07EA  3A03               	xorlw	3	; case 10
   294  07EB  1903               	skipnz
   295  07EC  2FCA               	goto	l545
   296  07ED  3A07               	xorlw	7	; case 13
   297  07EE  1903               	skipnz
   298  07EF  2FCC               	goto	l547
   299  07F0  2FCE               	goto	l549
   300  07F1                     l555:	
   301                           
   302                           ;Premid_Prompt2.c: 43: delay(50);
   303  07F1  3032               	movlw	50
   304  07F2  120A  118A  2779  120A  118A  	fcall	_delay
   305  07F7                     l39:	
   306                           ;Premid_Prompt2.c: 44: while (!RD4){}
   307                           
   308  07F7  1283               	bcf	3,5	;RP0=0, select bank0
   309  07F8  1303               	bcf	3,6	;RP1=0, select bank0
   310  07F9  1A08               	btfsc	8,4	;volatile
   311  07FA  2FB1               	goto	l23
   312  07FB  2FF7               	goto	l39
   313  07FC                     __end_of_main:	
   314                           
   315                           	psect	text1
   316  0779                     __ptext1:	
   317 ;; *************** function _delay *****************
   318 ;; Defined at:
   319 ;;		line 13 in file "C:\Users\enzoa\OneDrive\Documents\GitHub\3rd_Year_Archives\CpE3201_Embedded_Systems\Exam_Practice\P
      +re_Midterm\Premid_Prompt2\Premid_Prompt2.c"
   320 ;; Parameters:    Size  Location     Type
   321 ;;  cnt             1    wreg     unsigned char 
   322 ;; Auto vars:     Size  Location     Type
   323 ;;  cnt             1    2[COMMON] unsigned char 
   324 ;;  j               2    5[COMMON] int 
   325 ;;  i               2    3[COMMON] int 
   326 ;; Return value:  Size  Location     Type
   327 ;;		None               void
   328 ;; Registers used:
   329 ;;		wreg, status,2, status,0, btemp+1
   330 ;; Tracked objects:
   331 ;;		On entry : 0/0
   332 ;;		On exit  : 0/0
   333 ;;		Unchanged: 0/0
   334 ;; Data sizes:     COMMON   BANK0   BANK1   BANK3   BANK2
   335 ;;      Params:         0       0       0       0       0
   336 ;;      Locals:         5       0       0       0       0
   337 ;;      Temps:          2       0       0       0       0
   338 ;;      Totals:         7       0       0       0       0
   339 ;;Total ram usage:        7 bytes
   340 ;; Hardware stack levels used:    1
   341 ;; This function calls:
   342 ;;		Nothing
   343 ;; This function is called by:
   344 ;;		_main
   345 ;; This function uses a non-reentrant model
   346 ;;
   347                           
   348                           
   349                           ;psect for function _delay
   350  0779                     _delay:	
   351                           
   352                           ;incstack = 0
   353                           ; Regs used in _delay: [wreg+status,2+status,0+btemp+1]
   354                           ;delay@cnt stored from wreg
   355  0779  00F2               	movwf	delay@cnt
   356                           
   357                           ;Premid_Prompt2.c: 14: int i, j;
   358                           ;Premid_Prompt2.c: 15: for (i = cnt; i != 0; i--){
   359  077A  0872               	movf	delay@cnt,w
   360  077B  00F0               	movwf	??_delay
   361  077C  01F1               	clrf	??_delay+1
   362  077D  0870               	movf	??_delay,w
   363  077E  00F3               	movwf	delay@i
   364  077F  0871               	movf	??_delay+1,w
   365  0780  00F4               	movwf	delay@i+1
   366  0781                     L10:	
   367  0781  0874               	movf	delay@i+1,w
   368  0782  0473               	iorwf	delay@i,w
   369  0783  1903               	btfsc	3,2
   370  0784  0008               	return
   371                           
   372                           ;Premid_Prompt2.c: 16: for (j = 0; j < 1000; j++){}
   373  0785  01F5               	clrf	delay@j
   374  0786  01F6               	clrf	delay@j+1
   375  0787  0876               	movf	delay@j+1,w
   376  0788  3A80               	xorlw	128
   377  0789  00FF               	movwf	127
   378  078A  3083               	movlw	131
   379  078B  027F               	subwf	127,w
   380  078C  1D03               	skipz
   381  078D  2F90               	goto	u25
   382  078E  30E8               	movlw	232
   383  078F  0275               	subwf	delay@j,w
   384  0790                     u25:	
   385  0790  1803               	btfsc	3,0
   386  0791  2FA3               	goto	l517
   387  0792                     l513:	
   388  0792  3001               	movlw	1
   389  0793  07F5               	addwf	delay@j,f
   390  0794  1803               	skipnc
   391  0795  0AF6               	incf	delay@j+1,f
   392  0796  3000               	movlw	0
   393  0797  07F6               	addwf	delay@j+1,f
   394  0798  0876               	movf	delay@j+1,w
   395  0799  3A80               	xorlw	128
   396  079A  00FF               	movwf	127
   397  079B  3083               	movlw	131
   398  079C  027F               	subwf	127,w
   399  079D  1D03               	skipz
   400  079E  2FA1               	goto	u35
   401  079F  30E8               	movlw	232
   402  07A0  0275               	subwf	delay@j,w
   403  07A1                     u35:	
   404  07A1  1C03               	skipc
   405  07A2  2F92               	goto	l513
   406  07A3                     l517:	
   407  07A3  30FF               	movlw	255
   408  07A4  07F3               	addwf	delay@i,f
   409  07A5  1803               	skipnc
   410  07A6  0AF4               	incf	delay@i+1,f
   411  07A7  30FF               	movlw	255
   412  07A8  07F4               	addwf	delay@i+1,f
   413  07A9  2F81               	goto	L10
   414  07AA                     __end_of_delay:	
   415  007E                     btemp	set	126	;btemp
   416  007E                     wtemp	set	126
   417  007E                     wtemp0	set	126
   418  0080                     wtemp1	set	128
   419  0082                     wtemp2	set	130
   420  0084                     wtemp3	set	132
   421  0086                     wtemp4	set	134
   422  0088                     wtemp5	set	136
   423  007F                     wtemp6	set	127
   424  007E                     ttemp	set	126
   425  007E                     ttemp0	set	126
   426  0081                     ttemp1	set	129
   427  0084                     ttemp2	set	132
   428  0087                     ttemp3	set	135
   429  007F                     ttemp4	set	127
   430  007E                     ltemp	set	126
   431  007E                     ltemp0	set	126
   432  0082                     ltemp1	set	130
   433  0086                     ltemp2	set	134
   434  0080                     ltemp3	set	128


Data Sizes:
    Strings     0
    Constant    0
    Data        0
    BSS         0
    Persistent  0
    Stack       0

Auto Spaces:
    Space          Size  Autos    Used
    COMMON           14      9       9
    BANK0            80      0       0
    BANK1            80      0       0
    BANK3            96      0       0
    BANK2            96      0       0

Pointer List with Targets:

    None.

Critical Paths under _main in COMMON

    _main->_delay

Critical Paths under _main in BANK0

    None.

Critical Paths under _main in BANK1

    None.

Critical Paths under _main in BANK3

    None.

Critical Paths under _main in BANK2

    None.

Call Graph Tables:

 ---------------------------------------------------------------------------------
 (Depth) Function   	        Calls       Base Space   Used Autos Params    Refs
 ---------------------------------------------------------------------------------
 (0) _main                                                 2     2      0      90
                                              7 COMMON     2     2      0
                              _delay
 ---------------------------------------------------------------------------------
 (1) _delay                                                7     7      0      75
                                              0 COMMON     7     7      0
 ---------------------------------------------------------------------------------
 Estimated maximum stack depth 1
 ---------------------------------------------------------------------------------

 Call Graph Graphs:

 _main (ROOT)
   _delay

 Address spaces:
Name               Size   Autos  Total    Cost      Usage
BITCOMMON            E      0       0       0        0.0%
EEDATA             100      0       0       0        0.0%
NULL                 0      0       0       0        0.0%
CODE                 0      0       0       0        0.0%
COMMON               E      9       9       1       64.3%
BITSFR0              0      0       0       1        0.0%
SFR0                 0      0       0       1        0.0%
BITSFR1              0      0       0       2        0.0%
SFR1                 0      0       0       2        0.0%
STACK                0      0       0       2        0.0%
ABS                  0      0       0       3        0.0%
BITBANK0            50      0       0       4        0.0%
BITSFR3              0      0       0       4        0.0%
SFR3                 0      0       0       4        0.0%
BANK0               50      0       0       5        0.0%
BITSFR2              0      0       0       5        0.0%
SFR2                 0      0       0       5        0.0%
BITBANK1            50      0       0       6        0.0%
BANK1               50      0       0       7        0.0%
BITBANK3            60      0       0       8        0.0%
BANK3               60      0       0       9        0.0%
BITBANK2            60      0       0      10        0.0%
BANK2               60      0       0      11        0.0%
DATA                 0      0       0      12        0.0%


Microchip Technology PIC Macro Assembler V1.33 build 59893 
Symbol Table                                                                                   Tue Mar 17 21:35:54 2026

            __CFG_CP$OFF 0000                       l23 07B1                       l39 07F7  
                     u25 0790                       u35 07A1                      l513 0792  
                    l531 07BC                      l517 07A3                      l541 07C6  
                    l533 07BE                      l543 07C8                      l535 07C0  
                    l545 07CA                      l537 07C2                      l529 07BA  
                    l553 07D1                      l547 07CC                      l539 07C4  
                    l555 07F1                      l549 07CE                      _RD4 0044  
           __CFG_CPD$OFF 0000             __CFG_FOSC$XT 0000             __CFG_LVP$OFF 0000  
           __CFG_WRT$OFF 0000                     _main 07AA                     btemp 007E  
          __CFG_BOREN$ON 0000                     ltemp 007E                     start 0000  
                   ttemp 007E                     wtemp 007E                    ?_main 0070  
          __CFG_WDTE$OFF 0000                    _PORTA 0005                    _PORTD 0008  
                  _TRISA 0085                    _TRISD 0088            __CFG_PWRTE$ON 0000  
                  _delay 0779                    ltemp0 007E                    ltemp1 0082  
                  ltemp2 0086                    ltemp3 0080                    ttemp0 007E  
                  ttemp1 0081                    ttemp2 0084                    ttemp3 0087  
                  ttemp4 007F                    status 0003                    wtemp0 007E  
                  wtemp1 0080                    wtemp2 0082                    wtemp3 0084  
                  wtemp4 0086                    wtemp5 0088                    wtemp6 007F  
        __initialization 07FC             __end_of_main 07FC                   ??_main 0077  
                 ?_delay 0070                   _ADCON1 009F                   delay@i 0073  
                 delay@j 0075  __end_of__initialization 07FC           __pcstackCOMMON 0070  
          __end_of_delay 07AA                  ??_delay 0070               __pmaintext 07AA  
                __ptext0 0000                  __ptext1 0779     end_of_initialization 07FC  
    start_initialization 07FC                ___latbits 0002           __size_of_delay 0031  
          __size_of_main 0052                 delay@cnt 0072                 main@DATA 0078  
