

Microchip Technology PIC LITE Macro Assembler V1.33 build 59893 
                                                                                               Wed Mar 11 17:11:54 2026

Microchip Technology Omniscient Code Generator (Lite mode) build 59893
     1                           	processor	16F877A
     2                           	opt	pw 120
     3                           	opt	lm
     4                           	psect	text0,local,class=CODE,merge=1,delta=2
     5                           	psect	cinit,global,class=CODE,merge=1,delta=2
     6                           	psect	bitbssCOMMON,global,bit,class=COMMON,space=1,delta=1
     7                           	psect	cstackCOMMON,global,class=COMMON,space=1,delta=1
     8                           	psect	cstackBANK0,global,class=BANK0,space=1,delta=1
     9                           	psect	maintext,global,class=CODE,split=1,delta=2
    10                           	psect	text1,local,class=CODE,merge=1,delta=2
    11                           	psect	text2,local,class=CODE,merge=1,delta=2
    12                           	psect	intentry,global,class=CODE,delta=2
    13                           	dabs	1,0x7E,2
    14  0000                     	;# 
    15  0001                     	;# 
    16  0002                     	;# 
    17  0003                     	;# 
    18  0004                     	;# 
    19  0005                     	;# 
    20  0006                     	;# 
    21  0007                     	;# 
    22  0008                     	;# 
    23  0009                     	;# 
    24  000A                     	;# 
    25  000B                     	;# 
    26  000C                     	;# 
    27  000D                     	;# 
    28  000E                     	;# 
    29  000E                     	;# 
    30  000F                     	;# 
    31  0010                     	;# 
    32  0011                     	;# 
    33  0012                     	;# 
    34  0013                     	;# 
    35  0014                     	;# 
    36  0015                     	;# 
    37  0015                     	;# 
    38  0016                     	;# 
    39  0017                     	;# 
    40  0018                     	;# 
    41  0019                     	;# 
    42  001A                     	;# 
    43  001B                     	;# 
    44  001B                     	;# 
    45  001C                     	;# 
    46  001D                     	;# 
    47  001E                     	;# 
    48  001F                     	;# 
    49  0081                     	;# 
    50  0085                     	;# 
    51  0086                     	;# 
    52  0087                     	;# 
    53  0088                     	;# 
    54  0089                     	;# 
    55  008C                     	;# 
    56  008D                     	;# 
    57  008E                     	;# 
    58  0091                     	;# 
    59  0092                     	;# 
    60  0093                     	;# 
    61  0094                     	;# 
    62  0098                     	;# 
    63  0099                     	;# 
    64  009C                     	;# 
    65  009D                     	;# 
    66  009E                     	;# 
    67  009F                     	;# 
    68  010C                     	;# 
    69  010D                     	;# 
    70  010E                     	;# 
    71  010F                     	;# 
    72  018C                     	;# 
    73  018D                     	;# 
    74  0005                     _PORTA	set	5
    75  0007                     _PORTC	set	7
    76  0008                     _PORTD	set	8
    77  005F                     _GIE	set	95
    78  005C                     _INTE	set	92
    79  0059                     _INTF	set	89
    80  0028                     _RA0	set	40
    81  0030                     _RB0	set	48
    82  005D                     _TMR0IE	set	93
    83  005A                     _TMR0IF	set	90
    84  0081                     _OPTION_REG	set	129
    85  0085                     _TRISA	set	133
    86  0086                     _TRISB	set	134
    87  0087                     _TRISC	set	135
    88  0088                     _TRISD	set	136
    89                           
    90                           	psect	text0
    91  0000                     __ptext0:	
    92                           ; #config settings
    93                           
    94                           
    95                           ;psect for function _ISR
    96  0000                     
    97                           	psect	cinit
    98  0015                     start_initialization:	
    99  0015                     __initialization:	
   100                           
   101                           ; Clear objects allocated to BITCOMMON
   102  0015  01F7               	clrf	(__pbitbssCOMMON/(0+8))& (0+127)
   103  0016                     end_of_initialization:	
   104                           ;End of C runtime variable initialization code
   105                           
   106  0016                     __end_of__initialization:	
   107  0016  0183               	clrf	3
   108  0017  120A  118A  2870   	ljmp	_main	;jump to C main() function
   109                           
   110                           	psect	bitbssCOMMON
   111  03B8                     __pbitbssCOMMON:	
   112  03B8                     _myTMR0IF:	
   113  03B8                     	ds	1
   114                           
   115                           	psect	cstackCOMMON
   116  0070                     __pcstackCOMMON:	
   117  0070                     ?_ISR:	
   118  0070                     ??_ISR:	
   119                           ; 0 bytes @ 0x0
   120                           
   121  0070                     ?_main:	
   122                           ; 0 bytes @ 0x0
   123                           
   124                           
   125                           ; 0 bytes @ 0x0
   126  0070                     	ds	5
   127  0075                     ISR@DATA:	
   128                           
   129                           ; 1 bytes @ 0x5
   130  0075                     	ds	1
   131  0076                     ??_delay:	
   132                           
   133                           ; 0 bytes @ 0x6
   134  0076                     	ds	1
   135  0077                     ??_main:	
   136                           
   137                           	psect	cstackBANK0
   138  0020                     __pcstackBANK0:	
   139                           ; 0 bytes @ 0x7
   140                           
   141  0020                     ?_delay:	
   142  0020                     delay@cnt:	
   143                           ; 0 bytes @ 0x0
   144                           
   145                           
   146                           ; 2 bytes @ 0x0
   147  0020                     	ds	2
   148  0022                     delay@of_cnt:	
   149                           
   150                           ; 2 bytes @ 0x2
   151  0022                     	ds	2
   152                           
   153                           	psect	maintext
   154  0070                     __pmaintext:	
   155 ;;
   156 ;;Main: autosize = 0, tempsize = 0, incstack = 0, save=0
   157 ;;
   158 ;; *************** function _main *****************
   159 ;; Defined at:
   160 ;;		line 52 in file "C:\Users\enzoa\OneDrive\Documents\GitHub\3rd_Year_Archives\CpE3201_Embedded_Systems\Practical_Activ
      +ities\PA3\LE3-2\LE3-2.c"
   161 ;; Parameters:    Size  Location     Type
   162 ;;		None
   163 ;; Auto vars:     Size  Location     Type
   164 ;;		None
   165 ;; Return value:  Size  Location     Type
   166 ;;		None               void
   167 ;; Registers used:
   168 ;;		wreg, status,2, status,0, pclath, cstack
   169 ;; Tracked objects:
   170 ;;		On entry : 17F/0
   171 ;;		On exit  : 0/0
   172 ;;		Unchanged: 0/0
   173 ;; Data sizes:     COMMON   BANK0   BANK1   BANK3   BANK2
   174 ;;      Params:         0       0       0       0       0
   175 ;;      Locals:         0       0       0       0       0
   176 ;;      Temps:          0       0       0       0       0
   177 ;;      Totals:         0       0       0       0       0
   178 ;;Total ram usage:        0 bytes
   179 ;; Hardware stack levels required when called:    2
   180 ;; This function calls:
   181 ;;		_delay
   182 ;; This function is called by:
   183 ;;		Startup code after reset
   184 ;; This function uses a non-reentrant model
   185 ;;
   186                           
   187                           
   188                           ;psect for function _main
   189  0070                     _main:	
   190                           
   191                           ;LE3-2.c: 53: TRISA = 0x00;
   192                           
   193                           ;incstack = 0
   194                           ; Regs used in _main: [wreg+status,2+status,0+pclath+cstack]
   195  0070  1683               	bsf	3,5	;RP0=1, select bank1
   196  0071  1303               	bcf	3,6	;RP1=0, select bank1
   197  0072  0185               	clrf	5	;volatile
   198                           
   199                           ;LE3-2.c: 54: TRISB = 0xFF;
   200  0073  30FF               	movlw	255
   201  0074  0086               	movwf	6	;volatile
   202                           
   203                           ;LE3-2.c: 55: TRISC = 0x00;
   204  0075  0187               	clrf	7	;volatile
   205                           
   206                           ;LE3-2.c: 56: TRISD = 0xFF;
   207  0076  30FF               	movlw	255
   208  0077  0088               	movwf	8	;volatile
   209                           
   210                           ;LE3-2.c: 58: PORTA = 0x00;
   211  0078  1283               	bcf	3,5	;RP0=0, select bank0
   212  0079  1303               	bcf	3,6	;RP1=0, select bank0
   213  007A  0185               	clrf	5	;volatile
   214                           
   215                           ;LE3-2.c: 59: PORTC = 0x00;
   216  007B  0187               	clrf	7	;volatile
   217                           
   218                           ;LE3-2.c: 61: OPTION_REG = 0xC4;
   219  007C  30C4               	movlw	196
   220  007D  1683               	bsf	3,5	;RP0=1, select bank1
   221  007E  1303               	bcf	3,6	;RP1=0, select bank1
   222  007F  0081               	movwf	1	;volatile
   223                           
   224                           ;LE3-2.c: 64: INTF = 0;
   225  0080  108B               	bcf	11,1	;volatile
   226                           
   227                           ;LE3-2.c: 65: INTE = 1;
   228  0081  160B               	bsf	11,4	;volatile
   229                           
   230                           ;LE3-2.c: 68: TMR0IF = 0;
   231  0082  110B               	bcf	11,2	;volatile
   232                           
   233                           ;LE3-2.c: 69: TMR0IE = 1;
   234  0083  168B               	bsf	11,5	;volatile
   235                           
   236                           ;LE3-2.c: 72: GIE = 1;
   237  0084  178B               	bsf	11,7	;volatile
   238  0085                     l651:	
   239                           ;LE3-2.c: 74: while (1) {
   240                           
   241                           
   242                           ;LE3-2.c: 75: RA0 = 0x01;
   243  0085  1283               	bcf	3,5	;RP0=0, select bank0
   244  0086  1405               	bsf	5,0	;volatile
   245                           
   246                           ;LE3-2.c: 76: delay(122);
   247  0087  307A               	movlw	122
   248  0088  00A0               	movwf	delay@cnt
   249  0089  3000               	movlw	0
   250  008A  00A1               	movwf	delay@cnt+1
   251  008B  120A  118A  2094  120A  118A  	fcall	_delay
   252                           
   253                           ;LE3-2.c: 77: RA0 = 0x00;
   254  0090  1283               	bcf	3,5	;RP0=0, select bank0
   255  0091  1303               	bcf	3,6	;RP1=0, select bank0
   256  0092  1005               	bcf	5,0	;volatile
   257  0093  2885               	goto	l651
   258  0094                     __end_of_main:	
   259                           
   260                           	psect	text1
   261  0094                     __ptext1:	
   262 ;; *************** function _delay *****************
   263 ;; Defined at:
   264 ;;		line 14 in file "C:\Users\enzoa\OneDrive\Documents\GitHub\3rd_Year_Archives\CpE3201_Embedded_Systems\Practical_Activ
      +ities\PA3\LE3-2\LE3-2.c"
   265 ;; Parameters:    Size  Location     Type
   266 ;;  cnt             2    0[BANK0 ] int 
   267 ;; Auto vars:     Size  Location     Type
   268 ;;  of_cnt          2    2[BANK0 ] int 
   269 ;; Return value:  Size  Location     Type
   270 ;;		None               void
   271 ;; Registers used:
   272 ;;		wreg, status,2
   273 ;; Tracked objects:
   274 ;;		On entry : 0/0
   275 ;;		On exit  : 0/0
   276 ;;		Unchanged: 0/0
   277 ;; Data sizes:     COMMON   BANK0   BANK1   BANK3   BANK2
   278 ;;      Params:         0       2       0       0       0
   279 ;;      Locals:         0       2       0       0       0
   280 ;;      Temps:          1       0       0       0       0
   281 ;;      Totals:         1       4       0       0       0
   282 ;;Total ram usage:        5 bytes
   283 ;; Hardware stack levels used:    1
   284 ;; Hardware stack levels required when called:    1
   285 ;; This function calls:
   286 ;;		Nothing
   287 ;; This function is called by:
   288 ;;		_main
   289 ;; This function uses a non-reentrant model
   290 ;;
   291                           
   292                           
   293                           ;psect for function _delay
   294  0094                     _delay:	
   295                           
   296                           ;LE3-2.c: 15: int of_cnt = 0;
   297                           
   298                           ;incstack = 0
   299                           ; Regs used in _delay: [wreg+status,2]
   300  0094  1283               	bcf	3,5	;RP0=0, select bank0
   301  0095  1303               	bcf	3,6	;RP1=0, select bank0
   302  0096  01A2               	clrf	delay@of_cnt
   303  0097  01A3               	clrf	delay@of_cnt+1
   304  0098                     l35:	
   305                           ;LE3-2.c: 16: while (of_cnt < cnt) {
   306                           
   307  0098  1283               	bcf	3,5	;RP0=0, select bank0
   308  0099  1303               	bcf	3,6	;RP1=0, select bank0
   309  009A  0823               	movf	delay@of_cnt+1,w
   310  009B  3A80               	xorlw	128
   311  009C  00F6               	movwf	??_delay
   312  009D  0821               	movf	delay@cnt+1,w
   313  009E  3A80               	xorlw	128
   314  009F  0276               	subwf	??_delay,w
   315  00A0  1D03               	skipz
   316  00A1  28A4               	goto	u105
   317  00A2  0820               	movf	delay@cnt,w
   318  00A3  0222               	subwf	delay@of_cnt,w
   319  00A4                     u105:	
   320  00A4  1803               	btfsc	3,0
   321  00A5  0008               	return
   322                           
   323                           ;LE3-2.c: 17: if (myTMR0IF) {
   324  00A6  1C77               	btfss	_myTMR0IF/(0+8),_myTMR0IF& (0+7)	;volatile
   325  00A7  2898               	goto	l35
   326                           
   327                           ;LE3-2.c: 18: of_cnt++;
   328  00A8  3001               	movlw	1
   329  00A9  1283               	bcf	3,5	;RP0=0, select bank0
   330  00AA  1303               	bcf	3,6	;RP1=0, select bank0
   331  00AB  07A2               	addwf	delay@of_cnt,f
   332  00AC  1803               	skipnc
   333  00AD  0AA3               	incf	delay@of_cnt+1,f
   334  00AE  3000               	movlw	0
   335  00AF  07A3               	addwf	delay@of_cnt+1,f
   336                           
   337                           ;LE3-2.c: 19: myTMR0IF = 0;
   338  00B0  1077               	bcf	_myTMR0IF/(0+8),_myTMR0IF& (0+7)	;volatile
   339  00B1  2898               	goto	l35
   340  00B2                     __end_of_delay:	
   341                           
   342                           	psect	text2
   343  001A                     __ptext2:	
   344 ;; *************** function _ISR *****************
   345 ;; Defined at:
   346 ;;		line 24 in file "C:\Users\enzoa\OneDrive\Documents\GitHub\3rd_Year_Archives\CpE3201_Embedded_Systems\Practical_Activ
      +ities\PA3\LE3-2\LE3-2.c"
   347 ;; Parameters:    Size  Location     Type
   348 ;;		None
   349 ;; Auto vars:     Size  Location     Type
   350 ;;  DATA            1    5[COMMON] unsigned char 
   351 ;; Return value:  Size  Location     Type
   352 ;;		None               void
   353 ;; Registers used:
   354 ;;		wreg, fsr0l, fsr0h, status,2, status,0
   355 ;; Tracked objects:
   356 ;;		On entry : 0/0
   357 ;;		On exit  : 0/0
   358 ;;		Unchanged: 0/0
   359 ;; Data sizes:     COMMON   BANK0   BANK1   BANK3   BANK2
   360 ;;      Params:         0       0       0       0       0
   361 ;;      Locals:         1       0       0       0       0
   362 ;;      Temps:          5       0       0       0       0
   363 ;;      Totals:         6       0       0       0       0
   364 ;;Total ram usage:        6 bytes
   365 ;; Hardware stack levels used:    1
   366 ;; This function calls:
   367 ;;		Nothing
   368 ;; This function is called by:
   369 ;;		Interrupt level 1
   370 ;; This function uses a non-reentrant model
   371 ;;
   372                           
   373                           
   374                           ;psect for function _ISR
   375  001A                     _ISR:	
   376                           
   377                           ;LE3-2.c: 25: GIE = 0;
   378  001A  138B               	bcf	11,7	;volatile
   379                           
   380                           ;LE3-2.c: 26: if (INTF) {
   381  001B  1C8B               	btfss	11,1	;volatile
   382  001C  2860               	goto	i1l42
   383                           
   384                           ;LE3-2.c: 27: INTF = 0;
   385  001D  108B               	bcf	11,1	;volatile
   386  001E                     i1l43:	
   387                           ;LE3-2.c: 28: while(RB0){}
   388                           
   389  001E  1806               	btfsc	6,0	;volatile
   390  001F  281E               	goto	i1l43
   391                           
   392                           ;LE3-2.c: 29: unsigned char DATA = PORTD & 0x0F;
   393  0020  0808               	movf	8,w	;volatile
   394  0021  390F               	andlw	15
   395  0022  00F0               	movwf	??_ISR
   396  0023  0870               	movf	??_ISR,w
   397  0024  00F5               	movwf	ISR@DATA
   398                           
   399                           ;LE3-2.c: 30: switch (DATA) {
   400  0025  283D               	goto	i1l563
   401  0026                     i1l539:	
   402                           ;LE3-2.c: 31: case 0x00: PORTC = 0x01; break;
   403                           
   404  0026  3001               	movlw	1
   405  0027  283B               	goto	L9
   406  0028                     i1l541:	
   407                           ;LE3-2.c: 32: case 0x01: PORTC = 0x02; break;
   408                           
   409  0028  3002               	movlw	2
   410  0029  283B               	goto	L9
   411  002A                     i1l543:	
   412                           ;LE3-2.c: 33: case 0x02: PORTC = 0x03; break;
   413                           
   414  002A  3003               	movlw	3
   415  002B  283B               	goto	L9
   416  002C                     i1l545:	
   417                           ;LE3-2.c: 34: case 0x04: PORTC = 0x04; break;
   418                           
   419  002C  3004               	movlw	4
   420  002D  283B               	goto	L9
   421  002E                     i1l547:	
   422                           ;LE3-2.c: 35: case 0x05: PORTC = 0x05; break;
   423                           
   424  002E  3005               	movlw	5
   425  002F  283B               	goto	L9
   426  0030                     i1l549:	
   427                           ;LE3-2.c: 36: case 0x06: PORTC = 0x06; break;
   428                           
   429  0030  3006               	movlw	6
   430  0031  283B               	goto	L9
   431  0032                     i1l551:	
   432                           ;LE3-2.c: 37: case 0x08: PORTC = 0x07; break;
   433                           
   434  0032  3007               	movlw	7
   435  0033  283B               	goto	L9
   436  0034                     i1l553:	
   437                           ;LE3-2.c: 38: case 0x09: PORTC = 0x08; break;
   438                           
   439  0034  3008               	movlw	8
   440  0035  283B               	goto	L9
   441  0036                     i1l555:	
   442                           ;LE3-2.c: 39: case 0x0A: PORTC = 0x09; break;
   443                           
   444  0036  3009               	movlw	9
   445  0037  283B               	goto	L9
   446  0038                     i1l557:	
   447                           ;LE3-2.c: 40: case 0x0D: PORTC = 0x00; break;
   448                           
   449  0038  0187               	clrf	7	;volatile
   450  0039  285D               	goto	i1l59
   451  003A                     i1l559:	
   452                           ;LE3-2.c: 41: default: PORTC = 0x0F; break;
   453                           
   454  003A  300F               	movlw	15
   455  003B                     L9:	
   456  003B  0087               	movwf	7	;volatile
   457                           
   458                           ;LE3-2.c: 42: }
   459  003C  285D               	goto	i1l59
   460  003D                     i1l563:	
   461  003D  0875               	movf	ISR@DATA,w
   462                           
   463                           ; Switch size 1, requested type "space"
   464                           ; Number of cases is 10, Range of values is 0 to 13
   465                           ; switch strategies available:
   466                           ; Name         Instructions Cycles
   467                           ; simple_byte           31    16 (average)
   468                           ; direct_byte           50     8 (fixed)
   469                           ; jumptable            260     6 (fixed)
   470                           ;	Chosen strategy is simple_byte
   471  003E  3A00               	xorlw	0	; case 0
   472  003F  1903               	skipnz
   473  0040  2826               	goto	i1l539
   474  0041  3A01               	xorlw	1	; case 1
   475  0042  1903               	skipnz
   476  0043  2828               	goto	i1l541
   477  0044  3A03               	xorlw	3	; case 2
   478  0045  1903               	skipnz
   479  0046  282A               	goto	i1l543
   480  0047  3A06               	xorlw	6	; case 4
   481  0048  1903               	skipnz
   482  0049  282C               	goto	i1l545
   483  004A  3A01               	xorlw	1	; case 5
   484  004B  1903               	skipnz
   485  004C  282E               	goto	i1l547
   486  004D  3A03               	xorlw	3	; case 6
   487  004E  1903               	skipnz
   488  004F  2830               	goto	i1l549
   489  0050  3A0E               	xorlw	14	; case 8
   490  0051  1903               	skipnz
   491  0052  2832               	goto	i1l551
   492  0053  3A01               	xorlw	1	; case 9
   493  0054  1903               	skipnz
   494  0055  2834               	goto	i1l553
   495  0056  3A03               	xorlw	3	; case 10
   496  0057  1903               	skipnz
   497  0058  2836               	goto	i1l555
   498  0059  3A07               	xorlw	7	; case 13
   499  005A  1903               	skipnz
   500  005B  2838               	goto	i1l557
   501  005C  283A               	goto	i1l559
   502  005D                     i1l59:	
   503                           ;LE3-2.c: 43: while(!RB0){}
   504                           
   505  005D  1806               	btfsc	6,0	;volatile
   506  005E  2864               	goto	i1l62
   507  005F  285D               	goto	i1l59
   508  0060                     i1l42:	
   509                           ;LE3-2.c: 44: }
   510                           
   511                           
   512                           ;LE3-2.c: 45: else if (TMR0IF) {
   513  0060  1D0B               	btfss	11,2	;volatile
   514  0061  2864               	goto	i1l62
   515                           
   516                           ;LE3-2.c: 46: TMR0IF = 0;
   517  0062  110B               	bcf	11,2	;volatile
   518                           
   519                           ;LE3-2.c: 47: myTMR0IF = 1;
   520  0063  1477               	bsf	_myTMR0IF/(0+8),_myTMR0IF& (0+7)	;volatile
   521  0064                     i1l62:	
   522                           
   523                           ;LE3-2.c: 48: }
   524                           ;LE3-2.c: 49: GIE = 1;
   525  0064  178B               	bsf	11,7	;volatile
   526  0065  0874               	movf	??_ISR+4,w
   527  0066  00FF               	movwf	127
   528  0067  0873               	movf	??_ISR+3,w
   529  0068  008A               	movwf	10
   530  0069  0872               	movf	??_ISR+2,w
   531  006A  0084               	movwf	4
   532  006B  0E71               	swapf	(??_ISR+1)^(0+-128),w
   533  006C  0083               	movwf	3
   534  006D  0EFE               	swapf	126,f
   535  006E  0E7E               	swapf	126,w
   536  006F  0009               	retfie
   537  0070                     __end_of_ISR:	
   538  007E                     btemp	set	126	;btemp
   539  007E                     wtemp	set	126
   540  007E                     wtemp0	set	126
   541  0080                     wtemp1	set	128
   542  0082                     wtemp2	set	130
   543  0084                     wtemp3	set	132
   544  0086                     wtemp4	set	134
   545  0088                     wtemp5	set	136
   546  007F                     wtemp6	set	127
   547  007E                     ttemp	set	126
   548  007E                     ttemp0	set	126
   549  0081                     ttemp1	set	129
   550  0084                     ttemp2	set	132
   551  0087                     ttemp3	set	135
   552  007F                     ttemp4	set	127
   553  007E                     ltemp	set	126
   554  007E                     ltemp0	set	126
   555  0082                     ltemp1	set	130
   556  0086                     ltemp2	set	134
   557  0080                     ltemp3	set	128
   558                           
   559                           	psect	intentry
   560  0004                     __pintentry:	
   561                           ;incstack = 0
   562                           ; Regs used in _ISR: [wreg-fsr0h+status,2+status,0]
   563                           
   564  0004                     interrupt_function:	
   565  007E                     saved_w	set	btemp
   566  0004  00FE               	movwf	btemp
   567  0005  0E03               	swapf	3,w
   568  0006  00F1               	movwf	??_ISR+1
   569  0007  0804               	movf	4,w
   570  0008  00F2               	movwf	??_ISR+2
   571  0009  080A               	movf	10,w
   572  000A  00F3               	movwf	??_ISR+3
   573  000B  1283               	bcf	3,5	;RP0=0, select bank0
   574  000C  1303               	bcf	3,6	;RP1=0, select bank0
   575  000D  087F               	movf	btemp+1,w
   576  000E  00F4               	movwf	??_ISR+4
   577  000F  120A  118A  281A   	ljmp	_ISR


Data Sizes:
    Strings     0
    Constant    0
    Data        0
    BSS         0
    Persistent  0
    Stack       0

Auto Spaces:
    Space          Size  Autos    Used
    COMMON           14      7       8
    BANK0            80      4       4
    BANK1            80      0       0
    BANK3            96      0       0
    BANK2            96      0       0

Pointer List with Targets:

    None.

Critical Paths under _main in COMMON

    _main->_delay

Critical Paths under _ISR in COMMON

    None.

Critical Paths under _main in BANK0

    _main->_delay

Critical Paths under _ISR in BANK0

    None.

Critical Paths under _main in BANK1

    None.

Critical Paths under _ISR in BANK1

    None.

Critical Paths under _main in BANK3

    None.

Critical Paths under _ISR in BANK3

    None.

Critical Paths under _main in BANK2

    None.

Critical Paths under _ISR in BANK2

    None.

Call Graph Tables:

 ---------------------------------------------------------------------------------
 (Depth) Function   	        Calls       Base Space   Used Autos Params    Refs
 ---------------------------------------------------------------------------------
 (0) _main                                                 0     0      0     133
                              _delay
 ---------------------------------------------------------------------------------
 (1) _delay                                                5     3      2     133
                                              6 COMMON     1     1      0
                                              0 BANK0      4     2      2
 ---------------------------------------------------------------------------------
 Estimated maximum stack depth 1
 ---------------------------------------------------------------------------------
 (Depth) Function   	        Calls       Base Space   Used Autos Params    Refs
 ---------------------------------------------------------------------------------
 (2) _ISR                                                  6     6      0      15
                                              0 COMMON     6     6      0
 ---------------------------------------------------------------------------------
 Estimated maximum stack depth 2
 ---------------------------------------------------------------------------------

 Call Graph Graphs:

 _main (ROOT)
   _delay

 _ISR (ROOT)

 Address spaces:
Name               Size   Autos  Total    Cost      Usage
BITCOMMON            E      0       1       0        7.1%
EEDATA             100      0       0       0        0.0%
NULL                 0      0       0       0        0.0%
CODE                 0      0       0       0        0.0%
COMMON               E      7       8       1       57.1%
BITSFR0              0      0       0       1        0.0%
SFR0                 0      0       0       1        0.0%
BITSFR1              0      0       0       2        0.0%
SFR1                 0      0       0       2        0.0%
STACK                0      0       0       2        0.0%
ABS                  0      0       C       3        0.0%
BITBANK0            50      0       0       4        0.0%
BITSFR3              0      0       0       4        0.0%
SFR3                 0      0       0       4        0.0%
BANK0               50      4       4       5        5.0%
BITSFR2              0      0       0       5        0.0%
SFR2                 0      0       0       5        0.0%
BITBANK1            50      0       0       6        0.0%
BANK1               50      0       0       7        0.0%
BITBANK3            60      0       0       8        0.0%
BANK3               60      0       0       9        0.0%
BITBANK2            60      0       0      10        0.0%
BANK2               60      0       0      11        0.0%
DATA                 0      0       C      12        0.0%


Microchip Technology PIC Macro Assembler V1.33 build 59893 
Symbol Table                                                                                   Wed Mar 11 17:11:54 2026

            __CFG_CP$OFF 0000                       l35 0098                      l651 0085  
                    _GIE 005F                      _RA0 0028                      _RB0 0030  
                    u105 00A4             __CFG_CPD$OFF 0000                      _ISR 001A  
                    fsr0 0004             __CFG_FOSC$XT 0000             __CFG_LVP$OFF 0000  
                   ?_ISR 0070                     _INTE 005C                     _INTF 0059  
                   i1l42 0060                     i1l43 001E                     i1l62 0064  
                   i1l59 005D             __CFG_WRT$OFF 0000                     _main 0070  
                   btemp 007E            __CFG_BOREN$ON 0000                     ltemp 007E  
                   start 0012                     ttemp 007E                     wtemp 007E  
                  ??_ISR 0070                    ?_main 0070            __CFG_WDTE$OFF 0000  
                  i1l541 0028                    i1l551 0032                    i1l543 002A  
                  i1l553 0034                    i1l545 002C                    i1l555 0036  
                  i1l547 002E                    i1l539 0026                    i1l563 003D  
                  i1l557 0038                    i1l549 0030                    i1l559 003A  
                  _PORTA 0005                    _PORTC 0007                    _PORTD 0008  
                  _TRISA 0085                    _TRISB 0086                    _TRISC 0087  
                  _TRISD 0088            __CFG_PWRTE$ON 0000                    _delay 0094  
         __pbitbssCOMMON 03B8                    pclath 000A                    ltemp0 007E  
                  ltemp1 0082                    ltemp2 0086                    ltemp3 0080  
                  ttemp0 007E                    ttemp1 0081                    ttemp2 0084  
                  ttemp3 0087                    ttemp4 007F                    status 0003  
                  wtemp0 007E                    wtemp1 0080                    wtemp2 0082  
                  wtemp3 0084                    wtemp4 0086                    wtemp5 0088  
                  wtemp6 007F          __initialization 0015             __end_of_main 0094  
                 ??_main 0077                   ?_delay 0020                   _TMR0IE 005D  
                 _TMR0IF 005A                   saved_w 007E  __end_of__initialization 0016  
         __pcstackCOMMON 0070            __end_of_delay 00B2                  ??_delay 0076  
                ISR@DATA 0075               __pmaintext 0070               __pintentry 0004  
                __ptext0 0000                  __ptext1 0094                  __ptext2 001A  
           __size_of_ISR 0056     end_of_initialization 0016      start_initialization 0015  
            __end_of_ISR 0070                ___latbits 0002            __pcstackBANK0 0020  
         __size_of_delay 001E        interrupt_function 0004                 _myTMR0IF 03B8  
          __size_of_main 0024              delay@of_cnt 0022                 delay@cnt 0020  
               intlevel1 0000               _OPTION_REG 0081  
